2023-03-21 09:38:00.426 [info] Log level: Info
2023-03-21 09:38:00.426 [info] Validating found git in: "git"
2023-03-21 09:38:00.426 [info] Using git "2.25.1" from "git"
2023-03-21 09:38:00.426 [info] > git rev-parse --show-toplevel [776ms]
2023-03-21 09:38:00.426 [info] > git rev-parse --git-dir --git-common-dir [19ms]
2023-03-21 09:38:00.426 [info] Open repository: /web/users/projects/202223/quicknotes
2023-03-21 09:38:00.426 [info] > git rev-parse --show-toplevel [46ms]
2023-03-21 09:38:00.426 [info] > git config --get commit.template [69ms]
2023-03-21 09:38:00.426 [info] > git rev-parse --show-toplevel [58ms]
2023-03-21 09:38:00.426 [info] > git rev-parse --show-toplevel [16ms]
2023-03-21 09:38:00.426 [info] > git rev-parse --show-toplevel [48ms]
2023-03-21 09:38:00.426 [info] > git for-each-ref --format=%(refname)%00%(upstream:short)%00%(objectname)%00%(upstream:track)%00%(upstream:remotename)%00%(upstream:remoteref) refs/heads/main refs/remotes/main [123ms]
2023-03-21 09:38:00.426 [info] > git rev-parse --show-toplevel [11ms]
2023-03-21 09:38:00.426 [info] > git rev-parse --show-toplevel [10ms]
2023-03-21 09:38:00.426 [info] > git rev-parse --show-toplevel [6ms]
2023-03-21 09:38:00.426 [info] > git rev-parse --show-toplevel [13ms]
2023-03-21 09:38:00.426 [info] > git rev-parse --show-toplevel [272ms]
2023-03-21 09:38:00.586 [info] > git status -z -uall [511ms]
2023-03-21 09:38:00.618 [info] > git config --get commit.template [8ms]
2023-03-21 09:38:00.622 [info] > git for-each-ref --format=%(refname)%00%(upstream:short)%00%(objectname)%00%(upstream:track)%00%(upstream:remotename)%00%(upstream:remoteref) refs/heads/main refs/remotes/main [6ms]
2023-03-21 09:38:00.944 [info] > git status -z -uall [318ms]
2023-03-21 09:38:01.161 [info] > git check-ignore -v -z --stdin [106ms]
2023-03-21 09:38:01.201 [info] > git show --textconv :Testing/styles.css [14ms]
2023-03-21 09:38:01.210 [info] > git ls-files --stage -- /web/users/projects/202223/quicknotes/Testing/styles.css [15ms]
2023-03-21 09:38:03.642 [info] > git config --get commit.template [10ms]
2023-03-21 09:38:03.645 [info] > git for-each-ref --format=%(refname)%00%(upstream:short)%00%(objectname)%00%(upstream:track)%00%(upstream:remotename)%00%(upstream:remoteref) refs/heads/main refs/remotes/main [4ms]
2023-03-21 09:38:03.693 [info] > git status -z -uall [43ms]
2023-03-21 09:38:08.721 [info] > git config --get commit.template [9ms]
2023-03-21 09:38:08.723 [info] > git for-each-ref --format=%(refname)%00%(upstream:short)%00%(objectname)%00%(upstream:track)%00%(upstream:remotename)%00%(upstream:remoteref) refs/heads/main refs/remotes/main [3ms]
2023-03-21 09:38:08.771 [info] > git status -z -uall [43ms]
2023-03-21 09:38:13.803 [info] > git config --get commit.template [9ms]
2023-03-21 09:38:13.805 [info] > git for-each-ref --format=%(refname)%00%(upstream:short)%00%(objectname)%00%(upstream:track)%00%(upstream:remotename)%00%(upstream:remoteref) refs/heads/main refs/remotes/main [3ms]
2023-03-21 09:38:13.851 [info] > git status -z -uall [41ms]
2023-03-21 09:38:19.056 [info] > git config --get commit.template [8ms]
2023-03-21 09:38:19.059 [info] > git for-each-ref --format=%(refname)%00%(upstream:short)%00%(objectname)%00%(upstream:track)%00%(upstream:remotename)%00%(upstream:remoteref) refs/heads/main refs/remotes/main [4ms]
2023-03-21 09:38:19.106 [info] > git status -z -uall [42ms]
2023-03-21 09:38:19.698 [info] > git show --textconv :Testing/index.html [7ms]
2023-03-21 09:38:19.704 [info] > git ls-files --stage -- /web/users/projects/202223/quicknotes/Testing/index.html [6ms]
2023-03-21 09:38:31.033 [info] > git config --get commit.template [9ms]
2023-03-21 09:38:31.035 [info] > git for-each-ref --format=%(refname)%00%(upstream:short)%00%(objectname)%00%(upstream:track)%00%(upstream:remotename)%00%(upstream:remoteref) refs/heads/main refs/remotes/main [3ms]
2023-03-21 09:38:31.084 [info] > git status -z -uall [43ms]
2023-03-21 09:41:50.986 [info] > git config --get commit.template [8ms]
2023-03-21 09:41:50.988 [info] > git for-each-ref --format=%(refname)%00%(upstream:short)%00%(objectname)%00%(upstream:track)%00%(upstream:remotename)%00%(upstream:remoteref) refs/heads/main refs/remotes/main [3ms]
2023-03-21 09:41:51.039 [info] > git status -z -uall [46ms]
2023-03-21 09:42:10.976 [info] > git config --get commit.template [8ms]
2023-03-21 09:42:10.978 [info] > git for-each-ref --format=%(refname)%00%(upstream:short)%00%(objectname)%00%(upstream:track)%00%(upstream:remotename)%00%(upstream:remoteref) refs/heads/main refs/remotes/main [3ms]
2023-03-21 09:42:11.026 [info] > git status -z -uall [43ms]
2023-03-21 09:42:17.899 [info] > git config --get commit.template [7ms]
2023-03-21 09:42:17.903 [info] > git for-each-ref --format=%(refname)%00%(upstream:short)%00%(objectname)%00%(upstream:track)%00%(upstream:remotename)%00%(upstream:remoteref) refs/heads/main refs/remotes/main [3ms]
2023-03-21 09:42:17.950 [info] > git status -z -uall [42ms]
2023-03-21 09:42:22.989 [info] > git config --get commit.template [11ms]
2023-03-21 09:42:22.993 [info] > git for-each-ref --format=%(refname)%00%(upstream:short)%00%(objectname)%00%(upstream:track)%00%(upstream:remotename)%00%(upstream:remoteref) refs/heads/main refs/remotes/main [3ms]
2023-03-21 09:42:23.041 [info] > git status -z -uall [42ms]
2023-03-21 09:43:08.748 [info] > git config --get commit.template [8ms]
2023-03-21 09:43:08.750 [info] > git for-each-ref --format=%(refname)%00%(upstream:short)%00%(objectname)%00%(upstream:track)%00%(upstream:remotename)%00%(upstream:remoteref) refs/heads/main refs/remotes/main [3ms]
2023-03-21 09:43:08.800 [info] > git status -z -uall [44ms]
2023-03-21 09:43:42.441 [info] > git config --get commit.template [9ms]
2023-03-21 09:43:42.444 [info] > git for-each-ref --format=%(refname)%00%(upstream:short)%00%(objectname)%00%(upstream:track)%00%(upstream:remotename)%00%(upstream:remoteref) refs/heads/main refs/remotes/main [2ms]
2023-03-21 09:43:42.493 [info] > git status -z -uall [44ms]
2023-03-21 09:45:16.280 [info] > git config --get commit.template [7ms]
2023-03-21 09:45:16.282 [info] > git for-each-ref --format=%(refname)%00%(upstream:short)%00%(objectname)%00%(upstream:track)%00%(upstream:remotename)%00%(upstream:remoteref) refs/heads/main refs/remotes/main [3ms]
2023-03-21 09:45:16.329 [info] > git status -z -uall [43ms]
2023-03-21 09:45:21.361 [info] > git config --get commit.template [8ms]
2023-03-21 09:45:21.363 [info] > git for-each-ref --format=%(refname)%00%(upstream:short)%00%(objectname)%00%(upstream:track)%00%(upstream:remotename)%00%(upstream:remoteref) refs/heads/main refs/remotes/main [3ms]
2023-03-21 09:45:21.408 [info] > git status -z -uall [41ms]
2023-03-21 09:45:31.861 [info] > git config --get commit.template [8ms]
2023-03-21 09:45:31.864 [info] > git for-each-ref --format=%(refname)%00%(upstream:short)%00%(objectname)%00%(upstream:track)%00%(upstream:remotename)%00%(upstream:remoteref) refs/heads/main refs/remotes/main [3ms]
2023-03-21 09:45:31.912 [info] > git status -z -uall [42ms]
2023-03-21 09:45:36.940 [info] > git config --get commit.template [9ms]
2023-03-21 09:45:36.942 [info] > git for-each-ref --format=%(refname)%00%(upstream:short)%00%(objectname)%00%(upstream:track)%00%(upstream:remotename)%00%(upstream:remoteref) refs/heads/main refs/remotes/main [3ms]
2023-03-21 09:45:36.988 [info] > git status -z -uall [41ms]
2023-03-21 09:45:42.014 [info] > git config --get commit.template [8ms]
2023-03-21 09:45:42.015 [info] > git for-each-ref --format=%(refname)%00%(upstream:short)%00%(objectname)%00%(upstream:track)%00%(upstream:remotename)%00%(upstream:remoteref) refs/heads/main refs/remotes/main [2ms]
2023-03-21 09:45:42.061 [info] > git status -z -uall [41ms]
2023-03-21 09:45:47.086 [info] > git config --get commit.template [8ms]
2023-03-21 09:45:47.088 [info] > git for-each-ref --format=%(refname)%00%(upstream:short)%00%(objectname)%00%(upstream:track)%00%(upstream:remotename)%00%(upstream:remoteref) refs/heads/main refs/remotes/main [3ms]
2023-03-21 09:45:47.134 [info] > git status -z -uall [41ms]
2023-03-21 09:48:39.250 [info] > git config --get commit.template [7ms]
2023-03-21 09:48:39.253 [info] > git for-each-ref --format=%(refname)%00%(upstream:short)%00%(objectname)%00%(upstream:track)%00%(upstream:remotename)%00%(upstream:remoteref) refs/heads/main refs/remotes/main [3ms]
2023-03-21 09:48:39.300 [info] > git status -z -uall [41ms]
2023-03-21 09:48:44.332 [info] > git config --get commit.template [8ms]
2023-03-21 09:48:44.334 [info] > git for-each-ref --format=%(refname)%00%(upstream:short)%00%(objectname)%00%(upstream:track)%00%(upstream:remotename)%00%(upstream:remoteref) refs/heads/main refs/remotes/main [3ms]
2023-03-21 09:48:44.377 [info] > git status -z -uall [38ms]
2023-03-21 09:48:49.957 [info] > git config --get commit.template [15ms]
2023-03-21 09:48:49.959 [info] > git for-each-ref --format=%(refname)%00%(upstream:short)%00%(objectname)%00%(upstream:track)%00%(upstream:remotename)%00%(upstream:remoteref) refs/heads/main refs/remotes/main [2ms]
2023-03-21 09:48:50.007 [info] > git status -z -uall [41ms]
2023-03-21 09:48:55.032 [info] > git config --get commit.template [8ms]
2023-03-21 09:48:55.034 [info] > git for-each-ref --format=%(refname)%00%(upstream:short)%00%(objectname)%00%(upstream:track)%00%(upstream:remotename)%00%(upstream:remoteref) refs/heads/main refs/remotes/main [3ms]
2023-03-21 09:48:55.082 [info] > git status -z -uall [44ms]
2023-03-21 09:49:05.278 [info] > git config --get commit.template [8ms]
2023-03-21 09:49:05.280 [info] > git for-each-ref --format=%(refname)%00%(upstream:short)%00%(objectname)%00%(upstream:track)%00%(upstream:remotename)%00%(upstream:remoteref) refs/heads/main refs/remotes/main [3ms]
2023-03-21 09:49:05.327 [info] > git status -z -uall [41ms]
2023-03-21 09:49:10.358 [info] > git config --get commit.template [7ms]
2023-03-21 09:49:10.360 [info] > git for-each-ref --format=%(refname)%00%(upstream:short)%00%(objectname)%00%(upstream:track)%00%(upstream:remotename)%00%(upstream:remoteref) refs/heads/main refs/remotes/main [3ms]
2023-03-21 09:49:10.405 [info] > git status -z -uall [40ms]
2023-03-21 09:49:15.435 [info] > git config --get commit.template [7ms]
2023-03-21 09:49:15.437 [info] > git for-each-ref --format=%(refname)%00%(upstream:short)%00%(objectname)%00%(upstream:track)%00%(upstream:remotename)%00%(upstream:remoteref) refs/heads/main refs/remotes/main [2ms]
2023-03-21 09:49:15.484 [info] > git status -z -uall [41ms]
2023-03-21 09:49:25.789 [info] > git config --get commit.template [9ms]
2023-03-21 09:49:25.791 [info] > git for-each-ref --format=%(refname)%00%(upstream:short)%00%(objectname)%00%(upstream:track)%00%(upstream:remotename)%00%(upstream:remoteref) refs/heads/main refs/remotes/main [2ms]
2023-03-21 09:49:25.839 [info] > git status -z -uall [42ms]
2023-03-21 09:51:37.474 [info] > git config --get commit.template [8ms]
2023-03-21 09:51:37.476 [info] > git for-each-ref --format=%(refname)%00%(upstream:short)%00%(objectname)%00%(upstream:track)%00%(upstream:remotename)%00%(upstream:remoteref) refs/heads/main refs/remotes/main [3ms]
2023-03-21 09:51:37.528 [info] > git status -z -uall [46ms]
2023-03-21 09:51:38.227 [info] > git check-ignore -v -z --stdin [9ms]
2023-03-21 09:51:40.154 [info] > git check-ignore -v -z --stdin [11ms]
2023-03-21 09:51:42.555 [info] > git config --get commit.template [7ms]
2023-03-21 09:51:42.557 [info] > git for-each-ref --format=%(refname)%00%(upstream:short)%00%(objectname)%00%(upstream:track)%00%(upstream:remotename)%00%(upstream:remoteref) refs/heads/main refs/remotes/main [3ms]
2023-03-21 09:51:42.602 [info] > git status -z -uall [40ms]
2023-03-21 09:51:43.483 [info] > git ls-files --stage -- /web/users/projects/202223/quicknotes/QN/login.php [4ms]
2023-03-21 09:51:43.541 [info] > git show --textconv :QN/login.php [72ms]
2023-03-21 09:51:43.542 [info] > git cat-file -s d4ed97b6ad75114b87b3560fd30ce41227d497f1 [53ms]
2023-03-21 09:51:47.628 [info] > git config --get commit.template [8ms]
2023-03-21 09:51:47.630 [info] > git for-each-ref --format=%(refname)%00%(upstream:short)%00%(objectname)%00%(upstream:track)%00%(upstream:remotename)%00%(upstream:remoteref) refs/heads/main refs/remotes/main [3ms]
2023-03-21 09:51:47.676 [info] > git status -z -uall [41ms]
2023-03-21 09:51:52.703 [info] > git config --get commit.template [9ms]
2023-03-21 09:51:52.706 [info] > git for-each-ref --format=%(refname)%00%(upstream:short)%00%(objectname)%00%(upstream:track)%00%(upstream:remotename)%00%(upstream:remoteref) refs/heads/main refs/remotes/main [2ms]
2023-03-21 09:51:52.751 [info] > git status -z -uall [41ms]
2023-03-21 09:51:57.780 [info] > git config --get commit.template [8ms]
2023-03-21 09:51:57.782 [info] > git for-each-ref --format=%(refname)%00%(upstream:short)%00%(objectname)%00%(upstream:track)%00%(upstream:remotename)%00%(upstream:remoteref) refs/heads/main refs/remotes/main [2ms]
2023-03-21 09:51:57.828 [info] > git status -z -uall [41ms]
2023-03-21 09:52:02.856 [info] > git config --get commit.template [9ms]
2023-03-21 09:52:02.858 [info] > git for-each-ref --format=%(refname)%00%(upstream:short)%00%(objectname)%00%(upstream:track)%00%(upstream:remotename)%00%(upstream:remoteref) refs/heads/main refs/remotes/main [3ms]
2023-03-21 09:52:02.904 [info] > git status -z -uall [40ms]
2023-03-21 09:52:56.883 [info] > git check-ignore -v -z --stdin [7ms]
2023-03-21 09:52:57.982 [info] > git config --get commit.template [9ms]
2023-03-21 09:52:57.984 [info] > git for-each-ref --format=%(refname)%00%(upstream:short)%00%(objectname)%00%(upstream:track)%00%(upstream:remotename)%00%(upstream:remoteref) refs/heads/main refs/remotes/main [3ms]
2023-03-21 09:52:58.038 [info] > git status -z -uall [50ms]
2023-03-21 09:53:07.308 [info] > git config --get commit.template [7ms]
2023-03-21 09:53:07.310 [info] > git for-each-ref --format=%(refname)%00%(upstream:short)%00%(objectname)%00%(upstream:track)%00%(upstream:remotename)%00%(upstream:remoteref) refs/heads/main refs/remotes/main [3ms]
2023-03-21 09:53:07.357 [info] > git status -z -uall [41ms]
2023-03-21 09:53:07.845 [info] > git ls-files --stage -- /web/users/projects/202223/quicknotes/QN/userlogin.php [6ms]
2023-03-21 09:53:07.881 [info] > git show --textconv :QN/userlogin.php [52ms]
2023-03-21 09:53:07.885 [info] > git cat-file -s 8bd6e8f609fbb59d440a54dcaa88227b57ca524e [35ms]
2023-03-21 09:53:12.384 [info] > git config --get commit.template [8ms]
2023-03-21 09:53:12.386 [info] > git for-each-ref --format=%(refname)%00%(upstream:short)%00%(objectname)%00%(upstream:track)%00%(upstream:remotename)%00%(upstream:remoteref) refs/heads/main refs/remotes/main [2ms]
2023-03-21 09:53:12.432 [info] > git status -z -uall [40ms]
2023-03-21 09:53:17.458 [info] > git config --get commit.template [9ms]
2023-03-21 09:53:17.461 [info] > git for-each-ref --format=%(refname)%00%(upstream:short)%00%(objectname)%00%(upstream:track)%00%(upstream:remotename)%00%(upstream:remoteref) refs/heads/main refs/remotes/main [4ms]
2023-03-21 09:53:17.506 [info] > git status -z -uall [40ms]
2023-03-21 09:53:30.815 [info] > git config --get commit.template [7ms]
2023-03-21 09:53:30.818 [info] > git for-each-ref --format=%(refname)%00%(upstream:short)%00%(objectname)%00%(upstream:track)%00%(upstream:remotename)%00%(upstream:remoteref) refs/heads/main refs/remotes/main [3ms]
2023-03-21 09:53:30.864 [info] > git status -z -uall [41ms]
2023-03-21 09:53:31.326 [info] > git ls-files --stage -- /web/users/projects/202223/quicknotes/QN/signup.php [5ms]
2023-03-21 09:53:31.372 [info] > git show --textconv :QN/signup.php [61ms]
2023-03-21 09:53:31.376 [info] > git cat-file -s b892517b491e5b8c968606874b1592c3fd612df8 [44ms]
2023-03-21 09:53:47.754 [info] > git config --get commit.template [9ms]
2023-03-21 09:53:47.756 [info] > git for-each-ref --format=%(refname)%00%(upstream:short)%00%(objectname)%00%(upstream:track)%00%(upstream:remotename)%00%(upstream:remoteref) refs/heads/main refs/remotes/main [3ms]
2023-03-21 09:53:47.805 [info] > git status -z -uall [44ms]
2023-03-21 09:53:52.832 [info] > git config --get commit.template [9ms]
2023-03-21 09:53:52.835 [info] > git for-each-ref --format=%(refname)%00%(upstream:short)%00%(objectname)%00%(upstream:track)%00%(upstream:remotename)%00%(upstream:remoteref) refs/heads/main refs/remotes/main [3ms]
2023-03-21 09:53:52.883 [info] > git status -z -uall [40ms]
2023-03-21 09:53:57.918 [info] > git config --get commit.template [10ms]
2023-03-21 09:53:57.920 [info] > git for-each-ref --format=%(refname)%00%(upstream:short)%00%(objectname)%00%(upstream:track)%00%(upstream:remotename)%00%(upstream:remoteref) refs/heads/main refs/remotes/main [2ms]
2023-03-21 09:53:57.966 [info] > git status -z -uall [41ms]
2023-03-21 09:54:02.992 [info] > git config --get commit.template [8ms]
2023-03-21 09:54:02.994 [info] > git for-each-ref --format=%(refname)%00%(upstream:short)%00%(objectname)%00%(upstream:track)%00%(upstream:remotename)%00%(upstream:remoteref) refs/heads/main refs/remotes/main [3ms]
2023-03-21 09:54:03.039 [info] > git status -z -uall [40ms]
2023-03-21 09:54:08.066 [info] > git config --get commit.template [7ms]
2023-03-21 09:54:08.069 [info] > git for-each-ref --format=%(refname)%00%(upstream:short)%00%(objectname)%00%(upstream:track)%00%(upstream:remotename)%00%(upstream:remoteref) refs/heads/main refs/remotes/main [3ms]
2023-03-21 09:54:08.114 [info] > git status -z -uall [40ms]
2023-03-21 09:54:13.140 [info] > git config --get commit.template [7ms]
2023-03-21 09:54:13.142 [info] > git for-each-ref --format=%(refname)%00%(upstream:short)%00%(objectname)%00%(upstream:track)%00%(upstream:remotename)%00%(upstream:remoteref) refs/heads/main refs/remotes/main [3ms]
2023-03-21 09:54:13.186 [info] > git status -z -uall [39ms]
2023-03-21 09:54:18.210 [info] > git config --get commit.template [8ms]
2023-03-21 09:54:18.212 [info] > git for-each-ref --format=%(refname)%00%(upstream:short)%00%(objectname)%00%(upstream:track)%00%(upstream:remotename)%00%(upstream:remoteref) refs/heads/main refs/remotes/main [2ms]
2023-03-21 09:54:18.260 [info] > git status -z -uall [43ms]
2023-03-21 09:54:23.286 [info] > git config --get commit.template [13ms]
2023-03-21 09:54:23.288 [info] > git for-each-ref --format=%(refname)%00%(upstream:short)%00%(objectname)%00%(upstream:track)%00%(upstream:remotename)%00%(upstream:remoteref) refs/heads/main refs/remotes/main [3ms]
2023-03-21 09:54:23.338 [info] > git status -z -uall [45ms]
2023-03-21 09:54:28.368 [info] > git config --get commit.template [9ms]
2023-03-21 09:54:28.370 [info] > git for-each-ref --format=%(refname)%00%(upstream:short)%00%(objectname)%00%(upstream:track)%00%(upstream:remotename)%00%(upstream:remoteref) refs/heads/main refs/remotes/main [3ms]
2023-03-21 09:54:28.416 [info] > git status -z -uall [41ms]
2023-03-21 09:54:41.359 [info] > git config --get commit.template [9ms]
2023-03-21 09:54:41.361 [info] > git for-each-ref --format=%(refname)%00%(upstream:short)%00%(objectname)%00%(upstream:track)%00%(upstream:remotename)%00%(upstream:remoteref) refs/heads/main refs/remotes/main [2ms]
2023-03-21 09:54:41.410 [info] > git status -z -uall [44ms]
2023-03-21 09:54:46.438 [info] > git config --get commit.template [8ms]
2023-03-21 09:54:46.441 [info] > git for-each-ref --format=%(refname)%00%(upstream:short)%00%(objectname)%00%(upstream:track)%00%(upstream:remotename)%00%(upstream:remoteref) refs/heads/main refs/remotes/main [4ms]
2023-03-21 09:54:46.490 [info] > git status -z -uall [43ms]
2023-03-21 09:54:51.518 [info] > git config --get commit.template [10ms]
2023-03-21 09:54:51.520 [info] > git for-each-ref --format=%(refname)%00%(upstream:short)%00%(objectname)%00%(upstream:track)%00%(upstream:remotename)%00%(upstream:remoteref) refs/heads/main refs/remotes/main [2ms]
2023-03-21 09:54:51.565 [info] > git status -z -uall [40ms]
2023-03-21 09:55:00.680 [info] > git config --get commit.template [8ms]
2023-03-21 09:55:00.682 [info] > git for-each-ref --format=%(refname)%00%(upstream:short)%00%(objectname)%00%(upstream:track)%00%(upstream:remotename)%00%(upstream:remoteref) refs/heads/main refs/remotes/main [2ms]
2023-03-21 09:55:00.729 [info] > git status -z -uall [43ms]
2023-03-21 09:55:05.785 [info] > git config --get commit.template [30ms]
2023-03-21 09:55:05.787 [info] > git for-each-ref --format=%(refname)%00%(upstream:short)%00%(objectname)%00%(upstream:track)%00%(upstream:remotename)%00%(upstream:remoteref) refs/heads/main refs/remotes/main [24ms]
2023-03-21 09:55:05.933 [info] > git status -z -uall [123ms]
2023-03-21 09:55:34.254 [info] > git config --get commit.template [9ms]
2023-03-21 09:55:34.256 [info] > git for-each-ref --format=%(refname)%00%(upstream:short)%00%(objectname)%00%(upstream:track)%00%(upstream:remotename)%00%(upstream:remoteref) refs/heads/main refs/remotes/main [3ms]
2023-03-21 09:55:34.307 [info] > git status -z -uall [46ms]
2023-03-21 09:55:38.454 [info] > git show --textconv :Testing/login.php [10ms]
2023-03-21 09:55:38.459 [info] > git ls-files --stage -- /web/users/projects/202223/quicknotes/Testing/login.php [5ms]
2023-03-21 09:55:38.664 [info] > git check-ignore -v -z --stdin [7ms]
2023-03-21 09:55:39.337 [info] > git config --get commit.template [8ms]
2023-03-21 09:55:39.339 [info] > git for-each-ref --format=%(refname)%00%(upstream:short)%00%(objectname)%00%(upstream:track)%00%(upstream:remotename)%00%(upstream:remoteref) refs/heads/main refs/remotes/main [3ms]
2023-03-21 09:55:39.384 [info] > git status -z -uall [40ms]
2023-03-21 09:55:44.409 [info] > git config --get commit.template [9ms]
2023-03-21 09:55:44.411 [info] > git for-each-ref --format=%(refname)%00%(upstream:short)%00%(objectname)%00%(upstream:track)%00%(upstream:remotename)%00%(upstream:remoteref) refs/heads/main refs/remotes/main [3ms]
2023-03-21 09:55:44.456 [info] > git status -z -uall [40ms]
2023-03-21 09:55:47.731 [info] > git show --textconv :Testing/signup.php [10ms]
2023-03-21 09:55:47.735 [info] > git ls-files --stage -- /web/users/projects/202223/quicknotes/Testing/signup.php [5ms]
2023-03-21 09:55:47.983 [info] > git check-ignore -v -z --stdin [9ms]
2023-03-21 09:55:49.484 [info] > git config --get commit.template [8ms]
2023-03-21 09:55:49.486 [info] > git for-each-ref --format=%(refname)%00%(upstream:short)%00%(objectname)%00%(upstream:track)%00%(upstream:remotename)%00%(upstream:remoteref) refs/heads/main refs/remotes/main [2ms]
2023-03-21 09:55:49.532 [info] > git status -z -uall [41ms]
2023-03-21 09:55:53.592 [info] > git show --textconv :QN/userlogin.php [13ms]
2023-03-21 09:55:53.597 [info] > git ls-files --stage -- /web/users/projects/202223/quicknotes/QN/userlogin.php [6ms]
2023-03-21 09:55:53.604 [info] > git cat-file -s 8bd6e8f609fbb59d440a54dcaa88227b57ca524e [1ms]
2023-03-21 09:55:54.558 [info] > git config --get commit.template [7ms]
2023-03-21 09:55:54.560 [info] > git for-each-ref --format=%(refname)%00%(upstream:short)%00%(objectname)%00%(upstream:track)%00%(upstream:remotename)%00%(upstream:remoteref) refs/heads/main refs/remotes/main [3ms]
2023-03-21 09:55:54.604 [info] > git status -z -uall [39ms]
2023-03-21 09:55:59.630 [info] > git config --get commit.template [8ms]
2023-03-21 09:55:59.632 [info] > git for-each-ref --format=%(refname)%00%(upstream:short)%00%(objectname)%00%(upstream:track)%00%(upstream:remotename)%00%(upstream:remoteref) refs/heads/main refs/remotes/main [3ms]
2023-03-21 09:55:59.675 [info] > git status -z -uall [38ms]
2023-03-21 09:56:04.701 [info] > git config --get commit.template [8ms]
2023-03-21 09:56:04.703 [info] > git for-each-ref --format=%(refname)%00%(upstream:short)%00%(objectname)%00%(upstream:track)%00%(upstream:remotename)%00%(upstream:remoteref) refs/heads/main refs/remotes/main [2ms]
2023-03-21 09:56:04.748 [info] > git status -z -uall [40ms]
2023-03-21 09:56:09.800 [info] > git config --get commit.template [35ms]
2023-03-21 09:56:09.816 [info] > git for-each-ref --format=%(refname)%00%(upstream:short)%00%(objectname)%00%(upstream:track)%00%(upstream:remotename)%00%(upstream:remoteref) refs/heads/main refs/remotes/main [17ms]
2023-03-21 09:56:09.917 [info] > git status -z -uall [76ms]
2023-03-21 09:56:14.948 [info] > git config --get commit.template [8ms]
2023-03-21 09:56:14.950 [info] > git for-each-ref --format=%(refname)%00%(upstream:short)%00%(objectname)%00%(upstream:track)%00%(upstream:remotename)%00%(upstream:remoteref) refs/heads/main refs/remotes/main [3ms]
2023-03-21 09:56:14.996 [info] > git status -z -uall [41ms]
2023-03-21 09:56:20.023 [info] > git config --get commit.template [8ms]
2023-03-21 09:56:20.026 [info] > git for-each-ref --format=%(refname)%00%(upstream:short)%00%(objectname)%00%(upstream:track)%00%(upstream:remotename)%00%(upstream:remoteref) refs/heads/main refs/remotes/main [3ms]
2023-03-21 09:56:20.072 [info] > git status -z -uall [40ms]
2023-03-21 09:56:25.099 [info] > git config --get commit.template [9ms]
2023-03-21 09:56:25.101 [info] > git for-each-ref --format=%(refname)%00%(upstream:short)%00%(objectname)%00%(upstream:track)%00%(upstream:remotename)%00%(upstream:remoteref) refs/heads/main refs/remotes/main [3ms]
2023-03-21 09:56:25.198 [info] > git status -z -uall [91ms]
2023-03-21 09:56:30.232 [info] > git config --get commit.template [9ms]
2023-03-21 09:56:30.234 [info] > git for-each-ref --format=%(refname)%00%(upstream:short)%00%(objectname)%00%(upstream:track)%00%(upstream:remotename)%00%(upstream:remoteref) refs/heads/main refs/remotes/main [3ms]
2023-03-21 09:56:30.280 [info] > git status -z -uall [41ms]
2023-03-21 09:56:31.915 [info] > git ls-files --stage -- /web/users/projects/202223/quicknotes/Testing/connection.php [4ms]
2023-03-21 09:56:31.929 [info] > git show --textconv :Testing/connection.php [29ms]
2023-03-21 09:56:31.930 [info] > git cat-file -s 19414bdb773a91cfdffe2b46a20e38232bb0122f [7ms]
2023-03-21 09:56:35.316 [info] > git config --get commit.template [9ms]
2023-03-21 09:56:35.319 [info] > git for-each-ref --format=%(refname)%00%(upstream:short)%00%(objectname)%00%(upstream:track)%00%(upstream:remotename)%00%(upstream:remoteref) refs/heads/main refs/remotes/main [4ms]
2023-03-21 09:56:35.365 [info] > git status -z -uall [40ms]
2023-03-21 09:56:36.231 [info] > git show --textconv :QN/userlogin.php [12ms]
2023-03-21 09:56:36.237 [info] > git ls-files --stage -- /web/users/projects/202223/quicknotes/QN/userlogin.php [7ms]
2023-03-21 09:56:36.246 [info] > git cat-file -s 8bd6e8f609fbb59d440a54dcaa88227b57ca524e [4ms]
2023-03-21 09:56:39.698 [info] > git show --textconv :QN/signup.php [11ms]
2023-03-21 09:56:39.703 [info] > git ls-files --stage -- /web/users/projects/202223/quicknotes/QN/signup.php [8ms]
2023-03-21 09:56:39.710 [info] > git cat-file -s b892517b491e5b8c968606874b1592c3fd612df8 [1ms]
2023-03-21 09:56:40.391 [info] > git config --get commit.template [8ms]
2023-03-21 09:56:40.394 [info] > git for-each-ref --format=%(refname)%00%(upstream:short)%00%(objectname)%00%(upstream:track)%00%(upstream:remotename)%00%(upstream:remoteref) refs/heads/main refs/remotes/main [3ms]
2023-03-21 09:56:40.439 [info] > git status -z -uall [40ms]
2023-03-21 09:56:45.466 [info] > git config --get commit.template [8ms]
2023-03-21 09:56:45.469 [info] > git for-each-ref --format=%(refname)%00%(upstream:short)%00%(objectname)%00%(upstream:track)%00%(upstream:remotename)%00%(upstream:remoteref) refs/heads/main refs/remotes/main [3ms]
2023-03-21 09:56:45.516 [info] > git status -z -uall [42ms]
2023-03-21 09:56:50.541 [info] > git config --get commit.template [9ms]
2023-03-21 09:56:50.543 [info] > git for-each-ref --format=%(refname)%00%(upstream:short)%00%(objectname)%00%(upstream:track)%00%(upstream:remotename)%00%(upstream:remoteref) refs/heads/main refs/remotes/main [3ms]
2023-03-21 09:56:50.589 [info] > git status -z -uall [41ms]
2023-03-21 09:56:55.616 [info] > git config --get commit.template [9ms]
2023-03-21 09:56:55.618 [info] > git for-each-ref --format=%(refname)%00%(upstream:short)%00%(objectname)%00%(upstream:track)%00%(upstream:remotename)%00%(upstream:remoteref) refs/heads/main refs/remotes/main [3ms]
2023-03-21 09:56:55.667 [info] > git status -z -uall [43ms]
2023-03-21 09:57:00.692 [info] > git config --get commit.template [9ms]
2023-03-21 09:57:00.694 [info] > git for-each-ref --format=%(refname)%00%(upstream:short)%00%(objectname)%00%(upstream:track)%00%(upstream:remotename)%00%(upstream:remoteref) refs/heads/main refs/remotes/main [3ms]
2023-03-21 09:57:00.741 [info] > git status -z -uall [41ms]
2023-03-21 09:57:05.770 [info] > git config --get commit.template [9ms]
2023-03-21 09:57:05.772 [info] > git for-each-ref --format=%(refname)%00%(upstream:short)%00%(objectname)%00%(upstream:track)%00%(upstream:remotename)%00%(upstream:remoteref) refs/heads/main refs/remotes/main [2ms]
2023-03-21 09:57:05.820 [info] > git status -z -uall [42ms]
2023-03-21 09:57:10.846 [info] > git config --get commit.template [9ms]
2023-03-21 09:57:10.849 [info] > git for-each-ref --format=%(refname)%00%(upstream:short)%00%(objectname)%00%(upstream:track)%00%(upstream:remotename)%00%(upstream:remoteref) refs/heads/main refs/remotes/main [3ms]
2023-03-21 09:57:10.895 [info] > git status -z -uall [40ms]
2023-03-21 09:57:15.922 [info] > git config --get commit.template [8ms]
2023-03-21 09:57:15.924 [info] > git for-each-ref --format=%(refname)%00%(upstream:short)%00%(objectname)%00%(upstream:track)%00%(upstream:remotename)%00%(upstream:remoteref) refs/heads/main refs/remotes/main [3ms]
2023-03-21 09:57:15.972 [info] > git status -z -uall [43ms]
2023-03-21 09:57:21.000 [info] > git config --get commit.template [9ms]
2023-03-21 09:57:21.003 [info] > git for-each-ref --format=%(refname)%00%(upstream:short)%00%(objectname)%00%(upstream:track)%00%(upstream:remotename)%00%(upstream:remoteref) refs/heads/main refs/remotes/main [3ms]
2023-03-21 09:57:21.048 [info] > git status -z -uall [40ms]
2023-03-21 09:58:26.690 [info] > git config --get commit.template [9ms]
2023-03-21 09:58:26.691 [info] > git for-each-ref --format=%(refname)%00%(upstream:short)%00%(objectname)%00%(upstream:track)%00%(upstream:remotename)%00%(upstream:remoteref) refs/heads/main refs/remotes/main [2ms]
2023-03-21 09:58:26.741 [info] > git status -z -uall [44ms]
2023-03-21 09:58:45.666 [info] > git config --get commit.template [9ms]
2023-03-21 09:58:45.668 [info] > git for-each-ref --format=%(refname)%00%(upstream:short)%00%(objectname)%00%(upstream:track)%00%(upstream:remotename)%00%(upstream:remoteref) refs/heads/main refs/remotes/main [3ms]
2023-03-21 09:58:45.720 [info] > git status -z -uall [47ms]
2023-03-21 09:59:12.776 [info] > git config --get commit.template [9ms]
2023-03-21 09:59:12.778 [info] > git for-each-ref --format=%(refname)%00%(upstream:short)%00%(objectname)%00%(upstream:track)%00%(upstream:remotename)%00%(upstream:remoteref) refs/heads/main refs/remotes/main [3ms]
2023-03-21 09:59:12.825 [info] > git status -z -uall [43ms]
2023-03-21 09:59:17.859 [info] > git config --get commit.template [10ms]
2023-03-21 09:59:17.865 [info] > git for-each-ref --format=%(refname)%00%(upstream:short)%00%(objectname)%00%(upstream:track)%00%(upstream:remotename)%00%(upstream:remoteref) refs/heads/main refs/remotes/main [6ms]
2023-03-21 09:59:17.981 [info] > git show --textconv :QN/userlogin.php [26ms]
2023-03-21 09:59:17.985 [info] > git ls-files --stage -- /web/users/projects/202223/quicknotes/QN/userlogin.php [16ms]
2023-03-21 09:59:17.992 [info] > git status -z -uall [121ms]
2023-03-21 09:59:18.001 [info] > git cat-file -s 8bd6e8f609fbb59d440a54dcaa88227b57ca524e [10ms]
2023-03-21 09:59:23.018 [info] > git config --get commit.template [8ms]
2023-03-21 09:59:23.020 [info] > git for-each-ref --format=%(refname)%00%(upstream:short)%00%(objectname)%00%(upstream:track)%00%(upstream:remotename)%00%(upstream:remoteref) refs/heads/main refs/remotes/main [3ms]
2023-03-21 09:59:23.075 [info] > git status -z -uall [51ms]
2023-03-21 10:02:26.948 [info] > git config --get commit.template [16ms]
2023-03-21 10:02:26.954 [info] > git for-each-ref --format=%(refname)%00%(upstream:short)%00%(objectname)%00%(upstream:track)%00%(upstream:remotename)%00%(upstream:remoteref) refs/heads/main refs/remotes/main [6ms]
2023-03-21 10:02:27.102 [info] > git status -z -uall [135ms]
2023-03-21 10:02:32.137 [info] > git config --get commit.template [9ms]
2023-03-21 10:02:32.139 [info] > git for-each-ref --format=%(refname)%00%(upstream:short)%00%(objectname)%00%(upstream:track)%00%(upstream:remotename)%00%(upstream:remoteref) refs/heads/main refs/remotes/main [3ms]
2023-03-21 10:02:32.187 [info] > git status -z -uall [42ms]
2023-03-21 10:02:33.301 [info] > git show --textconv :QN/loginx.php [15ms]
2023-03-21 10:02:33.303 [info] > git ls-files --stage -- /web/users/projects/202223/quicknotes/QN/loginx.php [7ms]
2023-03-21 10:02:33.310 [info] > git cat-file -s b8c15a74ae5d0e3996c6bb66de3d7e4c46effc23 [2ms]
2023-03-21 10:02:45.322 [info] > git config --get commit.template [8ms]
2023-03-21 10:02:45.324 [info] > git for-each-ref --format=%(refname)%00%(upstream:short)%00%(objectname)%00%(upstream:track)%00%(upstream:remotename)%00%(upstream:remoteref) refs/heads/main refs/remotes/main [2ms]
2023-03-21 10:02:45.372 [info] > git status -z -uall [42ms]
2023-03-21 10:02:46.017 [info] > git ls-files --stage -- /web/users/projects/202223/quicknotes/QN/script.js [18ms]
2023-03-21 10:02:46.034 [info] > git show --textconv :QN/script.js [55ms]
2023-03-21 10:02:46.039 [info] > git cat-file -s e859b0fdf155dbe7ddda43f0d91e7ed20498f67d [6ms]
2023-03-21 10:02:50.402 [info] > git config --get commit.template [8ms]
2023-03-21 10:02:50.405 [info] > git for-each-ref --format=%(refname)%00%(upstream:short)%00%(objectname)%00%(upstream:track)%00%(upstream:remotename)%00%(upstream:remoteref) refs/heads/main refs/remotes/main [4ms]
2023-03-21 10:02:50.457 [info] > git status -z -uall [46ms]
2023-03-21 10:02:55.903 [info] > git config --get commit.template [52ms]
2023-03-21 10:02:55.941 [info] > git for-each-ref --format=%(refname)%00%(upstream:short)%00%(objectname)%00%(upstream:track)%00%(upstream:remotename)%00%(upstream:remoteref) refs/heads/main refs/remotes/main [38ms]
2023-03-21 10:02:56.371 [info] > git status -z -uall [380ms]
2023-03-21 10:03:02.737 [info] > git config --get commit.template [8ms]
2023-03-21 10:03:02.739 [info] > git for-each-ref --format=%(refname)%00%(upstream:short)%00%(objectname)%00%(upstream:track)%00%(upstream:remotename)%00%(upstream:remoteref) refs/heads/main refs/remotes/main [2ms]
2023-03-21 10:03:02.789 [info] > git status -z -uall [45ms]
2023-03-21 10:03:03.271 [info] > git ls-files --stage -- /web/users/projects/202223/quicknotes/QN/logintest1.php [4ms]
2023-03-21 10:03:03.307 [info] > git show --textconv :QN/logintest1.php [54ms]
2023-03-21 10:03:03.310 [info] > git cat-file -s dc60f537f671a559a4291cb99833a2cab94194cd [33ms]
2023-03-21 10:03:04.183 [info] > git ls-files --stage -- /web/users/projects/202223/quicknotes/QN/main.php [5ms]
2023-03-21 10:03:04.219 [info] > git show --textconv :QN/main.php [50ms]
2023-03-21 10:03:04.223 [info] > git cat-file -s 6a4594a4ae9722bb4125e97aa61336c12c5ffd32 [34ms]
2023-03-21 10:03:23.032 [info] > git config --get commit.template [8ms]
2023-03-21 10:03:23.034 [info] > git for-each-ref --format=%(refname)%00%(upstream:short)%00%(objectname)%00%(upstream:track)%00%(upstream:remotename)%00%(upstream:remoteref) refs/heads/main refs/remotes/main [3ms]
2023-03-21 10:03:23.079 [info] > git status -z -uall [41ms]
2023-03-21 10:05:19.740 [info] > git config --get commit.template [9ms]
2023-03-21 10:05:19.742 [info] > git for-each-ref --format=%(refname)%00%(upstream:short)%00%(objectname)%00%(upstream:track)%00%(upstream:remotename)%00%(upstream:remoteref) refs/heads/main refs/remotes/main [2ms]
2023-03-21 10:05:19.792 [info] > git status -z -uall [45ms]
2023-03-21 10:05:24.821 [info] > git config --get commit.template [8ms]
2023-03-21 10:05:24.823 [info] > git for-each-ref --format=%(refname)%00%(upstream:short)%00%(objectname)%00%(upstream:track)%00%(upstream:remotename)%00%(upstream:remoteref) refs/heads/main refs/remotes/main [3ms]
2023-03-21 10:05:24.870 [info] > git status -z -uall [42ms]
2023-03-21 10:05:34.073 [info] > git config --get commit.template [9ms]
2023-03-21 10:05:34.075 [info] > git for-each-ref --format=%(refname)%00%(upstream:short)%00%(objectname)%00%(upstream:track)%00%(upstream:remotename)%00%(upstream:remoteref) refs/heads/main refs/remotes/main [2ms]
2023-03-21 10:05:34.123 [info] > git status -z -uall [42ms]
2023-03-21 10:05:34.680 [info] > git ls-files --stage -- /web/users/projects/202223/quicknotes/QN/scriptcolumn.js [13ms]
2023-03-21 10:05:34.698 [info] > git show --textconv :QN/scriptcolumn.js [53ms]
2023-03-21 10:05:34.698 [info] > git cat-file -s b493b5ac1338b9ba03601dc534cfd3bbc639b04c [7ms]
2023-03-21 10:05:49.448 [info] > git config --get commit.template [9ms]
2023-03-21 10:05:49.450 [info] > git for-each-ref --format=%(refname)%00%(upstream:short)%00%(objectname)%00%(upstream:track)%00%(upstream:remotename)%00%(upstream:remoteref) refs/heads/main refs/remotes/main [2ms]
2023-03-21 10:05:49.498 [info] > git status -z -uall [41ms]
2023-03-21 10:14:15.638 [info] > git config --get commit.template [7ms]
2023-03-21 10:14:15.640 [info] > git for-each-ref --format=%(refname)%00%(upstream:short)%00%(objectname)%00%(upstream:track)%00%(upstream:remotename)%00%(upstream:remoteref) refs/heads/main refs/remotes/main [2ms]
2023-03-21 10:14:15.692 [info] > git status -z -uall [46ms]
2023-03-21 10:14:36.555 [info] > git config --get commit.template [7ms]
2023-03-21 10:14:36.557 [info] > git for-each-ref --format=%(refname)%00%(upstream:short)%00%(objectname)%00%(upstream:track)%00%(upstream:remotename)%00%(upstream:remoteref) refs/heads/main refs/remotes/main [2ms]
2023-03-21 10:14:36.606 [info] > git status -z -uall [43ms]
2023-03-21 10:14:41.633 [info] > git config --get commit.template [8ms]
2023-03-21 10:14:41.634 [info] > git for-each-ref --format=%(refname)%00%(upstream:short)%00%(objectname)%00%(upstream:track)%00%(upstream:remotename)%00%(upstream:remoteref) refs/heads/main refs/remotes/main [2ms]
2023-03-21 10:14:41.680 [info] > git status -z -uall [41ms]
2023-03-21 10:14:46.707 [info] > git config --get commit.template [8ms]
2023-03-21 10:14:46.709 [info] > git for-each-ref --format=%(refname)%00%(upstream:short)%00%(objectname)%00%(upstream:track)%00%(upstream:remotename)%00%(upstream:remoteref) refs/heads/main refs/remotes/main [3ms]
2023-03-21 10:14:46.755 [info] > git status -z -uall [41ms]
2023-03-21 10:14:51.785 [info] > git config --get commit.template [8ms]
2023-03-21 10:14:51.787 [info] > git for-each-ref --format=%(refname)%00%(upstream:short)%00%(objectname)%00%(upstream:track)%00%(upstream:remotename)%00%(upstream:remoteref) refs/heads/main refs/remotes/main [2ms]
2023-03-21 10:14:51.834 [info] > git status -z -uall [43ms]
2023-03-21 10:15:00.975 [info] > git config --get commit.template [9ms]
2023-03-21 10:15:00.978 [info] > git for-each-ref --format=%(refname)%00%(upstream:short)%00%(objectname)%00%(upstream:track)%00%(upstream:remotename)%00%(upstream:remoteref) refs/heads/main refs/remotes/main [3ms]
2023-03-21 10:15:01.029 [info] > git status -z -uall [45ms]
2023-03-21 10:15:06.057 [info] > git config --get commit.template [10ms]
2023-03-21 10:15:06.059 [info] > git for-each-ref --format=%(refname)%00%(upstream:short)%00%(objectname)%00%(upstream:track)%00%(upstream:remotename)%00%(upstream:remoteref) refs/heads/main refs/remotes/main [3ms]
2023-03-21 10:15:06.104 [info] > git status -z -uall [40ms]
2023-03-21 10:15:09.356 [info] > git show --textconv :QN/style.css [9ms]
2023-03-21 10:15:09.360 [info] > git ls-files --stage -- /web/users/projects/202223/quicknotes/QN/style.css [5ms]
2023-03-21 10:15:09.547 [info] > git check-ignore -v -z --stdin [5ms]
2023-03-21 10:15:11.131 [info] > git config --get commit.template [8ms]
2023-03-21 10:15:11.134 [info] > git for-each-ref --format=%(refname)%00%(upstream:short)%00%(objectname)%00%(upstream:track)%00%(upstream:remotename)%00%(upstream:remoteref) refs/heads/main refs/remotes/main [3ms]
2023-03-21 10:15:11.179 [info] > git status -z -uall [40ms]
2023-03-21 10:15:30.890 [info] > git config --get commit.template [9ms]
2023-03-21 10:15:30.892 [info] > git for-each-ref --format=%(refname)%00%(upstream:short)%00%(objectname)%00%(upstream:track)%00%(upstream:remotename)%00%(upstream:remoteref) refs/heads/main refs/remotes/main [2ms]
2023-03-21 10:15:30.942 [info] > git status -z -uall [44ms]
2023-03-21 10:15:35.970 [info] > git config --get commit.template [8ms]
2023-03-21 10:15:35.972 [info] > git for-each-ref --format=%(refname)%00%(upstream:short)%00%(objectname)%00%(upstream:track)%00%(upstream:remotename)%00%(upstream:remoteref) refs/heads/main refs/remotes/main [3ms]
2023-03-21 10:15:36.019 [info] > git status -z -uall [41ms]
2023-03-21 10:15:41.046 [info] > git config --get commit.template [9ms]
2023-03-21 10:15:41.048 [info] > git for-each-ref --format=%(refname)%00%(upstream:short)%00%(objectname)%00%(upstream:track)%00%(upstream:remotename)%00%(upstream:remoteref) refs/heads/main refs/remotes/main [3ms]
2023-03-21 10:15:41.094 [info] > git status -z -uall [42ms]
2023-03-21 10:15:48.207 [info] > git config --get commit.template [6ms]
2023-03-21 10:15:48.209 [info] > git for-each-ref --format=%(refname)%00%(upstream:short)%00%(objectname)%00%(upstream:track)%00%(upstream:remotename)%00%(upstream:remoteref) refs/heads/main refs/remotes/main [2ms]
2023-03-21 10:15:48.257 [info] > git status -z -uall [44ms]
2023-03-21 10:16:01.907 [info] > git config --get commit.template [9ms]
2023-03-21 10:16:01.909 [info] > git for-each-ref --format=%(refname)%00%(upstream:short)%00%(objectname)%00%(upstream:track)%00%(upstream:remotename)%00%(upstream:remoteref) refs/heads/main refs/remotes/main [3ms]
2023-03-21 10:16:01.960 [info] > git status -z -uall [45ms]
2023-03-21 10:16:06.994 [info] > git config --get commit.template [11ms]
2023-03-21 10:16:06.996 [info] > git for-each-ref --format=%(refname)%00%(upstream:short)%00%(objectname)%00%(upstream:track)%00%(upstream:remotename)%00%(upstream:remoteref) refs/heads/main refs/remotes/main [2ms]
2023-03-21 10:16:07.042 [info] > git status -z -uall [41ms]
2023-03-21 10:16:12.089 [info] > git config --get commit.template [28ms]
2023-03-21 10:16:12.093 [info] > git for-each-ref --format=%(refname)%00%(upstream:short)%00%(objectname)%00%(upstream:track)%00%(upstream:remotename)%00%(upstream:remoteref) refs/heads/main refs/remotes/main [22ms]
2023-03-21 10:16:12.209 [info] > git status -z -uall [94ms]
2023-03-21 10:16:15.616 [info] > git show --textconv :Testing/HomePage.php [11ms]
2023-03-21 10:16:15.622 [info] > git ls-files --stage -- /web/users/projects/202223/quicknotes/Testing/HomePage.php [6ms]
2023-03-21 10:16:15.848 [info] > git check-ignore -v -z --stdin [6ms]
2023-03-21 10:16:17.235 [info] > git config --get commit.template [8ms]
2023-03-21 10:16:17.237 [info] > git for-each-ref --format=%(refname)%00%(upstream:short)%00%(objectname)%00%(upstream:track)%00%(upstream:remotename)%00%(upstream:remoteref) refs/heads/main refs/remotes/main [3ms]
2023-03-21 10:16:17.286 [info] > git status -z -uall [43ms]
2023-03-21 10:16:22.320 [info] > git config --get commit.template [8ms]
2023-03-21 10:16:22.322 [info] > git for-each-ref --format=%(refname)%00%(upstream:short)%00%(objectname)%00%(upstream:track)%00%(upstream:remotename)%00%(upstream:remoteref) refs/heads/main refs/remotes/main [3ms]
2023-03-21 10:16:22.369 [info] > git status -z -uall [41ms]
2023-03-21 10:16:27.399 [info] > git config --get commit.template [11ms]
2023-03-21 10:16:27.401 [info] > git for-each-ref --format=%(refname)%00%(upstream:short)%00%(objectname)%00%(upstream:track)%00%(upstream:remotename)%00%(upstream:remoteref) refs/heads/main refs/remotes/main [2ms]
2023-03-21 10:16:27.446 [info] > git status -z -uall [40ms]
2023-03-21 10:16:32.479 [info] > git config --get commit.template [9ms]
2023-03-21 10:16:32.482 [info] > git for-each-ref --format=%(refname)%00%(upstream:short)%00%(objectname)%00%(upstream:track)%00%(upstream:remotename)%00%(upstream:remoteref) refs/heads/main refs/remotes/main [4ms]
2023-03-21 10:16:32.529 [info] > git status -z -uall [42ms]
2023-03-21 10:16:37.557 [info] > git config --get commit.template [10ms]
2023-03-21 10:16:37.558 [info] > git for-each-ref --format=%(refname)%00%(upstream:short)%00%(objectname)%00%(upstream:track)%00%(upstream:remotename)%00%(upstream:remoteref) refs/heads/main refs/remotes/main [2ms]
2023-03-21 10:16:37.606 [info] > git status -z -uall [42ms]
2023-03-21 10:16:42.634 [info] > git config --get commit.template [9ms]
2023-03-21 10:16:42.636 [info] > git for-each-ref --format=%(refname)%00%(upstream:short)%00%(objectname)%00%(upstream:track)%00%(upstream:remotename)%00%(upstream:remoteref) refs/heads/main refs/remotes/main [3ms]
2023-03-21 10:16:42.683 [info] > git status -z -uall [41ms]
2023-03-21 10:16:47.713 [info] > git config --get commit.template [9ms]
2023-03-21 10:16:47.715 [info] > git for-each-ref --format=%(refname)%00%(upstream:short)%00%(objectname)%00%(upstream:track)%00%(upstream:remotename)%00%(upstream:remoteref) refs/heads/main refs/remotes/main [3ms]
2023-03-21 10:16:47.764 [info] > git status -z -uall [42ms]
2023-03-21 10:16:52.791 [info] > git config --get commit.template [10ms]
2023-03-21 10:16:52.794 [info] > git for-each-ref --format=%(refname)%00%(upstream:short)%00%(objectname)%00%(upstream:track)%00%(upstream:remotename)%00%(upstream:remoteref) refs/heads/main refs/remotes/main [3ms]
2023-03-21 10:16:52.840 [info] > git status -z -uall [41ms]
2023-03-21 10:16:57.867 [info] > git config --get commit.template [8ms]
2023-03-21 10:16:57.870 [info] > git for-each-ref --format=%(refname)%00%(upstream:short)%00%(objectname)%00%(upstream:track)%00%(upstream:remotename)%00%(upstream:remoteref) refs/heads/main refs/remotes/main [4ms]
2023-03-21 10:16:57.917 [info] > git status -z -uall [40ms]
2023-03-21 10:16:58.514 [info] > git show --textconv :Testing/HomePage.css [12ms]
2023-03-21 10:16:58.518 [info] > git ls-files --stage -- /web/users/projects/202223/quicknotes/Testing/HomePage.css [7ms]
2023-03-21 10:16:58.746 [info] > git check-ignore -v -z --stdin [5ms]
2023-03-21 10:17:02.943 [info] > git config --get commit.template [9ms]
2023-03-21 10:17:02.945 [info] > git for-each-ref --format=%(refname)%00%(upstream:short)%00%(objectname)%00%(upstream:track)%00%(upstream:remotename)%00%(upstream:remoteref) refs/heads/main refs/remotes/main [2ms]
2023-03-21 10:17:02.993 [info] > git status -z -uall [43ms]
2023-03-21 10:17:08.018 [info] > git config --get commit.template [8ms]
2023-03-21 10:17:08.020 [info] > git for-each-ref --format=%(refname)%00%(upstream:short)%00%(objectname)%00%(upstream:track)%00%(upstream:remotename)%00%(upstream:remoteref) refs/heads/main refs/remotes/main [2ms]
2023-03-21 10:17:08.067 [info] > git status -z -uall [42ms]
2023-03-21 10:17:36.294 [info] > git config --get commit.template [6ms]
2023-03-21 10:17:36.295 [info] > git for-each-ref --format=%(refname)%00%(upstream:short)%00%(objectname)%00%(upstream:track)%00%(upstream:remotename)%00%(upstream:remoteref) refs/heads/main refs/remotes/main [2ms]
2023-03-21 10:17:36.343 [info] > git status -z -uall [44ms]
2023-03-21 10:17:41.366 [info] > git config --get commit.template [7ms]
2023-03-21 10:17:41.368 [info] > git for-each-ref --format=%(refname)%00%(upstream:short)%00%(objectname)%00%(upstream:track)%00%(upstream:remotename)%00%(upstream:remoteref) refs/heads/main refs/remotes/main [2ms]
2023-03-21 10:17:41.415 [info] > git status -z -uall [42ms]
2023-03-21 10:17:46.451 [info] > git config --get commit.template [7ms]
2023-03-21 10:17:46.453 [info] > git for-each-ref --format=%(refname)%00%(upstream:short)%00%(objectname)%00%(upstream:track)%00%(upstream:remotename)%00%(upstream:remoteref) refs/heads/main refs/remotes/main [2ms]
2023-03-21 10:17:46.499 [info] > git status -z -uall [41ms]
2023-03-21 10:17:51.150 [info] > git check-ignore -v -z --stdin [12ms]
2023-03-21 10:17:53.106 [info] > git config --get commit.template [9ms]
2023-03-21 10:17:53.109 [info] > git for-each-ref --format=%(refname)%00%(upstream:short)%00%(objectname)%00%(upstream:track)%00%(upstream:remotename)%00%(upstream:remoteref) refs/heads/main refs/remotes/main [4ms]
2023-03-21 10:17:53.154 [info] > git status -z -uall [40ms]
2023-03-21 10:17:53.682 [info] > git show --textconv :Testing/script.js [10ms]
2023-03-21 10:17:53.687 [info] > git ls-files --stage -- /web/users/projects/202223/quicknotes/Testing/script.js [5ms]
2023-03-21 10:18:02.034 [info] > git config --get commit.template [8ms]
2023-03-21 10:18:02.036 [info] > git for-each-ref --format=%(refname)%00%(upstream:short)%00%(objectname)%00%(upstream:track)%00%(upstream:remotename)%00%(upstream:remoteref) refs/heads/main refs/remotes/main [3ms]
2023-03-21 10:18:02.085 [info] > git status -z -uall [43ms]
2023-03-21 10:18:07.111 [info] > git config --get commit.template [7ms]
2023-03-21 10:18:07.113 [info] > git for-each-ref --format=%(refname)%00%(upstream:short)%00%(objectname)%00%(upstream:track)%00%(upstream:remotename)%00%(upstream:remoteref) refs/heads/main refs/remotes/main [3ms]
2023-03-21 10:18:07.159 [info] > git status -z -uall [41ms]
2023-03-21 10:18:12.194 [info] > git config --get commit.template [18ms]
2023-03-21 10:18:12.196 [info] > git for-each-ref --format=%(refname)%00%(upstream:short)%00%(objectname)%00%(upstream:track)%00%(upstream:remotename)%00%(upstream:remoteref) refs/heads/main refs/remotes/main [2ms]
2023-03-21 10:18:12.241 [info] > git status -z -uall [40ms]
2023-03-21 10:18:17.274 [info] > git config --get commit.template [8ms]
2023-03-21 10:18:17.276 [info] > git for-each-ref --format=%(refname)%00%(upstream:short)%00%(objectname)%00%(upstream:track)%00%(upstream:remotename)%00%(upstream:remoteref) refs/heads/main refs/remotes/main [3ms]
2023-03-21 10:18:17.323 [info] > git status -z -uall [42ms]
2023-03-21 10:18:22.350 [info] > git config --get commit.template [8ms]
2023-03-21 10:18:22.352 [info] > git for-each-ref --format=%(refname)%00%(upstream:short)%00%(objectname)%00%(upstream:track)%00%(upstream:remotename)%00%(upstream:remoteref) refs/heads/main refs/remotes/main [2ms]
2023-03-21 10:18:22.400 [info] > git status -z -uall [42ms]
2023-03-21 10:18:27.428 [info] > git config --get commit.template [8ms]
2023-03-21 10:18:27.431 [info] > git for-each-ref --format=%(refname)%00%(upstream:short)%00%(objectname)%00%(upstream:track)%00%(upstream:remotename)%00%(upstream:remoteref) refs/heads/main refs/remotes/main [3ms]
2023-03-21 10:18:27.477 [info] > git status -z -uall [40ms]
2023-03-21 10:18:32.503 [info] > git config --get commit.template [7ms]
2023-03-21 10:18:32.505 [info] > git for-each-ref --format=%(refname)%00%(upstream:short)%00%(objectname)%00%(upstream:track)%00%(upstream:remotename)%00%(upstream:remoteref) refs/heads/main refs/remotes/main [2ms]
2023-03-21 10:18:32.551 [info] > git status -z -uall [41ms]
2023-03-21 10:18:37.587 [info] > git config --get commit.template [17ms]
2023-03-21 10:18:37.589 [info] > git for-each-ref --format=%(refname)%00%(upstream:short)%00%(objectname)%00%(upstream:track)%00%(upstream:remotename)%00%(upstream:remoteref) refs/heads/main refs/remotes/main [2ms]
2023-03-21 10:18:37.638 [info] > git status -z -uall [43ms]
2023-03-21 10:19:18.520 [info] > git config --get commit.template [8ms]
2023-03-21 10:19:18.522 [info] > git for-each-ref --format=%(refname)%00%(upstream:short)%00%(objectname)%00%(upstream:track)%00%(upstream:remotename)%00%(upstream:remoteref) refs/heads/main refs/remotes/main [2ms]
2023-03-21 10:19:18.572 [info] > git status -z -uall [46ms]
2023-03-21 10:19:23.597 [info] > git config --get commit.template [8ms]
2023-03-21 10:19:23.599 [info] > git for-each-ref --format=%(refname)%00%(upstream:short)%00%(objectname)%00%(upstream:track)%00%(upstream:remotename)%00%(upstream:remoteref) refs/heads/main refs/remotes/main [3ms]
2023-03-21 10:19:23.643 [info] > git status -z -uall [40ms]
2023-03-21 10:19:28.669 [info] > git config --get commit.template [8ms]
2023-03-21 10:19:28.671 [info] > git for-each-ref --format=%(refname)%00%(upstream:short)%00%(objectname)%00%(upstream:track)%00%(upstream:remotename)%00%(upstream:remoteref) refs/heads/main refs/remotes/main [2ms]
2023-03-21 10:19:28.714 [info] > git status -z -uall [39ms]
2023-03-21 10:19:33.741 [info] > git config --get commit.template [9ms]
2023-03-21 10:19:33.744 [info] > git for-each-ref --format=%(refname)%00%(upstream:short)%00%(objectname)%00%(upstream:track)%00%(upstream:remotename)%00%(upstream:remoteref) refs/heads/main refs/remotes/main [3ms]
2023-03-21 10:19:33.790 [info] > git status -z -uall [40ms]
2023-03-21 10:19:38.818 [info] > git config --get commit.template [9ms]
2023-03-21 10:19:38.820 [info] > git for-each-ref --format=%(refname)%00%(upstream:short)%00%(objectname)%00%(upstream:track)%00%(upstream:remotename)%00%(upstream:remoteref) refs/heads/main refs/remotes/main [2ms]
2023-03-21 10:19:38.866 [info] > git status -z -uall [40ms]
2023-03-21 10:19:44.153 [info] > git config --get commit.template [8ms]
2023-03-21 10:19:44.156 [info] > git for-each-ref --format=%(refname)%00%(upstream:short)%00%(objectname)%00%(upstream:track)%00%(upstream:remotename)%00%(upstream:remoteref) refs/heads/main refs/remotes/main [4ms]
2023-03-21 10:19:44.203 [info] > git status -z -uall [42ms]
2023-03-21 10:19:49.229 [info] > git config --get commit.template [8ms]
2023-03-21 10:19:49.230 [info] > git for-each-ref --format=%(refname)%00%(upstream:short)%00%(objectname)%00%(upstream:track)%00%(upstream:remotename)%00%(upstream:remoteref) refs/heads/main refs/remotes/main [2ms]
2023-03-21 10:19:49.277 [info] > git status -z -uall [41ms]
2023-03-21 10:20:31.128 [info] > git config --get commit.template [8ms]
2023-03-21 10:20:31.130 [info] > git for-each-ref --format=%(refname)%00%(upstream:short)%00%(objectname)%00%(upstream:track)%00%(upstream:remotename)%00%(upstream:remoteref) refs/heads/main refs/remotes/main [3ms]
2023-03-21 10:20:31.179 [info] > git status -z -uall [43ms]
2023-03-21 10:20:36.206 [info] > git config --get commit.template [10ms]
2023-03-21 10:20:36.208 [info] > git for-each-ref --format=%(refname)%00%(upstream:short)%00%(objectname)%00%(upstream:track)%00%(upstream:remotename)%00%(upstream:remoteref) refs/heads/main refs/remotes/main [3ms]
2023-03-21 10:20:36.254 [info] > git status -z -uall [41ms]
2023-03-21 10:20:41.282 [info] > git config --get commit.template [10ms]
2023-03-21 10:20:41.285 [info] > git for-each-ref --format=%(refname)%00%(upstream:short)%00%(objectname)%00%(upstream:track)%00%(upstream:remotename)%00%(upstream:remoteref) refs/heads/main refs/remotes/main [2ms]
2023-03-21 10:20:41.332 [info] > git status -z -uall [42ms]
2023-03-21 10:20:46.359 [info] > git config --get commit.template [8ms]
2023-03-21 10:20:46.361 [info] > git for-each-ref --format=%(refname)%00%(upstream:short)%00%(objectname)%00%(upstream:track)%00%(upstream:remotename)%00%(upstream:remoteref) refs/heads/main refs/remotes/main [2ms]
2023-03-21 10:20:46.412 [info] > git status -z -uall [46ms]
2023-03-21 10:20:51.439 [info] > git config --get commit.template [9ms]
2023-03-21 10:20:51.441 [info] > git for-each-ref --format=%(refname)%00%(upstream:short)%00%(objectname)%00%(upstream:track)%00%(upstream:remotename)%00%(upstream:remoteref) refs/heads/main refs/remotes/main [3ms]
2023-03-21 10:20:51.488 [info] > git status -z -uall [40ms]
2023-03-21 10:22:02.932 [info] > git config --get commit.template [9ms]
2023-03-21 10:22:02.934 [info] > git for-each-ref --format=%(refname)%00%(upstream:short)%00%(objectname)%00%(upstream:track)%00%(upstream:remotename)%00%(upstream:remoteref) refs/heads/main refs/remotes/main [3ms]
2023-03-21 10:22:02.981 [info] > git status -z -uall [42ms]
2023-03-21 10:22:08.010 [info] > git config --get commit.template [9ms]
2023-03-21 10:22:08.012 [info] > git for-each-ref --format=%(refname)%00%(upstream:short)%00%(objectname)%00%(upstream:track)%00%(upstream:remotename)%00%(upstream:remoteref) refs/heads/main refs/remotes/main [3ms]
2023-03-21 10:22:08.059 [info] > git status -z -uall [42ms]
2023-03-21 10:22:15.978 [info] > git config --get commit.template [8ms]
2023-03-21 10:22:15.980 [info] > git for-each-ref --format=%(refname)%00%(upstream:short)%00%(objectname)%00%(upstream:track)%00%(upstream:remotename)%00%(upstream:remoteref) refs/heads/main refs/remotes/main [2ms]
2023-03-21 10:22:16.030 [info] > git status -z -uall [44ms]
2023-03-21 10:22:21.059 [info] > git config --get commit.template [8ms]
2023-03-21 10:22:21.062 [info] > git for-each-ref --format=%(refname)%00%(upstream:short)%00%(objectname)%00%(upstream:track)%00%(upstream:remotename)%00%(upstream:remoteref) refs/heads/main refs/remotes/main [3ms]
2023-03-21 10:22:21.107 [info] > git status -z -uall [40ms]
2023-03-21 10:22:26.136 [info] > git config --get commit.template [9ms]
2023-03-21 10:22:26.139 [info] > git for-each-ref --format=%(refname)%00%(upstream:short)%00%(objectname)%00%(upstream:track)%00%(upstream:remotename)%00%(upstream:remoteref) refs/heads/main refs/remotes/main [4ms]
2023-03-21 10:22:26.185 [info] > git status -z -uall [41ms]
2023-03-21 10:22:31.213 [info] > git config --get commit.template [8ms]
2023-03-21 10:22:31.216 [info] > git for-each-ref --format=%(refname)%00%(upstream:short)%00%(objectname)%00%(upstream:track)%00%(upstream:remotename)%00%(upstream:remoteref) refs/heads/main refs/remotes/main [4ms]
2023-03-21 10:22:31.263 [info] > git status -z -uall [42ms]
2023-03-21 10:22:36.290 [info] > git config --get commit.template [8ms]
2023-03-21 10:22:36.292 [info] > git for-each-ref --format=%(refname)%00%(upstream:short)%00%(objectname)%00%(upstream:track)%00%(upstream:remotename)%00%(upstream:remoteref) refs/heads/main refs/remotes/main [2ms]
2023-03-21 10:22:36.339 [info] > git status -z -uall [41ms]
2023-03-21 10:22:48.033 [info] > git config --get commit.template [9ms]
2023-03-21 10:22:48.035 [info] > git for-each-ref --format=%(refname)%00%(upstream:short)%00%(objectname)%00%(upstream:track)%00%(upstream:remotename)%00%(upstream:remoteref) refs/heads/main refs/remotes/main [3ms]
2023-03-21 10:22:48.081 [info] > git status -z -uall [41ms]
2023-03-21 10:22:53.104 [info] > git config --get commit.template [7ms]
2023-03-21 10:22:53.106 [info] > git for-each-ref --format=%(refname)%00%(upstream:short)%00%(objectname)%00%(upstream:track)%00%(upstream:remotename)%00%(upstream:remoteref) refs/heads/main refs/remotes/main [3ms]
2023-03-21 10:22:53.151 [info] > git status -z -uall [40ms]
2023-03-21 10:23:16.769 [info] > git config --get commit.template [7ms]
2023-03-21 10:23:16.770 [info] > git for-each-ref --format=%(refname)%00%(upstream:short)%00%(objectname)%00%(upstream:track)%00%(upstream:remotename)%00%(upstream:remoteref) refs/heads/main refs/remotes/main [2ms]
2023-03-21 10:23:16.821 [info] > git status -z -uall [43ms]
2023-03-21 10:23:21.850 [info] > git config --get commit.template [9ms]
2023-03-21 10:23:21.852 [info] > git for-each-ref --format=%(refname)%00%(upstream:short)%00%(objectname)%00%(upstream:track)%00%(upstream:remotename)%00%(upstream:remoteref) refs/heads/main refs/remotes/main [3ms]
2023-03-21 10:23:21.898 [info] > git status -z -uall [41ms]
2023-03-21 10:23:26.926 [info] > git config --get commit.template [9ms]
2023-03-21 10:23:26.929 [info] > git for-each-ref --format=%(refname)%00%(upstream:short)%00%(objectname)%00%(upstream:track)%00%(upstream:remotename)%00%(upstream:remoteref) refs/heads/main refs/remotes/main [4ms]
2023-03-21 10:23:26.974 [info] > git status -z -uall [40ms]
2023-03-21 10:23:32.002 [info] > git config --get commit.template [8ms]
2023-03-21 10:23:32.005 [info] > git for-each-ref --format=%(refname)%00%(upstream:short)%00%(objectname)%00%(upstream:track)%00%(upstream:remotename)%00%(upstream:remoteref) refs/heads/main refs/remotes/main [4ms]
2023-03-21 10:23:32.050 [info] > git status -z -uall [39ms]
2023-03-21 10:23:37.078 [info] > git config --get commit.template [8ms]
2023-03-21 10:23:37.080 [info] > git for-each-ref --format=%(refname)%00%(upstream:short)%00%(objectname)%00%(upstream:track)%00%(upstream:remotename)%00%(upstream:remoteref) refs/heads/main refs/remotes/main [3ms]
2023-03-21 10:23:37.126 [info] > git status -z -uall [41ms]
2023-03-21 10:25:01.085 [info] > git config --get commit.template [14ms]
2023-03-21 10:25:01.089 [info] > git for-each-ref --format=%(refname)%00%(upstream:short)%00%(objectname)%00%(upstream:track)%00%(upstream:remotename)%00%(upstream:remoteref) refs/heads/main refs/remotes/main [10ms]
2023-03-21 10:25:01.138 [info] > git status -z -uall [43ms]
2023-03-21 10:25:06.173 [info] > git config --get commit.template [7ms]
2023-03-21 10:25:06.175 [info] > git for-each-ref --format=%(refname)%00%(upstream:short)%00%(objectname)%00%(upstream:track)%00%(upstream:remotename)%00%(upstream:remoteref) refs/heads/main refs/remotes/main [3ms]
2023-03-21 10:25:06.218 [info] > git status -z -uall [38ms]
2023-03-21 10:25:11.248 [info] > git config --get commit.template [10ms]
2023-03-21 10:25:11.250 [info] > git for-each-ref --format=%(refname)%00%(upstream:short)%00%(objectname)%00%(upstream:track)%00%(upstream:remotename)%00%(upstream:remoteref) refs/heads/main refs/remotes/main [3ms]
2023-03-21 10:25:11.297 [info] > git status -z -uall [41ms]
2023-03-21 10:25:16.327 [info] > git config --get commit.template [8ms]
2023-03-21 10:25:16.330 [info] > git for-each-ref --format=%(refname)%00%(upstream:short)%00%(objectname)%00%(upstream:track)%00%(upstream:remotename)%00%(upstream:remoteref) refs/heads/main refs/remotes/main [4ms]
2023-03-21 10:25:16.378 [info] > git status -z -uall [41ms]
2023-03-21 10:25:21.406 [info] > git config --get commit.template [9ms]
2023-03-21 10:25:21.408 [info] > git for-each-ref --format=%(refname)%00%(upstream:short)%00%(objectname)%00%(upstream:track)%00%(upstream:remotename)%00%(upstream:remoteref) refs/heads/main refs/remotes/main [3ms]
2023-03-21 10:25:21.457 [info] > git status -z -uall [44ms]
2023-03-21 10:25:26.482 [info] > git config --get commit.template [9ms]
2023-03-21 10:25:26.484 [info] > git for-each-ref --format=%(refname)%00%(upstream:short)%00%(objectname)%00%(upstream:track)%00%(upstream:remotename)%00%(upstream:remoteref) refs/heads/main refs/remotes/main [2ms]
2023-03-21 10:25:26.530 [info] > git status -z -uall [41ms]
2023-03-21 10:25:31.554 [info] > git config --get commit.template [7ms]
2023-03-21 10:25:31.559 [info] > git for-each-ref --format=%(refname)%00%(upstream:short)%00%(objectname)%00%(upstream:track)%00%(upstream:remotename)%00%(upstream:remoteref) refs/heads/main refs/remotes/main [5ms]
2023-03-21 10:25:31.604 [info] > git status -z -uall [40ms]
2023-03-21 10:25:36.633 [info] > git config --get commit.template [9ms]
2023-03-21 10:25:36.635 [info] > git for-each-ref --format=%(refname)%00%(upstream:short)%00%(objectname)%00%(upstream:track)%00%(upstream:remotename)%00%(upstream:remoteref) refs/heads/main refs/remotes/main [5ms]
2023-03-21 10:25:36.682 [info] > git status -z -uall [42ms]
2023-03-21 10:25:41.707 [info] > git config --get commit.template [8ms]
2023-03-21 10:25:41.709 [info] > git for-each-ref --format=%(refname)%00%(upstream:short)%00%(objectname)%00%(upstream:track)%00%(upstream:remotename)%00%(upstream:remoteref) refs/heads/main refs/remotes/main [2ms]
2023-03-21 10:25:41.756 [info] > git status -z -uall [40ms]
2023-03-21 10:25:46.782 [info] > git config --get commit.template [9ms]
2023-03-21 10:25:46.784 [info] > git for-each-ref --format=%(refname)%00%(upstream:short)%00%(objectname)%00%(upstream:track)%00%(upstream:remotename)%00%(upstream:remoteref) refs/heads/main refs/remotes/main [2ms]
2023-03-21 10:25:46.830 [info] > git status -z -uall [41ms]
2023-03-21 10:25:51.857 [info] > git config --get commit.template [8ms]
2023-03-21 10:25:51.858 [info] > git for-each-ref --format=%(refname)%00%(upstream:short)%00%(objectname)%00%(upstream:track)%00%(upstream:remotename)%00%(upstream:remoteref) refs/heads/main refs/remotes/main [2ms]
2023-03-21 10:25:51.905 [info] > git status -z -uall [42ms]
2023-03-21 10:25:56.934 [info] > git config --get commit.template [10ms]
2023-03-21 10:25:56.936 [info] > git for-each-ref --format=%(refname)%00%(upstream:short)%00%(objectname)%00%(upstream:track)%00%(upstream:remotename)%00%(upstream:remoteref) refs/heads/main refs/remotes/main [3ms]
2023-03-21 10:25:56.981 [info] > git status -z -uall [39ms]
2023-03-21 10:26:02.008 [info] > git config --get commit.template [8ms]
2023-03-21 10:26:02.010 [info] > git for-each-ref --format=%(refname)%00%(upstream:short)%00%(objectname)%00%(upstream:track)%00%(upstream:remotename)%00%(upstream:remoteref) refs/heads/main refs/remotes/main [3ms]
2023-03-21 10:26:02.056 [info] > git status -z -uall [41ms]
2023-03-21 10:26:07.089 [info] > git config --get commit.template [8ms]
2023-03-21 10:26:07.092 [info] > git for-each-ref --format=%(refname)%00%(upstream:short)%00%(objectname)%00%(upstream:track)%00%(upstream:remotename)%00%(upstream:remoteref) refs/heads/main refs/remotes/main [4ms]
2023-03-21 10:26:07.139 [info] > git status -z -uall [41ms]
2023-03-21 10:26:12.166 [info] > git config --get commit.template [9ms]
2023-03-21 10:26:12.169 [info] > git for-each-ref --format=%(refname)%00%(upstream:short)%00%(objectname)%00%(upstream:track)%00%(upstream:remotename)%00%(upstream:remoteref) refs/heads/main refs/remotes/main [3ms]
2023-03-21 10:26:12.214 [info] > git status -z -uall [40ms]
2023-03-21 10:26:17.242 [info] > git config --get commit.template [10ms]
2023-03-21 10:26:17.244 [info] > git for-each-ref --format=%(refname)%00%(upstream:short)%00%(objectname)%00%(upstream:track)%00%(upstream:remotename)%00%(upstream:remoteref) refs/heads/main refs/remotes/main [3ms]
2023-03-21 10:26:17.290 [info] > git status -z -uall [40ms]
2023-03-21 10:26:22.318 [info] > git config --get commit.template [2ms]
2023-03-21 10:26:22.326 [info] > git for-each-ref --format=%(refname)%00%(upstream:short)%00%(objectname)%00%(upstream:track)%00%(upstream:remotename)%00%(upstream:remoteref) refs/heads/main refs/remotes/main [2ms]
2023-03-21 10:26:22.373 [info] > git status -z -uall [41ms]
2023-03-21 10:26:27.403 [info] > git config --get commit.template [12ms]
2023-03-21 10:26:27.407 [info] > git for-each-ref --format=%(refname)%00%(upstream:short)%00%(objectname)%00%(upstream:track)%00%(upstream:remotename)%00%(upstream:remoteref) refs/heads/main refs/remotes/main [4ms]
2023-03-21 10:26:27.463 [info] > git status -z -uall [46ms]
2023-03-21 10:26:32.509 [info] > git config --get commit.template [16ms]
2023-03-21 10:26:32.518 [info] > git for-each-ref --format=%(refname)%00%(upstream:short)%00%(objectname)%00%(upstream:track)%00%(upstream:remotename)%00%(upstream:remoteref) refs/heads/main refs/remotes/main [9ms]
2023-03-21 10:26:32.645 [info] > git status -z -uall [119ms]
2023-03-21 10:26:37.671 [info] > git config --get commit.template [9ms]
2023-03-21 10:26:37.673 [info] > git for-each-ref --format=%(refname)%00%(upstream:short)%00%(objectname)%00%(upstream:track)%00%(upstream:remotename)%00%(upstream:remoteref) refs/heads/main refs/remotes/main [3ms]
2023-03-21 10:26:37.718 [info] > git status -z -uall [40ms]
2023-03-21 10:26:42.746 [info] > git config --get commit.template [9ms]
2023-03-21 10:26:42.748 [info] > git for-each-ref --format=%(refname)%00%(upstream:short)%00%(objectname)%00%(upstream:track)%00%(upstream:remotename)%00%(upstream:remoteref) refs/heads/main refs/remotes/main [3ms]
2023-03-21 10:26:42.796 [info] > git status -z -uall [42ms]
2023-03-21 10:26:47.824 [info] > git config --get commit.template [8ms]
2023-03-21 10:26:47.826 [info] > git for-each-ref --format=%(refname)%00%(upstream:short)%00%(objectname)%00%(upstream:track)%00%(upstream:remotename)%00%(upstream:remoteref) refs/heads/main refs/remotes/main [3ms]
2023-03-21 10:26:47.872 [info] > git status -z -uall [41ms]
2023-03-21 10:26:52.899 [info] > git config --get commit.template [9ms]
2023-03-21 10:26:52.902 [info] > git for-each-ref --format=%(refname)%00%(upstream:short)%00%(objectname)%00%(upstream:track)%00%(upstream:remotename)%00%(upstream:remoteref) refs/heads/main refs/remotes/main [3ms]
2023-03-21 10:26:52.948 [info] > git status -z -uall [41ms]
2023-03-21 10:26:57.975 [info] > git config --get commit.template [9ms]
2023-03-21 10:26:57.981 [info] > git for-each-ref --format=%(refname)%00%(upstream:short)%00%(objectname)%00%(upstream:track)%00%(upstream:remotename)%00%(upstream:remoteref) refs/heads/main refs/remotes/main [6ms]
2023-03-21 10:26:58.029 [info] > git status -z -uall [40ms]
2023-03-21 10:27:03.052 [info] > git config --get commit.template [7ms]
2023-03-21 10:27:03.054 [info] > git for-each-ref --format=%(refname)%00%(upstream:short)%00%(objectname)%00%(upstream:track)%00%(upstream:remotename)%00%(upstream:remoteref) refs/heads/main refs/remotes/main [2ms]
2023-03-21 10:27:03.115 [info] > git status -z -uall [49ms]
2023-03-21 10:27:08.147 [info] > git config --get commit.template [8ms]
2023-03-21 10:27:08.149 [info] > git for-each-ref --format=%(refname)%00%(upstream:short)%00%(objectname)%00%(upstream:track)%00%(upstream:remotename)%00%(upstream:remoteref) refs/heads/main refs/remotes/main [2ms]
2023-03-21 10:27:08.203 [info] > git status -z -uall [48ms]
2023-03-21 10:27:13.241 [info] > git config --get commit.template [9ms]
2023-03-21 10:27:13.243 [info] > git for-each-ref --format=%(refname)%00%(upstream:short)%00%(objectname)%00%(upstream:track)%00%(upstream:remotename)%00%(upstream:remoteref) refs/heads/main refs/remotes/main [3ms]
2023-03-21 10:27:13.289 [info] > git status -z -uall [40ms]
2023-03-21 10:27:18.316 [info] > git config --get commit.template [8ms]
2023-03-21 10:27:18.319 [info] > git for-each-ref --format=%(refname)%00%(upstream:short)%00%(objectname)%00%(upstream:track)%00%(upstream:remotename)%00%(upstream:remoteref) refs/heads/main refs/remotes/main [3ms]
2023-03-21 10:27:18.365 [info] > git status -z -uall [41ms]
2023-03-21 10:27:23.393 [info] > git config --get commit.template [9ms]
2023-03-21 10:27:23.395 [info] > git for-each-ref --format=%(refname)%00%(upstream:short)%00%(objectname)%00%(upstream:track)%00%(upstream:remotename)%00%(upstream:remoteref) refs/heads/main refs/remotes/main [3ms]
2023-03-21 10:27:23.449 [info] > git status -z -uall [48ms]
2023-03-21 10:27:28.478 [info] > git config --get commit.template [9ms]
2023-03-21 10:27:28.480 [info] > git for-each-ref --format=%(refname)%00%(upstream:short)%00%(objectname)%00%(upstream:track)%00%(upstream:remotename)%00%(upstream:remoteref) refs/heads/main refs/remotes/main [3ms]
2023-03-21 10:27:28.527 [info] > git status -z -uall [41ms]
2023-03-21 10:27:33.561 [info] > git config --get commit.template [14ms]
2023-03-21 10:27:33.565 [info] > git for-each-ref --format=%(refname)%00%(upstream:short)%00%(objectname)%00%(upstream:track)%00%(upstream:remotename)%00%(upstream:remoteref) refs/heads/main refs/remotes/main [9ms]
2023-03-21 10:27:33.613 [info] > git status -z -uall [42ms]
2023-03-21 10:27:38.640 [info] > git config --get commit.template [8ms]
2023-03-21 10:27:38.642 [info] > git for-each-ref --format=%(refname)%00%(upstream:short)%00%(objectname)%00%(upstream:track)%00%(upstream:remotename)%00%(upstream:remoteref) refs/heads/main refs/remotes/main [3ms]
2023-03-21 10:27:38.690 [info] > git status -z -uall [42ms]
2023-03-21 10:27:43.726 [info] > git config --get commit.template [11ms]
2023-03-21 10:27:43.728 [info] > git for-each-ref --format=%(refname)%00%(upstream:short)%00%(objectname)%00%(upstream:track)%00%(upstream:remotename)%00%(upstream:remoteref) refs/heads/main refs/remotes/main [3ms]
2023-03-21 10:27:43.774 [info] > git status -z -uall [41ms]
2023-03-21 10:27:48.791 [info] > git config --get commit.template [6ms]
2023-03-21 10:27:48.793 [info] > git for-each-ref --format=%(refname)%00%(upstream:short)%00%(objectname)%00%(upstream:track)%00%(upstream:remotename)%00%(upstream:remoteref) refs/heads/main refs/remotes/main [2ms]
2023-03-21 10:27:48.838 [info] > git status -z -uall [39ms]
2023-03-21 10:29:24.472 [info] > git config --get commit.template [9ms]
2023-03-21 10:29:24.475 [info] > git for-each-ref --format=%(refname)%00%(upstream:short)%00%(objectname)%00%(upstream:track)%00%(upstream:remotename)%00%(upstream:remoteref) refs/heads/main refs/remotes/main [5ms]
2023-03-21 10:29:24.548 [info] > git status -z -uall [67ms]
2023-03-21 10:30:38.450 [info] > git config --get commit.template [12ms]
2023-03-21 10:30:38.452 [info] > git for-each-ref --format=%(refname)%00%(upstream:short)%00%(objectname)%00%(upstream:track)%00%(upstream:remotename)%00%(upstream:remoteref) refs/heads/main refs/remotes/main [6ms]
2023-03-21 10:30:38.499 [info] > git status -z -uall [42ms]
2023-03-21 10:31:12.119 [info] > git config --get commit.template [8ms]
2023-03-21 10:31:12.121 [info] > git for-each-ref --format=%(refname)%00%(upstream:short)%00%(objectname)%00%(upstream:track)%00%(upstream:remotename)%00%(upstream:remoteref) refs/heads/main refs/remotes/main [3ms]
2023-03-21 10:31:12.171 [info] > git status -z -uall [44ms]
2023-03-21 10:31:17.209 [info] > git config --get commit.template [15ms]
2023-03-21 10:31:17.211 [info] > git for-each-ref --format=%(refname)%00%(upstream:short)%00%(objectname)%00%(upstream:track)%00%(upstream:remotename)%00%(upstream:remoteref) refs/heads/main refs/remotes/main [10ms]
2023-03-21 10:31:17.256 [info] > git status -z -uall [40ms]
2023-03-21 10:31:22.285 [info] > git config --get commit.template [9ms]
2023-03-21 10:31:22.288 [info] > git for-each-ref --format=%(refname)%00%(upstream:short)%00%(objectname)%00%(upstream:track)%00%(upstream:remotename)%00%(upstream:remoteref) refs/heads/main refs/remotes/main [4ms]
2023-03-21 10:31:22.334 [info] > git status -z -uall [41ms]
2023-03-21 10:31:27.359 [info] > git config --get commit.template [9ms]
2023-03-21 10:31:27.361 [info] > git for-each-ref --format=%(refname)%00%(upstream:short)%00%(objectname)%00%(upstream:track)%00%(upstream:remotename)%00%(upstream:remoteref) refs/heads/main refs/remotes/main [2ms]
2023-03-21 10:31:27.409 [info] > git status -z -uall [43ms]
2023-03-21 10:31:32.439 [info] > git config --get commit.template [8ms]
2023-03-21 10:31:32.442 [info] > git for-each-ref --format=%(refname)%00%(upstream:short)%00%(objectname)%00%(upstream:track)%00%(upstream:remotename)%00%(upstream:remoteref) refs/heads/main refs/remotes/main [4ms]
2023-03-21 10:31:32.489 [info] > git status -z -uall [41ms]
2023-03-21 10:31:37.516 [info] > git config --get commit.template [9ms]
2023-03-21 10:31:37.519 [info] > git for-each-ref --format=%(refname)%00%(upstream:short)%00%(objectname)%00%(upstream:track)%00%(upstream:remotename)%00%(upstream:remoteref) refs/heads/main refs/remotes/main [4ms]
2023-03-21 10:31:37.564 [info] > git status -z -uall [40ms]
2023-03-21 10:31:42.591 [info] > git config --get commit.template [8ms]
2023-03-21 10:31:42.594 [info] > git for-each-ref --format=%(refname)%00%(upstream:short)%00%(objectname)%00%(upstream:track)%00%(upstream:remotename)%00%(upstream:remoteref) refs/heads/main refs/remotes/main [3ms]
2023-03-21 10:31:42.640 [info] > git status -z -uall [41ms]
2023-03-21 10:31:47.668 [info] > git config --get commit.template [8ms]
2023-03-21 10:31:47.670 [info] > git for-each-ref --format=%(refname)%00%(upstream:short)%00%(objectname)%00%(upstream:track)%00%(upstream:remotename)%00%(upstream:remoteref) refs/heads/main refs/remotes/main [3ms]
2023-03-21 10:31:47.739 [info] > git status -z -uall [63ms]
2023-03-21 10:34:21.287 [info] > git config --get commit.template [8ms]
2023-03-21 10:34:21.290 [info] > git for-each-ref --format=%(refname)%00%(upstream:short)%00%(objectname)%00%(upstream:track)%00%(upstream:remotename)%00%(upstream:remoteref) refs/heads/main refs/remotes/main [3ms]
2023-03-21 10:34:21.337 [info] > git status -z -uall [42ms]
2023-03-21 10:34:26.367 [info] > git config --get commit.template [9ms]
2023-03-21 10:34:26.369 [info] > git for-each-ref --format=%(refname)%00%(upstream:short)%00%(objectname)%00%(upstream:track)%00%(upstream:remotename)%00%(upstream:remoteref) refs/heads/main refs/remotes/main [5ms]
2023-03-21 10:34:26.414 [info] > git status -z -uall [40ms]
2023-03-21 10:34:31.445 [info] > git config --get commit.template [9ms]
2023-03-21 10:34:31.447 [info] > git for-each-ref --format=%(refname)%00%(upstream:short)%00%(objectname)%00%(upstream:track)%00%(upstream:remotename)%00%(upstream:remoteref) refs/heads/main refs/remotes/main [3ms]
2023-03-21 10:34:31.498 [info] > git status -z -uall [45ms]
2023-03-21 10:34:36.525 [info] > git config --get commit.template [8ms]
2023-03-21 10:34:36.528 [info] > git for-each-ref --format=%(refname)%00%(upstream:short)%00%(objectname)%00%(upstream:track)%00%(upstream:remotename)%00%(upstream:remoteref) refs/heads/main refs/remotes/main [4ms]
2023-03-21 10:34:36.573 [info] > git status -z -uall [40ms]
2023-03-21 10:34:41.600 [info] > git config --get commit.template [8ms]
2023-03-21 10:34:41.602 [info] > git for-each-ref --format=%(refname)%00%(upstream:short)%00%(objectname)%00%(upstream:track)%00%(upstream:remotename)%00%(upstream:remoteref) refs/heads/main refs/remotes/main [3ms]
2023-03-21 10:34:41.648 [info] > git status -z -uall [40ms]
2023-03-21 10:34:46.677 [info] > git config --get commit.template [9ms]
2023-03-21 10:34:46.679 [info] > git for-each-ref --format=%(refname)%00%(upstream:short)%00%(objectname)%00%(upstream:track)%00%(upstream:remotename)%00%(upstream:remoteref) refs/heads/main refs/remotes/main [3ms]
2023-03-21 10:34:46.725 [info] > git status -z -uall [41ms]
2023-03-21 10:35:31.858 [info] > git config --get commit.template [7ms]
2023-03-21 10:35:31.860 [info] > git for-each-ref --format=%(refname)%00%(upstream:short)%00%(objectname)%00%(upstream:track)%00%(upstream:remotename)%00%(upstream:remoteref) refs/heads/main refs/remotes/main [3ms]
2023-03-21 10:35:31.906 [info] > git status -z -uall [41ms]
2023-03-21 10:35:36.934 [info] > git config --get commit.template [9ms]
2023-03-21 10:35:36.937 [info] > git for-each-ref --format=%(refname)%00%(upstream:short)%00%(objectname)%00%(upstream:track)%00%(upstream:remotename)%00%(upstream:remoteref) refs/heads/main refs/remotes/main [3ms]
2023-03-21 10:35:36.981 [info] > git status -z -uall [40ms]
2023-03-21 10:35:42.010 [info] > git config --get commit.template [7ms]
2023-03-21 10:35:42.013 [info] > git for-each-ref --format=%(refname)%00%(upstream:short)%00%(objectname)%00%(upstream:track)%00%(upstream:remotename)%00%(upstream:remoteref) refs/heads/main refs/remotes/main [5ms]
2023-03-21 10:35:42.061 [info] > git status -z -uall [43ms]
2023-03-21 10:35:47.089 [info] > git config --get commit.template [9ms]
2023-03-21 10:35:47.091 [info] > git for-each-ref --format=%(refname)%00%(upstream:short)%00%(objectname)%00%(upstream:track)%00%(upstream:remotename)%00%(upstream:remoteref) refs/heads/main refs/remotes/main [3ms]
2023-03-21 10:35:47.139 [info] > git status -z -uall [42ms]
2023-03-21 10:35:54.662 [info] > git config --get commit.template [7ms]
2023-03-21 10:35:54.663 [info] > git for-each-ref --format=%(refname)%00%(upstream:short)%00%(objectname)%00%(upstream:track)%00%(upstream:remotename)%00%(upstream:remoteref) refs/heads/main refs/remotes/main [2ms]
2023-03-21 10:35:54.712 [info] > git status -z -uall [41ms]
2023-03-21 10:35:59.741 [info] > git config --get commit.template [9ms]
2023-03-21 10:35:59.743 [info] > git for-each-ref --format=%(refname)%00%(upstream:short)%00%(objectname)%00%(upstream:track)%00%(upstream:remotename)%00%(upstream:remoteref) refs/heads/main refs/remotes/main [3ms]
2023-03-21 10:35:59.793 [info] > git status -z -uall [45ms]
2023-03-21 10:36:09.045 [info] > git config --get commit.template [8ms]
2023-03-21 10:36:09.047 [info] > git for-each-ref --format=%(refname)%00%(upstream:short)%00%(objectname)%00%(upstream:track)%00%(upstream:remotename)%00%(upstream:remoteref) refs/heads/main refs/remotes/main [3ms]
2023-03-21 10:36:09.095 [info] > git status -z -uall [42ms]
2023-03-21 10:36:14.119 [info] > git config --get commit.template [6ms]
2023-03-21 10:36:14.121 [info] > git for-each-ref --format=%(refname)%00%(upstream:short)%00%(objectname)%00%(upstream:track)%00%(upstream:remotename)%00%(upstream:remoteref) refs/heads/main refs/remotes/main [2ms]
2023-03-21 10:36:14.170 [info] > git status -z -uall [43ms]
2023-03-21 10:37:20.440 [info] > git config --get commit.template [8ms]
2023-03-21 10:37:20.442 [info] > git for-each-ref --format=%(refname)%00%(upstream:short)%00%(objectname)%00%(upstream:track)%00%(upstream:remotename)%00%(upstream:remoteref) refs/heads/main refs/remotes/main [3ms]
2023-03-21 10:37:20.487 [info] > git status -z -uall [41ms]
2023-03-21 10:37:25.521 [info] > git config --get commit.template [8ms]
2023-03-21 10:37:25.523 [info] > git for-each-ref --format=%(refname)%00%(upstream:short)%00%(objectname)%00%(upstream:track)%00%(upstream:remotename)%00%(upstream:remoteref) refs/heads/main refs/remotes/main [3ms]
2023-03-21 10:37:25.570 [info] > git status -z -uall [42ms]
2023-03-21 10:37:30.598 [info] > git config --get commit.template [8ms]
2023-03-21 10:37:30.601 [info] > git for-each-ref --format=%(refname)%00%(upstream:short)%00%(objectname)%00%(upstream:track)%00%(upstream:remotename)%00%(upstream:remoteref) refs/heads/main refs/remotes/main [3ms]
2023-03-21 10:37:30.648 [info] > git status -z -uall [42ms]
2023-03-21 10:37:35.679 [info] > git config --get commit.template [10ms]
2023-03-21 10:37:35.680 [info] > git for-each-ref --format=%(refname)%00%(upstream:short)%00%(objectname)%00%(upstream:track)%00%(upstream:remotename)%00%(upstream:remoteref) refs/heads/main refs/remotes/main [2ms]
2023-03-21 10:37:35.727 [info] > git status -z -uall [41ms]
2023-03-21 10:37:40.753 [info] > git config --get commit.template [9ms]
2023-03-21 10:37:40.755 [info] > git for-each-ref --format=%(refname)%00%(upstream:short)%00%(objectname)%00%(upstream:track)%00%(upstream:remotename)%00%(upstream:remoteref) refs/heads/main refs/remotes/main [2ms]
2023-03-21 10:37:40.802 [info] > git status -z -uall [41ms]
2023-03-21 10:37:45.831 [info] > git config --get commit.template [10ms]
2023-03-21 10:37:45.832 [info] > git for-each-ref --format=%(refname)%00%(upstream:short)%00%(objectname)%00%(upstream:track)%00%(upstream:remotename)%00%(upstream:remoteref) refs/heads/main refs/remotes/main [2ms]
2023-03-21 10:37:45.925 [info] > git status -z -uall [82ms]
2023-03-21 10:37:50.958 [info] > git for-each-ref --format=%(refname)%00%(upstream:short)%00%(objectname)%00%(upstream:track)%00%(upstream:remotename)%00%(upstream:remoteref) refs/heads/main refs/remotes/main [0ms]
2023-03-21 10:37:50.958 [info] > git config --get commit.template [11ms]
2023-03-21 10:37:51.011 [info] > git status -z -uall [48ms]
2023-03-21 10:37:56.038 [info] > git config --get commit.template [8ms]
2023-03-21 10:37:56.041 [info] > git for-each-ref --format=%(refname)%00%(upstream:short)%00%(objectname)%00%(upstream:track)%00%(upstream:remotename)%00%(upstream:remoteref) refs/heads/main refs/remotes/main [2ms]
2023-03-21 10:37:56.099 [info] > git status -z -uall [50ms]
2023-03-21 10:38:01.125 [info] > git config --get commit.template [9ms]
2023-03-21 10:38:01.126 [info] > git for-each-ref --format=%(refname)%00%(upstream:short)%00%(objectname)%00%(upstream:track)%00%(upstream:remotename)%00%(upstream:remoteref) refs/heads/main refs/remotes/main [2ms]
2023-03-21 10:38:01.173 [info] > git status -z -uall [42ms]
2023-03-21 10:38:06.203 [info] > git config --get commit.template [8ms]
2023-03-21 10:38:06.206 [info] > git for-each-ref --format=%(refname)%00%(upstream:short)%00%(objectname)%00%(upstream:track)%00%(upstream:remotename)%00%(upstream:remoteref) refs/heads/main refs/remotes/main [3ms]
2023-03-21 10:38:06.253 [info] > git status -z -uall [42ms]
