2023-03-26 18:00:23.929 [info] Log level: Info
2023-03-26 18:00:23.929 [info] Validating found git in: "git"
2023-03-26 18:00:23.930 [info] Using git "2.25.1" from "git"
2023-03-26 18:00:23.930 [info] > git rev-parse --show-toplevel [395ms]
2023-03-26 18:00:23.930 [info] > git rev-parse --git-dir --git-common-dir [1ms]
2023-03-26 18:00:23.931 [info] Open repository: /web/users/projects/202223/quicknotes
2023-03-26 18:00:23.931 [info] > git rev-parse --show-toplevel [53ms]
2023-03-26 18:00:23.931 [info] > git config --get commit.template [25ms]
2023-03-26 18:00:23.932 [info] > git rev-parse --show-toplevel [39ms]
2023-03-26 18:00:23.932 [info] > git for-each-ref --format=%(refname)%00%(upstream:short)%00%(objectname)%00%(upstream:track)%00%(upstream:remotename)%00%(upstream:remoteref) refs/heads/main refs/remotes/main [43ms]
2023-03-26 18:00:23.932 [info] > git rev-parse --show-toplevel [34ms]
2023-03-26 18:00:23.933 [info] > git rev-parse --show-toplevel [30ms]
2023-03-26 18:00:23.933 [info] > git rev-parse --show-toplevel [7ms]
2023-03-26 18:00:23.933 [info] > git status -z -uall [303ms]
2023-03-26 18:00:23.933 [info] > git rev-parse --show-toplevel [209ms]
2023-03-26 18:00:23.934 [info] > git config --get commit.template [13ms]
2023-03-26 18:00:23.934 [info] > git rev-parse --show-toplevel [20ms]
2023-03-26 18:00:23.934 [info] > git rev-parse --show-toplevel [44ms]
2023-03-26 18:00:23.935 [info] > git for-each-ref --format=%(refname)%00%(upstream:short)%00%(objectname)%00%(upstream:track)%00%(upstream:remotename)%00%(upstream:remoteref) refs/heads/main refs/remotes/main [7ms]
2023-03-26 18:00:23.935 [info] > git status -z -uall [119ms]
2023-03-26 18:00:23.935 [info] > git rev-parse --show-toplevel [134ms]
2023-03-26 18:00:23.936 [info] > git show --textconv :Testing/main.php [15ms]
2023-03-26 18:00:23.936 [info] > git ls-files --stage -- /web/users/projects/202223/quicknotes/Testing/main.php [12ms]
2023-03-26 18:00:23.936 [info] > git cat-file -s cb1937b9a78ae939fd8cefe2080901acbd061f76 [6ms]
2023-03-26 18:00:23.937 [info] > git check-ignore -v -z --stdin [25ms]
2023-03-26 18:00:24.952 [info] > git check-ignore -v -z --stdin [46ms]
2023-03-26 18:00:26.592 [info] > git check-ignore -v -z --stdin [9ms]
2023-03-26 18:00:28.137 [info] > git check-ignore -v -z --stdin [7ms]
2023-03-26 18:00:31.440 [info] > git show --textconv :QN/TeamPage.php [10ms]
2023-03-26 18:00:31.446 [info] > git ls-files --stage -- /web/users/projects/202223/quicknotes/QN/TeamPage.php [6ms]
2023-03-26 18:00:31.454 [info] > git cat-file -s 3d8b0029639a99498d8d27f8e6c34de5a3f86d27 [2ms]
2023-03-26 18:00:36.675 [info] > git config --get commit.template [8ms]
2023-03-26 18:00:36.678 [info] > git for-each-ref --format=%(refname)%00%(upstream:short)%00%(objectname)%00%(upstream:track)%00%(upstream:remotename)%00%(upstream:remoteref) refs/heads/main refs/remotes/main [4ms]
2023-03-26 18:00:36.726 [info] > git status -z -uall [42ms]
2023-03-26 18:12:59.617 [info] > git config --get commit.template [8ms]
2023-03-26 18:12:59.620 [info] > git for-each-ref --format=%(refname)%00%(upstream:short)%00%(objectname)%00%(upstream:track)%00%(upstream:remotename)%00%(upstream:remoteref) refs/heads/main refs/remotes/main [4ms]
2023-03-26 18:12:59.671 [info] > git status -z -uall [45ms]
2023-03-26 18:13:04.706 [info] > git config --get commit.template [9ms]
2023-03-26 18:13:04.708 [info] > git for-each-ref --format=%(refname)%00%(upstream:short)%00%(objectname)%00%(upstream:track)%00%(upstream:remotename)%00%(upstream:remoteref) refs/heads/main refs/remotes/main [3ms]
2023-03-26 18:13:04.757 [info] > git status -z -uall [43ms]
2023-03-26 18:13:09.791 [info] > git config --get commit.template [9ms]
2023-03-26 18:13:09.793 [info] > git for-each-ref --format=%(refname)%00%(upstream:short)%00%(objectname)%00%(upstream:track)%00%(upstream:remotename)%00%(upstream:remoteref) refs/heads/main refs/remotes/main [3ms]
2023-03-26 18:13:09.863 [info] > git status -z -uall [65ms]
2023-03-26 18:13:17.794 [info] > git config --get commit.template [8ms]
2023-03-26 18:13:17.797 [info] > git for-each-ref --format=%(refname)%00%(upstream:short)%00%(objectname)%00%(upstream:track)%00%(upstream:remotename)%00%(upstream:remoteref) refs/heads/main refs/remotes/main [3ms]
2023-03-26 18:13:17.850 [info] > git status -z -uall [47ms]
2023-03-26 18:13:22.882 [info] > git config --get commit.template [8ms]
2023-03-26 18:13:22.884 [info] > git for-each-ref --format=%(refname)%00%(upstream:short)%00%(objectname)%00%(upstream:track)%00%(upstream:remotename)%00%(upstream:remoteref) refs/heads/main refs/remotes/main [2ms]
2023-03-26 18:13:22.933 [info] > git status -z -uall [43ms]
2023-03-26 18:13:29.337 [info] > git config --get commit.template [8ms]
2023-03-26 18:13:29.339 [info] > git for-each-ref --format=%(refname)%00%(upstream:short)%00%(objectname)%00%(upstream:track)%00%(upstream:remotename)%00%(upstream:remoteref) refs/heads/main refs/remotes/main [3ms]
2023-03-26 18:13:29.389 [info] > git status -z -uall [45ms]
2023-03-26 18:13:50.918 [info] > git config --get commit.template [8ms]
2023-03-26 18:13:50.920 [info] > git for-each-ref --format=%(refname)%00%(upstream:short)%00%(objectname)%00%(upstream:track)%00%(upstream:remotename)%00%(upstream:remoteref) refs/heads/main refs/remotes/main [3ms]
2023-03-26 18:13:50.972 [info] > git status -z -uall [46ms]
2023-03-26 18:13:56.003 [info] > git config --get commit.template [8ms]
2023-03-26 18:13:56.006 [info] > git for-each-ref --format=%(refname)%00%(upstream:short)%00%(objectname)%00%(upstream:track)%00%(upstream:remotename)%00%(upstream:remoteref) refs/heads/main refs/remotes/main [4ms]
2023-03-26 18:13:56.056 [info] > git status -z -uall [44ms]
2023-03-26 18:15:02.284 [info] > git config --get commit.template [12ms]
2023-03-26 18:15:02.290 [info] > git for-each-ref --format=%(refname)%00%(upstream:short)%00%(objectname)%00%(upstream:track)%00%(upstream:remotename)%00%(upstream:remoteref) refs/heads/main refs/remotes/main [6ms]
2023-03-26 18:15:02.362 [info] > git status -z -uall [63ms]
2023-03-26 18:15:07.397 [info] > git config --get commit.template [9ms]
2023-03-26 18:15:07.400 [info] > git for-each-ref --format=%(refname)%00%(upstream:short)%00%(objectname)%00%(upstream:track)%00%(upstream:remotename)%00%(upstream:remoteref) refs/heads/main refs/remotes/main [4ms]
2023-03-26 18:15:07.449 [info] > git status -z -uall [43ms]
2023-03-26 18:15:12.482 [info] > git config --get commit.template [8ms]
2023-03-26 18:15:12.485 [info] > git for-each-ref --format=%(refname)%00%(upstream:short)%00%(objectname)%00%(upstream:track)%00%(upstream:remotename)%00%(upstream:remoteref) refs/heads/main refs/remotes/main [3ms]
2023-03-26 18:15:12.534 [info] > git status -z -uall [43ms]
2023-03-26 18:25:58.127 [info] > git config --get commit.template [8ms]
2023-03-26 18:25:58.129 [info] > git for-each-ref --format=%(refname)%00%(upstream:short)%00%(objectname)%00%(upstream:track)%00%(upstream:remotename)%00%(upstream:remoteref) refs/heads/main refs/remotes/main [3ms]
2023-03-26 18:25:58.182 [info] > git status -z -uall [45ms]
2023-03-26 18:26:50.788 [info] > git config --get commit.template [9ms]
2023-03-26 18:26:50.794 [info] > git for-each-ref --format=%(refname)%00%(upstream:short)%00%(objectname)%00%(upstream:track)%00%(upstream:remotename)%00%(upstream:remoteref) refs/heads/main refs/remotes/main [7ms]
2023-03-26 18:26:50.845 [info] > git status -z -uall [45ms]
2023-03-26 18:26:55.873 [info] > git config --get commit.template [7ms]
2023-03-26 18:26:55.876 [info] > git for-each-ref --format=%(refname)%00%(upstream:short)%00%(objectname)%00%(upstream:track)%00%(upstream:remotename)%00%(upstream:remoteref) refs/heads/main refs/remotes/main [3ms]
2023-03-26 18:26:55.922 [info] > git status -z -uall [42ms]
2023-03-26 18:26:57.225 [info] > git check-ignore -v -z --stdin [7ms]
2023-03-26 18:26:58.820 [info] > git check-ignore -v -z --stdin [7ms]
2023-03-26 18:27:00.030 [info] > git check-ignore -v -z --stdin [8ms]
2023-03-26 18:27:00.836 [info] > git show --textconv :Testing/main.php [11ms]
2023-03-26 18:27:00.842 [info] > git ls-files --stage -- /web/users/projects/202223/quicknotes/Testing/main.php [6ms]
2023-03-26 18:27:00.850 [info] > git cat-file -s cb1937b9a78ae939fd8cefe2080901acbd061f76 [2ms]
2023-03-26 18:27:00.972 [info] > git config --get commit.template [14ms]
2023-03-26 18:27:00.976 [info] > git for-each-ref --format=%(refname)%00%(upstream:short)%00%(objectname)%00%(upstream:track)%00%(upstream:remotename)%00%(upstream:remoteref) refs/heads/main refs/remotes/main [5ms]
2023-03-26 18:27:01.027 [info] > git status -z -uall [45ms]
2023-03-26 18:27:06.055 [info] > git config --get commit.template [8ms]
2023-03-26 18:27:06.058 [info] > git for-each-ref --format=%(refname)%00%(upstream:short)%00%(objectname)%00%(upstream:track)%00%(upstream:remotename)%00%(upstream:remoteref) refs/heads/main refs/remotes/main [3ms]
2023-03-26 18:27:06.107 [info] > git status -z -uall [42ms]
2023-03-26 18:27:11.135 [info] > git config --get commit.template [9ms]
2023-03-26 18:27:11.137 [info] > git for-each-ref --format=%(refname)%00%(upstream:short)%00%(objectname)%00%(upstream:track)%00%(upstream:remotename)%00%(upstream:remoteref) refs/heads/main refs/remotes/main [3ms]
2023-03-26 18:27:11.186 [info] > git status -z -uall [43ms]
2023-03-26 18:27:16.216 [info] > git config --get commit.template [8ms]
2023-03-26 18:27:16.219 [info] > git for-each-ref --format=%(refname)%00%(upstream:short)%00%(objectname)%00%(upstream:track)%00%(upstream:remotename)%00%(upstream:remoteref) refs/heads/main refs/remotes/main [3ms]
2023-03-26 18:27:16.266 [info] > git status -z -uall [41ms]
2023-03-26 18:27:20.036 [info] > git show --textconv :Testing/search.php [11ms]
2023-03-26 18:27:20.041 [info] > git ls-files --stage -- /web/users/projects/202223/quicknotes/Testing/search.php [6ms]
2023-03-26 18:27:20.049 [info] > git cat-file -s e3734429e8106094dd4bdc2696fea324bc4418e7 [1ms]
2023-03-26 18:27:21.294 [info] > git config --get commit.template [9ms]
2023-03-26 18:27:21.297 [info] > git for-each-ref --format=%(refname)%00%(upstream:short)%00%(objectname)%00%(upstream:track)%00%(upstream:remotename)%00%(upstream:remoteref) refs/heads/main refs/remotes/main [4ms]
2023-03-26 18:27:21.346 [info] > git status -z -uall [43ms]
2023-03-26 18:27:26.378 [info] > git config --get commit.template [9ms]
2023-03-26 18:27:26.380 [info] > git for-each-ref --format=%(refname)%00%(upstream:short)%00%(objectname)%00%(upstream:track)%00%(upstream:remotename)%00%(upstream:remoteref) refs/heads/main refs/remotes/main [3ms]
2023-03-26 18:27:26.427 [info] > git status -z -uall [42ms]
2023-03-26 18:27:31.456 [info] > git config --get commit.template [8ms]
2023-03-26 18:27:31.458 [info] > git for-each-ref --format=%(refname)%00%(upstream:short)%00%(objectname)%00%(upstream:track)%00%(upstream:remotename)%00%(upstream:remoteref) refs/heads/main refs/remotes/main [3ms]
2023-03-26 18:27:31.507 [info] > git status -z -uall [44ms]
2023-03-26 18:27:36.538 [info] > git config --get commit.template [8ms]
2023-03-26 18:27:36.540 [info] > git for-each-ref --format=%(refname)%00%(upstream:short)%00%(objectname)%00%(upstream:track)%00%(upstream:remotename)%00%(upstream:remoteref) refs/heads/main refs/remotes/main [3ms]
2023-03-26 18:27:36.591 [info] > git status -z -uall [45ms]
2023-03-26 18:27:37.297 [info] > git show --textconv :Testing/searchjavascript.js [64ms]
2023-03-26 18:27:37.300 [info] > git ls-files --stage -- /web/users/projects/202223/quicknotes/Testing/searchjavascript.js [27ms]
2023-03-26 18:27:37.332 [info] > git cat-file -s 7c254cc11471c13bbe66519fbd729fc250683281 [6ms]
2023-03-26 18:27:43.425 [info] > git config --get commit.template [9ms]
2023-03-26 18:27:43.428 [info] > git for-each-ref --format=%(refname)%00%(upstream:short)%00%(objectname)%00%(upstream:track)%00%(upstream:remotename)%00%(upstream:remoteref) refs/heads/main refs/remotes/main [4ms]
2023-03-26 18:27:43.479 [info] > git status -z -uall [44ms]
2023-03-26 18:27:48.505 [info] > git config --get commit.template [8ms]
2023-03-26 18:27:48.507 [info] > git for-each-ref --format=%(refname)%00%(upstream:short)%00%(objectname)%00%(upstream:track)%00%(upstream:remotename)%00%(upstream:remoteref) refs/heads/main refs/remotes/main [3ms]
2023-03-26 18:27:48.556 [info] > git status -z -uall [43ms]
2023-03-26 18:27:53.592 [info] > git config --get commit.template [9ms]
2023-03-26 18:27:53.594 [info] > git for-each-ref --format=%(refname)%00%(upstream:short)%00%(objectname)%00%(upstream:track)%00%(upstream:remotename)%00%(upstream:remoteref) refs/heads/main refs/remotes/main [3ms]
2023-03-26 18:27:53.644 [info] > git status -z -uall [44ms]
2023-03-26 18:27:58.674 [info] > git config --get commit.template [9ms]
2023-03-26 18:27:58.676 [info] > git for-each-ref --format=%(refname)%00%(upstream:short)%00%(objectname)%00%(upstream:track)%00%(upstream:remotename)%00%(upstream:remoteref) refs/heads/main refs/remotes/main [3ms]
2023-03-26 18:27:58.725 [info] > git status -z -uall [43ms]
2023-03-26 18:28:03.758 [info] > git config --get commit.template [9ms]
2023-03-26 18:28:03.760 [info] > git for-each-ref --format=%(refname)%00%(upstream:short)%00%(objectname)%00%(upstream:track)%00%(upstream:remotename)%00%(upstream:remoteref) refs/heads/main refs/remotes/main [3ms]
2023-03-26 18:28:03.810 [info] > git status -z -uall [43ms]
2023-03-26 18:28:08.843 [info] > git config --get commit.template [10ms]
2023-03-26 18:28:08.850 [info] > git for-each-ref --format=%(refname)%00%(upstream:short)%00%(objectname)%00%(upstream:track)%00%(upstream:remotename)%00%(upstream:remoteref) refs/heads/main refs/remotes/main [8ms]
2023-03-26 18:28:08.908 [info] > git status -z -uall [44ms]
2023-03-26 18:28:10.842 [info] > git check-ignore -v -z --stdin [6ms]
2023-03-26 18:28:12.099 [info] > git check-ignore -v -z --stdin [6ms]
2023-03-26 18:28:13.938 [info] > git config --get commit.template [9ms]
2023-03-26 18:28:13.941 [info] > git for-each-ref --format=%(refname)%00%(upstream:short)%00%(objectname)%00%(upstream:track)%00%(upstream:remotename)%00%(upstream:remoteref) refs/heads/main refs/remotes/main [3ms]
2023-03-26 18:28:13.990 [info] > git status -z -uall [43ms]
2023-03-26 18:28:19.067 [info] > git config --get commit.template [25ms]
2023-03-26 18:28:19.079 [info] > git for-each-ref --format=%(refname)%00%(upstream:short)%00%(objectname)%00%(upstream:track)%00%(upstream:remotename)%00%(upstream:remoteref) refs/heads/main refs/remotes/main [12ms]
2023-03-26 18:28:19.152 [info] > git status -z -uall [49ms]
2023-03-26 18:28:24.181 [info] > git config --get commit.template [9ms]
2023-03-26 18:28:24.184 [info] > git for-each-ref --format=%(refname)%00%(upstream:short)%00%(objectname)%00%(upstream:track)%00%(upstream:remotename)%00%(upstream:remoteref) refs/heads/main refs/remotes/main [3ms]
2023-03-26 18:28:24.233 [info] > git status -z -uall [43ms]
2023-03-26 18:28:29.264 [info] > git config --get commit.template [8ms]
2023-03-26 18:28:29.267 [info] > git for-each-ref --format=%(refname)%00%(upstream:short)%00%(objectname)%00%(upstream:track)%00%(upstream:remotename)%00%(upstream:remoteref) refs/heads/main refs/remotes/main [3ms]
2023-03-26 18:28:29.316 [info] > git status -z -uall [43ms]
2023-03-26 18:28:34.343 [info] > git config --get commit.template [9ms]
2023-03-26 18:28:34.346 [info] > git for-each-ref --format=%(refname)%00%(upstream:short)%00%(objectname)%00%(upstream:track)%00%(upstream:remotename)%00%(upstream:remoteref) refs/heads/main refs/remotes/main [4ms]
2023-03-26 18:28:34.393 [info] > git status -z -uall [42ms]
2023-03-26 18:28:39.424 [info] > git config --get commit.template [12ms]
2023-03-26 18:28:39.426 [info] > git for-each-ref --format=%(refname)%00%(upstream:short)%00%(objectname)%00%(upstream:track)%00%(upstream:remotename)%00%(upstream:remoteref) refs/heads/main refs/remotes/main [2ms]
2023-03-26 18:28:39.474 [info] > git status -z -uall [43ms]
2023-03-26 18:28:44.503 [info] > git config --get commit.template [8ms]
2023-03-26 18:28:44.505 [info] > git for-each-ref --format=%(refname)%00%(upstream:short)%00%(objectname)%00%(upstream:track)%00%(upstream:remotename)%00%(upstream:remoteref) refs/heads/main refs/remotes/main [3ms]
2023-03-26 18:28:44.552 [info] > git status -z -uall [41ms]
2023-03-26 18:28:49.584 [info] > git config --get commit.template [8ms]
2023-03-26 18:28:49.586 [info] > git for-each-ref --format=%(refname)%00%(upstream:short)%00%(objectname)%00%(upstream:track)%00%(upstream:remotename)%00%(upstream:remoteref) refs/heads/main refs/remotes/main [5ms]
2023-03-26 18:28:49.636 [info] > git status -z -uall [44ms]
2023-03-26 18:28:54.669 [info] > git config --get commit.template [9ms]
2023-03-26 18:28:54.671 [info] > git for-each-ref --format=%(refname)%00%(upstream:short)%00%(objectname)%00%(upstream:track)%00%(upstream:remotename)%00%(upstream:remoteref) refs/heads/main refs/remotes/main [3ms]
2023-03-26 18:28:54.721 [info] > git status -z -uall [44ms]
2023-03-26 18:28:59.751 [info] > git config --get commit.template [8ms]
2023-03-26 18:28:59.753 [info] > git for-each-ref --format=%(refname)%00%(upstream:short)%00%(objectname)%00%(upstream:track)%00%(upstream:remotename)%00%(upstream:remoteref) refs/heads/main refs/remotes/main [3ms]
2023-03-26 18:28:59.809 [info] > git status -z -uall [50ms]
2023-03-26 18:29:04.843 [info] > git config --get commit.template [9ms]
2023-03-26 18:29:04.846 [info] > git for-each-ref --format=%(refname)%00%(upstream:short)%00%(objectname)%00%(upstream:track)%00%(upstream:remotename)%00%(upstream:remoteref) refs/heads/main refs/remotes/main [3ms]
2023-03-26 18:29:04.895 [info] > git status -z -uall [43ms]
2023-03-26 18:29:09.930 [info] > git config --get commit.template [8ms]
2023-03-26 18:29:09.933 [info] > git for-each-ref --format=%(refname)%00%(upstream:short)%00%(objectname)%00%(upstream:track)%00%(upstream:remotename)%00%(upstream:remoteref) refs/heads/main refs/remotes/main [3ms]
2023-03-26 18:29:09.981 [info] > git status -z -uall [42ms]
2023-03-26 18:29:15.014 [info] > git config --get commit.template [12ms]
2023-03-26 18:29:15.018 [info] > git for-each-ref --format=%(refname)%00%(upstream:short)%00%(objectname)%00%(upstream:track)%00%(upstream:remotename)%00%(upstream:remoteref) refs/heads/main refs/remotes/main [5ms]
2023-03-26 18:29:15.115 [info] > git status -z -uall [85ms]
2023-03-26 18:29:20.148 [info] > git config --get commit.template [9ms]
2023-03-26 18:29:20.150 [info] > git for-each-ref --format=%(refname)%00%(upstream:short)%00%(objectname)%00%(upstream:track)%00%(upstream:remotename)%00%(upstream:remoteref) refs/heads/main refs/remotes/main [3ms]
2023-03-26 18:29:20.257 [info] > git status -z -uall [95ms]
2023-03-26 18:29:25.294 [info] > git config --get commit.template [10ms]
2023-03-26 18:29:25.298 [info] > git for-each-ref --format=%(refname)%00%(upstream:short)%00%(objectname)%00%(upstream:track)%00%(upstream:remotename)%00%(upstream:remoteref) refs/heads/main refs/remotes/main [4ms]
2023-03-26 18:29:25.352 [info] > git status -z -uall [48ms]
2023-03-26 18:29:30.380 [info] > git config --get commit.template [9ms]
2023-03-26 18:29:30.383 [info] > git for-each-ref --format=%(refname)%00%(upstream:short)%00%(objectname)%00%(upstream:track)%00%(upstream:remotename)%00%(upstream:remoteref) refs/heads/main refs/remotes/main [3ms]
2023-03-26 18:29:30.432 [info] > git status -z -uall [43ms]
2023-03-26 18:29:35.460 [info] > git config --get commit.template [8ms]
2023-03-26 18:29:35.463 [info] > git for-each-ref --format=%(refname)%00%(upstream:short)%00%(objectname)%00%(upstream:track)%00%(upstream:remotename)%00%(upstream:remoteref) refs/heads/main refs/remotes/main [3ms]
2023-03-26 18:29:35.517 [info] > git status -z -uall [49ms]
2023-03-26 18:29:40.547 [info] > git config --get commit.template [8ms]
2023-03-26 18:29:40.550 [info] > git for-each-ref --format=%(refname)%00%(upstream:short)%00%(objectname)%00%(upstream:track)%00%(upstream:remotename)%00%(upstream:remoteref) refs/heads/main refs/remotes/main [3ms]
2023-03-26 18:29:40.601 [info] > git status -z -uall [45ms]
2023-03-26 18:29:45.630 [info] > git config --get commit.template [8ms]
2023-03-26 18:29:45.634 [info] > git for-each-ref --format=%(refname)%00%(upstream:short)%00%(objectname)%00%(upstream:track)%00%(upstream:remotename)%00%(upstream:remoteref) refs/heads/main refs/remotes/main [3ms]
2023-03-26 18:29:45.684 [info] > git status -z -uall [45ms]
2023-03-26 18:29:50.712 [info] > git config --get commit.template [9ms]
2023-03-26 18:29:50.714 [info] > git for-each-ref --format=%(refname)%00%(upstream:short)%00%(objectname)%00%(upstream:track)%00%(upstream:remotename)%00%(upstream:remoteref) refs/heads/main refs/remotes/main [3ms]
2023-03-26 18:29:50.764 [info] > git status -z -uall [44ms]
2023-03-26 18:29:55.793 [info] > git config --get commit.template [8ms]
2023-03-26 18:29:55.796 [info] > git for-each-ref --format=%(refname)%00%(upstream:short)%00%(objectname)%00%(upstream:track)%00%(upstream:remotename)%00%(upstream:remoteref) refs/heads/main refs/remotes/main [3ms]
2023-03-26 18:29:55.845 [info] > git status -z -uall [43ms]
2023-03-26 18:30:00.882 [info] > git config --get commit.template [10ms]
2023-03-26 18:30:00.885 [info] > git for-each-ref --format=%(refname)%00%(upstream:short)%00%(objectname)%00%(upstream:track)%00%(upstream:remotename)%00%(upstream:remoteref) refs/heads/main refs/remotes/main [4ms]
2023-03-26 18:30:00.980 [info] > git status -z -uall [85ms]
2023-03-26 18:32:00.210 [info] > git config --get commit.template [8ms]
2023-03-26 18:32:00.212 [info] > git for-each-ref --format=%(refname)%00%(upstream:short)%00%(objectname)%00%(upstream:track)%00%(upstream:remotename)%00%(upstream:remoteref) refs/heads/main refs/remotes/main [3ms]
2023-03-26 18:32:00.262 [info] > git status -z -uall [43ms]
2023-03-26 18:32:05.292 [info] > git config --get commit.template [8ms]
2023-03-26 18:32:05.296 [info] > git for-each-ref --format=%(refname)%00%(upstream:short)%00%(objectname)%00%(upstream:track)%00%(upstream:remotename)%00%(upstream:remoteref) refs/heads/main refs/remotes/main [3ms]
2023-03-26 18:32:05.345 [info] > git status -z -uall [44ms]
2023-03-26 18:32:10.371 [info] > git config --get commit.template [8ms]
2023-03-26 18:32:10.373 [info] > git for-each-ref --format=%(refname)%00%(upstream:short)%00%(objectname)%00%(upstream:track)%00%(upstream:remotename)%00%(upstream:remoteref) refs/heads/main refs/remotes/main [3ms]
2023-03-26 18:32:10.419 [info] > git status -z -uall [41ms]
2023-03-26 18:32:15.447 [info] > git config --get commit.template [8ms]
2023-03-26 18:32:15.450 [info] > git for-each-ref --format=%(refname)%00%(upstream:short)%00%(objectname)%00%(upstream:track)%00%(upstream:remotename)%00%(upstream:remoteref) refs/heads/main refs/remotes/main [2ms]
2023-03-26 18:32:15.499 [info] > git status -z -uall [45ms]
2023-03-26 18:32:20.532 [info] > git config --get commit.template [8ms]
2023-03-26 18:32:20.534 [info] > git for-each-ref --format=%(refname)%00%(upstream:short)%00%(objectname)%00%(upstream:track)%00%(upstream:remotename)%00%(upstream:remoteref) refs/heads/main refs/remotes/main [2ms]
2023-03-26 18:32:20.582 [info] > git status -z -uall [43ms]
2023-03-26 18:32:25.611 [info] > git config --get commit.template [9ms]
2023-03-26 18:32:25.613 [info] > git for-each-ref --format=%(refname)%00%(upstream:short)%00%(objectname)%00%(upstream:track)%00%(upstream:remotename)%00%(upstream:remoteref) refs/heads/main refs/remotes/main [3ms]
2023-03-26 18:32:25.662 [info] > git status -z -uall [44ms]
2023-03-26 18:32:35.874 [info] > git config --get commit.template [8ms]
2023-03-26 18:32:35.876 [info] > git for-each-ref --format=%(refname)%00%(upstream:short)%00%(objectname)%00%(upstream:track)%00%(upstream:remotename)%00%(upstream:remoteref) refs/heads/main refs/remotes/main [2ms]
2023-03-26 18:32:35.927 [info] > git status -z -uall [45ms]
2023-03-26 18:32:40.962 [info] > git config --get commit.template [9ms]
2023-03-26 18:32:40.965 [info] > git for-each-ref --format=%(refname)%00%(upstream:short)%00%(objectname)%00%(upstream:track)%00%(upstream:remotename)%00%(upstream:remoteref) refs/heads/main refs/remotes/main [4ms]
2023-03-26 18:32:41.015 [info] > git status -z -uall [44ms]
2023-03-26 18:32:46.046 [info] > git config --get commit.template [9ms]
2023-03-26 18:32:46.051 [info] > git for-each-ref --format=%(refname)%00%(upstream:short)%00%(objectname)%00%(upstream:track)%00%(upstream:remotename)%00%(upstream:remoteref) refs/heads/main refs/remotes/main [6ms]
2023-03-26 18:32:46.103 [info] > git status -z -uall [46ms]
2023-03-26 18:32:51.132 [info] > git config --get commit.template [8ms]
2023-03-26 18:32:51.134 [info] > git for-each-ref --format=%(refname)%00%(upstream:short)%00%(objectname)%00%(upstream:track)%00%(upstream:remotename)%00%(upstream:remoteref) refs/heads/main refs/remotes/main [3ms]
2023-03-26 18:32:51.185 [info] > git status -z -uall [45ms]
2023-03-26 18:32:56.214 [info] > git config --get commit.template [8ms]
2023-03-26 18:32:56.217 [info] > git for-each-ref --format=%(refname)%00%(upstream:short)%00%(objectname)%00%(upstream:track)%00%(upstream:remotename)%00%(upstream:remoteref) refs/heads/main refs/remotes/main [4ms]
2023-03-26 18:32:56.268 [info] > git status -z -uall [45ms]
2023-03-26 18:33:01.302 [info] > git config --get commit.template [9ms]
2023-03-26 18:33:01.304 [info] > git for-each-ref --format=%(refname)%00%(upstream:short)%00%(objectname)%00%(upstream:track)%00%(upstream:remotename)%00%(upstream:remoteref) refs/heads/main refs/remotes/main [3ms]
2023-03-26 18:33:01.353 [info] > git status -z -uall [43ms]
2023-03-26 18:33:12.262 [info] > git config --get commit.template [7ms]
2023-03-26 18:33:12.264 [info] > git for-each-ref --format=%(refname)%00%(upstream:short)%00%(objectname)%00%(upstream:track)%00%(upstream:remotename)%00%(upstream:remoteref) refs/heads/main refs/remotes/main [3ms]
2023-03-26 18:33:12.312 [info] > git status -z -uall [42ms]
2023-03-26 18:33:17.343 [info] > git config --get commit.template [8ms]
2023-03-26 18:33:17.345 [info] > git for-each-ref --format=%(refname)%00%(upstream:short)%00%(objectname)%00%(upstream:track)%00%(upstream:remotename)%00%(upstream:remoteref) refs/heads/main refs/remotes/main [3ms]
2023-03-26 18:33:17.394 [info] > git status -z -uall [43ms]
2023-03-26 18:33:26.182 [info] > git config --get commit.template [7ms]
2023-03-26 18:33:26.184 [info] > git for-each-ref --format=%(refname)%00%(upstream:short)%00%(objectname)%00%(upstream:track)%00%(upstream:remotename)%00%(upstream:remoteref) refs/heads/main refs/remotes/main [3ms]
2023-03-26 18:33:26.233 [info] > git status -z -uall [43ms]
2023-03-26 18:33:31.268 [info] > git config --get commit.template [11ms]
2023-03-26 18:33:31.270 [info] > git for-each-ref --format=%(refname)%00%(upstream:short)%00%(objectname)%00%(upstream:track)%00%(upstream:remotename)%00%(upstream:remoteref) refs/heads/main refs/remotes/main [3ms]
2023-03-26 18:33:31.323 [info] > git status -z -uall [47ms]
2023-03-26 18:33:38.376 [info] > git config --get commit.template [8ms]
2023-03-26 18:33:38.378 [info] > git for-each-ref --format=%(refname)%00%(upstream:short)%00%(objectname)%00%(upstream:track)%00%(upstream:remotename)%00%(upstream:remoteref) refs/heads/main refs/remotes/main [3ms]
2023-03-26 18:33:38.437 [info] > git status -z -uall [53ms]
2023-03-26 18:33:43.472 [info] > git config --get commit.template [12ms]
2023-03-26 18:33:43.480 [info] > git for-each-ref --format=%(refname)%00%(upstream:short)%00%(objectname)%00%(upstream:track)%00%(upstream:remotename)%00%(upstream:remoteref) refs/heads/main refs/remotes/main [9ms]
2023-03-26 18:33:43.545 [info] > git status -z -uall [58ms]
2023-03-26 18:33:50.784 [info] > git config --get commit.template [8ms]
2023-03-26 18:33:50.786 [info] > git for-each-ref --format=%(refname)%00%(upstream:short)%00%(objectname)%00%(upstream:track)%00%(upstream:remotename)%00%(upstream:remoteref) refs/heads/main refs/remotes/main [3ms]
2023-03-26 18:33:50.837 [info] > git status -z -uall [45ms]
2023-03-26 18:33:55.867 [info] > git config --get commit.template [8ms]
2023-03-26 18:33:55.870 [info] > git for-each-ref --format=%(refname)%00%(upstream:short)%00%(objectname)%00%(upstream:track)%00%(upstream:remotename)%00%(upstream:remoteref) refs/heads/main refs/remotes/main [2ms]
2023-03-26 18:33:55.919 [info] > git status -z -uall [43ms]
2023-03-26 18:34:02.077 [info] > git config --get commit.template [7ms]
2023-03-26 18:34:02.079 [info] > git for-each-ref --format=%(refname)%00%(upstream:short)%00%(objectname)%00%(upstream:track)%00%(upstream:remotename)%00%(upstream:remoteref) refs/heads/main refs/remotes/main [2ms]
2023-03-26 18:34:02.127 [info] > git status -z -uall [43ms]
2023-03-26 18:34:07.711 [info] > git config --get commit.template [9ms]
2023-03-26 18:34:07.713 [info] > git for-each-ref --format=%(refname)%00%(upstream:short)%00%(objectname)%00%(upstream:track)%00%(upstream:remotename)%00%(upstream:remoteref) refs/heads/main refs/remotes/main [3ms]
2023-03-26 18:34:07.770 [info] > git status -z -uall [51ms]
2023-03-26 18:34:14.338 [info] > git config --get commit.template [8ms]
2023-03-26 18:34:14.340 [info] > git for-each-ref --format=%(refname)%00%(upstream:short)%00%(objectname)%00%(upstream:track)%00%(upstream:remotename)%00%(upstream:remoteref) refs/heads/main refs/remotes/main [3ms]
2023-03-26 18:34:14.393 [info] > git status -z -uall [47ms]
2023-03-26 18:35:42.892 [info] > git config --get commit.template [8ms]
2023-03-26 18:35:42.895 [info] > git for-each-ref --format=%(refname)%00%(upstream:short)%00%(objectname)%00%(upstream:track)%00%(upstream:remotename)%00%(upstream:remoteref) refs/heads/main refs/remotes/main [3ms]
2023-03-26 18:35:42.945 [info] > git status -z -uall [45ms]
2023-03-26 18:36:50.827 [info] > git for-each-ref --format=%(refname)%00%(upstream:short)%00%(objectname)%00%(upstream:track)%00%(upstream:remotename)%00%(upstream:remoteref) refs/heads/main refs/remotes/main [1ms]
2023-03-26 18:36:50.828 [info] > git config --get commit.template [31ms]
2023-03-26 18:36:50.899 [info] > git status -z -uall [58ms]
2023-03-26 18:36:54.367 [info] > git check-ignore -v -z --stdin [6ms]
2023-03-26 18:36:55.759 [info] > git show --textconv :QN/sendbutton/index.html [26ms]
2023-03-26 18:36:55.766 [info] > git ls-files --stage -- /web/users/projects/202223/quicknotes/QN/sendbutton/index.html [15ms]
2023-03-26 18:36:55.785 [info] > git cat-file -s d1b1a1fac36884d9670776efeafc6f3f9b34e7b0 [3ms]
2023-03-26 18:36:55.940 [info] > git config --get commit.template [19ms]
2023-03-26 18:36:55.950 [info] > git for-each-ref --format=%(refname)%00%(upstream:short)%00%(objectname)%00%(upstream:track)%00%(upstream:remotename)%00%(upstream:remoteref) refs/heads/main refs/remotes/main [11ms]
2023-03-26 18:36:56.120 [info] > git status -z -uall [148ms]
2023-03-26 18:36:59.102 [info] > git ls-files --stage -- /web/users/projects/202223/quicknotes/QN/sendbutton/style.css [14ms]
2023-03-26 18:36:59.114 [info] > git show --textconv :QN/sendbutton/style.css [37ms]
2023-03-26 18:36:59.126 [info] > git cat-file -s 32f5f9dc0e5b1b014b35beb902cec8a2ca42d74a [14ms]
2023-03-26 18:37:03.802 [info] > git config --get commit.template [10ms]
2023-03-26 18:37:03.803 [info] > git for-each-ref --format=%(refname)%00%(upstream:short)%00%(objectname)%00%(upstream:track)%00%(upstream:remotename)%00%(upstream:remoteref) refs/heads/main refs/remotes/main [2ms]
2023-03-26 18:37:03.855 [info] > git status -z -uall [45ms]
2023-03-26 18:37:04.666 [info] > git show --textconv :QN/sendbutton/index.html [13ms]
2023-03-26 18:37:04.671 [info] > git ls-files --stage -- /web/users/projects/202223/quicknotes/QN/sendbutton/index.html [6ms]
2023-03-26 18:37:04.681 [info] > git cat-file -s d1b1a1fac36884d9670776efeafc6f3f9b34e7b0 [2ms]
2023-03-26 18:37:08.883 [info] > git config --get commit.template [9ms]
2023-03-26 18:37:08.886 [info] > git for-each-ref --format=%(refname)%00%(upstream:short)%00%(objectname)%00%(upstream:track)%00%(upstream:remotename)%00%(upstream:remoteref) refs/heads/main refs/remotes/main [4ms]
2023-03-26 18:37:08.938 [info] > git status -z -uall [46ms]
2023-03-26 18:37:16.869 [info] > git config --get commit.template [8ms]
2023-03-26 18:37:16.871 [info] > git for-each-ref --format=%(refname)%00%(upstream:short)%00%(objectname)%00%(upstream:track)%00%(upstream:remotename)%00%(upstream:remoteref) refs/heads/main refs/remotes/main [3ms]
2023-03-26 18:37:16.926 [info] > git status -z -uall [48ms]
2023-03-26 18:37:21.956 [info] > git config --get commit.template [9ms]
2023-03-26 18:37:21.958 [info] > git for-each-ref --format=%(refname)%00%(upstream:short)%00%(objectname)%00%(upstream:track)%00%(upstream:remotename)%00%(upstream:remoteref) refs/heads/main refs/remotes/main [3ms]
2023-03-26 18:37:22.019 [info] > git status -z -uall [54ms]
2023-03-26 18:37:28.240 [info] > git show --textconv :QN/sendbutton/style.css [12ms]
2023-03-26 18:37:28.244 [info] > git ls-files --stage -- /web/users/projects/202223/quicknotes/QN/sendbutton/style.css [9ms]
2023-03-26 18:37:28.252 [info] > git cat-file -s 32f5f9dc0e5b1b014b35beb902cec8a2ca42d74a [1ms]
2023-03-26 18:37:28.846 [info] > git config --get commit.template [8ms]
2023-03-26 18:37:28.849 [info] > git for-each-ref --format=%(refname)%00%(upstream:short)%00%(objectname)%00%(upstream:track)%00%(upstream:remotename)%00%(upstream:remoteref) refs/heads/main refs/remotes/main [2ms]
2023-03-26 18:37:28.898 [info] > git status -z -uall [43ms]
2023-03-26 18:37:33.924 [info] > git config --get commit.template [8ms]
2023-03-26 18:37:33.927 [info] > git for-each-ref --format=%(refname)%00%(upstream:short)%00%(objectname)%00%(upstream:track)%00%(upstream:remotename)%00%(upstream:remoteref) refs/heads/main refs/remotes/main [3ms]
2023-03-26 18:37:33.974 [info] > git status -z -uall [42ms]
2023-03-26 18:38:01.372 [info] > git config --get commit.template [9ms]
2023-03-26 18:38:01.375 [info] > git for-each-ref --format=%(refname)%00%(upstream:short)%00%(objectname)%00%(upstream:track)%00%(upstream:remotename)%00%(upstream:remoteref) refs/heads/main refs/remotes/main [3ms]
2023-03-26 18:38:01.426 [info] > git status -z -uall [44ms]
2023-03-26 18:38:06.456 [info] > git config --get commit.template [8ms]
2023-03-26 18:38:06.459 [info] > git for-each-ref --format=%(refname)%00%(upstream:short)%00%(objectname)%00%(upstream:track)%00%(upstream:remotename)%00%(upstream:remoteref) refs/heads/main refs/remotes/main [3ms]
2023-03-26 18:38:06.508 [info] > git status -z -uall [43ms]
2023-03-26 18:38:14.150 [info] > git config --get commit.template [8ms]
2023-03-26 18:38:14.153 [info] > git for-each-ref --format=%(refname)%00%(upstream:short)%00%(objectname)%00%(upstream:track)%00%(upstream:remotename)%00%(upstream:remoteref) refs/heads/main refs/remotes/main [3ms]
2023-03-26 18:38:14.202 [info] > git status -z -uall [43ms]
2023-03-26 18:38:15.590 [info] > git show --textconv :QN/contactpage2.php [13ms]
2023-03-26 18:38:15.595 [info] > git ls-files --stage -- /web/users/projects/202223/quicknotes/QN/contactpage2.php [7ms]
2023-03-26 18:38:15.604 [info] > git cat-file -s 8325b5ae0ad8c3ca81cb1f266c6c118dc598b325 [1ms]
2023-03-26 18:39:02.268 [info] > git config --get commit.template [8ms]
2023-03-26 18:39:02.271 [info] > git for-each-ref --format=%(refname)%00%(upstream:short)%00%(objectname)%00%(upstream:track)%00%(upstream:remotename)%00%(upstream:remoteref) refs/heads/main refs/remotes/main [4ms]
2023-03-26 18:39:02.327 [info] > git status -z -uall [46ms]
2023-03-26 18:39:07.363 [info] > git config --get commit.template [9ms]
2023-03-26 18:39:07.366 [info] > git for-each-ref --format=%(refname)%00%(upstream:short)%00%(objectname)%00%(upstream:track)%00%(upstream:remotename)%00%(upstream:remoteref) refs/heads/main refs/remotes/main [3ms]
2023-03-26 18:39:07.415 [info] > git status -z -uall [43ms]
2023-03-26 18:39:12.446 [info] > git config --get commit.template [9ms]
2023-03-26 18:39:12.448 [info] > git for-each-ref --format=%(refname)%00%(upstream:short)%00%(objectname)%00%(upstream:track)%00%(upstream:remotename)%00%(upstream:remoteref) refs/heads/main refs/remotes/main [3ms]
2023-03-26 18:39:12.498 [info] > git status -z -uall [43ms]
2023-03-26 18:39:17.528 [info] > git config --get commit.template [8ms]
2023-03-26 18:39:17.530 [info] > git for-each-ref --format=%(refname)%00%(upstream:short)%00%(objectname)%00%(upstream:track)%00%(upstream:remotename)%00%(upstream:remoteref) refs/heads/main refs/remotes/main [4ms]
2023-03-26 18:39:17.579 [info] > git status -z -uall [43ms]
2023-03-26 18:39:22.619 [info] > git config --get commit.template [8ms]
2023-03-26 18:39:22.622 [info] > git for-each-ref --format=%(refname)%00%(upstream:short)%00%(objectname)%00%(upstream:track)%00%(upstream:remotename)%00%(upstream:remoteref) refs/heads/main refs/remotes/main [2ms]
2023-03-26 18:39:22.668 [info] > git status -z -uall [41ms]
2023-03-26 18:39:27.694 [info] > git config --get commit.template [8ms]
2023-03-26 18:39:27.697 [info] > git for-each-ref --format=%(refname)%00%(upstream:short)%00%(objectname)%00%(upstream:track)%00%(upstream:remotename)%00%(upstream:remoteref) refs/heads/main refs/remotes/main [3ms]
2023-03-26 18:39:27.743 [info] > git status -z -uall [41ms]
2023-03-26 18:39:32.779 [info] > git config --get commit.template [10ms]
2023-03-26 18:39:32.781 [info] > git for-each-ref --format=%(refname)%00%(upstream:short)%00%(objectname)%00%(upstream:track)%00%(upstream:remotename)%00%(upstream:remoteref) refs/heads/main refs/remotes/main [5ms]
2023-03-26 18:39:32.831 [info] > git status -z -uall [43ms]
2023-03-26 18:39:37.868 [info] > git config --get commit.template [16ms]
2023-03-26 18:39:37.874 [info] > git for-each-ref --format=%(refname)%00%(upstream:short)%00%(objectname)%00%(upstream:track)%00%(upstream:remotename)%00%(upstream:remoteref) refs/heads/main refs/remotes/main [7ms]
2023-03-26 18:39:37.968 [info] > git status -z -uall [86ms]
2023-03-26 18:39:43.006 [info] > git config --get commit.template [9ms]
2023-03-26 18:39:43.009 [info] > git for-each-ref --format=%(refname)%00%(upstream:short)%00%(objectname)%00%(upstream:track)%00%(upstream:remotename)%00%(upstream:remoteref) refs/heads/main refs/remotes/main [4ms]
2023-03-26 18:39:43.058 [info] > git status -z -uall [43ms]
2023-03-26 18:39:48.094 [info] > git config --get commit.template [14ms]
2023-03-26 18:39:48.097 [info] > git for-each-ref --format=%(refname)%00%(upstream:short)%00%(objectname)%00%(upstream:track)%00%(upstream:remotename)%00%(upstream:remoteref) refs/heads/main refs/remotes/main [4ms]
2023-03-26 18:39:48.151 [info] > git status -z -uall [47ms]
2023-03-26 18:39:53.182 [info] > git for-each-ref --format=%(refname)%00%(upstream:short)%00%(objectname)%00%(upstream:track)%00%(upstream:remotename)%00%(upstream:remoteref) refs/heads/main refs/remotes/main [1ms]
2023-03-26 18:39:53.183 [info] > git config --get commit.template [10ms]
2023-03-26 18:39:53.232 [info] > git status -z -uall [44ms]
2023-03-26 18:39:58.264 [info] > git config --get commit.template [8ms]
2023-03-26 18:39:58.267 [info] > git for-each-ref --format=%(refname)%00%(upstream:short)%00%(objectname)%00%(upstream:track)%00%(upstream:remotename)%00%(upstream:remoteref) refs/heads/main refs/remotes/main [2ms]
2023-03-26 18:39:58.313 [info] > git status -z -uall [41ms]
2023-03-26 18:40:03.342 [info] > git config --get commit.template [9ms]
2023-03-26 18:40:03.344 [info] > git for-each-ref --format=%(refname)%00%(upstream:short)%00%(objectname)%00%(upstream:track)%00%(upstream:remotename)%00%(upstream:remoteref) refs/heads/main refs/remotes/main [3ms]
2023-03-26 18:40:03.394 [info] > git status -z -uall [43ms]
2023-03-26 18:40:08.425 [info] > git config --get commit.template [9ms]
2023-03-26 18:40:08.428 [info] > git for-each-ref --format=%(refname)%00%(upstream:short)%00%(objectname)%00%(upstream:track)%00%(upstream:remotename)%00%(upstream:remoteref) refs/heads/main refs/remotes/main [3ms]
2023-03-26 18:40:08.477 [info] > git status -z -uall [43ms]
2023-03-26 18:40:13.509 [info] > git config --get commit.template [9ms]
2023-03-26 18:40:13.512 [info] > git for-each-ref --format=%(refname)%00%(upstream:short)%00%(objectname)%00%(upstream:track)%00%(upstream:remotename)%00%(upstream:remoteref) refs/heads/main refs/remotes/main [4ms]
2023-03-26 18:40:13.561 [info] > git status -z -uall [43ms]
2023-03-26 18:40:18.596 [info] > git config --get commit.template [8ms]
2023-03-26 18:40:18.599 [info] > git for-each-ref --format=%(refname)%00%(upstream:short)%00%(objectname)%00%(upstream:track)%00%(upstream:remotename)%00%(upstream:remoteref) refs/heads/main refs/remotes/main [3ms]
2023-03-26 18:40:18.647 [info] > git status -z -uall [42ms]
2023-03-26 18:40:23.677 [info] > git config --get commit.template [9ms]
2023-03-26 18:40:23.680 [info] > git for-each-ref --format=%(refname)%00%(upstream:short)%00%(objectname)%00%(upstream:track)%00%(upstream:remotename)%00%(upstream:remoteref) refs/heads/main refs/remotes/main [4ms]
2023-03-26 18:40:23.728 [info] > git status -z -uall [42ms]
2023-03-26 18:40:28.759 [info] > git config --get commit.template [10ms]
2023-03-26 18:40:28.762 [info] > git for-each-ref --format=%(refname)%00%(upstream:short)%00%(objectname)%00%(upstream:track)%00%(upstream:remotename)%00%(upstream:remoteref) refs/heads/main refs/remotes/main [3ms]
2023-03-26 18:40:28.811 [info] > git status -z -uall [42ms]
2023-03-26 18:40:33.855 [info] > git config --get commit.template [24ms]
2023-03-26 18:40:33.856 [info] > git for-each-ref --format=%(refname)%00%(upstream:short)%00%(objectname)%00%(upstream:track)%00%(upstream:remotename)%00%(upstream:remoteref) refs/heads/main refs/remotes/main [18ms]
2023-03-26 18:40:33.923 [info] > git status -z -uall [59ms]
2023-03-26 18:40:38.953 [info] > git config --get commit.template [9ms]
2023-03-26 18:40:38.967 [info] > git for-each-ref --format=%(refname)%00%(upstream:short)%00%(objectname)%00%(upstream:track)%00%(upstream:remotename)%00%(upstream:remoteref) refs/heads/main refs/remotes/main [14ms]
2023-03-26 18:40:39.018 [info] > git status -z -uall [45ms]
2023-03-26 18:40:44.049 [info] > git config --get commit.template [9ms]
2023-03-26 18:40:44.052 [info] > git for-each-ref --format=%(refname)%00%(upstream:short)%00%(objectname)%00%(upstream:track)%00%(upstream:remotename)%00%(upstream:remoteref) refs/heads/main refs/remotes/main [4ms]
2023-03-26 18:40:44.101 [info] > git status -z -uall [42ms]
2023-03-26 18:40:49.131 [info] > git config --get commit.template [9ms]
2023-03-26 18:40:49.133 [info] > git for-each-ref --format=%(refname)%00%(upstream:short)%00%(objectname)%00%(upstream:track)%00%(upstream:remotename)%00%(upstream:remoteref) refs/heads/main refs/remotes/main [2ms]
2023-03-26 18:40:49.182 [info] > git status -z -uall [43ms]
2023-03-26 18:40:54.212 [info] > git config --get commit.template [8ms]
2023-03-26 18:40:54.215 [info] > git for-each-ref --format=%(refname)%00%(upstream:short)%00%(objectname)%00%(upstream:track)%00%(upstream:remotename)%00%(upstream:remoteref) refs/heads/main refs/remotes/main [3ms]
2023-03-26 18:40:54.264 [info] > git status -z -uall [43ms]
2023-03-26 18:40:59.295 [info] > git config --get commit.template [10ms]
2023-03-26 18:40:59.297 [info] > git for-each-ref --format=%(refname)%00%(upstream:short)%00%(objectname)%00%(upstream:track)%00%(upstream:remotename)%00%(upstream:remoteref) refs/heads/main refs/remotes/main [3ms]
2023-03-26 18:40:59.346 [info] > git status -z -uall [43ms]
2023-03-26 18:41:04.375 [info] > git config --get commit.template [8ms]
2023-03-26 18:41:04.378 [info] > git for-each-ref --format=%(refname)%00%(upstream:short)%00%(objectname)%00%(upstream:track)%00%(upstream:remotename)%00%(upstream:remoteref) refs/heads/main refs/remotes/main [4ms]
2023-03-26 18:41:04.426 [info] > git status -z -uall [43ms]
2023-03-26 18:41:09.454 [info] > git config --get commit.template [9ms]
2023-03-26 18:41:09.456 [info] > git for-each-ref --format=%(refname)%00%(upstream:short)%00%(objectname)%00%(upstream:track)%00%(upstream:remotename)%00%(upstream:remoteref) refs/heads/main refs/remotes/main [3ms]
2023-03-26 18:41:09.504 [info] > git status -z -uall [43ms]
2023-03-26 18:41:14.531 [info] > git config --get commit.template [7ms]
2023-03-26 18:41:14.534 [info] > git for-each-ref --format=%(refname)%00%(upstream:short)%00%(objectname)%00%(upstream:track)%00%(upstream:remotename)%00%(upstream:remoteref) refs/heads/main refs/remotes/main [4ms]
2023-03-26 18:41:14.581 [info] > git status -z -uall [42ms]
2023-03-26 18:41:19.611 [info] > git config --get commit.template [9ms]
2023-03-26 18:41:19.613 [info] > git for-each-ref --format=%(refname)%00%(upstream:short)%00%(objectname)%00%(upstream:track)%00%(upstream:remotename)%00%(upstream:remoteref) refs/heads/main refs/remotes/main [3ms]
2023-03-26 18:41:19.662 [info] > git status -z -uall [43ms]
2023-03-26 18:41:24.693 [info] > git config --get commit.template [8ms]
2023-03-26 18:41:24.695 [info] > git for-each-ref --format=%(refname)%00%(upstream:short)%00%(objectname)%00%(upstream:track)%00%(upstream:remotename)%00%(upstream:remoteref) refs/heads/main refs/remotes/main [3ms]
2023-03-26 18:41:24.744 [info] > git status -z -uall [43ms]
2023-03-26 18:41:29.779 [info] > git config --get commit.template [9ms]
2023-03-26 18:41:29.784 [info] > git for-each-ref --format=%(refname)%00%(upstream:short)%00%(objectname)%00%(upstream:track)%00%(upstream:remotename)%00%(upstream:remoteref) refs/heads/main refs/remotes/main [3ms]
2023-03-26 18:41:29.833 [info] > git status -z -uall [43ms]
2023-03-26 18:41:34.865 [info] > git config --get commit.template [8ms]
2023-03-26 18:41:34.869 [info] > git for-each-ref --format=%(refname)%00%(upstream:short)%00%(objectname)%00%(upstream:track)%00%(upstream:remotename)%00%(upstream:remoteref) refs/heads/main refs/remotes/main [5ms]
2023-03-26 18:41:34.919 [info] > git status -z -uall [44ms]
2023-03-26 18:41:39.950 [info] > git config --get commit.template [9ms]
2023-03-26 18:41:39.952 [info] > git for-each-ref --format=%(refname)%00%(upstream:short)%00%(objectname)%00%(upstream:track)%00%(upstream:remotename)%00%(upstream:remoteref) refs/heads/main refs/remotes/main [4ms]
2023-03-26 18:41:40.003 [info] > git status -z -uall [44ms]
2023-03-26 18:41:45.033 [info] > git config --get commit.template [8ms]
2023-03-26 18:41:45.036 [info] > git for-each-ref --format=%(refname)%00%(upstream:short)%00%(objectname)%00%(upstream:track)%00%(upstream:remotename)%00%(upstream:remoteref) refs/heads/main refs/remotes/main [3ms]
2023-03-26 18:41:45.086 [info] > git status -z -uall [44ms]
2023-03-26 18:41:50.115 [info] > git config --get commit.template [9ms]
2023-03-26 18:41:50.117 [info] > git for-each-ref --format=%(refname)%00%(upstream:short)%00%(objectname)%00%(upstream:track)%00%(upstream:remotename)%00%(upstream:remoteref) refs/heads/main refs/remotes/main [3ms]
2023-03-26 18:41:50.166 [info] > git status -z -uall [43ms]
2023-03-26 18:41:55.196 [info] > git config --get commit.template [9ms]
2023-03-26 18:41:55.199 [info] > git for-each-ref --format=%(refname)%00%(upstream:short)%00%(objectname)%00%(upstream:track)%00%(upstream:remotename)%00%(upstream:remoteref) refs/heads/main refs/remotes/main [3ms]
2023-03-26 18:41:55.248 [info] > git status -z -uall [43ms]
2023-03-26 18:42:00.277 [info] > git config --get commit.template [9ms]
2023-03-26 18:42:00.279 [info] > git for-each-ref --format=%(refname)%00%(upstream:short)%00%(objectname)%00%(upstream:track)%00%(upstream:remotename)%00%(upstream:remoteref) refs/heads/main refs/remotes/main [3ms]
2023-03-26 18:42:00.328 [info] > git status -z -uall [43ms]
2023-03-26 18:42:05.358 [info] > git config --get commit.template [8ms]
2023-03-26 18:42:05.360 [info] > git for-each-ref --format=%(refname)%00%(upstream:short)%00%(objectname)%00%(upstream:track)%00%(upstream:remotename)%00%(upstream:remoteref) refs/heads/main refs/remotes/main [3ms]
2023-03-26 18:42:05.410 [info] > git status -z -uall [44ms]
2023-03-26 18:42:10.440 [info] > git config --get commit.template [9ms]
2023-03-26 18:42:10.443 [info] > git for-each-ref --format=%(refname)%00%(upstream:short)%00%(objectname)%00%(upstream:track)%00%(upstream:remotename)%00%(upstream:remoteref) refs/heads/main refs/remotes/main [3ms]
2023-03-26 18:42:10.514 [info] > git status -z -uall [64ms]
2023-03-26 18:42:15.570 [info] > git config --get commit.template [8ms]
2023-03-26 18:42:15.573 [info] > git for-each-ref --format=%(refname)%00%(upstream:short)%00%(objectname)%00%(upstream:track)%00%(upstream:remotename)%00%(upstream:remoteref) refs/heads/main refs/remotes/main [3ms]
2023-03-26 18:42:15.622 [info] > git status -z -uall [43ms]
2023-03-26 18:42:20.652 [info] > git config --get commit.template [10ms]
2023-03-26 18:42:20.654 [info] > git for-each-ref --format=%(refname)%00%(upstream:short)%00%(objectname)%00%(upstream:track)%00%(upstream:remotename)%00%(upstream:remoteref) refs/heads/main refs/remotes/main [3ms]
2023-03-26 18:42:20.704 [info] > git status -z -uall [43ms]
2023-03-26 18:42:25.729 [info] > git config --get commit.template [6ms]
2023-03-26 18:42:25.731 [info] > git for-each-ref --format=%(refname)%00%(upstream:short)%00%(objectname)%00%(upstream:track)%00%(upstream:remotename)%00%(upstream:remoteref) refs/heads/main refs/remotes/main [3ms]
2023-03-26 18:42:25.776 [info] > git status -z -uall [40ms]
2023-03-26 18:42:30.834 [info] > git for-each-ref --format=%(refname)%00%(upstream:short)%00%(objectname)%00%(upstream:track)%00%(upstream:remotename)%00%(upstream:remoteref) refs/heads/main refs/remotes/main [1ms]
2023-03-26 18:42:30.846 [info] > git config --get commit.template [47ms]
2023-03-26 18:42:30.953 [info] > git status -z -uall [85ms]
2023-03-26 18:42:36.118 [info] > git config --get commit.template [9ms]
2023-03-26 18:42:36.120 [info] > git for-each-ref --format=%(refname)%00%(upstream:short)%00%(objectname)%00%(upstream:track)%00%(upstream:remotename)%00%(upstream:remoteref) refs/heads/main refs/remotes/main [2ms]
2023-03-26 18:42:36.170 [info] > git status -z -uall [44ms]
2023-03-26 18:42:41.203 [info] > git config --get commit.template [8ms]
2023-03-26 18:42:41.206 [info] > git for-each-ref --format=%(refname)%00%(upstream:short)%00%(objectname)%00%(upstream:track)%00%(upstream:remotename)%00%(upstream:remoteref) refs/heads/main refs/remotes/main [3ms]
2023-03-26 18:42:41.254 [info] > git status -z -uall [42ms]
2023-03-26 18:42:46.285 [info] > git config --get commit.template [8ms]
2023-03-26 18:42:46.287 [info] > git for-each-ref --format=%(refname)%00%(upstream:short)%00%(objectname)%00%(upstream:track)%00%(upstream:remotename)%00%(upstream:remoteref) refs/heads/main refs/remotes/main [3ms]
2023-03-26 18:42:46.335 [info] > git status -z -uall [43ms]
2023-03-26 18:42:51.372 [info] > git config --get commit.template [9ms]
2023-03-26 18:42:51.375 [info] > git for-each-ref --format=%(refname)%00%(upstream:short)%00%(objectname)%00%(upstream:track)%00%(upstream:remotename)%00%(upstream:remoteref) refs/heads/main refs/remotes/main [3ms]
2023-03-26 18:42:51.425 [info] > git status -z -uall [44ms]
2023-03-26 18:42:56.454 [info] > git config --get commit.template [8ms]
2023-03-26 18:42:56.455 [info] > git for-each-ref --format=%(refname)%00%(upstream:short)%00%(objectname)%00%(upstream:track)%00%(upstream:remotename)%00%(upstream:remoteref) refs/heads/main refs/remotes/main [2ms]
2023-03-26 18:42:56.502 [info] > git status -z -uall [42ms]
2023-03-26 18:43:01.531 [info] > git config --get commit.template [7ms]
2023-03-26 18:43:01.534 [info] > git for-each-ref --format=%(refname)%00%(upstream:short)%00%(objectname)%00%(upstream:track)%00%(upstream:remotename)%00%(upstream:remoteref) refs/heads/main refs/remotes/main [3ms]
2023-03-26 18:43:01.580 [info] > git status -z -uall [41ms]
2023-03-26 18:43:06.610 [info] > git config --get commit.template [9ms]
2023-03-26 18:43:06.613 [info] > git for-each-ref --format=%(refname)%00%(upstream:short)%00%(objectname)%00%(upstream:track)%00%(upstream:remotename)%00%(upstream:remoteref) refs/heads/main refs/remotes/main [3ms]
2023-03-26 18:43:06.662 [info] > git status -z -uall [43ms]
2023-03-26 18:43:11.693 [info] > git config --get commit.template [8ms]
2023-03-26 18:43:11.695 [info] > git for-each-ref --format=%(refname)%00%(upstream:short)%00%(objectname)%00%(upstream:track)%00%(upstream:remotename)%00%(upstream:remoteref) refs/heads/main refs/remotes/main [3ms]
2023-03-26 18:43:11.744 [info] > git status -z -uall [42ms]
2023-03-26 18:43:16.774 [info] > git config --get commit.template [9ms]
2023-03-26 18:43:16.776 [info] > git for-each-ref --format=%(refname)%00%(upstream:short)%00%(objectname)%00%(upstream:track)%00%(upstream:remotename)%00%(upstream:remoteref) refs/heads/main refs/remotes/main [3ms]
2023-03-26 18:43:16.826 [info] > git status -z -uall [44ms]
2023-03-26 18:43:21.855 [info] > git config --get commit.template [8ms]
2023-03-26 18:43:21.858 [info] > git for-each-ref --format=%(refname)%00%(upstream:short)%00%(objectname)%00%(upstream:track)%00%(upstream:remotename)%00%(upstream:remoteref) refs/heads/main refs/remotes/main [3ms]
2023-03-26 18:43:21.907 [info] > git status -z -uall [43ms]
2023-03-26 18:43:26.939 [info] > git config --get commit.template [8ms]
2023-03-26 18:43:26.941 [info] > git for-each-ref --format=%(refname)%00%(upstream:short)%00%(objectname)%00%(upstream:track)%00%(upstream:remotename)%00%(upstream:remoteref) refs/heads/main refs/remotes/main [3ms]
2023-03-26 18:43:26.992 [info] > git status -z -uall [45ms]
2023-03-26 18:43:32.023 [info] > git config --get commit.template [9ms]
2023-03-26 18:43:32.025 [info] > git for-each-ref --format=%(refname)%00%(upstream:short)%00%(objectname)%00%(upstream:track)%00%(upstream:remotename)%00%(upstream:remoteref) refs/heads/main refs/remotes/main [3ms]
2023-03-26 18:43:32.078 [info] > git status -z -uall [45ms]
2023-03-26 18:43:37.108 [info] > git config --get commit.template [9ms]
2023-03-26 18:43:37.110 [info] > git for-each-ref --format=%(refname)%00%(upstream:short)%00%(objectname)%00%(upstream:track)%00%(upstream:remotename)%00%(upstream:remoteref) refs/heads/main refs/remotes/main [3ms]
2023-03-26 18:43:37.159 [info] > git status -z -uall [43ms]
2023-03-26 18:43:42.190 [info] > git config --get commit.template [9ms]
2023-03-26 18:43:42.192 [info] > git for-each-ref --format=%(refname)%00%(upstream:short)%00%(objectname)%00%(upstream:track)%00%(upstream:remotename)%00%(upstream:remoteref) refs/heads/main refs/remotes/main [3ms]
2023-03-26 18:43:42.242 [info] > git status -z -uall [43ms]
2023-03-26 18:43:47.272 [info] > git config --get commit.template [9ms]
2023-03-26 18:43:47.274 [info] > git for-each-ref --format=%(refname)%00%(upstream:short)%00%(objectname)%00%(upstream:track)%00%(upstream:remotename)%00%(upstream:remoteref) refs/heads/main refs/remotes/main [3ms]
2023-03-26 18:43:47.323 [info] > git status -z -uall [43ms]
2023-03-26 18:43:52.353 [info] > git config --get commit.template [9ms]
2023-03-26 18:43:52.354 [info] > git for-each-ref --format=%(refname)%00%(upstream:short)%00%(objectname)%00%(upstream:track)%00%(upstream:remotename)%00%(upstream:remoteref) refs/heads/main refs/remotes/main [2ms]
2023-03-26 18:43:52.404 [info] > git status -z -uall [44ms]
2023-03-26 18:43:57.442 [info] > git config --get commit.template [9ms]
2023-03-26 18:43:57.444 [info] > git for-each-ref --format=%(refname)%00%(upstream:short)%00%(objectname)%00%(upstream:track)%00%(upstream:remotename)%00%(upstream:remoteref) refs/heads/main refs/remotes/main [2ms]
2023-03-26 18:43:57.492 [info] > git status -z -uall [41ms]
2023-03-26 18:44:02.523 [info] > git config --get commit.template [8ms]
2023-03-26 18:44:02.525 [info] > git for-each-ref --format=%(refname)%00%(upstream:short)%00%(objectname)%00%(upstream:track)%00%(upstream:remotename)%00%(upstream:remoteref) refs/heads/main refs/remotes/main [3ms]
2023-03-26 18:44:02.575 [info] > git status -z -uall [44ms]
2023-03-26 18:44:07.607 [info] > git config --get commit.template [10ms]
2023-03-26 18:44:07.609 [info] > git for-each-ref --format=%(refname)%00%(upstream:short)%00%(objectname)%00%(upstream:track)%00%(upstream:remotename)%00%(upstream:remoteref) refs/heads/main refs/remotes/main [3ms]
2023-03-26 18:44:07.659 [info] > git status -z -uall [44ms]
2023-03-26 18:45:03.268 [info] > git config --get commit.template [8ms]
2023-03-26 18:45:03.271 [info] > git for-each-ref --format=%(refname)%00%(upstream:short)%00%(objectname)%00%(upstream:track)%00%(upstream:remotename)%00%(upstream:remoteref) refs/heads/main refs/remotes/main [3ms]
2023-03-26 18:45:03.321 [info] > git status -z -uall [44ms]
2023-03-26 18:45:39.159 [info] > git config --get commit.template [9ms]
2023-03-26 18:45:39.161 [info] > git for-each-ref --format=%(refname)%00%(upstream:short)%00%(objectname)%00%(upstream:track)%00%(upstream:remotename)%00%(upstream:remoteref) refs/heads/main refs/remotes/main [3ms]
2023-03-26 18:45:39.211 [info] > git status -z -uall [44ms]
2023-03-26 18:45:44.243 [info] > git config --get commit.template [8ms]
2023-03-26 18:45:44.246 [info] > git for-each-ref --format=%(refname)%00%(upstream:short)%00%(objectname)%00%(upstream:track)%00%(upstream:remotename)%00%(upstream:remoteref) refs/heads/main refs/remotes/main [3ms]
2023-03-26 18:45:44.294 [info] > git status -z -uall [43ms]
2023-03-26 18:45:49.323 [info] > git config --get commit.template [9ms]
2023-03-26 18:45:49.330 [info] > git for-each-ref --format=%(refname)%00%(upstream:short)%00%(objectname)%00%(upstream:track)%00%(upstream:remotename)%00%(upstream:remoteref) refs/heads/main refs/remotes/main [8ms]
2023-03-26 18:45:49.381 [info] > git status -z -uall [45ms]
2023-03-26 18:45:53.181 [info] > git show --textconv :QN/contactpage3.php [12ms]
2023-03-26 18:45:53.188 [info] > git ls-files --stage -- /web/users/projects/202223/quicknotes/QN/contactpage3.php [8ms]
2023-03-26 18:45:53.330 [info] > git check-ignore -v -z --stdin [5ms]
2023-03-26 18:45:54.410 [info] > git config --get commit.template [9ms]
2023-03-26 18:45:54.412 [info] > git for-each-ref --format=%(refname)%00%(upstream:short)%00%(objectname)%00%(upstream:track)%00%(upstream:remotename)%00%(upstream:remoteref) refs/heads/main refs/remotes/main [3ms]
2023-03-26 18:45:54.466 [info] > git status -z -uall [47ms]
2023-03-26 18:45:59.508 [info] > git config --get commit.template [8ms]
2023-03-26 18:45:59.510 [info] > git for-each-ref --format=%(refname)%00%(upstream:short)%00%(objectname)%00%(upstream:track)%00%(upstream:remotename)%00%(upstream:remoteref) refs/heads/main refs/remotes/main [3ms]
2023-03-26 18:45:59.560 [info] > git status -z -uall [44ms]
2023-03-26 18:46:00.494 [info] > git ls-files --stage -- /web/users/projects/202223/quicknotes/QN/contactpage.php [4ms]
2023-03-26 18:46:00.514 [info] > git show --textconv :QN/contactpage.php [34ms]
2023-03-26 18:46:00.518 [info] > git cat-file -s 52ec28c6d862394f58202985603b9f09533b59f2 [16ms]
2023-03-26 18:46:04.593 [info] > git config --get commit.template [11ms]
2023-03-26 18:46:04.595 [info] > git for-each-ref --format=%(refname)%00%(upstream:short)%00%(objectname)%00%(upstream:track)%00%(upstream:remotename)%00%(upstream:remoteref) refs/heads/main refs/remotes/main [3ms]
2023-03-26 18:46:04.645 [info] > git status -z -uall [44ms]
2023-03-26 18:46:09.674 [info] > git config --get commit.template [9ms]
2023-03-26 18:46:09.677 [info] > git for-each-ref --format=%(refname)%00%(upstream:short)%00%(objectname)%00%(upstream:track)%00%(upstream:remotename)%00%(upstream:remoteref) refs/heads/main refs/remotes/main [3ms]
2023-03-26 18:46:09.726 [info] > git status -z -uall [43ms]
2023-03-26 18:46:14.758 [info] > git config --get commit.template [10ms]
2023-03-26 18:46:14.761 [info] > git for-each-ref --format=%(refname)%00%(upstream:short)%00%(objectname)%00%(upstream:track)%00%(upstream:remotename)%00%(upstream:remoteref) refs/heads/main refs/remotes/main [2ms]
2023-03-26 18:46:14.810 [info] > git status -z -uall [44ms]
2023-03-26 18:46:28.296 [info] > git config --get commit.template [8ms]
2023-03-26 18:46:28.298 [info] > git for-each-ref --format=%(refname)%00%(upstream:short)%00%(objectname)%00%(upstream:track)%00%(upstream:remotename)%00%(upstream:remoteref) refs/heads/main refs/remotes/main [3ms]
2023-03-26 18:46:28.356 [info] > git status -z -uall [51ms]
2023-03-26 18:46:36.311 [info] > git config --get commit.template [7ms]
2023-03-26 18:46:36.313 [info] > git for-each-ref --format=%(refname)%00%(upstream:short)%00%(objectname)%00%(upstream:track)%00%(upstream:remotename)%00%(upstream:remoteref) refs/heads/main refs/remotes/main [2ms]
2023-03-26 18:46:36.359 [info] > git status -z -uall [41ms]
2023-03-26 18:46:43.626 [info] > git config --get commit.template [8ms]
2023-03-26 18:46:43.629 [info] > git for-each-ref --format=%(refname)%00%(upstream:short)%00%(objectname)%00%(upstream:track)%00%(upstream:remotename)%00%(upstream:remoteref) refs/heads/main refs/remotes/main [3ms]
2023-03-26 18:46:43.681 [info] > git status -z -uall [46ms]
2023-03-26 18:46:48.712 [info] > git config --get commit.template [9ms]
2023-03-26 18:46:48.714 [info] > git for-each-ref --format=%(refname)%00%(upstream:short)%00%(objectname)%00%(upstream:track)%00%(upstream:remotename)%00%(upstream:remoteref) refs/heads/main refs/remotes/main [3ms]
2023-03-26 18:46:48.764 [info] > git status -z -uall [44ms]
2023-03-26 18:47:38.818 [info] > git config --get commit.template [9ms]
2023-03-26 18:47:38.820 [info] > git for-each-ref --format=%(refname)%00%(upstream:short)%00%(objectname)%00%(upstream:track)%00%(upstream:remotename)%00%(upstream:remoteref) refs/heads/main refs/remotes/main [3ms]
2023-03-26 18:47:38.873 [info] > git status -z -uall [46ms]
2023-03-26 18:48:26.666 [info] > git config --get commit.template [8ms]
2023-03-26 18:48:26.668 [info] > git for-each-ref --format=%(refname)%00%(upstream:short)%00%(objectname)%00%(upstream:track)%00%(upstream:remotename)%00%(upstream:remoteref) refs/heads/main refs/remotes/main [3ms]
2023-03-26 18:48:26.716 [info] > git status -z -uall [42ms]
2023-03-26 18:48:31.746 [info] > git config --get commit.template [9ms]
2023-03-26 18:48:31.749 [info] > git for-each-ref --format=%(refname)%00%(upstream:short)%00%(objectname)%00%(upstream:track)%00%(upstream:remotename)%00%(upstream:remoteref) refs/heads/main refs/remotes/main [4ms]
2023-03-26 18:48:31.799 [info] > git status -z -uall [43ms]
2023-03-26 18:49:44.627 [info] > git config --get commit.template [8ms]
2023-03-26 18:49:44.629 [info] > git for-each-ref --format=%(refname)%00%(upstream:short)%00%(objectname)%00%(upstream:track)%00%(upstream:remotename)%00%(upstream:remoteref) refs/heads/main refs/remotes/main [3ms]
2023-03-26 18:49:44.681 [info] > git status -z -uall [46ms]
2023-03-26 18:50:01.996 [info] > git config --get commit.template [7ms]
2023-03-26 18:50:01.998 [info] > git for-each-ref --format=%(refname)%00%(upstream:short)%00%(objectname)%00%(upstream:track)%00%(upstream:remotename)%00%(upstream:remoteref) refs/heads/main refs/remotes/main [3ms]
2023-03-26 18:50:02.048 [info] > git status -z -uall [43ms]
2023-03-26 18:56:21.335 [info] > git config --get commit.template [8ms]
2023-03-26 18:56:21.337 [info] > git for-each-ref --format=%(refname)%00%(upstream:short)%00%(objectname)%00%(upstream:track)%00%(upstream:remotename)%00%(upstream:remoteref) refs/heads/main refs/remotes/main [3ms]
2023-03-26 18:56:21.388 [info] > git status -z -uall [44ms]
2023-03-26 18:56:26.419 [info] > git config --get commit.template [9ms]
2023-03-26 18:56:26.422 [info] > git for-each-ref --format=%(refname)%00%(upstream:short)%00%(objectname)%00%(upstream:track)%00%(upstream:remotename)%00%(upstream:remoteref) refs/heads/main refs/remotes/main [3ms]
2023-03-26 18:56:26.471 [info] > git status -z -uall [44ms]
2023-03-26 18:56:31.503 [info] > git config --get commit.template [8ms]
2023-03-26 18:56:31.505 [info] > git for-each-ref --format=%(refname)%00%(upstream:short)%00%(objectname)%00%(upstream:track)%00%(upstream:remotename)%00%(upstream:remoteref) refs/heads/main refs/remotes/main [3ms]
2023-03-26 18:56:31.558 [info] > git status -z -uall [47ms]
2023-03-26 18:56:36.588 [info] > git config --get commit.template [9ms]
2023-03-26 18:56:36.590 [info] > git for-each-ref --format=%(refname)%00%(upstream:short)%00%(objectname)%00%(upstream:track)%00%(upstream:remotename)%00%(upstream:remoteref) refs/heads/main refs/remotes/main [3ms]
2023-03-26 18:56:36.642 [info] > git status -z -uall [46ms]
2023-03-26 18:56:47.754 [info] > git config --get commit.template [9ms]
2023-03-26 18:56:47.757 [info] > git for-each-ref --format=%(refname)%00%(upstream:short)%00%(objectname)%00%(upstream:track)%00%(upstream:remotename)%00%(upstream:remoteref) refs/heads/main refs/remotes/main [4ms]
2023-03-26 18:56:47.810 [info] > git status -z -uall [46ms]
2023-03-26 18:56:52.843 [info] > git config --get commit.template [12ms]
2023-03-26 18:56:52.846 [info] > git for-each-ref --format=%(refname)%00%(upstream:short)%00%(objectname)%00%(upstream:track)%00%(upstream:remotename)%00%(upstream:remoteref) refs/heads/main refs/remotes/main [8ms]
2023-03-26 18:56:52.894 [info] > git status -z -uall [43ms]
2023-03-26 18:58:22.447 [info] > git config --get commit.template [7ms]
2023-03-26 18:58:22.450 [info] > git for-each-ref --format=%(refname)%00%(upstream:short)%00%(objectname)%00%(upstream:track)%00%(upstream:remotename)%00%(upstream:remoteref) refs/heads/main refs/remotes/main [3ms]
2023-03-26 18:58:22.500 [info] > git status -z -uall [45ms]
2023-03-26 18:58:35.617 [info] > git config --get commit.template [7ms]
2023-03-26 18:58:35.619 [info] > git for-each-ref --format=%(refname)%00%(upstream:short)%00%(objectname)%00%(upstream:track)%00%(upstream:remotename)%00%(upstream:remoteref) refs/heads/main refs/remotes/main [3ms]
2023-03-26 18:58:35.672 [info] > git status -z -uall [46ms]
2023-03-26 18:58:40.708 [info] > git config --get commit.template [8ms]
2023-03-26 18:58:40.710 [info] > git for-each-ref --format=%(refname)%00%(upstream:short)%00%(objectname)%00%(upstream:track)%00%(upstream:remotename)%00%(upstream:remoteref) refs/heads/main refs/remotes/main [3ms]
2023-03-26 18:58:40.758 [info] > git status -z -uall [42ms]
2023-03-26 19:02:54.786 [info] > git config --get commit.template [8ms]
2023-03-26 19:02:54.788 [info] > git for-each-ref --format=%(refname)%00%(upstream:short)%00%(objectname)%00%(upstream:track)%00%(upstream:remotename)%00%(upstream:remoteref) refs/heads/main refs/remotes/main [2ms]
2023-03-26 19:02:54.839 [info] > git status -z -uall [46ms]
2023-03-26 19:02:59.867 [info] > git config --get commit.template [7ms]
2023-03-26 19:02:59.869 [info] > git for-each-ref --format=%(refname)%00%(upstream:short)%00%(objectname)%00%(upstream:track)%00%(upstream:remotename)%00%(upstream:remoteref) refs/heads/main refs/remotes/main [3ms]
2023-03-26 19:02:59.924 [info] > git status -z -uall [50ms]
2023-03-26 19:03:04.953 [info] > git config --get commit.template [8ms]
2023-03-26 19:03:04.955 [info] > git for-each-ref --format=%(refname)%00%(upstream:short)%00%(objectname)%00%(upstream:track)%00%(upstream:remotename)%00%(upstream:remoteref) refs/heads/main refs/remotes/main [3ms]
2023-03-26 19:03:05.007 [info] > git status -z -uall [46ms]
2023-03-26 19:03:10.035 [info] > git config --get commit.template [9ms]
2023-03-26 19:03:10.038 [info] > git for-each-ref --format=%(refname)%00%(upstream:short)%00%(objectname)%00%(upstream:track)%00%(upstream:remotename)%00%(upstream:remoteref) refs/heads/main refs/remotes/main [3ms]
2023-03-26 19:03:10.087 [info] > git status -z -uall [43ms]
2023-03-26 19:03:28.955 [info] > git config --get commit.template [9ms]
2023-03-26 19:03:28.958 [info] > git for-each-ref --format=%(refname)%00%(upstream:short)%00%(objectname)%00%(upstream:track)%00%(upstream:remotename)%00%(upstream:remoteref) refs/heads/main refs/remotes/main [4ms]
2023-03-26 19:03:29.009 [info] > git status -z -uall [45ms]
2023-03-26 19:03:34.040 [info] > git config --get commit.template [8ms]
2023-03-26 19:03:34.043 [info] > git for-each-ref --format=%(refname)%00%(upstream:short)%00%(objectname)%00%(upstream:track)%00%(upstream:remotename)%00%(upstream:remoteref) refs/heads/main refs/remotes/main [3ms]
2023-03-26 19:03:34.093 [info] > git status -z -uall [45ms]
2023-03-26 19:03:39.125 [info] > git config --get commit.template [8ms]
2023-03-26 19:03:39.127 [info] > git for-each-ref --format=%(refname)%00%(upstream:short)%00%(objectname)%00%(upstream:track)%00%(upstream:remotename)%00%(upstream:remoteref) refs/heads/main refs/remotes/main [3ms]
2023-03-26 19:03:39.177 [info] > git status -z -uall [44ms]
2023-03-26 19:03:44.207 [info] > git config --get commit.template [10ms]
2023-03-26 19:03:44.209 [info] > git for-each-ref --format=%(refname)%00%(upstream:short)%00%(objectname)%00%(upstream:track)%00%(upstream:remotename)%00%(upstream:remoteref) refs/heads/main refs/remotes/main [3ms]
2023-03-26 19:03:44.258 [info] > git status -z -uall [43ms]
2023-03-26 19:03:49.288 [info] > git config --get commit.template [9ms]
2023-03-26 19:03:49.291 [info] > git for-each-ref --format=%(refname)%00%(upstream:short)%00%(objectname)%00%(upstream:track)%00%(upstream:remotename)%00%(upstream:remoteref) refs/heads/main refs/remotes/main [3ms]
2023-03-26 19:03:49.340 [info] > git status -z -uall [43ms]
2023-03-26 19:03:54.383 [info] > git config --get commit.template [9ms]
2023-03-26 19:03:54.386 [info] > git for-each-ref --format=%(refname)%00%(upstream:short)%00%(objectname)%00%(upstream:track)%00%(upstream:remotename)%00%(upstream:remoteref) refs/heads/main refs/remotes/main [4ms]
2023-03-26 19:03:54.435 [info] > git status -z -uall [43ms]
2023-03-26 19:03:59.469 [info] > git config --get commit.template [13ms]
2023-03-26 19:03:59.472 [info] > git for-each-ref --format=%(refname)%00%(upstream:short)%00%(objectname)%00%(upstream:track)%00%(upstream:remotename)%00%(upstream:remoteref) refs/heads/main refs/remotes/main [3ms]
2023-03-26 19:03:59.522 [info] > git status -z -uall [44ms]
2023-03-26 19:04:04.555 [info] > git config --get commit.template [9ms]
2023-03-26 19:04:04.558 [info] > git for-each-ref --format=%(refname)%00%(upstream:short)%00%(objectname)%00%(upstream:track)%00%(upstream:remotename)%00%(upstream:remoteref) refs/heads/main refs/remotes/main [4ms]
2023-03-26 19:04:04.607 [info] > git status -z -uall [43ms]
2023-03-26 19:04:09.637 [info] > git config --get commit.template [9ms]
2023-03-26 19:04:09.640 [info] > git for-each-ref --format=%(refname)%00%(upstream:short)%00%(objectname)%00%(upstream:track)%00%(upstream:remotename)%00%(upstream:remoteref) refs/heads/main refs/remotes/main [3ms]
2023-03-26 19:04:09.689 [info] > git status -z -uall [43ms]
2023-03-26 19:04:14.719 [info] > git config --get commit.template [8ms]
2023-03-26 19:04:14.721 [info] > git for-each-ref --format=%(refname)%00%(upstream:short)%00%(objectname)%00%(upstream:track)%00%(upstream:remotename)%00%(upstream:remoteref) refs/heads/main refs/remotes/main [3ms]
2023-03-26 19:04:14.774 [info] > git status -z -uall [45ms]
2023-03-26 19:04:19.806 [info] > git config --get commit.template [9ms]
2023-03-26 19:04:19.808 [info] > git for-each-ref --format=%(refname)%00%(upstream:short)%00%(objectname)%00%(upstream:track)%00%(upstream:remotename)%00%(upstream:remoteref) refs/heads/main refs/remotes/main [3ms]
2023-03-26 19:04:19.858 [info] > git status -z -uall [44ms]
2023-03-26 19:04:24.889 [info] > git config --get commit.template [11ms]
2023-03-26 19:04:24.894 [info] > git for-each-ref --format=%(refname)%00%(upstream:short)%00%(objectname)%00%(upstream:track)%00%(upstream:remotename)%00%(upstream:remoteref) refs/heads/main refs/remotes/main [9ms]
2023-03-26 19:04:24.942 [info] > git status -z -uall [43ms]
2023-03-26 19:04:29.975 [info] > git config --get commit.template [9ms]
2023-03-26 19:04:29.978 [info] > git for-each-ref --format=%(refname)%00%(upstream:short)%00%(objectname)%00%(upstream:track)%00%(upstream:remotename)%00%(upstream:remoteref) refs/heads/main refs/remotes/main [3ms]
2023-03-26 19:04:30.027 [info] > git status -z -uall [42ms]
2023-03-26 19:04:35.058 [info] > git config --get commit.template [8ms]
2023-03-26 19:04:35.060 [info] > git for-each-ref --format=%(refname)%00%(upstream:short)%00%(objectname)%00%(upstream:track)%00%(upstream:remotename)%00%(upstream:remoteref) refs/heads/main refs/remotes/main [3ms]
2023-03-26 19:04:35.107 [info] > git status -z -uall [41ms]
2023-03-26 19:04:40.149 [info] > git config --get commit.template [12ms]
2023-03-26 19:04:40.155 [info] > git for-each-ref --format=%(refname)%00%(upstream:short)%00%(objectname)%00%(upstream:track)%00%(upstream:remotename)%00%(upstream:remoteref) refs/heads/main refs/remotes/main [10ms]
2023-03-26 19:04:40.240 [info] > git status -z -uall [79ms]
2023-03-26 19:04:45.297 [info] > git config --get commit.template [7ms]
2023-03-26 19:04:45.300 [info] > git for-each-ref --format=%(refname)%00%(upstream:short)%00%(objectname)%00%(upstream:track)%00%(upstream:remotename)%00%(upstream:remoteref) refs/heads/main refs/remotes/main [3ms]
2023-03-26 19:04:45.347 [info] > git status -z -uall [43ms]
2023-03-26 19:04:50.375 [info] > git config --get commit.template [7ms]
2023-03-26 19:04:50.377 [info] > git for-each-ref --format=%(refname)%00%(upstream:short)%00%(objectname)%00%(upstream:track)%00%(upstream:remotename)%00%(upstream:remoteref) refs/heads/main refs/remotes/main [3ms]
2023-03-26 19:04:50.424 [info] > git status -z -uall [42ms]
2023-03-26 19:04:55.454 [info] > git config --get commit.template [9ms]
2023-03-26 19:04:55.457 [info] > git for-each-ref --format=%(refname)%00%(upstream:short)%00%(objectname)%00%(upstream:track)%00%(upstream:remotename)%00%(upstream:remoteref) refs/heads/main refs/remotes/main [3ms]
2023-03-26 19:04:55.505 [info] > git status -z -uall [42ms]
2023-03-26 19:05:00.541 [info] > git config --get commit.template [9ms]
2023-03-26 19:05:00.544 [info] > git for-each-ref --format=%(refname)%00%(upstream:short)%00%(objectname)%00%(upstream:track)%00%(upstream:remotename)%00%(upstream:remoteref) refs/heads/main refs/remotes/main [4ms]
2023-03-26 19:05:00.594 [info] > git status -z -uall [44ms]
2023-03-26 19:05:05.622 [info] > git config --get commit.template [9ms]
2023-03-26 19:05:05.625 [info] > git for-each-ref --format=%(refname)%00%(upstream:short)%00%(objectname)%00%(upstream:track)%00%(upstream:remotename)%00%(upstream:remoteref) refs/heads/main refs/remotes/main [3ms]
2023-03-26 19:05:05.674 [info] > git status -z -uall [43ms]
2023-03-26 19:05:10.704 [info] > git config --get commit.template [9ms]
2023-03-26 19:05:10.707 [info] > git for-each-ref --format=%(refname)%00%(upstream:short)%00%(objectname)%00%(upstream:track)%00%(upstream:remotename)%00%(upstream:remoteref) refs/heads/main refs/remotes/main [4ms]
2023-03-26 19:05:10.757 [info] > git status -z -uall [44ms]
2023-03-26 19:05:15.788 [info] > git config --get commit.template [8ms]
2023-03-26 19:05:15.792 [info] > git for-each-ref --format=%(refname)%00%(upstream:short)%00%(objectname)%00%(upstream:track)%00%(upstream:remotename)%00%(upstream:remoteref) refs/heads/main refs/remotes/main [4ms]
2023-03-26 19:05:15.843 [info] > git status -z -uall [45ms]
2023-03-26 19:05:20.876 [info] > git config --get commit.template [9ms]
2023-03-26 19:05:20.879 [info] > git for-each-ref --format=%(refname)%00%(upstream:short)%00%(objectname)%00%(upstream:track)%00%(upstream:remotename)%00%(upstream:remoteref) refs/heads/main refs/remotes/main [4ms]
2023-03-26 19:05:20.936 [info] > git status -z -uall [50ms]
2023-03-26 19:05:25.976 [info] > git config --get commit.template [11ms]
2023-03-26 19:05:25.979 [info] > git for-each-ref --format=%(refname)%00%(upstream:short)%00%(objectname)%00%(upstream:track)%00%(upstream:remotename)%00%(upstream:remoteref) refs/heads/main refs/remotes/main [3ms]
2023-03-26 19:05:26.030 [info] > git status -z -uall [45ms]
2023-03-26 19:05:31.063 [info] > git config --get commit.template [11ms]
2023-03-26 19:05:31.065 [info] > git for-each-ref --format=%(refname)%00%(upstream:short)%00%(objectname)%00%(upstream:track)%00%(upstream:remotename)%00%(upstream:remoteref) refs/heads/main refs/remotes/main [3ms]
2023-03-26 19:05:31.114 [info] > git status -z -uall [43ms]
2023-03-26 19:05:36.145 [info] > git for-each-ref --format=%(refname)%00%(upstream:short)%00%(objectname)%00%(upstream:track)%00%(upstream:remotename)%00%(upstream:remoteref) refs/heads/main refs/remotes/main [0ms]
2023-03-26 19:05:36.146 [info] > git config --get commit.template [11ms]
2023-03-26 19:05:36.195 [info] > git status -z -uall [43ms]
2023-03-26 19:05:41.228 [info] > git config --get commit.template [9ms]
2023-03-26 19:05:41.230 [info] > git for-each-ref --format=%(refname)%00%(upstream:short)%00%(objectname)%00%(upstream:track)%00%(upstream:remotename)%00%(upstream:remoteref) refs/heads/main refs/remotes/main [3ms]
2023-03-26 19:05:41.281 [info] > git status -z -uall [45ms]
2023-03-26 19:05:46.309 [info] > git config --get commit.template [9ms]
2023-03-26 19:05:46.311 [info] > git for-each-ref --format=%(refname)%00%(upstream:short)%00%(objectname)%00%(upstream:track)%00%(upstream:remotename)%00%(upstream:remoteref) refs/heads/main refs/remotes/main [3ms]
2023-03-26 19:05:46.360 [info] > git status -z -uall [43ms]
2023-03-26 19:05:51.391 [info] > git config --get commit.template [10ms]
2023-03-26 19:05:51.393 [info] > git for-each-ref --format=%(refname)%00%(upstream:short)%00%(objectname)%00%(upstream:track)%00%(upstream:remotename)%00%(upstream:remoteref) refs/heads/main refs/remotes/main [3ms]
2023-03-26 19:05:51.443 [info] > git status -z -uall [44ms]
2023-03-26 19:05:56.483 [info] > git config --get commit.template [14ms]
2023-03-26 19:05:56.487 [info] > git for-each-ref --format=%(refname)%00%(upstream:short)%00%(objectname)%00%(upstream:track)%00%(upstream:remotename)%00%(upstream:remoteref) refs/heads/main refs/remotes/main [6ms]
2023-03-26 19:05:56.538 [info] > git status -z -uall [43ms]
2023-03-26 19:06:01.567 [info] > git config --get commit.template [9ms]
2023-03-26 19:06:01.570 [info] > git for-each-ref --format=%(refname)%00%(upstream:short)%00%(objectname)%00%(upstream:track)%00%(upstream:remotename)%00%(upstream:remoteref) refs/heads/main refs/remotes/main [3ms]
2023-03-26 19:06:01.620 [info] > git status -z -uall [43ms]
2023-03-26 19:06:06.646 [info] > git config --get commit.template [8ms]
2023-03-26 19:06:06.648 [info] > git for-each-ref --format=%(refname)%00%(upstream:short)%00%(objectname)%00%(upstream:track)%00%(upstream:remotename)%00%(upstream:remoteref) refs/heads/main refs/remotes/main [3ms]
2023-03-26 19:06:06.695 [info] > git status -z -uall [41ms]
2023-03-26 19:06:11.731 [info] > git config --get commit.template [9ms]
2023-03-26 19:06:11.735 [info] > git for-each-ref --format=%(refname)%00%(upstream:short)%00%(objectname)%00%(upstream:track)%00%(upstream:remotename)%00%(upstream:remoteref) refs/heads/main refs/remotes/main [5ms]
2023-03-26 19:06:11.784 [info] > git status -z -uall [43ms]
2023-03-26 19:06:16.814 [info] > git config --get commit.template [9ms]
2023-03-26 19:06:16.818 [info] > git for-each-ref --format=%(refname)%00%(upstream:short)%00%(objectname)%00%(upstream:track)%00%(upstream:remotename)%00%(upstream:remoteref) refs/heads/main refs/remotes/main [4ms]
2023-03-26 19:06:16.867 [info] > git status -z -uall [44ms]
2023-03-26 19:06:21.898 [info] > git config --get commit.template [9ms]
2023-03-26 19:06:21.900 [info] > git for-each-ref --format=%(refname)%00%(upstream:short)%00%(objectname)%00%(upstream:track)%00%(upstream:remotename)%00%(upstream:remoteref) refs/heads/main refs/remotes/main [2ms]
2023-03-26 19:06:21.949 [info] > git status -z -uall [43ms]
2023-03-26 19:06:26.978 [info] > git config --get commit.template [7ms]
2023-03-26 19:06:26.980 [info] > git for-each-ref --format=%(refname)%00%(upstream:short)%00%(objectname)%00%(upstream:track)%00%(upstream:remotename)%00%(upstream:remoteref) refs/heads/main refs/remotes/main [3ms]
2023-03-26 19:06:27.029 [info] > git status -z -uall [43ms]
2023-03-26 19:06:32.056 [info] > git config --get commit.template [8ms]
2023-03-26 19:06:32.058 [info] > git for-each-ref --format=%(refname)%00%(upstream:short)%00%(objectname)%00%(upstream:track)%00%(upstream:remotename)%00%(upstream:remoteref) refs/heads/main refs/remotes/main [3ms]
2023-03-26 19:06:32.105 [info] > git status -z -uall [42ms]
2023-03-26 19:06:37.132 [info] > git config --get commit.template [7ms]
2023-03-26 19:06:37.135 [info] > git for-each-ref --format=%(refname)%00%(upstream:short)%00%(objectname)%00%(upstream:track)%00%(upstream:remotename)%00%(upstream:remoteref) refs/heads/main refs/remotes/main [3ms]
2023-03-26 19:06:37.182 [info] > git status -z -uall [42ms]
2023-03-26 19:06:42.213 [info] > git config --get commit.template [10ms]
2023-03-26 19:06:42.215 [info] > git for-each-ref --format=%(refname)%00%(upstream:short)%00%(objectname)%00%(upstream:track)%00%(upstream:remotename)%00%(upstream:remoteref) refs/heads/main refs/remotes/main [4ms]
2023-03-26 19:06:42.264 [info] > git status -z -uall [43ms]
2023-03-26 19:06:47.293 [info] > git config --get commit.template [8ms]
2023-03-26 19:06:47.295 [info] > git for-each-ref --format=%(refname)%00%(upstream:short)%00%(objectname)%00%(upstream:track)%00%(upstream:remotename)%00%(upstream:remoteref) refs/heads/main refs/remotes/main [3ms]
2023-03-26 19:06:47.345 [info] > git status -z -uall [44ms]
2023-03-26 19:06:52.375 [info] > git config --get commit.template [9ms]
2023-03-26 19:06:52.378 [info] > git for-each-ref --format=%(refname)%00%(upstream:short)%00%(objectname)%00%(upstream:track)%00%(upstream:remotename)%00%(upstream:remoteref) refs/heads/main refs/remotes/main [2ms]
2023-03-26 19:06:52.427 [info] > git status -z -uall [42ms]
2023-03-26 19:06:57.459 [info] > git config --get commit.template [9ms]
2023-03-26 19:06:57.462 [info] > git for-each-ref --format=%(refname)%00%(upstream:short)%00%(objectname)%00%(upstream:track)%00%(upstream:remotename)%00%(upstream:remoteref) refs/heads/main refs/remotes/main [3ms]
2023-03-26 19:06:57.510 [info] > git status -z -uall [42ms]
2023-03-26 19:07:02.542 [info] > git config --get commit.template [9ms]
2023-03-26 19:07:02.544 [info] > git for-each-ref --format=%(refname)%00%(upstream:short)%00%(objectname)%00%(upstream:track)%00%(upstream:remotename)%00%(upstream:remoteref) refs/heads/main refs/remotes/main [3ms]
2023-03-26 19:07:02.593 [info] > git status -z -uall [43ms]
2023-03-26 19:07:07.624 [info] > git config --get commit.template [9ms]
2023-03-26 19:07:07.627 [info] > git for-each-ref --format=%(refname)%00%(upstream:short)%00%(objectname)%00%(upstream:track)%00%(upstream:remotename)%00%(upstream:remoteref) refs/heads/main refs/remotes/main [3ms]
2023-03-26 19:07:07.679 [info] > git status -z -uall [46ms]
2023-03-26 19:07:12.709 [info] > git config --get commit.template [8ms]
2023-03-26 19:07:12.712 [info] > git for-each-ref --format=%(refname)%00%(upstream:short)%00%(objectname)%00%(upstream:track)%00%(upstream:remotename)%00%(upstream:remoteref) refs/heads/main refs/remotes/main [4ms]
2023-03-26 19:07:12.761 [info] > git status -z -uall [43ms]
2023-03-26 19:07:17.790 [info] > git config --get commit.template [9ms]
2023-03-26 19:07:17.793 [info] > git for-each-ref --format=%(refname)%00%(upstream:short)%00%(objectname)%00%(upstream:track)%00%(upstream:remotename)%00%(upstream:remoteref) refs/heads/main refs/remotes/main [2ms]
2023-03-26 19:07:17.843 [info] > git status -z -uall [45ms]
2023-03-26 19:07:22.874 [info] > git config --get commit.template [8ms]
2023-03-26 19:07:22.876 [info] > git for-each-ref --format=%(refname)%00%(upstream:short)%00%(objectname)%00%(upstream:track)%00%(upstream:remotename)%00%(upstream:remoteref) refs/heads/main refs/remotes/main [2ms]
2023-03-26 19:07:22.926 [info] > git status -z -uall [44ms]
2023-03-26 19:07:27.963 [info] > git config --get commit.template [9ms]
2023-03-26 19:07:27.965 [info] > git for-each-ref --format=%(refname)%00%(upstream:short)%00%(objectname)%00%(upstream:track)%00%(upstream:remotename)%00%(upstream:remoteref) refs/heads/main refs/remotes/main [2ms]
2023-03-26 19:07:28.017 [info] > git status -z -uall [46ms]
2023-03-26 19:07:33.047 [info] > git config --get commit.template [9ms]
2023-03-26 19:07:33.049 [info] > git for-each-ref --format=%(refname)%00%(upstream:short)%00%(objectname)%00%(upstream:track)%00%(upstream:remotename)%00%(upstream:remoteref) refs/heads/main refs/remotes/main [3ms]
2023-03-26 19:07:33.098 [info] > git status -z -uall [43ms]
2023-03-26 19:07:38.129 [info] > git for-each-ref --format=%(refname)%00%(upstream:short)%00%(objectname)%00%(upstream:track)%00%(upstream:remotename)%00%(upstream:remoteref) refs/heads/main refs/remotes/main [1ms]
2023-03-26 19:07:38.130 [info] > git config --get commit.template [11ms]
2023-03-26 19:07:38.182 [info] > git status -z -uall [44ms]
2023-03-26 19:07:43.209 [info] > git config --get commit.template [8ms]
2023-03-26 19:07:43.212 [info] > git for-each-ref --format=%(refname)%00%(upstream:short)%00%(objectname)%00%(upstream:track)%00%(upstream:remotename)%00%(upstream:remoteref) refs/heads/main refs/remotes/main [3ms]
2023-03-26 19:07:43.262 [info] > git status -z -uall [44ms]
2023-03-26 19:07:48.294 [info] > git config --get commit.template [12ms]
2023-03-26 19:07:48.296 [info] > git for-each-ref --format=%(refname)%00%(upstream:short)%00%(objectname)%00%(upstream:track)%00%(upstream:remotename)%00%(upstream:remoteref) refs/heads/main refs/remotes/main [6ms]
2023-03-26 19:07:48.345 [info] > git status -z -uall [42ms]
2023-03-26 19:07:53.373 [info] > git config --get commit.template [9ms]
2023-03-26 19:07:53.375 [info] > git for-each-ref --format=%(refname)%00%(upstream:short)%00%(objectname)%00%(upstream:track)%00%(upstream:remotename)%00%(upstream:remoteref) refs/heads/main refs/remotes/main [3ms]
2023-03-26 19:07:53.450 [info] > git status -z -uall [68ms]
2023-03-26 19:07:58.508 [info] > git config --get commit.template [11ms]
2023-03-26 19:07:58.510 [info] > git for-each-ref --format=%(refname)%00%(upstream:short)%00%(objectname)%00%(upstream:track)%00%(upstream:remotename)%00%(upstream:remoteref) refs/heads/main refs/remotes/main [3ms]
2023-03-26 19:07:58.558 [info] > git status -z -uall [42ms]
2023-03-26 19:08:03.597 [info] > git config --get commit.template [12ms]
2023-03-26 19:08:03.599 [info] > git for-each-ref --format=%(refname)%00%(upstream:short)%00%(objectname)%00%(upstream:track)%00%(upstream:remotename)%00%(upstream:remoteref) refs/heads/main refs/remotes/main [3ms]
2023-03-26 19:08:03.662 [info] > git status -z -uall [54ms]
2023-03-26 19:08:08.694 [info] > git config --get commit.template [8ms]
2023-03-26 19:08:08.697 [info] > git for-each-ref --format=%(refname)%00%(upstream:short)%00%(objectname)%00%(upstream:track)%00%(upstream:remotename)%00%(upstream:remoteref) refs/heads/main refs/remotes/main [4ms]
2023-03-26 19:08:08.836 [info] > git status -z -uall [133ms]
2023-03-26 19:08:09.859 [info] > git ls-files --stage -- /web/users/projects/202223/quicknotes/QN/contactpage3.php [9ms]
2023-03-26 19:08:09.867 [info] > git ls-files --stage -- /web/users/projects/202223/quicknotes/QN/sendbutton/index.html [26ms]
2023-03-26 19:08:09.875 [info] > git ls-files --stage -- /web/users/projects/202223/quicknotes/QN/TeamPage.php [45ms]
2023-03-26 19:08:09.884 [info] > git cat-file -s 876be7cd37087c0f2d8ac50c6ab8596543939f72 [10ms]
2023-03-26 19:08:09.885 [info] > git cat-file -s f7dd84d4992db5fb137833d2e22b9891cc254483 [18ms]
2023-03-26 19:08:09.886 [info] > git ls-files --stage -- /web/users/projects/202223/quicknotes/QN/contactpage.php [28ms]
2023-03-26 19:08:09.893 [info] > git cat-file -s 118f6e97d13a356dd43bdf302f3f0dec6c4cd28b [8ms]
2023-03-26 19:08:09.896 [info] > git cat-file -s 52ec28c6d862394f58202985603b9f09533b59f2 [4ms]
2023-03-26 19:08:09.954 [info] > git show --textconv :QN/sendbutton/index.html [29ms]
2023-03-26 19:08:09.954 [info] > git show --textconv :QN/contactpage3.php [20ms]
2023-03-26 19:08:09.954 [info] > git show --textconv :QN/TeamPage.php [10ms]
2023-03-26 19:08:09.960 [info] > git show --textconv :QN/contactpage.php [6ms]
2023-03-26 19:08:13.865 [info] > git config --get commit.template [11ms]
2023-03-26 19:08:13.868 [info] > git for-each-ref --format=%(refname)%00%(upstream:short)%00%(objectname)%00%(upstream:track)%00%(upstream:remotename)%00%(upstream:remoteref) refs/heads/main refs/remotes/main [5ms]
2023-03-26 19:08:13.935 [info] > git status -z -uall [60ms]
2023-03-26 19:08:18.964 [info] > git config --get commit.template [9ms]
2023-03-26 19:08:18.966 [info] > git for-each-ref --format=%(refname)%00%(upstream:short)%00%(objectname)%00%(upstream:track)%00%(upstream:remotename)%00%(upstream:remoteref) refs/heads/main refs/remotes/main [3ms]
2023-03-26 19:08:19.030 [info] > git status -z -uall [59ms]
