2023-03-15 18:11:49.070 [info] Log level: Info
2023-03-15 18:11:49.070 [info] Validating found git in: "git"
2023-03-15 18:11:49.070 [info] Using git "2.25.1" from "git"
2023-03-15 18:11:49.071 [info] > git rev-parse --show-toplevel [27ms]
2023-03-15 18:11:49.071 [info] fatal: not a git repository (or any parent up to mount point /web/users)
Stopping at filesystem boundary (GIT_DISCOVERY_ACROSS_FILESYSTEM not set).
2023-03-15 18:11:49.071 [info] > git rev-parse --show-toplevel [4ms]
2023-03-15 18:11:49.071 [info] fatal: not a git repository (or any parent up to mount point /web/users)
Stopping at filesystem boundary (GIT_DISCOVERY_ACROSS_FILESYSTEM not set).
2023-03-15 18:11:49.071 [info] > git rev-parse --show-toplevel [1ms]
2023-03-15 18:11:49.072 [info] fatal: not a git repository (or any parent up to mount point /web/users)
Stopping at filesystem boundary (GIT_DISCOVERY_ACROSS_FILESYSTEM not set).
2023-03-15 18:11:49.072 [info] > git rev-parse --show-toplevel [3ms]
2023-03-15 18:11:49.072 [info] fatal: not a git repository (or any parent up to mount point /web/users)
Stopping at filesystem boundary (GIT_DISCOVERY_ACROSS_FILESYSTEM not set).
2023-03-15 18:11:49.072 [info] > git rev-parse --show-toplevel [2ms]
2023-03-15 18:11:49.073 [info] fatal: not a git repository (or any parent up to mount point /web/users)
Stopping at filesystem boundary (GIT_DISCOVERY_ACROSS_FILESYSTEM not set).
2023-03-15 18:11:49.073 [info] > git rev-parse --show-toplevel [2ms]
2023-03-15 18:11:49.073 [info] fatal: not a git repository (or any parent up to mount point /web/users)
Stopping at filesystem boundary (GIT_DISCOVERY_ACROSS_FILESYSTEM not set).
2023-03-15 18:11:49.074 [info] > git rev-parse --show-toplevel [9ms]
2023-03-15 18:11:49.075 [info] fatal: not a git repository (or any parent up to mount point /web/users)
Stopping at filesystem boundary (GIT_DISCOVERY_ACROSS_FILESYSTEM not set).
2023-03-15 18:18:13.263 [info] > git rev-parse --show-toplevel [107ms]
2023-03-15 18:18:13.263 [info] fatal: not a git repository (or any parent up to mount point /web/users)
Stopping at filesystem boundary (GIT_DISCOVERY_ACROSS_FILESYSTEM not set).
2023-03-15 18:18:14.726 [info] > git rev-parse --show-toplevel [64ms]
2023-03-15 18:18:14.726 [info] fatal: not a git repository (or any parent up to mount point /web/users)
Stopping at filesystem boundary (GIT_DISCOVERY_ACROSS_FILESYSTEM not set).
2023-03-15 18:18:35.896 [info] > git rev-parse --show-toplevel [7ms]
2023-03-15 18:18:35.896 [info] fatal: not a git repository (or any parent up to mount point /web/users)
Stopping at filesystem boundary (GIT_DISCOVERY_ACROSS_FILESYSTEM not set).
2023-03-15 18:18:55.010 [info] > git rev-parse --show-toplevel [7ms]
2023-03-15 18:18:55.010 [info] fatal: not a git repository (or any parent up to mount point /web/users)
Stopping at filesystem boundary (GIT_DISCOVERY_ACROSS_FILESYSTEM not set).
2023-03-15 18:18:56.270 [info] > git rev-parse --show-toplevel [9ms]
2023-03-15 18:18:56.271 [info] fatal: not a git repository (or any parent up to mount point /web/users)
Stopping at filesystem boundary (GIT_DISCOVERY_ACROSS_FILESYSTEM not set).
2023-03-15 18:19:03.428 [info] > git rev-parse --show-toplevel [7ms]
2023-03-15 18:19:03.428 [info] fatal: not a git repository (or any parent up to mount point /web/users)
Stopping at filesystem boundary (GIT_DISCOVERY_ACROSS_FILESYSTEM not set).
2023-03-15 18:19:09.705 [info] > git rev-parse --show-toplevel [8ms]
2023-03-15 18:19:09.705 [info] fatal: not a git repository (or any parent up to mount point /web/users)
Stopping at filesystem boundary (GIT_DISCOVERY_ACROSS_FILESYSTEM not set).
2023-03-15 18:19:12.230 [info] > git rev-parse --show-toplevel [6ms]
2023-03-15 18:19:12.231 [info] fatal: not a git repository (or any parent up to mount point /web/users)
Stopping at filesystem boundary (GIT_DISCOVERY_ACROSS_FILESYSTEM not set).
2023-03-15 18:50:23.816 [info] > git rev-parse --show-toplevel [16ms]
2023-03-15 18:50:23.817 [info] fatal: not a git repository (or any parent up to mount point /web/users)
Stopping at filesystem boundary (GIT_DISCOVERY_ACROSS_FILESYSTEM not set).
