2023-03-20 19:33:30.050 [info] Log level: Info
2023-03-20 19:33:30.050 [info] Validating found git in: "git"
2023-03-20 19:33:30.050 [info] Using git "2.25.1" from "git"
2023-03-20 19:33:30.050 [info] > git rev-parse --show-toplevel [386ms]
2023-03-20 19:33:30.051 [info] > git rev-parse --git-dir --git-common-dir [3ms]
2023-03-20 19:33:30.051 [info] Open repository: /web/users/projects/202223/quicknotes
2023-03-20 19:33:30.051 [info] > git rev-parse --show-toplevel [59ms]
2023-03-20 19:33:30.051 [info] > git for-each-ref --format=%(refname)%00%(upstream:short)%00%(objectname)%00%(upstream:track)%00%(upstream:remotename)%00%(upstream:remoteref) refs/heads/main refs/remotes/main [43ms]
2023-03-20 19:33:30.051 [info] > git rev-parse --show-toplevel [43ms]
2023-03-20 19:33:30.051 [info] > git status -z -uall [239ms]
2023-03-20 19:33:30.051 [info] > git rev-parse --show-toplevel [198ms]
2023-03-20 19:33:30.051 [info] > git rev-parse --show-toplevel [89ms]
2023-03-20 19:33:30.051 [info] > git rev-parse --show-toplevel [71ms]
2023-03-20 19:33:30.051 [info] > git for-each-ref --format=%(refname)%00%(upstream:short)%00%(objectname)%00%(upstream:track)%00%(upstream:remotename)%00%(upstream:remoteref) refs/heads/main refs/remotes/main [164ms]
2023-03-20 19:33:30.051 [info] > git rev-parse --show-toplevel [6ms]
2023-03-20 19:33:30.051 [info] > git status -z -uall [84ms]
2023-03-20 19:33:30.051 [info] > git rev-parse --show-toplevel [70ms]
2023-03-20 19:33:30.052 [info] > git rev-parse --show-toplevel [7ms]
2023-03-20 19:33:30.052 [info] > git rev-parse --show-toplevel [53ms]
2023-03-20 19:33:30.052 [info] > git check-ignore -v -z --stdin [36ms]
2023-03-20 19:33:30.052 [info] > git ls-files --stage -- /web/users/projects/202223/quicknotes/Testing/main.php [6ms]
2023-03-20 19:33:30.052 [info] > git show --textconv :Testing/main.php [47ms]
2023-03-20 19:33:30.052 [info] > git cat-file -s ce3410328dec40a61ec965eb77b74327433d216e [28ms]
2023-03-20 19:34:14.188 [info] > git for-each-ref --format=%(refname)%00%(upstream:short)%00%(objectname)%00%(upstream:track)%00%(upstream:remotename)%00%(upstream:remoteref) refs/heads/main refs/remotes/main [7ms]
2023-03-20 19:34:14.237 [info] > git status -z -uall [43ms]
2023-03-20 19:34:19.261 [info] > git for-each-ref --format=%(refname)%00%(upstream:short)%00%(objectname)%00%(upstream:track)%00%(upstream:remotename)%00%(upstream:remoteref) refs/heads/main refs/remotes/main [2ms]
2023-03-20 19:34:19.308 [info] > git status -z -uall [42ms]
2023-03-20 19:34:27.317 [info] > git for-each-ref --format=%(refname)%00%(upstream:short)%00%(objectname)%00%(upstream:track)%00%(upstream:remotename)%00%(upstream:remoteref) refs/heads/main refs/remotes/main [5ms]
2023-03-20 19:34:27.378 [info] > git status -z -uall [56ms]
2023-03-20 19:34:29.739 [info] > git log --oneline --cherry main...main@{upstream} -- [2381ms]
2023-03-20 19:34:29.761 [info] > git pull --tags origin main [16ms]
2023-03-20 19:34:29.761 [info] error: You have not concluded your merge (MERGE_HEAD exists).
hint: Please, commit your changes before merging.
fatal: Exiting because of unfinished merge.
2023-03-20 19:34:29.772 [info] > git for-each-ref --format=%(refname)%00%(upstream:short)%00%(objectname)%00%(upstream:track)%00%(upstream:remotename)%00%(upstream:remoteref) refs/heads/main refs/remotes/main [3ms]
2023-03-20 19:34:29.821 [info] > git status -z -uall [45ms]
2023-03-20 19:34:33.431 [info] > git for-each-ref --format=%(refname)%00%(upstream:short)%00%(objectname)%00%(upstream:track)%00%(upstream:remotename)%00%(upstream:remoteref) refs/heads/main refs/remotes/main [5ms]
2023-03-20 19:34:33.487 [info] > git status -z -uall [50ms]
2023-03-20 19:35:09.418 [info] > git for-each-ref --format=%(refname)%00%(upstream:short)%00%(objectname)%00%(upstream:track)%00%(upstream:remotename)%00%(upstream:remoteref) refs/heads/main refs/remotes/main [3ms]
2023-03-20 19:35:09.485 [info] > git status -z -uall [61ms]
2023-03-20 19:35:14.510 [info] > git for-each-ref --format=%(refname)%00%(upstream:short)%00%(objectname)%00%(upstream:track)%00%(upstream:remotename)%00%(upstream:remoteref) refs/heads/main refs/remotes/main [2ms]
2023-03-20 19:35:14.559 [info] > git status -z -uall [44ms]
2023-03-20 19:35:19.586 [info] > git for-each-ref --format=%(refname)%00%(upstream:short)%00%(objectname)%00%(upstream:track)%00%(upstream:remotename)%00%(upstream:remoteref) refs/heads/main refs/remotes/main [3ms]
2023-03-20 19:35:19.638 [info] > git status -z -uall [45ms]
2023-03-20 19:35:24.660 [info] > git for-each-ref --format=%(refname)%00%(upstream:short)%00%(objectname)%00%(upstream:track)%00%(upstream:remotename)%00%(upstream:remoteref) refs/heads/main refs/remotes/main [3ms]
2023-03-20 19:35:24.711 [info] > git status -z -uall [45ms]
2023-03-20 19:35:29.267 [info] > git show --textconv :Testing/account.php [13ms]
2023-03-20 19:35:29.272 [info] > git ls-files --stage -- /web/users/projects/202223/quicknotes/Testing/account.php [6ms]
2023-03-20 19:35:29.334 [info] > git check-ignore -v -z --stdin [5ms]
2023-03-20 19:35:29.734 [info] > git for-each-ref --format=%(refname)%00%(upstream:short)%00%(objectname)%00%(upstream:track)%00%(upstream:remotename)%00%(upstream:remoteref) refs/heads/main refs/remotes/main [4ms]
2023-03-20 19:35:29.788 [info] > git status -z -uall [44ms]
2023-03-20 19:35:34.821 [info] > git for-each-ref --format=%(refname)%00%(upstream:short)%00%(objectname)%00%(upstream:track)%00%(upstream:remotename)%00%(upstream:remoteref) refs/heads/main refs/remotes/main [3ms]
2023-03-20 19:35:34.872 [info] > git status -z -uall [46ms]
2023-03-20 19:35:39.895 [info] > git for-each-ref --format=%(refname)%00%(upstream:short)%00%(objectname)%00%(upstream:track)%00%(upstream:remotename)%00%(upstream:remoteref) refs/heads/main refs/remotes/main [3ms]
2023-03-20 19:35:39.943 [info] > git status -z -uall [42ms]
2023-03-20 19:35:44.972 [info] > git for-each-ref --format=%(refname)%00%(upstream:short)%00%(objectname)%00%(upstream:track)%00%(upstream:remotename)%00%(upstream:remoteref) refs/heads/main refs/remotes/main [3ms]
2023-03-20 19:35:45.022 [info] > git status -z -uall [43ms]
2023-03-20 19:35:50.042 [info] > git for-each-ref --format=%(refname)%00%(upstream:short)%00%(objectname)%00%(upstream:track)%00%(upstream:remotename)%00%(upstream:remoteref) refs/heads/main refs/remotes/main [2ms]
2023-03-20 19:35:50.092 [info] > git status -z -uall [44ms]
2023-03-20 19:35:55.115 [info] > git for-each-ref --format=%(refname)%00%(upstream:short)%00%(objectname)%00%(upstream:track)%00%(upstream:remotename)%00%(upstream:remoteref) refs/heads/main refs/remotes/main [3ms]
2023-03-20 19:35:55.171 [info] > git status -z -uall [49ms]
2023-03-20 19:36:00.198 [info] > git for-each-ref --format=%(refname)%00%(upstream:short)%00%(objectname)%00%(upstream:track)%00%(upstream:remotename)%00%(upstream:remoteref) refs/heads/main refs/remotes/main [3ms]
2023-03-20 19:36:00.246 [info] > git status -z -uall [42ms]
2023-03-20 19:36:05.268 [info] > git for-each-ref --format=%(refname)%00%(upstream:short)%00%(objectname)%00%(upstream:track)%00%(upstream:remotename)%00%(upstream:remoteref) refs/heads/main refs/remotes/main [4ms]
2023-03-20 19:36:05.324 [info] > git status -z -uall [50ms]
2023-03-20 19:36:10.340 [info] > git for-each-ref --format=%(refname)%00%(upstream:short)%00%(objectname)%00%(upstream:track)%00%(upstream:remotename)%00%(upstream:remoteref) refs/heads/main refs/remotes/main [2ms]
2023-03-20 19:36:10.396 [info] > git status -z -uall [51ms]
2023-03-20 19:36:15.421 [info] > git for-each-ref --format=%(refname)%00%(upstream:short)%00%(objectname)%00%(upstream:track)%00%(upstream:remotename)%00%(upstream:remoteref) refs/heads/main refs/remotes/main [2ms]
2023-03-20 19:36:15.470 [info] > git status -z -uall [43ms]
2023-03-20 19:36:16.143 [info] > git show --textconv :Testing/style3.css [9ms]
2023-03-20 19:36:16.148 [info] > git ls-files --stage -- /web/users/projects/202223/quicknotes/Testing/style3.css [7ms]
2023-03-20 19:36:16.269 [info] > git check-ignore -v -z --stdin [5ms]
2023-03-20 19:36:20.490 [info] > git for-each-ref --format=%(refname)%00%(upstream:short)%00%(objectname)%00%(upstream:track)%00%(upstream:remotename)%00%(upstream:remoteref) refs/heads/main refs/remotes/main [3ms]
2023-03-20 19:36:20.537 [info] > git status -z -uall [41ms]
2023-03-20 19:36:25.572 [info] > git for-each-ref --format=%(refname)%00%(upstream:short)%00%(objectname)%00%(upstream:track)%00%(upstream:remotename)%00%(upstream:remoteref) refs/heads/main refs/remotes/main [3ms]
2023-03-20 19:36:25.621 [info] > git status -z -uall [43ms]
2023-03-20 19:37:07.108 [info] > git for-each-ref --format=%(refname)%00%(upstream:short)%00%(objectname)%00%(upstream:track)%00%(upstream:remotename)%00%(upstream:remoteref) refs/heads/main refs/remotes/main [2ms]
2023-03-20 19:37:07.160 [info] > git status -z -uall [47ms]
2023-03-20 19:37:14.798 [info] > git for-each-ref --format=%(refname)%00%(upstream:short)%00%(objectname)%00%(upstream:track)%00%(upstream:remotename)%00%(upstream:remoteref) refs/heads/main refs/remotes/main [2ms]
2023-03-20 19:37:14.848 [info] > git status -z -uall [43ms]
2023-03-20 19:37:19.869 [info] > git for-each-ref --format=%(refname)%00%(upstream:short)%00%(objectname)%00%(upstream:track)%00%(upstream:remotename)%00%(upstream:remoteref) refs/heads/main refs/remotes/main [4ms]
2023-03-20 19:37:19.922 [info] > git status -z -uall [44ms]
2023-03-20 19:37:23.739 [info] > git show --textconv :Testing/style.css [24ms]
2023-03-20 19:37:23.763 [info] > git ls-files --stage -- /web/users/projects/202223/quicknotes/Testing/style.css [26ms]
2023-03-20 19:37:23.785 [info] > git check-ignore -v -z --stdin [23ms]
2023-03-20 19:37:24.950 [info] > git for-each-ref --format=%(refname)%00%(upstream:short)%00%(objectname)%00%(upstream:track)%00%(upstream:remotename)%00%(upstream:remoteref) refs/heads/main refs/remotes/main [7ms]
2023-03-20 19:37:25.000 [info] > git status -z -uall [42ms]
2023-03-20 19:37:32.360 [info] > git for-each-ref --format=%(refname)%00%(upstream:short)%00%(objectname)%00%(upstream:track)%00%(upstream:remotename)%00%(upstream:remoteref) refs/heads/main refs/remotes/main [3ms]
2023-03-20 19:37:32.411 [info] > git status -z -uall [45ms]
2023-03-20 19:37:37.434 [info] > git for-each-ref --format=%(refname)%00%(upstream:short)%00%(objectname)%00%(upstream:track)%00%(upstream:remotename)%00%(upstream:remoteref) refs/heads/main refs/remotes/main [4ms]
2023-03-20 19:37:37.482 [info] > git status -z -uall [43ms]
2023-03-20 19:37:42.506 [info] > git for-each-ref --format=%(refname)%00%(upstream:short)%00%(objectname)%00%(upstream:track)%00%(upstream:remotename)%00%(upstream:remoteref) refs/heads/main refs/remotes/main [5ms]
2023-03-20 19:37:42.555 [info] > git status -z -uall [43ms]
2023-03-20 19:37:47.578 [info] > git for-each-ref --format=%(refname)%00%(upstream:short)%00%(objectname)%00%(upstream:track)%00%(upstream:remotename)%00%(upstream:remoteref) refs/heads/main refs/remotes/main [3ms]
2023-03-20 19:37:47.626 [info] > git status -z -uall [42ms]
2023-03-20 19:38:05.490 [info] > git for-each-ref --format=%(refname)%00%(upstream:short)%00%(objectname)%00%(upstream:track)%00%(upstream:remotename)%00%(upstream:remoteref) refs/heads/main refs/remotes/main [3ms]
2023-03-20 19:38:05.539 [info] > git status -z -uall [44ms]
2023-03-20 19:38:10.561 [info] > git for-each-ref --format=%(refname)%00%(upstream:short)%00%(objectname)%00%(upstream:track)%00%(upstream:remotename)%00%(upstream:remoteref) refs/heads/main refs/remotes/main [3ms]
2023-03-20 19:38:10.616 [info] > git status -z -uall [49ms]
2023-03-20 19:38:15.636 [info] > git for-each-ref --format=%(refname)%00%(upstream:short)%00%(objectname)%00%(upstream:track)%00%(upstream:remotename)%00%(upstream:remoteref) refs/heads/main refs/remotes/main [2ms]
2023-03-20 19:38:15.685 [info] > git status -z -uall [43ms]
2023-03-20 19:38:20.706 [info] > git for-each-ref --format=%(refname)%00%(upstream:short)%00%(objectname)%00%(upstream:track)%00%(upstream:remotename)%00%(upstream:remoteref) refs/heads/main refs/remotes/main [3ms]
2023-03-20 19:38:20.755 [info] > git status -z -uall [43ms]
2023-03-20 19:38:25.776 [info] > git for-each-ref --format=%(refname)%00%(upstream:short)%00%(objectname)%00%(upstream:track)%00%(upstream:remotename)%00%(upstream:remoteref) refs/heads/main refs/remotes/main [3ms]
2023-03-20 19:38:25.916 [info] > git status -z -uall [120ms]
2023-03-20 19:38:31.931 [info] > git for-each-ref --format=%(refname)%00%(upstream:short)%00%(objectname)%00%(upstream:track)%00%(upstream:remotename)%00%(upstream:remoteref) refs/heads/main refs/remotes/main [8ms]
2023-03-20 19:38:32.033 [info] > git status -z -uall [91ms]
2023-03-20 19:38:37.059 [info] > git for-each-ref --format=%(refname)%00%(upstream:short)%00%(objectname)%00%(upstream:track)%00%(upstream:remotename)%00%(upstream:remoteref) refs/heads/main refs/remotes/main [5ms]
2023-03-20 19:38:37.152 [info] > git status -z -uall [84ms]
2023-03-20 19:39:00.650 [info] > git for-each-ref --format=%(refname)%00%(upstream:short)%00%(objectname)%00%(upstream:track)%00%(upstream:remotename)%00%(upstream:remoteref) refs/heads/main refs/remotes/main [3ms]
2023-03-20 19:39:00.701 [info] > git status -z -uall [45ms]
2023-03-20 19:39:05.724 [info] > git for-each-ref --format=%(refname)%00%(upstream:short)%00%(objectname)%00%(upstream:track)%00%(upstream:remotename)%00%(upstream:remoteref) refs/heads/main refs/remotes/main [3ms]
2023-03-20 19:39:05.776 [info] > git status -z -uall [46ms]
2023-03-20 19:39:10.797 [info] > git for-each-ref --format=%(refname)%00%(upstream:short)%00%(objectname)%00%(upstream:track)%00%(upstream:remotename)%00%(upstream:remoteref) refs/heads/main refs/remotes/main [2ms]
2023-03-20 19:39:10.851 [info] > git status -z -uall [46ms]
2023-03-20 19:39:15.645 [info] > git show --textconv :Testing/styles.css [11ms]
2023-03-20 19:39:15.649 [info] > git ls-files --stage -- /web/users/projects/202223/quicknotes/Testing/styles.css [7ms]
2023-03-20 19:39:15.790 [info] > git check-ignore -v -z --stdin [5ms]
2023-03-20 19:39:15.877 [info] > git for-each-ref --format=%(refname)%00%(upstream:short)%00%(objectname)%00%(upstream:track)%00%(upstream:remotename)%00%(upstream:remoteref) refs/heads/main refs/remotes/main [4ms]
2023-03-20 19:39:15.931 [info] > git status -z -uall [48ms]
2023-03-20 19:39:54.194 [info] > git for-each-ref --format=%(refname)%00%(upstream:short)%00%(objectname)%00%(upstream:track)%00%(upstream:remotename)%00%(upstream:remoteref) refs/heads/main refs/remotes/main [2ms]
2023-03-20 19:39:54.242 [info] > git status -z -uall [43ms]
2023-03-20 19:39:59.266 [info] > git for-each-ref --format=%(refname)%00%(upstream:short)%00%(objectname)%00%(upstream:track)%00%(upstream:remotename)%00%(upstream:remoteref) refs/heads/main refs/remotes/main [3ms]
2023-03-20 19:39:59.315 [info] > git status -z -uall [44ms]
2023-03-20 19:40:06.893 [info] > git for-each-ref --format=%(refname)%00%(upstream:short)%00%(objectname)%00%(upstream:track)%00%(upstream:remotename)%00%(upstream:remoteref) refs/heads/main refs/remotes/main [2ms]
2023-03-20 19:40:06.949 [info] > git status -z -uall [47ms]
2023-03-20 19:40:11.970 [info] > git for-each-ref --format=%(refname)%00%(upstream:short)%00%(objectname)%00%(upstream:track)%00%(upstream:remotename)%00%(upstream:remoteref) refs/heads/main refs/remotes/main [3ms]
2023-03-20 19:40:12.020 [info] > git status -z -uall [45ms]
2023-03-20 19:40:56.360 [info] > git for-each-ref --format=%(refname)%00%(upstream:short)%00%(objectname)%00%(upstream:track)%00%(upstream:remotename)%00%(upstream:remoteref) refs/heads/main refs/remotes/main [2ms]
2023-03-20 19:40:56.412 [info] > git status -z -uall [47ms]
2023-03-20 19:41:01.434 [info] > git for-each-ref --format=%(refname)%00%(upstream:short)%00%(objectname)%00%(upstream:track)%00%(upstream:remotename)%00%(upstream:remoteref) refs/heads/main refs/remotes/main [2ms]
2023-03-20 19:41:01.485 [info] > git status -z -uall [45ms]
2023-03-20 19:41:08.480 [info] > git for-each-ref --format=%(refname)%00%(upstream:short)%00%(objectname)%00%(upstream:track)%00%(upstream:remotename)%00%(upstream:remoteref) refs/heads/main refs/remotes/main [3ms]
2023-03-20 19:41:08.532 [info] > git status -z -uall [47ms]
2023-03-20 19:41:13.553 [info] > git for-each-ref --format=%(refname)%00%(upstream:short)%00%(objectname)%00%(upstream:track)%00%(upstream:remotename)%00%(upstream:remoteref) refs/heads/main refs/remotes/main [3ms]
2023-03-20 19:41:13.604 [info] > git status -z -uall [45ms]
2023-03-20 19:42:29.653 [info] > git for-each-ref --format=%(refname)%00%(upstream:short)%00%(objectname)%00%(upstream:track)%00%(upstream:remotename)%00%(upstream:remoteref) refs/heads/main refs/remotes/main [2ms]
2023-03-20 19:42:29.703 [info] > git status -z -uall [44ms]
2023-03-20 19:42:34.726 [info] > git for-each-ref --format=%(refname)%00%(upstream:short)%00%(objectname)%00%(upstream:track)%00%(upstream:remotename)%00%(upstream:remoteref) refs/heads/main refs/remotes/main [2ms]
2023-03-20 19:42:34.776 [info] > git status -z -uall [45ms]
2023-03-20 19:42:46.775 [info] > git for-each-ref --format=%(refname)%00%(upstream:short)%00%(objectname)%00%(upstream:track)%00%(upstream:remotename)%00%(upstream:remoteref) refs/heads/main refs/remotes/main [2ms]
2023-03-20 19:42:46.827 [info] > git status -z -uall [46ms]
2023-03-20 19:42:51.851 [info] > git for-each-ref --format=%(refname)%00%(upstream:short)%00%(objectname)%00%(upstream:track)%00%(upstream:remotename)%00%(upstream:remoteref) refs/heads/main refs/remotes/main [4ms]
2023-03-20 19:42:51.900 [info] > git status -z -uall [43ms]
2023-03-20 19:43:01.115 [info] > git for-each-ref --format=%(refname)%00%(upstream:short)%00%(objectname)%00%(upstream:track)%00%(upstream:remotename)%00%(upstream:remoteref) refs/heads/main refs/remotes/main [4ms]
2023-03-20 19:43:01.166 [info] > git status -z -uall [46ms]
2023-03-20 19:43:06.189 [info] > git for-each-ref --format=%(refname)%00%(upstream:short)%00%(objectname)%00%(upstream:track)%00%(upstream:remotename)%00%(upstream:remoteref) refs/heads/main refs/remotes/main [3ms]
2023-03-20 19:43:06.249 [info] > git status -z -uall [53ms]
2023-03-20 19:43:11.271 [info] > git for-each-ref --format=%(refname)%00%(upstream:short)%00%(objectname)%00%(upstream:track)%00%(upstream:remotename)%00%(upstream:remoteref) refs/heads/main refs/remotes/main [3ms]
2023-03-20 19:43:11.321 [info] > git status -z -uall [44ms]
2023-03-20 19:43:16.338 [info] > git for-each-ref --format=%(refname)%00%(upstream:short)%00%(objectname)%00%(upstream:track)%00%(upstream:remotename)%00%(upstream:remoteref) refs/heads/main refs/remotes/main [3ms]
2023-03-20 19:43:16.387 [info] > git status -z -uall [43ms]
2023-03-20 19:43:21.406 [info] > git for-each-ref --format=%(refname)%00%(upstream:short)%00%(objectname)%00%(upstream:track)%00%(upstream:remotename)%00%(upstream:remoteref) refs/heads/main refs/remotes/main [4ms]
2023-03-20 19:43:21.452 [info] > git status -z -uall [41ms]
2023-03-20 19:43:43.929 [info] > git for-each-ref --format=%(refname)%00%(upstream:short)%00%(objectname)%00%(upstream:track)%00%(upstream:remotename)%00%(upstream:remoteref) refs/heads/main refs/remotes/main [2ms]
2023-03-20 19:43:43.981 [info] > git status -z -uall [46ms]
2023-03-20 19:43:49.013 [info] > git for-each-ref --format=%(refname)%00%(upstream:short)%00%(objectname)%00%(upstream:track)%00%(upstream:remotename)%00%(upstream:remoteref) refs/heads/main refs/remotes/main [2ms]
2023-03-20 19:43:49.066 [info] > git status -z -uall [45ms]
2023-03-20 19:43:54.089 [info] > git for-each-ref --format=%(refname)%00%(upstream:short)%00%(objectname)%00%(upstream:track)%00%(upstream:remotename)%00%(upstream:remoteref) refs/heads/main refs/remotes/main [2ms]
2023-03-20 19:43:54.139 [info] > git status -z -uall [43ms]
2023-03-20 19:43:55.219 [info] > git check-ignore -v -z --stdin [7ms]
2023-03-20 19:43:56.839 [info] > git show --textconv :Testing/topbar.php [12ms]
2023-03-20 19:43:56.844 [info] > git ls-files --stage -- /web/users/projects/202223/quicknotes/Testing/topbar.php [6ms]
2023-03-20 19:44:00.069 [info] > git for-each-ref --format=%(refname)%00%(upstream:short)%00%(objectname)%00%(upstream:track)%00%(upstream:remotename)%00%(upstream:remoteref) refs/heads/main refs/remotes/main [2ms]
2023-03-20 19:44:00.121 [info] > git status -z -uall [46ms]
2023-03-20 19:44:05.143 [info] > git for-each-ref --format=%(refname)%00%(upstream:short)%00%(objectname)%00%(upstream:track)%00%(upstream:remotename)%00%(upstream:remoteref) refs/heads/main refs/remotes/main [2ms]
2023-03-20 19:44:05.193 [info] > git status -z -uall [43ms]
2023-03-20 19:44:10.216 [info] > git for-each-ref --format=%(refname)%00%(upstream:short)%00%(objectname)%00%(upstream:track)%00%(upstream:remotename)%00%(upstream:remoteref) refs/heads/main refs/remotes/main [4ms]
2023-03-20 19:44:10.268 [info] > git status -z -uall [46ms]
2023-03-20 19:44:15.289 [info] > git for-each-ref --format=%(refname)%00%(upstream:short)%00%(objectname)%00%(upstream:track)%00%(upstream:remotename)%00%(upstream:remoteref) refs/heads/main refs/remotes/main [3ms]
2023-03-20 19:44:15.339 [info] > git status -z -uall [43ms]
2023-03-20 19:44:20.361 [info] > git for-each-ref --format=%(refname)%00%(upstream:short)%00%(objectname)%00%(upstream:track)%00%(upstream:remotename)%00%(upstream:remoteref) refs/heads/main refs/remotes/main [3ms]
2023-03-20 19:44:20.411 [info] > git status -z -uall [44ms]
2023-03-20 19:44:25.433 [info] > git for-each-ref --format=%(refname)%00%(upstream:short)%00%(objectname)%00%(upstream:track)%00%(upstream:remotename)%00%(upstream:remoteref) refs/heads/main refs/remotes/main [3ms]
2023-03-20 19:44:25.486 [info] > git status -z -uall [47ms]
2023-03-20 19:44:30.509 [info] > git for-each-ref --format=%(refname)%00%(upstream:short)%00%(objectname)%00%(upstream:track)%00%(upstream:remotename)%00%(upstream:remoteref) refs/heads/main refs/remotes/main [3ms]
2023-03-20 19:44:30.561 [info] > git status -z -uall [46ms]
2023-03-20 19:44:35.584 [info] > git for-each-ref --format=%(refname)%00%(upstream:short)%00%(objectname)%00%(upstream:track)%00%(upstream:remotename)%00%(upstream:remoteref) refs/heads/main refs/remotes/main [3ms]
2023-03-20 19:44:35.633 [info] > git status -z -uall [43ms]
2023-03-20 19:44:40.652 [info] > git for-each-ref --format=%(refname)%00%(upstream:short)%00%(objectname)%00%(upstream:track)%00%(upstream:remotename)%00%(upstream:remoteref) refs/heads/main refs/remotes/main [2ms]
2023-03-20 19:44:40.705 [info] > git status -z -uall [46ms]
2023-03-20 19:44:45.725 [info] > git for-each-ref --format=%(refname)%00%(upstream:short)%00%(objectname)%00%(upstream:track)%00%(upstream:remotename)%00%(upstream:remoteref) refs/heads/main refs/remotes/main [2ms]
2023-03-20 19:44:45.774 [info] > git status -z -uall [43ms]
2023-03-20 19:44:50.804 [info] > git for-each-ref --format=%(refname)%00%(upstream:short)%00%(objectname)%00%(upstream:track)%00%(upstream:remotename)%00%(upstream:remoteref) refs/heads/main refs/remotes/main [2ms]
2023-03-20 19:44:50.852 [info] > git status -z -uall [42ms]
2023-03-20 19:45:45.273 [info] > git for-each-ref --format=%(refname)%00%(upstream:short)%00%(objectname)%00%(upstream:track)%00%(upstream:remotename)%00%(upstream:remoteref) refs/heads/main refs/remotes/main [2ms]
2023-03-20 19:45:45.324 [info] > git status -z -uall [46ms]
2023-03-20 19:45:50.348 [info] > git for-each-ref --format=%(refname)%00%(upstream:short)%00%(objectname)%00%(upstream:track)%00%(upstream:remotename)%00%(upstream:remoteref) refs/heads/main refs/remotes/main [3ms]
2023-03-20 19:45:50.397 [info] > git status -z -uall [44ms]
2023-03-20 19:45:55.419 [info] > git for-each-ref --format=%(refname)%00%(upstream:short)%00%(objectname)%00%(upstream:track)%00%(upstream:remotename)%00%(upstream:remoteref) refs/heads/main refs/remotes/main [3ms]
2023-03-20 19:45:55.467 [info] > git status -z -uall [43ms]
2023-03-20 19:46:00.489 [info] > git for-each-ref --format=%(refname)%00%(upstream:short)%00%(objectname)%00%(upstream:track)%00%(upstream:remotename)%00%(upstream:remoteref) refs/heads/main refs/remotes/main [2ms]
2023-03-20 19:46:00.538 [info] > git status -z -uall [43ms]
2023-03-20 19:46:01.895 [info] > git check-ignore -v -z --stdin [19ms]
2023-03-20 19:46:01.983 [info] > git show --textconv :Testing/index.html [11ms]
2023-03-20 19:46:01.993 [info] > git ls-files --stage -- /web/users/projects/202223/quicknotes/Testing/index.html [11ms]
2023-03-20 19:46:05.561 [info] > git for-each-ref --format=%(refname)%00%(upstream:short)%00%(objectname)%00%(upstream:track)%00%(upstream:remotename)%00%(upstream:remoteref) refs/heads/main refs/remotes/main [5ms]
2023-03-20 19:46:05.660 [info] > git status -z -uall [89ms]
2023-03-20 19:46:10.683 [info] > git for-each-ref --format=%(refname)%00%(upstream:short)%00%(objectname)%00%(upstream:track)%00%(upstream:remotename)%00%(upstream:remoteref) refs/heads/main refs/remotes/main [2ms]
2023-03-20 19:46:10.733 [info] > git status -z -uall [43ms]
2023-03-20 19:46:17.391 [info] > git for-each-ref --format=%(refname)%00%(upstream:short)%00%(objectname)%00%(upstream:track)%00%(upstream:remotename)%00%(upstream:remoteref) refs/heads/main refs/remotes/main [2ms]
2023-03-20 19:46:17.442 [info] > git status -z -uall [45ms]
2023-03-20 19:46:22.466 [info] > git for-each-ref --format=%(refname)%00%(upstream:short)%00%(objectname)%00%(upstream:track)%00%(upstream:remotename)%00%(upstream:remoteref) refs/heads/main refs/remotes/main [5ms]
2023-03-20 19:46:22.558 [info] > git status -z -uall [83ms]
2023-03-20 19:46:44.238 [info] > git for-each-ref --format=%(refname)%00%(upstream:short)%00%(objectname)%00%(upstream:track)%00%(upstream:remotename)%00%(upstream:remoteref) refs/heads/main refs/remotes/main [3ms]
2023-03-20 19:46:44.289 [info] > git status -z -uall [45ms]
2023-03-20 19:46:49.314 [info] > git for-each-ref --format=%(refname)%00%(upstream:short)%00%(objectname)%00%(upstream:track)%00%(upstream:remotename)%00%(upstream:remoteref) refs/heads/main refs/remotes/main [3ms]
2023-03-20 19:46:49.363 [info] > git status -z -uall [44ms]
2023-03-20 19:46:54.385 [info] > git for-each-ref --format=%(refname)%00%(upstream:short)%00%(objectname)%00%(upstream:track)%00%(upstream:remotename)%00%(upstream:remoteref) refs/heads/main refs/remotes/main [2ms]
2023-03-20 19:46:54.432 [info] > git status -z -uall [42ms]
2023-03-20 19:46:59.453 [info] > git for-each-ref --format=%(refname)%00%(upstream:short)%00%(objectname)%00%(upstream:track)%00%(upstream:remotename)%00%(upstream:remoteref) refs/heads/main refs/remotes/main [4ms]
2023-03-20 19:46:59.499 [info] > git status -z -uall [42ms]
2023-03-20 19:47:04.522 [info] > git for-each-ref --format=%(refname)%00%(upstream:short)%00%(objectname)%00%(upstream:track)%00%(upstream:remotename)%00%(upstream:remoteref) refs/heads/main refs/remotes/main [2ms]
2023-03-20 19:47:04.571 [info] > git status -z -uall [43ms]
2023-03-20 19:47:09.593 [info] > git for-each-ref --format=%(refname)%00%(upstream:short)%00%(objectname)%00%(upstream:track)%00%(upstream:remotename)%00%(upstream:remoteref) refs/heads/main refs/remotes/main [3ms]
2023-03-20 19:47:09.644 [info] > git status -z -uall [46ms]
2023-03-20 19:47:35.872 [info] > git for-each-ref --format=%(refname)%00%(upstream:short)%00%(objectname)%00%(upstream:track)%00%(upstream:remotename)%00%(upstream:remoteref) refs/heads/main refs/remotes/main [2ms]
2023-03-20 19:47:35.923 [info] > git status -z -uall [44ms]
2023-03-20 19:47:40.951 [info] > git for-each-ref --format=%(refname)%00%(upstream:short)%00%(objectname)%00%(upstream:track)%00%(upstream:remotename)%00%(upstream:remoteref) refs/heads/main refs/remotes/main [4ms]
2023-03-20 19:47:41.000 [info] > git status -z -uall [42ms]
2023-03-20 19:47:46.028 [info] > git for-each-ref --format=%(refname)%00%(upstream:short)%00%(objectname)%00%(upstream:track)%00%(upstream:remotename)%00%(upstream:remoteref) refs/heads/main refs/remotes/main [2ms]
2023-03-20 19:47:46.140 [info] > git status -z -uall [98ms]
2023-03-20 19:50:12.550 [info] > git for-each-ref --format=%(refname)%00%(upstream:short)%00%(objectname)%00%(upstream:track)%00%(upstream:remotename)%00%(upstream:remoteref) refs/heads/main refs/remotes/main [3ms]
2023-03-20 19:50:12.601 [info] > git status -z -uall [45ms]
2023-03-20 19:50:53.931 [info] > git for-each-ref --format=%(refname)%00%(upstream:short)%00%(objectname)%00%(upstream:track)%00%(upstream:remotename)%00%(upstream:remoteref) refs/heads/main refs/remotes/main [1ms]
2023-03-20 19:50:53.979 [info] > git status -z -uall [43ms]
2023-03-20 19:50:59.005 [info] > git for-each-ref --format=%(refname)%00%(upstream:short)%00%(objectname)%00%(upstream:track)%00%(upstream:remotename)%00%(upstream:remoteref) refs/heads/main refs/remotes/main [3ms]
2023-03-20 19:50:59.055 [info] > git status -z -uall [43ms]
2023-03-20 19:51:04.077 [info] > git for-each-ref --format=%(refname)%00%(upstream:short)%00%(objectname)%00%(upstream:track)%00%(upstream:remotename)%00%(upstream:remoteref) refs/heads/main refs/remotes/main [3ms]
2023-03-20 19:51:04.126 [info] > git status -z -uall [43ms]
2023-03-20 19:51:06.575 [info] > git check-ignore -v -z --stdin [6ms]
2023-03-20 19:51:09.262 [info] > git for-each-ref --format=%(refname)%00%(upstream:short)%00%(objectname)%00%(upstream:track)%00%(upstream:remotename)%00%(upstream:remoteref) refs/heads/main refs/remotes/main [2ms]
2023-03-20 19:51:09.311 [info] > git status -z -uall [43ms]
2023-03-20 19:51:13.436 [info] > git check-ignore -v -z --stdin [7ms]
2023-03-20 19:51:14.336 [info] > git for-each-ref --format=%(refname)%00%(upstream:short)%00%(objectname)%00%(upstream:track)%00%(upstream:remotename)%00%(upstream:remoteref) refs/heads/main refs/remotes/main [3ms]
2023-03-20 19:51:14.385 [info] > git status -z -uall [44ms]
2023-03-20 19:51:19.178 [info] > git check-ignore -v -z --stdin [7ms]
2023-03-20 19:51:19.251 [info] > git show --textconv :Testing/Testing2/styles.css [12ms]
2023-03-20 19:51:19.260 [info] > git ls-files --stage -- /web/users/projects/202223/quicknotes/Testing/Testing2/styles.css [11ms]
2023-03-20 19:51:19.407 [info] > git for-each-ref --format=%(refname)%00%(upstream:short)%00%(objectname)%00%(upstream:track)%00%(upstream:remotename)%00%(upstream:remoteref) refs/heads/main refs/remotes/main [4ms]
2023-03-20 19:51:19.459 [info] > git status -z -uall [44ms]
2023-03-20 19:51:24.480 [info] > git for-each-ref --format=%(refname)%00%(upstream:short)%00%(objectname)%00%(upstream:track)%00%(upstream:remotename)%00%(upstream:remoteref) refs/heads/main refs/remotes/main [2ms]
2023-03-20 19:51:24.530 [info] > git status -z -uall [43ms]
2023-03-20 19:51:25.215 [info] > git check-ignore -v -z --stdin [6ms]
2023-03-20 19:51:29.555 [info] > git for-each-ref --format=%(refname)%00%(upstream:short)%00%(objectname)%00%(upstream:track)%00%(upstream:remotename)%00%(upstream:remoteref) refs/heads/main refs/remotes/main [3ms]
2023-03-20 19:51:29.604 [info] > git status -z -uall [43ms]
2023-03-20 19:52:10.673 [info] > git for-each-ref --format=%(refname)%00%(upstream:short)%00%(objectname)%00%(upstream:track)%00%(upstream:remotename)%00%(upstream:remoteref) refs/heads/main refs/remotes/main [3ms]
2023-03-20 19:52:10.724 [info] > git status -z -uall [44ms]
2023-03-20 19:52:16.696 [info] > git for-each-ref --format=%(refname)%00%(upstream:short)%00%(objectname)%00%(upstream:track)%00%(upstream:remotename)%00%(upstream:remoteref) refs/heads/main refs/remotes/main [2ms]
2023-03-20 19:52:16.744 [info] > git status -z -uall [43ms]
2023-03-20 19:52:21.766 [info] > git for-each-ref --format=%(refname)%00%(upstream:short)%00%(objectname)%00%(upstream:track)%00%(upstream:remotename)%00%(upstream:remoteref) refs/heads/main refs/remotes/main [4ms]
2023-03-20 19:52:21.813 [info] > git show --textconv :Testing/styles.css [11ms]
2023-03-20 19:52:21.822 [info] > git ls-files --stage -- /web/users/projects/202223/quicknotes/Testing/styles.css [9ms]
2023-03-20 19:52:21.837 [info] > git status -z -uall [66ms]
2023-03-20 19:52:28.281 [info] > git for-each-ref --format=%(refname)%00%(upstream:short)%00%(objectname)%00%(upstream:track)%00%(upstream:remotename)%00%(upstream:remoteref) refs/heads/main refs/remotes/main [4ms]
2023-03-20 19:52:28.337 [info] > git status -z -uall [50ms]
2023-03-20 19:52:33.364 [info] > git for-each-ref --format=%(refname)%00%(upstream:short)%00%(objectname)%00%(upstream:track)%00%(upstream:remotename)%00%(upstream:remoteref) refs/heads/main refs/remotes/main [3ms]
2023-03-20 19:52:33.413 [info] > git status -z -uall [43ms]
2023-03-20 19:52:51.913 [info] > git for-each-ref --format=%(refname)%00%(upstream:short)%00%(objectname)%00%(upstream:track)%00%(upstream:remotename)%00%(upstream:remoteref) refs/heads/main refs/remotes/main [3ms]
2023-03-20 19:52:51.964 [info] > git status -z -uall [44ms]
2023-03-20 19:52:54.653 [info] > git show --textconv :Testing/index.html [20ms]
2023-03-20 19:52:54.661 [info] > git ls-files --stage -- /web/users/projects/202223/quicknotes/Testing/index.html [11ms]
2023-03-20 19:52:56.988 [info] > git for-each-ref --format=%(refname)%00%(upstream:short)%00%(objectname)%00%(upstream:track)%00%(upstream:remotename)%00%(upstream:remoteref) refs/heads/main refs/remotes/main [5ms]
2023-03-20 19:52:57.096 [info] > git status -z -uall [96ms]
2023-03-20 19:53:02.157 [info] > git for-each-ref --format=%(refname)%00%(upstream:short)%00%(objectname)%00%(upstream:track)%00%(upstream:remotename)%00%(upstream:remoteref) refs/heads/main refs/remotes/main [9ms]
2023-03-20 19:53:02.231 [info] > git status -z -uall [61ms]
2023-03-20 19:53:07.254 [info] > git for-each-ref --format=%(refname)%00%(upstream:short)%00%(objectname)%00%(upstream:track)%00%(upstream:remotename)%00%(upstream:remoteref) refs/heads/main refs/remotes/main [3ms]
2023-03-20 19:53:07.305 [info] > git status -z -uall [44ms]
2023-03-20 19:53:12.331 [info] > git for-each-ref --format=%(refname)%00%(upstream:short)%00%(objectname)%00%(upstream:track)%00%(upstream:remotename)%00%(upstream:remoteref) refs/heads/main refs/remotes/main [3ms]
2023-03-20 19:53:12.385 [info] > git status -z -uall [46ms]
2023-03-20 19:53:17.407 [info] > git for-each-ref --format=%(refname)%00%(upstream:short)%00%(objectname)%00%(upstream:track)%00%(upstream:remotename)%00%(upstream:remoteref) refs/heads/main refs/remotes/main [3ms]
2023-03-20 19:53:17.456 [info] > git status -z -uall [43ms]
2023-03-20 19:53:22.482 [info] > git for-each-ref --format=%(refname)%00%(upstream:short)%00%(objectname)%00%(upstream:track)%00%(upstream:remotename)%00%(upstream:remoteref) refs/heads/main refs/remotes/main [3ms]
2023-03-20 19:53:22.532 [info] > git status -z -uall [44ms]
2023-03-20 19:53:27.557 [info] > git for-each-ref --format=%(refname)%00%(upstream:short)%00%(objectname)%00%(upstream:track)%00%(upstream:remotename)%00%(upstream:remoteref) refs/heads/main refs/remotes/main [4ms]
2023-03-20 19:53:27.607 [info] > git status -z -uall [43ms]
2023-03-20 19:53:32.630 [info] > git for-each-ref --format=%(refname)%00%(upstream:short)%00%(objectname)%00%(upstream:track)%00%(upstream:remotename)%00%(upstream:remoteref) refs/heads/main refs/remotes/main [2ms]
2023-03-20 19:53:32.736 [info] > git status -z -uall [89ms]
2023-03-20 19:53:37.757 [info] > git for-each-ref --format=%(refname)%00%(upstream:short)%00%(objectname)%00%(upstream:track)%00%(upstream:remotename)%00%(upstream:remoteref) refs/heads/main refs/remotes/main [3ms]
2023-03-20 19:53:37.809 [info] > git status -z -uall [44ms]
2023-03-20 19:53:42.835 [info] > git for-each-ref --format=%(refname)%00%(upstream:short)%00%(objectname)%00%(upstream:track)%00%(upstream:remotename)%00%(upstream:remoteref) refs/heads/main refs/remotes/main [4ms]
2023-03-20 19:53:42.882 [info] > git status -z -uall [41ms]
2023-03-20 19:53:47.905 [info] > git for-each-ref --format=%(refname)%00%(upstream:short)%00%(objectname)%00%(upstream:track)%00%(upstream:remotename)%00%(upstream:remoteref) refs/heads/main refs/remotes/main [3ms]
2023-03-20 19:53:47.956 [info] > git status -z -uall [43ms]
2023-03-20 19:54:02.289 [info] > git for-each-ref --format=%(refname)%00%(upstream:short)%00%(objectname)%00%(upstream:track)%00%(upstream:remotename)%00%(upstream:remoteref) refs/heads/main refs/remotes/main [4ms]
2023-03-20 19:54:02.339 [info] > git status -z -uall [45ms]
2023-03-20 19:54:07.358 [info] > git for-each-ref --format=%(refname)%00%(upstream:short)%00%(objectname)%00%(upstream:track)%00%(upstream:remotename)%00%(upstream:remoteref) refs/heads/main refs/remotes/main [2ms]
2023-03-20 19:54:07.407 [info] > git status -z -uall [42ms]
2023-03-20 19:54:54.889 [info] > git for-each-ref --format=%(refname)%00%(upstream:short)%00%(objectname)%00%(upstream:track)%00%(upstream:remotename)%00%(upstream:remoteref) refs/heads/main refs/remotes/main [3ms]
2023-03-20 19:54:54.939 [info] > git status -z -uall [45ms]
2023-03-20 19:54:56.444 [info] > git check-ignore -v -z --stdin [11ms]
2023-03-20 19:54:59.038 [info] > git check-ignore -v -z --stdin [7ms]
2023-03-20 19:54:59.967 [info] > git for-each-ref --format=%(refname)%00%(upstream:short)%00%(objectname)%00%(upstream:track)%00%(upstream:remotename)%00%(upstream:remoteref) refs/heads/main refs/remotes/main [3ms]
2023-03-20 19:55:00.028 [info] > git status -z -uall [54ms]
2023-03-20 19:55:05.050 [info] > git for-each-ref --format=%(refname)%00%(upstream:short)%00%(objectname)%00%(upstream:track)%00%(upstream:remotename)%00%(upstream:remoteref) refs/heads/main refs/remotes/main [4ms]
2023-03-20 19:55:05.102 [info] > git status -z -uall [45ms]
2023-03-20 19:55:10.126 [info] > git for-each-ref --format=%(refname)%00%(upstream:short)%00%(objectname)%00%(upstream:track)%00%(upstream:remotename)%00%(upstream:remoteref) refs/heads/main refs/remotes/main [4ms]
2023-03-20 19:55:10.180 [info] > git status -z -uall [46ms]
2023-03-20 19:55:15.202 [info] > git for-each-ref --format=%(refname)%00%(upstream:short)%00%(objectname)%00%(upstream:track)%00%(upstream:remotename)%00%(upstream:remoteref) refs/heads/main refs/remotes/main [2ms]
2023-03-20 19:55:15.253 [info] > git status -z -uall [46ms]
2023-03-20 19:55:20.278 [info] > git for-each-ref --format=%(refname)%00%(upstream:short)%00%(objectname)%00%(upstream:track)%00%(upstream:remotename)%00%(upstream:remoteref) refs/heads/main refs/remotes/main [2ms]
2023-03-20 19:55:20.329 [info] > git status -z -uall [44ms]
2023-03-20 19:55:25.351 [info] > git for-each-ref --format=%(refname)%00%(upstream:short)%00%(objectname)%00%(upstream:track)%00%(upstream:remotename)%00%(upstream:remoteref) refs/heads/main refs/remotes/main [4ms]
2023-03-20 19:55:25.405 [info] > git status -z -uall [48ms]
2023-03-20 19:55:30.429 [info] > git for-each-ref --format=%(refname)%00%(upstream:short)%00%(objectname)%00%(upstream:track)%00%(upstream:remotename)%00%(upstream:remoteref) refs/heads/main refs/remotes/main [3ms]
2023-03-20 19:55:30.478 [info] > git status -z -uall [43ms]
2023-03-20 19:55:35.500 [info] > git for-each-ref --format=%(refname)%00%(upstream:short)%00%(objectname)%00%(upstream:track)%00%(upstream:remotename)%00%(upstream:remoteref) refs/heads/main refs/remotes/main [4ms]
2023-03-20 19:55:35.551 [info] > git status -z -uall [44ms]
2023-03-20 19:55:40.573 [info] > git for-each-ref --format=%(refname)%00%(upstream:short)%00%(objectname)%00%(upstream:track)%00%(upstream:remotename)%00%(upstream:remoteref) refs/heads/main refs/remotes/main [3ms]
2023-03-20 19:55:40.622 [info] > git status -z -uall [43ms]
2023-03-20 19:55:45.646 [info] > git for-each-ref --format=%(refname)%00%(upstream:short)%00%(objectname)%00%(upstream:track)%00%(upstream:remotename)%00%(upstream:remoteref) refs/heads/main refs/remotes/main [3ms]
2023-03-20 19:55:45.696 [info] > git status -z -uall [43ms]
2023-03-20 19:55:50.716 [info] > git for-each-ref --format=%(refname)%00%(upstream:short)%00%(objectname)%00%(upstream:track)%00%(upstream:remotename)%00%(upstream:remoteref) refs/heads/main refs/remotes/main [2ms]
2023-03-20 19:55:50.763 [info] > git status -z -uall [41ms]
2023-03-20 19:55:55.782 [info] > git for-each-ref --format=%(refname)%00%(upstream:short)%00%(objectname)%00%(upstream:track)%00%(upstream:remotename)%00%(upstream:remoteref) refs/heads/main refs/remotes/main [2ms]
2023-03-20 19:55:55.829 [info] > git status -z -uall [42ms]
2023-03-20 19:56:00.847 [info] > git for-each-ref --format=%(refname)%00%(upstream:short)%00%(objectname)%00%(upstream:track)%00%(upstream:remotename)%00%(upstream:remoteref) refs/heads/main refs/remotes/main [3ms]
2023-03-20 19:56:00.894 [info] > git status -z -uall [42ms]
2023-03-20 19:56:03.947 [info] > git ls-files --stage -- /web/users/projects/202223/quicknotes/Testing/styles.css [9ms]
2023-03-20 19:56:03.948 [info] > git ls-files --stage -- /web/users/projects/202223/quicknotes/Testing/topbar.php [21ms]
2023-03-20 19:56:03.948 [info] > git ls-files --stage -- /web/users/projects/202223/quicknotes/Testing/main.php [30ms]
2023-03-20 19:56:03.972 [info] > git ls-files --stage -- /web/users/projects/202223/quicknotes/Testing/index.html [26ms]
2023-03-20 19:56:03.978 [info] > git cat-file -s ce3410328dec40a61ec965eb77b74327433d216e [21ms]
2023-03-20 19:56:04.073 [info] > git show --textconv :Testing/styles.css [34ms]
2023-03-20 19:56:04.074 [info] > git show --textconv :Testing/topbar.php [28ms]
2023-03-20 19:56:04.099 [info] > git show --textconv :Testing/index.html [10ms]
2023-03-20 19:56:04.102 [info] > git show --textconv :Testing/main.php [12ms]
2023-03-20 19:56:05.932 [info] > git for-each-ref --format=%(refname)%00%(upstream:short)%00%(objectname)%00%(upstream:track)%00%(upstream:remotename)%00%(upstream:remoteref) refs/heads/main refs/remotes/main [8ms]
2023-03-20 19:56:05.933 [info] > git config --get commit.template [17ms]
2023-03-20 19:56:05.982 [info] > git status -z -uall [43ms]
2023-03-20 19:56:11.013 [info] > git config --get commit.template [8ms]
2023-03-20 19:56:11.015 [info] > git for-each-ref --format=%(refname)%00%(upstream:short)%00%(objectname)%00%(upstream:track)%00%(upstream:remotename)%00%(upstream:remoteref) refs/heads/main refs/remotes/main [3ms]
2023-03-20 19:56:11.064 [info] > git status -z -uall [44ms]
2023-03-20 19:56:16.091 [info] > git config --get commit.template [9ms]
2023-03-20 19:56:16.093 [info] > git for-each-ref --format=%(refname)%00%(upstream:short)%00%(objectname)%00%(upstream:track)%00%(upstream:remotename)%00%(upstream:remoteref) refs/heads/main refs/remotes/main [4ms]
2023-03-20 19:56:16.142 [info] > git status -z -uall [44ms]
2023-03-20 19:56:21.171 [info] > git config --get commit.template [7ms]
2023-03-20 19:56:21.173 [info] > git for-each-ref --format=%(refname)%00%(upstream:short)%00%(objectname)%00%(upstream:track)%00%(upstream:remotename)%00%(upstream:remoteref) refs/heads/main refs/remotes/main [2ms]
2023-03-20 19:56:21.221 [info] > git status -z -uall [43ms]
2023-03-20 19:56:22.970 [info] > git check-ignore -v -z --stdin [9ms]
2023-03-20 19:56:26.248 [info] > git config --get commit.template [8ms]
2023-03-20 19:56:26.250 [info] > git for-each-ref --format=%(refname)%00%(upstream:short)%00%(objectname)%00%(upstream:track)%00%(upstream:remotename)%00%(upstream:remoteref) refs/heads/main refs/remotes/main [3ms]
2023-03-20 19:56:26.302 [info] > git status -z -uall [46ms]
2023-03-20 19:56:31.329 [info] > git config --get commit.template [9ms]
2023-03-20 19:56:31.332 [info] > git for-each-ref --format=%(refname)%00%(upstream:short)%00%(objectname)%00%(upstream:track)%00%(upstream:remotename)%00%(upstream:remoteref) refs/heads/main refs/remotes/main [4ms]
2023-03-20 19:56:31.383 [info] > git status -z -uall [45ms]
2023-03-20 19:56:36.409 [info] > git config --get commit.template [9ms]
2023-03-20 19:56:36.411 [info] > git for-each-ref --format=%(refname)%00%(upstream:short)%00%(objectname)%00%(upstream:track)%00%(upstream:remotename)%00%(upstream:remoteref) refs/heads/main refs/remotes/main [3ms]
2023-03-20 19:56:36.461 [info] > git status -z -uall [43ms]
2023-03-20 19:56:41.495 [info] > git config --get commit.template [8ms]
2023-03-20 19:56:41.498 [info] > git for-each-ref --format=%(refname)%00%(upstream:short)%00%(objectname)%00%(upstream:track)%00%(upstream:remotename)%00%(upstream:remoteref) refs/heads/main refs/remotes/main [2ms]
2023-03-20 19:56:41.546 [info] > git status -z -uall [43ms]
2023-03-20 19:56:46.575 [info] > git config --get commit.template [11ms]
2023-03-20 19:56:46.577 [info] > git for-each-ref --format=%(refname)%00%(upstream:short)%00%(objectname)%00%(upstream:track)%00%(upstream:remotename)%00%(upstream:remoteref) refs/heads/main refs/remotes/main [3ms]
2023-03-20 19:56:46.628 [info] > git status -z -uall [45ms]
2023-03-20 19:56:51.656 [info] > git config --get commit.template [9ms]
2023-03-20 19:56:51.658 [info] > git for-each-ref --format=%(refname)%00%(upstream:short)%00%(objectname)%00%(upstream:track)%00%(upstream:remotename)%00%(upstream:remoteref) refs/heads/main refs/remotes/main [3ms]
2023-03-20 19:56:51.707 [info] > git status -z -uall [43ms]
2023-03-20 19:56:56.733 [info] > git config --get commit.template [8ms]
2023-03-20 19:56:56.735 [info] > git for-each-ref --format=%(refname)%00%(upstream:short)%00%(objectname)%00%(upstream:track)%00%(upstream:remotename)%00%(upstream:remoteref) refs/heads/main refs/remotes/main [4ms]
2023-03-20 19:56:56.782 [info] > git status -z -uall [41ms]
2023-03-20 19:57:01.810 [info] > git config --get commit.template [9ms]
2023-03-20 19:57:01.812 [info] > git for-each-ref --format=%(refname)%00%(upstream:short)%00%(objectname)%00%(upstream:track)%00%(upstream:remotename)%00%(upstream:remoteref) refs/heads/main refs/remotes/main [3ms]
2023-03-20 19:57:01.865 [info] > git status -z -uall [48ms]
2023-03-20 19:57:06.895 [info] > git config --get commit.template [8ms]
2023-03-20 19:57:06.898 [info] > git for-each-ref --format=%(refname)%00%(upstream:short)%00%(objectname)%00%(upstream:track)%00%(upstream:remotename)%00%(upstream:remoteref) refs/heads/main refs/remotes/main [3ms]
2023-03-20 19:57:06.944 [info] > git status -z -uall [41ms]
2023-03-20 19:57:11.972 [info] > git config --get commit.template [8ms]
2023-03-20 19:57:11.974 [info] > git for-each-ref --format=%(refname)%00%(upstream:short)%00%(objectname)%00%(upstream:track)%00%(upstream:remotename)%00%(upstream:remoteref) refs/heads/main refs/remotes/main [3ms]
2023-03-20 19:57:12.027 [info] > git status -z -uall [46ms]
2023-03-20 19:57:17.055 [info] > git config --get commit.template [8ms]
2023-03-20 19:57:17.058 [info] > git for-each-ref --format=%(refname)%00%(upstream:short)%00%(objectname)%00%(upstream:track)%00%(upstream:remotename)%00%(upstream:remoteref) refs/heads/main refs/remotes/main [4ms]
2023-03-20 19:57:17.109 [info] > git status -z -uall [45ms]
2023-03-20 19:57:22.134 [info] > git config --get commit.template [9ms]
2023-03-20 19:57:22.137 [info] > git for-each-ref --format=%(refname)%00%(upstream:short)%00%(objectname)%00%(upstream:track)%00%(upstream:remotename)%00%(upstream:remoteref) refs/heads/main refs/remotes/main [4ms]
2023-03-20 19:57:22.188 [info] > git status -z -uall [45ms]
2023-03-20 19:57:22.997 [info] > git check-ignore -v -z --stdin [17ms]
2023-03-20 19:57:26.699 [info] > git check-ignore -v -z --stdin [36ms]
2023-03-20 19:57:27.252 [info] > git config --get commit.template [44ms]
2023-03-20 19:57:27.281 [info] > git for-each-ref --format=%(refname)%00%(upstream:short)%00%(objectname)%00%(upstream:track)%00%(upstream:remotename)%00%(upstream:remoteref) refs/heads/main refs/remotes/main [29ms]
2023-03-20 19:57:27.370 [info] > git status -z -uall [67ms]
2023-03-20 19:57:38.368 [info] > git config --get commit.template [7ms]
2023-03-20 19:57:38.370 [info] > git for-each-ref --format=%(refname)%00%(upstream:short)%00%(objectname)%00%(upstream:track)%00%(upstream:remotename)%00%(upstream:remoteref) refs/heads/main refs/remotes/main [2ms]
2023-03-20 19:57:38.417 [info] > git status -z -uall [42ms]
2023-03-20 19:57:38.593 [info] > git add -A -- /web/users/projects/202223/quicknotes/Testing/main.php [22ms]
2023-03-20 19:57:38.606 [info] > git config --get commit.template [5ms]
2023-03-20 19:57:38.608 [info] > git for-each-ref --format=%(refname)%00%(upstream:short)%00%(objectname)%00%(upstream:track)%00%(upstream:remotename)%00%(upstream:remoteref) refs/heads/main refs/remotes/main [3ms]
2023-03-20 19:57:38.653 [info] > git status -z -uall [41ms]
2023-03-20 19:57:38.703 [info] > git -c user.useConfigOnly=true commit --quiet [38ms]
2023-03-20 19:57:38.703 [info] 
*** Please tell me who you are.

Run

  git config --global user.email "you@example.com"
  git config --global user.name "Your Name"

to set your account's default identity.
Omit --global to set the identity only in this repository.

fatal: no email was given and auto-detection is disabled
2023-03-20 19:57:38.711 [info] > git config --get-all user.name [1ms]
2023-03-20 19:57:38.721 [info] > git config --get commit.template [6ms]
2023-03-20 19:57:38.722 [info] > git for-each-ref --format=%(refname)%00%(upstream:short)%00%(objectname)%00%(upstream:track)%00%(upstream:remotename)%00%(upstream:remoteref) refs/heads/main refs/remotes/main [2ms]
2023-03-20 19:57:38.797 [info] > git status -z -uall [71ms]
2023-03-20 19:57:41.804 [info] > git ls-files --stage -- /web/users/projects/202223/quicknotes/Testing/styles.css [7ms]
2023-03-20 19:57:41.805 [info] > git ls-files --stage -- /web/users/projects/202223/quicknotes/Testing/topbar.php [16ms]
2023-03-20 19:57:41.805 [info] > git ls-files --stage -- /web/users/projects/202223/quicknotes/Testing/main.php [26ms]
2023-03-20 19:57:41.813 [info] > git ls-files --stage -- /web/users/projects/202223/quicknotes/Testing/index.html [10ms]
2023-03-20 19:57:41.815 [info] > git cat-file -s f7290c62baa0f0d5664df608175667b68dc17611 [2ms]
2023-03-20 19:57:42.021 [info] > git show --textconv :Testing/styles.css [10ms]
2023-03-20 19:57:42.031 [info] > git show --textconv :Testing/topbar.php [10ms]
2023-03-20 19:57:42.040 [info] > git show --textconv :Testing/index.html [10ms]
2023-03-20 19:57:42.045 [info] > git show --textconv :Testing/main.php [5ms]
2023-03-20 19:57:43.444 [info] > git config --get commit.template [8ms]
2023-03-20 19:57:43.446 [info] > git for-each-ref --format=%(refname)%00%(upstream:short)%00%(objectname)%00%(upstream:track)%00%(upstream:remotename)%00%(upstream:remoteref) refs/heads/main refs/remotes/main [3ms]
2023-03-20 19:57:43.495 [info] > git status -z -uall [44ms]
2023-03-20 19:57:48.523 [info] > git config --get commit.template [11ms]
2023-03-20 19:57:48.525 [info] > git for-each-ref --format=%(refname)%00%(upstream:short)%00%(objectname)%00%(upstream:track)%00%(upstream:remotename)%00%(upstream:remoteref) refs/heads/main refs/remotes/main [5ms]
2023-03-20 19:57:48.571 [info] > git status -z -uall [41ms]
2023-03-20 19:57:53.598 [info] > git config --get commit.template [10ms]
2023-03-20 19:57:53.600 [info] > git for-each-ref --format=%(refname)%00%(upstream:short)%00%(objectname)%00%(upstream:track)%00%(upstream:remotename)%00%(upstream:remoteref) refs/heads/main refs/remotes/main [3ms]
2023-03-20 19:57:53.649 [info] > git status -z -uall [43ms]
2023-03-20 19:57:58.676 [info] > git config --get commit.template [9ms]
2023-03-20 19:57:58.678 [info] > git for-each-ref --format=%(refname)%00%(upstream:short)%00%(objectname)%00%(upstream:track)%00%(upstream:remotename)%00%(upstream:remoteref) refs/heads/main refs/remotes/main [3ms]
2023-03-20 19:57:58.726 [info] > git status -z -uall [43ms]
2023-03-20 19:58:03.759 [info] > git config --get commit.template [9ms]
2023-03-20 19:58:03.761 [info] > git for-each-ref --format=%(refname)%00%(upstream:short)%00%(objectname)%00%(upstream:track)%00%(upstream:remotename)%00%(upstream:remoteref) refs/heads/main refs/remotes/main [5ms]
2023-03-20 19:58:03.813 [info] > git status -z -uall [46ms]
2023-03-20 19:58:08.842 [info] > git config --get commit.template [10ms]
2023-03-20 19:58:08.844 [info] > git for-each-ref --format=%(refname)%00%(upstream:short)%00%(objectname)%00%(upstream:track)%00%(upstream:remotename)%00%(upstream:remoteref) refs/heads/main refs/remotes/main [4ms]
2023-03-20 19:58:08.901 [info] > git status -z -uall [47ms]
2023-03-20 19:58:13.928 [info] > git config --get commit.template [11ms]
2023-03-20 19:58:13.933 [info] > git for-each-ref --format=%(refname)%00%(upstream:short)%00%(objectname)%00%(upstream:track)%00%(upstream:remotename)%00%(upstream:remoteref) refs/heads/main refs/remotes/main [6ms]
2023-03-20 19:58:14.011 [info] > git status -z -uall [69ms]
2023-03-20 19:58:19.041 [info] > git config --get commit.template [10ms]
2023-03-20 19:58:19.044 [info] > git for-each-ref --format=%(refname)%00%(upstream:short)%00%(objectname)%00%(upstream:track)%00%(upstream:remotename)%00%(upstream:remoteref) refs/heads/main refs/remotes/main [6ms]
2023-03-20 19:58:19.123 [info] > git status -z -uall [69ms]
2023-03-20 19:58:24.159 [info] > git config --get commit.template [6ms]
2023-03-20 19:58:24.162 [info] > git for-each-ref --format=%(refname)%00%(upstream:short)%00%(objectname)%00%(upstream:track)%00%(upstream:remotename)%00%(upstream:remoteref) refs/heads/main refs/remotes/main [4ms]
2023-03-20 19:58:24.242 [info] > git status -z -uall [71ms]
2023-03-20 19:58:29.265 [info] > git config --get commit.template [8ms]
2023-03-20 19:58:29.273 [info] > git for-each-ref --format=%(refname)%00%(upstream:short)%00%(objectname)%00%(upstream:track)%00%(upstream:remotename)%00%(upstream:remoteref) refs/heads/main refs/remotes/main [7ms]
2023-03-20 19:58:29.362 [info] > git status -z -uall [74ms]
2023-03-20 19:58:34.392 [info] > git config --get commit.template [11ms]
2023-03-20 19:58:34.394 [info] > git for-each-ref --format=%(refname)%00%(upstream:short)%00%(objectname)%00%(upstream:track)%00%(upstream:remotename)%00%(upstream:remoteref) refs/heads/main refs/remotes/main [3ms]
2023-03-20 19:58:34.477 [info] > git status -z -uall [72ms]
2023-03-20 19:58:39.517 [info] > git config --get commit.template [12ms]
2023-03-20 19:58:39.520 [info] > git for-each-ref --format=%(refname)%00%(upstream:short)%00%(objectname)%00%(upstream:track)%00%(upstream:remotename)%00%(upstream:remoteref) refs/heads/main refs/remotes/main [4ms]
2023-03-20 19:58:39.602 [info] > git status -z -uall [74ms]
2023-03-20 19:58:44.140 [info] > git ls-files --stage -- /web/users/projects/202223/quicknotes/Testing/styles.css [9ms]
2023-03-20 19:58:44.141 [info] > git ls-files --stage -- /web/users/projects/202223/quicknotes/Testing/topbar.php [21ms]
2023-03-20 19:58:44.141 [info] > git ls-files --stage -- /web/users/projects/202223/quicknotes/Testing/main.php [31ms]
2023-03-20 19:58:44.150 [info] > git ls-files --stage -- /web/users/projects/202223/quicknotes/Testing/index.html [11ms]
2023-03-20 19:58:44.153 [info] > git cat-file -s f7290c62baa0f0d5664df608175667b68dc17611 [3ms]
2023-03-20 19:58:44.200 [info] > git show --textconv :Testing/styles.css [10ms]
2023-03-20 19:58:44.218 [info] > git show --textconv :Testing/topbar.php [18ms]
2023-03-20 19:58:44.218 [info] > git show --textconv :Testing/index.html [8ms]
2023-03-20 19:58:44.224 [info] > git show --textconv :Testing/main.php [6ms]
2023-03-20 19:58:44.630 [info] > git config --get commit.template [9ms]
2023-03-20 19:58:44.632 [info] > git for-each-ref --format=%(refname)%00%(upstream:short)%00%(objectname)%00%(upstream:track)%00%(upstream:remotename)%00%(upstream:remoteref) refs/heads/main refs/remotes/main [2ms]
2023-03-20 19:58:44.680 [info] > git status -z -uall [42ms]
2023-03-20 19:58:49.709 [info] > git config --get commit.template [9ms]
2023-03-20 19:58:49.711 [info] > git for-each-ref --format=%(refname)%00%(upstream:short)%00%(objectname)%00%(upstream:track)%00%(upstream:remotename)%00%(upstream:remoteref) refs/heads/main refs/remotes/main [2ms]
2023-03-20 19:58:49.760 [info] > git status -z -uall [43ms]
2023-03-20 19:58:54.785 [info] > git config --get commit.template [9ms]
2023-03-20 19:58:54.787 [info] > git for-each-ref --format=%(refname)%00%(upstream:short)%00%(objectname)%00%(upstream:track)%00%(upstream:remotename)%00%(upstream:remoteref) refs/heads/main refs/remotes/main [2ms]
2023-03-20 19:58:54.836 [info] > git status -z -uall [43ms]
2023-03-20 19:58:59.862 [info] > git config --get commit.template [10ms]
2023-03-20 19:58:59.864 [info] > git for-each-ref --format=%(refname)%00%(upstream:short)%00%(objectname)%00%(upstream:track)%00%(upstream:remotename)%00%(upstream:remoteref) refs/heads/main refs/remotes/main [2ms]
2023-03-20 19:58:59.915 [info] > git status -z -uall [46ms]
2023-03-20 20:00:25.934 [info] > git config --get commit.template [8ms]
2023-03-20 20:00:25.936 [info] > git for-each-ref --format=%(refname)%00%(upstream:short)%00%(objectname)%00%(upstream:track)%00%(upstream:remotename)%00%(upstream:remoteref) refs/heads/main refs/remotes/main [2ms]
2023-03-20 20:00:25.984 [info] > git status -z -uall [42ms]
2023-03-20 20:00:31.015 [info] > git config --get commit.template [13ms]
2023-03-20 20:00:31.018 [info] > git for-each-ref --format=%(refname)%00%(upstream:short)%00%(objectname)%00%(upstream:track)%00%(upstream:remotename)%00%(upstream:remoteref) refs/heads/main refs/remotes/main [4ms]
2023-03-20 20:00:31.069 [info] > git status -z -uall [44ms]
2023-03-20 20:00:36.098 [info] > git config --get commit.template [9ms]
2023-03-20 20:00:36.100 [info] > git for-each-ref --format=%(refname)%00%(upstream:short)%00%(objectname)%00%(upstream:track)%00%(upstream:remotename)%00%(upstream:remoteref) refs/heads/main refs/remotes/main [3ms]
2023-03-20 20:00:36.152 [info] > git status -z -uall [46ms]
2023-03-20 20:00:41.181 [info] > git config --get commit.template [9ms]
2023-03-20 20:00:41.183 [info] > git for-each-ref --format=%(refname)%00%(upstream:short)%00%(objectname)%00%(upstream:track)%00%(upstream:remotename)%00%(upstream:remoteref) refs/heads/main refs/remotes/main [3ms]
2023-03-20 20:00:41.233 [info] > git status -z -uall [44ms]
2023-03-20 20:00:46.261 [info] > git config --get commit.template [9ms]
2023-03-20 20:00:46.263 [info] > git for-each-ref --format=%(refname)%00%(upstream:short)%00%(objectname)%00%(upstream:track)%00%(upstream:remotename)%00%(upstream:remoteref) refs/heads/main refs/remotes/main [2ms]
2023-03-20 20:00:46.311 [info] > git status -z -uall [42ms]
2023-03-20 20:00:51.339 [info] > git config --get commit.template [9ms]
2023-03-20 20:00:51.341 [info] > git for-each-ref --format=%(refname)%00%(upstream:short)%00%(objectname)%00%(upstream:track)%00%(upstream:remotename)%00%(upstream:remoteref) refs/heads/main refs/remotes/main [3ms]
2023-03-20 20:00:51.390 [info] > git status -z -uall [44ms]
2023-03-20 20:00:56.419 [info] > git config --get commit.template [8ms]
2023-03-20 20:00:56.421 [info] > git for-each-ref --format=%(refname)%00%(upstream:short)%00%(objectname)%00%(upstream:track)%00%(upstream:remotename)%00%(upstream:remoteref) refs/heads/main refs/remotes/main [2ms]
2023-03-20 20:00:56.472 [info] > git status -z -uall [46ms]
