[2023-03-14T10:15:36.258Z] Log level: Info
[2023-03-14T10:15:36.271Z] [info] Validating found git in: git
[2023-03-14T10:15:36.297Z] [info] Using git 2.25.1 from git
[2023-03-14T10:15:36.339Z] > git rev-parse --show-toplevel [31ms]
[2023-03-14T10:15:36.339Z] fatal: not a git repository (or any parent up to mount point /web/users)
Stopping at filesystem boundary (GIT_DISCOVERY_ACROSS_FILESYSTEM not set).
[2023-03-14T10:15:36.349Z] > git rev-parse --show-toplevel [3ms]
[2023-03-14T10:15:36.349Z] fatal: not a git repository (or any parent up to mount point /web/users)
Stopping at filesystem boundary (GIT_DISCOVERY_ACROSS_FILESYSTEM not set).
[2023-03-14T10:15:36.354Z] > git rev-parse --show-toplevel [2ms]
[2023-03-14T10:15:36.354Z] fatal: not a git repository (or any parent up to mount point /web/users)
Stopping at filesystem boundary (GIT_DISCOVERY_ACROSS_FILESYSTEM not set).
[2023-03-14T10:15:36.358Z] > git rev-parse --show-toplevel [1ms]
[2023-03-14T10:15:36.358Z] fatal: not a git repository (or any parent up to mount point /web/users)
Stopping at filesystem boundary (GIT_DISCOVERY_ACROSS_FILESYSTEM not set).
[2023-03-14T10:15:36.373Z] > git rev-parse --show-toplevel [4ms]
[2023-03-14T10:15:36.373Z] fatal: not a git repository (or any parent up to mount point /web/users)
Stopping at filesystem boundary (GIT_DISCOVERY_ACROSS_FILESYSTEM not set).
[2023-03-14T10:15:36.418Z] > git rev-parse --show-toplevel [39ms]
[2023-03-14T10:15:36.418Z] fatal: not a git repository (or any parent up to mount point /web/users)
Stopping at filesystem boundary (GIT_DISCOVERY_ACROSS_FILESYSTEM not set).
[2023-03-14T10:15:36.436Z] > git rev-parse --show-toplevel [11ms]
[2023-03-14T10:15:36.436Z] fatal: not a git repository (or any parent up to mount point /web/users)
Stopping at filesystem boundary (GIT_DISCOVERY_ACROSS_FILESYSTEM not set).
[2023-03-14T10:15:36.839Z] > git rev-parse --show-toplevel [19ms]
[2023-03-14T10:15:36.839Z] fatal: not a git repository (or any parent up to mount point /web/users)
Stopping at filesystem boundary (GIT_DISCOVERY_ACROSS_FILESYSTEM not set).
[2023-03-14T10:15:36.889Z] > git rev-parse --show-toplevel [9ms]
[2023-03-14T10:15:36.889Z] fatal: not a git repository (or any parent up to mount point /web/users)
Stopping at filesystem boundary (GIT_DISCOVERY_ACROSS_FILESYSTEM not set).
[2023-03-14T10:15:36.906Z] > git rev-parse --show-toplevel [5ms]
[2023-03-14T10:15:36.906Z] fatal: not a git repository (or any parent up to mount point /web/users)
Stopping at filesystem boundary (GIT_DISCOVERY_ACROSS_FILESYSTEM not set).
[2023-03-14T10:15:41.935Z] > git rev-parse --show-toplevel [4ms]
[2023-03-14T10:15:41.935Z] fatal: not a git repository (or any parent up to mount point /web/users)
Stopping at filesystem boundary (GIT_DISCOVERY_ACROSS_FILESYSTEM not set).
[2023-03-14T10:15:42.269Z] > git rev-parse --show-toplevel [7ms]
[2023-03-14T10:15:42.269Z] fatal: not a git repository (or any parent up to mount point /web/users)
Stopping at filesystem boundary (GIT_DISCOVERY_ACROSS_FILESYSTEM not set).
[2023-03-14T10:15:42.281Z] > git rev-parse --show-toplevel [4ms]
[2023-03-14T10:15:42.281Z] fatal: not a git repository (or any parent up to mount point /web/users)
Stopping at filesystem boundary (GIT_DISCOVERY_ACROSS_FILESYSTEM not set).
