2023-03-21 21:43:10.752 [info] Log level: Info
2023-03-21 21:43:10.752 [info] Validating found git in: "git"
2023-03-21 21:43:10.752 [info] Using git "2.25.1" from "git"
2023-03-21 21:43:10.752 [info] > git rev-parse --show-toplevel [1074ms]
2023-03-21 21:43:10.752 [info] > git rev-parse --git-dir --git-common-dir [16ms]
2023-03-21 21:43:10.752 [info] Open repository: /web/users/projects/202223/quicknotes
2023-03-21 21:43:10.752 [info] > git rev-parse --show-toplevel [35ms]
2023-03-21 21:43:10.752 [info] > git config --get commit.template [24ms]
2023-03-21 21:43:10.752 [info] > git rev-parse --show-toplevel [50ms]
2023-03-21 21:43:10.756 [info] > git for-each-ref --format=%(refname)%00%(upstream:short)%00%(objectname)%00%(upstream:track)%00%(upstream:remotename)%00%(upstream:remoteref) refs/heads/main refs/remotes/main [30ms]
2023-03-21 21:43:10.757 [info] > git rev-parse --show-toplevel [36ms]
2023-03-21 21:43:10.757 [info] > git rev-parse --show-toplevel [11ms]
2023-03-21 21:43:10.757 [info] > git rev-parse --show-toplevel [9ms]
2023-03-21 21:43:10.757 [info] > git rev-parse --show-toplevel [11ms]
2023-03-21 21:43:10.757 [info] > git rev-parse --show-toplevel [7ms]
2023-03-21 21:43:10.757 [info] > git status -z -uall [411ms]
2023-03-21 21:43:10.757 [info] > git rev-parse --show-toplevel [328ms]
2023-03-21 21:43:10.757 [info] > git rev-parse --show-toplevel [15ms]
2023-03-21 21:43:10.757 [info] > git config --get commit.template [111ms]
2023-03-21 21:43:10.757 [info] > git for-each-ref --format=%(refname)%00%(upstream:short)%00%(objectname)%00%(upstream:track)%00%(upstream:remotename)%00%(upstream:remoteref) refs/heads/main refs/remotes/main [7ms]
2023-03-21 21:43:10.757 [info] > git status -z -uall [61ms]
2023-03-21 21:43:10.757 [info] > git check-ignore -v -z --stdin [21ms]
2023-03-21 21:43:11.276 [info] > git show --textconv :Testing/resetpassword.html [30ms]
2023-03-21 21:43:11.301 [info] > git ls-files --stage -- /web/users/projects/202223/quicknotes/Testing/resetpassword.html [28ms]
2023-03-21 21:43:12.836 [info] > git config --get commit.template [37ms]
2023-03-21 21:43:12.848 [info] > git for-each-ref --format=%(refname)%00%(upstream:short)%00%(objectname)%00%(upstream:track)%00%(upstream:remotename)%00%(upstream:remoteref) refs/heads/main refs/remotes/main [13ms]
2023-03-21 21:43:13.066 [info] > git status -z -uall [202ms]
2023-03-21 21:43:18.154 [info] > git config --get commit.template [22ms]
2023-03-21 21:43:18.168 [info] > git for-each-ref --format=%(refname)%00%(upstream:short)%00%(objectname)%00%(upstream:track)%00%(upstream:remotename)%00%(upstream:remoteref) refs/heads/main refs/remotes/main [15ms]
2023-03-21 21:43:18.275 [info] > git status -z -uall [98ms]
2023-03-21 21:43:28.983 [info] > git config --get commit.template [14ms]
2023-03-21 21:43:28.988 [info] > git for-each-ref --format=%(refname)%00%(upstream:short)%00%(objectname)%00%(upstream:track)%00%(upstream:remotename)%00%(upstream:remoteref) refs/heads/main refs/remotes/main [6ms]
2023-03-21 21:43:29.086 [info] > git status -z -uall [88ms]
2023-03-21 21:43:34.137 [info] > git config --get commit.template [6ms]
2023-03-21 21:43:34.138 [info] > git for-each-ref --format=%(refname)%00%(upstream:short)%00%(objectname)%00%(upstream:track)%00%(upstream:remotename)%00%(upstream:remoteref) refs/heads/main refs/remotes/main [2ms]
2023-03-21 21:43:34.192 [info] > git status -z -uall [44ms]
2023-03-21 21:43:39.242 [info] > git config --get commit.template [12ms]
2023-03-21 21:43:39.254 [info] > git for-each-ref --format=%(refname)%00%(upstream:short)%00%(objectname)%00%(upstream:track)%00%(upstream:remotename)%00%(upstream:remoteref) refs/heads/main refs/remotes/main [1ms]
2023-03-21 21:43:39.353 [info] > git status -z -uall [83ms]
2023-03-21 21:43:40.405 [info] > git check-ignore -v -z --stdin [13ms]
2023-03-21 21:43:44.395 [info] > git config --get commit.template [11ms]
2023-03-21 21:43:44.401 [info] > git for-each-ref --format=%(refname)%00%(upstream:short)%00%(objectname)%00%(upstream:track)%00%(upstream:remotename)%00%(upstream:remoteref) refs/heads/main refs/remotes/main [6ms]
2023-03-21 21:43:44.540 [info] > git status -z -uall [107ms]
2023-03-21 21:43:49.584 [info] > git config --get commit.template [7ms]
2023-03-21 21:43:49.586 [info] > git for-each-ref --format=%(refname)%00%(upstream:short)%00%(objectname)%00%(upstream:track)%00%(upstream:remotename)%00%(upstream:remoteref) refs/heads/main refs/remotes/main [3ms]
2023-03-21 21:43:49.632 [info] > git status -z -uall [41ms]
2023-03-21 21:43:52.987 [info] > git show --textconv :Testing/index.html [8ms]
2023-03-21 21:43:52.992 [info] > git ls-files --stage -- /web/users/projects/202223/quicknotes/Testing/index.html [5ms]
2023-03-21 21:43:55.961 [info] > git config --get commit.template [7ms]
2023-03-21 21:43:55.963 [info] > git for-each-ref --format=%(refname)%00%(upstream:short)%00%(objectname)%00%(upstream:track)%00%(upstream:remotename)%00%(upstream:remoteref) refs/heads/main refs/remotes/main [3ms]
2023-03-21 21:43:56.011 [info] > git status -z -uall [43ms]
2023-03-21 21:44:01.048 [info] > git config --get commit.template [10ms]
2023-03-21 21:44:01.050 [info] > git for-each-ref --format=%(refname)%00%(upstream:short)%00%(objectname)%00%(upstream:track)%00%(upstream:remotename)%00%(upstream:remoteref) refs/heads/main refs/remotes/main [3ms]
2023-03-21 21:44:01.102 [info] > git status -z -uall [44ms]
2023-03-21 21:44:06.147 [info] > git config --get commit.template [12ms]
2023-03-21 21:44:06.179 [info] > git for-each-ref --format=%(refname)%00%(upstream:short)%00%(objectname)%00%(upstream:track)%00%(upstream:remotename)%00%(upstream:remoteref) refs/heads/main refs/remotes/main [32ms]
2023-03-21 21:44:06.306 [info] > git status -z -uall [97ms]
2023-03-21 21:44:11.337 [info] > git config --get commit.template [8ms]
2023-03-21 21:44:11.339 [info] > git for-each-ref --format=%(refname)%00%(upstream:short)%00%(objectname)%00%(upstream:track)%00%(upstream:remotename)%00%(upstream:remoteref) refs/heads/main refs/remotes/main [3ms]
2023-03-21 21:44:11.387 [info] > git status -z -uall [42ms]
2023-03-21 21:44:16.417 [info] > git config --get commit.template [8ms]
2023-03-21 21:44:16.419 [info] > git for-each-ref --format=%(refname)%00%(upstream:short)%00%(objectname)%00%(upstream:track)%00%(upstream:remotename)%00%(upstream:remoteref) refs/heads/main refs/remotes/main [3ms]
2023-03-21 21:44:16.466 [info] > git status -z -uall [42ms]
2023-03-21 21:44:21.496 [info] > git config --get commit.template [8ms]
2023-03-21 21:44:21.498 [info] > git for-each-ref --format=%(refname)%00%(upstream:short)%00%(objectname)%00%(upstream:track)%00%(upstream:remotename)%00%(upstream:remoteref) refs/heads/main refs/remotes/main [3ms]
2023-03-21 21:44:21.545 [info] > git status -z -uall [41ms]
2023-03-21 21:44:26.583 [info] > git config --get commit.template [8ms]
2023-03-21 21:44:26.585 [info] > git for-each-ref --format=%(refname)%00%(upstream:short)%00%(objectname)%00%(upstream:track)%00%(upstream:remotename)%00%(upstream:remoteref) refs/heads/main refs/remotes/main [3ms]
2023-03-21 21:44:26.633 [info] > git status -z -uall [42ms]
2023-03-21 21:44:31.664 [info] > git config --get commit.template [10ms]
2023-03-21 21:44:31.665 [info] > git for-each-ref --format=%(refname)%00%(upstream:short)%00%(objectname)%00%(upstream:track)%00%(upstream:remotename)%00%(upstream:remoteref) refs/heads/main refs/remotes/main [2ms]
2023-03-21 21:44:31.713 [info] > git status -z -uall [42ms]
2023-03-21 21:44:36.742 [info] > git config --get commit.template [8ms]
2023-03-21 21:44:36.744 [info] > git for-each-ref --format=%(refname)%00%(upstream:short)%00%(objectname)%00%(upstream:track)%00%(upstream:remotename)%00%(upstream:remoteref) refs/heads/main refs/remotes/main [2ms]
2023-03-21 21:44:36.793 [info] > git status -z -uall [43ms]
2023-03-21 21:44:41.829 [info] > git config --get commit.template [9ms]
2023-03-21 21:44:41.831 [info] > git for-each-ref --format=%(refname)%00%(upstream:short)%00%(objectname)%00%(upstream:track)%00%(upstream:remotename)%00%(upstream:remoteref) refs/heads/main refs/remotes/main [2ms]
2023-03-21 21:44:41.878 [info] > git status -z -uall [41ms]
