2023-03-26 18:37:00.257 [info] Log level: Info
2023-03-26 18:37:00.257 [info] Validating found git in: "git"
2023-03-26 18:37:00.258 [info] Using git "2.25.1" from "git"
2023-03-26 18:37:00.258 [info] > git rev-parse --show-toplevel [688ms]
2023-03-26 18:37:00.258 [info] > git rev-parse --git-dir --git-common-dir [25ms]
2023-03-26 18:37:00.261 [info] Open repository: /web/users/projects/202223/quicknotes
2023-03-26 18:37:00.261 [info] > git rev-parse --show-toplevel [69ms]
2023-03-26 18:37:00.262 [info] > git config --get commit.template [53ms]
2023-03-26 18:37:00.262 [info] > git rev-parse --show-toplevel [52ms]
2023-03-26 18:37:00.263 [info] > git for-each-ref --format=%(refname)%00%(upstream:short)%00%(objectname)%00%(upstream:track)%00%(upstream:remotename)%00%(upstream:remoteref) refs/heads/main refs/remotes/main [35ms]
2023-03-26 18:37:00.263 [info] > git rev-parse --show-toplevel [76ms]
2023-03-26 18:37:00.263 [info] > git rev-parse --show-toplevel [45ms]
2023-03-26 18:37:00.266 [info] > git rev-parse --show-toplevel [10ms]
2023-03-26 18:37:00.362 [info] > git status -z -uall [182ms]
2023-03-26 18:37:00.386 [info] > git rev-parse --show-toplevel [107ms]
2023-03-26 18:37:00.414 [info] > git config --get commit.template [15ms]
2023-03-26 18:37:00.415 [info] > git rev-parse --show-toplevel [24ms]
2023-03-26 18:37:00.461 [info] > git rev-parse --show-toplevel [41ms]
2023-03-26 18:37:00.557 [info] > git rev-parse --show-toplevel [87ms]
2023-03-26 18:37:00.561 [info] > git for-each-ref --format=%(refname)%00%(upstream:short)%00%(objectname)%00%(upstream:track)%00%(upstream:remotename)%00%(upstream:remoteref) refs/heads/main refs/remotes/main [99ms]
2023-03-26 18:37:00.653 [info] > git status -z -uall [87ms]
2023-03-26 18:37:00.743 [info] > git show --textconv :Testing/main.php [12ms]
2023-03-26 18:37:00.826 [info] > git ls-files --stage -- /web/users/projects/202223/quicknotes/Testing/main.php [84ms]
2023-03-26 18:37:00.846 [info] > git cat-file -s cb1937b9a78ae939fd8cefe2080901acbd061f76 [13ms]
2023-03-26 18:37:00.850 [info] > git log --format=%H%n%aN%n%aE%n%at%n%ct%n%P%n%D%n%B -z -n120 -- /web/users/projects/202223/quicknotes/Testing/main.php [5ms]
2023-03-26 18:37:00.949 [info] > git check-ignore -v -z --stdin [11ms]
2023-03-26 18:56:14.355 [info] > git log --format=%H%n%aN%n%aE%n%at%n%ct%n%P%n%D%n%B -z -n120 -- /web/users/projects/202223/quicknotes/Testing/logout.css [44ms]
2023-03-26 18:56:14.630 [info] > git show --textconv :Testing/logout.css [15ms]
2023-03-26 18:56:14.637 [info] > git ls-files --stage -- /web/users/projects/202223/quicknotes/Testing/logout.css [14ms]
2023-03-26 18:56:14.654 [info] > git cat-file -s 90259ec39e3e83de42feb019f7e44a163c0c2b47 [6ms]
2023-03-26 18:56:15.118 [info] > git log --format=%H%n%aN%n%aE%n%at%n%ct%n%P%n%D%n%B -z -n120 -- /web/users/projects/202223/quicknotes/Testing/login.php [9ms]
2023-03-26 18:56:15.539 [info] > git show --textconv :Testing/login.php [22ms]
2023-03-26 18:56:15.550 [info] > git ls-files --stage -- /web/users/projects/202223/quicknotes/Testing/login.php [12ms]
2023-03-26 18:56:15.563 [info] > git cat-file -s c94ed67c25488a555344f83f5971f61500156aa4 [3ms]
2023-03-26 18:56:49.240 [info] > git check-ignore -v -z --stdin [6ms]
2023-03-26 18:56:50.287 [info] > git check-ignore -v -z --stdin [6ms]
2023-03-26 18:57:21.492 [info] > git check-ignore -v -z --stdin [7ms]
2023-03-26 18:57:23.732 [info] > git log --format=%H%n%aN%n%aE%n%at%n%ct%n%P%n%D%n%B -z -n120 -- /web/users/projects/202223/quicknotes/Testing/userdetails.html [110ms]
2023-03-26 18:57:24.317 [info] > git show --textconv :Testing/userdetails.html [22ms]
2023-03-26 18:57:24.319 [info] > git ls-files --stage -- /web/users/projects/202223/quicknotes/Testing/userdetails.html [17ms]
2023-03-26 18:57:24.331 [info] > git cat-file -s e67031d49ac736390742fbb158c2fec382a38c11 [1ms]
2023-03-26 18:58:59.674 [info] > git check-ignore -v -z --stdin [7ms]
2023-03-26 18:59:01.453 [info] > git check-ignore -v -z --stdin [8ms]
2023-03-26 18:59:05.370 [info] > git log --format=%H%n%aN%n%aE%n%at%n%ct%n%P%n%D%n%B -z -n120 -- /web/users/projects/202223/quicknotes/Testing/search.php [9ms]
2023-03-26 18:59:05.611 [info] > git show --textconv :Testing/search.php [9ms]
2023-03-26 18:59:05.616 [info] > git ls-files --stage -- /web/users/projects/202223/quicknotes/Testing/search.php [5ms]
2023-03-26 18:59:05.623 [info] > git cat-file -s e3734429e8106094dd4bdc2696fea324bc4418e7 [2ms]
2023-03-26 18:59:10.032 [info] > git log --format=%H%n%aN%n%aE%n%at%n%ct%n%P%n%D%n%B -z -n120 -- /web/users/projects/202223/quicknotes/Testing/logout.css [10ms]
2023-03-26 18:59:10.391 [info] > git show --textconv :Testing/logout.css [11ms]
2023-03-26 18:59:10.397 [info] > git ls-files --stage -- /web/users/projects/202223/quicknotes/Testing/logout.css [5ms]
2023-03-26 18:59:10.406 [info] > git cat-file -s 90259ec39e3e83de42feb019f7e44a163c0c2b47 [1ms]
2023-03-26 18:59:10.853 [info] > git log --format=%H%n%aN%n%aE%n%at%n%ct%n%P%n%D%n%B -z -n120 -- /web/users/projects/202223/quicknotes/Testing/leftcolumn2.php [8ms]
2023-03-26 18:59:11.151 [info] > git show --textconv :Testing/leftcolumn2.php [12ms]
2023-03-26 18:59:11.155 [info] > git ls-files --stage -- /web/users/projects/202223/quicknotes/Testing/leftcolumn2.php [8ms]
2023-03-26 18:59:11.162 [info] > git cat-file -s d2d95960c22df2c6785dff266adbcf48ec442e06 [2ms]
2023-03-26 18:59:13.081 [info] > git log --format=%H%n%aN%n%aE%n%at%n%ct%n%P%n%D%n%B -z -n120 -- /web/users/projects/202223/quicknotes/Testing/index.php [8ms]
2023-03-26 18:59:13.319 [info] > git show --textconv :Testing/index.php [8ms]
2023-03-26 18:59:13.324 [info] > git ls-files --stage -- /web/users/projects/202223/quicknotes/Testing/index.php [6ms]
2023-03-26 18:59:32.514 [info] > git check-ignore -v -z --stdin [7ms]
2023-03-26 18:59:46.021 [info] > git log --format=%H%n%aN%n%aE%n%at%n%ct%n%P%n%D%n%B -z -n120 -- /web/users/projects/202223/quicknotes/QN/login.php [7ms]
2023-03-26 18:59:46.250 [info] > git show --textconv :QN/login.php [12ms]
2023-03-26 18:59:46.256 [info] > git ls-files --stage -- /web/users/projects/202223/quicknotes/QN/login.php [7ms]
2023-03-26 18:59:46.263 [info] > git cat-file -s d4ed97b6ad75114b87b3560fd30ce41227d497f1 [2ms]
2023-03-26 18:59:46.878 [info] > git check-ignore -v -z --stdin [12ms]
2023-03-26 18:59:49.825 [info] > git check-ignore -v -z --stdin [10ms]
2023-03-26 18:59:55.775 [info] > git log --format=%H%n%aN%n%aE%n%at%n%ct%n%P%n%D%n%B -z -n120 -- /web/users/projects/202223/quicknotes/Testing/login.php [4ms]
2023-03-26 19:01:04.619 [info] > git log --format=%H%n%aN%n%aE%n%at%n%ct%n%P%n%D%n%B -z -n120 -- /web/users/projects/202223/quicknotes/Testing/update_notes.php [7ms]
2023-03-26 19:01:04.906 [info] > git show --textconv :Testing/update_notes.php [12ms]
2023-03-26 19:01:04.911 [info] > git ls-files --stage -- /web/users/projects/202223/quicknotes/Testing/update_notes.php [5ms]
2023-03-26 19:01:04.917 [info] > git cat-file -s 54ab4b108734a0b562fd7892b6ccadbef587f3e7 [1ms]
2023-03-26 19:01:05.417 [info] > git log --format=%H%n%aN%n%aE%n%at%n%ct%n%P%n%D%n%B -z -n120 -- /web/users/projects/202223/quicknotes/Testing/userdetails.html [13ms]
2023-03-26 19:01:05.788 [info] > git show --textconv :Testing/userdetails.html [13ms]
2023-03-26 19:01:05.792 [info] > git ls-files --stage -- /web/users/projects/202223/quicknotes/Testing/userdetails.html [9ms]
2023-03-26 19:01:05.799 [info] > git cat-file -s e67031d49ac736390742fbb158c2fec382a38c11 [1ms]
2023-03-26 19:04:21.613 [info] > git log --format=%H%n%aN%n%aE%n%at%n%ct%n%P%n%D%n%B -z -n120 -- /web/users/projects/202223/quicknotes/Testing/details2.html [15ms]
2023-03-26 19:04:21.884 [info] > git show --textconv :Testing/details2.html [12ms]
2023-03-26 19:04:21.890 [info] > git ls-files --stage -- /web/users/projects/202223/quicknotes/Testing/details2.html [6ms]
2023-03-26 19:04:25.285 [info] > git log --format=%H%n%aN%n%aE%n%at%n%ct%n%P%n%D%n%B -z -n120 -- /web/users/projects/202223/quicknotes/Testing/details.html [15ms]
2023-03-26 19:04:25.497 [info] > git show --textconv :Testing/details.html [9ms]
2023-03-26 19:04:25.502 [info] > git ls-files --stage -- /web/users/projects/202223/quicknotes/Testing/details.html [6ms]
2023-03-26 19:07:33.194 [info] > git log --format=%H%n%aN%n%aE%n%at%n%ct%n%P%n%D%n%B -z -n120 -- /web/users/projects/202223/quicknotes/Testing/styles.css [17ms]
2023-03-26 19:07:33.526 [info] > git show --textconv :Testing/styles.css [13ms]
2023-03-26 19:07:33.531 [info] > git ls-files --stage -- /web/users/projects/202223/quicknotes/Testing/styles.css [8ms]
2023-03-26 19:07:33.538 [info] > git cat-file -s 0753ea42bf4bc2020feab0a24656a5fd84e09681 [1ms]
2023-03-26 19:07:36.676 [info] > git log --format=%H%n%aN%n%aE%n%at%n%ct%n%P%n%D%n%B -z -n120 -- /web/users/projects/202223/quicknotes/Testing/style2.css [10ms]
2023-03-26 19:07:36.897 [info] > git show --textconv :Testing/style2.css [14ms]
2023-03-26 19:07:36.899 [info] > git ls-files --stage -- /web/users/projects/202223/quicknotes/Testing/style2.css [8ms]
2023-03-26 19:07:36.906 [info] > git cat-file -s 636b47fb0c572493b1fcd4b1bf93ee129bbae080 [2ms]
