2023-03-26 16:52:36.083 [info] Log level: Info
2023-03-26 16:52:36.084 [info] Validating found git in: "git"
2023-03-26 16:52:36.084 [info] Using git "2.25.1" from "git"
2023-03-26 16:52:36.084 [info] > git rev-parse --show-toplevel [448ms]
2023-03-26 16:52:36.085 [info] > git rev-parse --git-dir --git-common-dir [16ms]
2023-03-26 16:52:36.085 [info] Open repository: /web/users/projects/202223/quicknotes
2023-03-26 16:52:36.085 [info] > git rev-parse --show-toplevel [30ms]
2023-03-26 16:52:36.085 [info] > git config --get commit.template [31ms]
2023-03-26 16:52:36.086 [info] > git rev-parse --show-toplevel [32ms]
2023-03-26 16:52:36.086 [info] > git for-each-ref --format=%(refname)%00%(upstream:short)%00%(objectname)%00%(upstream:track)%00%(upstream:remotename)%00%(upstream:remoteref) refs/heads/main refs/remotes/main [35ms]
2023-03-26 16:52:36.086 [info] > git rev-parse --show-toplevel [28ms]
2023-03-26 16:52:36.086 [info] > git rev-parse --show-toplevel [14ms]
2023-03-26 16:52:36.087 [info] > git rev-parse --show-toplevel [4ms]
2023-03-26 16:52:36.087 [info] > git rev-parse --show-toplevel [11ms]
2023-03-26 16:52:36.087 [info] > git rev-parse --show-toplevel [3ms]
2023-03-26 16:52:36.087 [info] > git status -z -uall [108ms]
2023-03-26 16:52:36.088 [info] > git rev-parse --show-toplevel [31ms]
2023-03-26 16:52:36.088 [info] > git config --get commit.template [6ms]
2023-03-26 16:52:36.088 [info] > git rev-parse --show-toplevel [6ms]
2023-03-26 16:52:36.088 [info] > git for-each-ref --format=%(refname)%00%(upstream:short)%00%(objectname)%00%(upstream:track)%00%(upstream:remotename)%00%(upstream:remoteref) refs/heads/main refs/remotes/main [6ms]
2023-03-26 16:52:36.089 [info] > git status -z -uall [40ms]
2023-03-26 16:52:36.089 [info] > git check-ignore -v -z --stdin [23ms]
2023-03-26 16:52:36.089 [info] > git log --format=%H%n%aN%n%aE%n%at%n%ct%n%P%n%D%n%B -z -n120 -- /web/users/projects/202223/quicknotes/Testing/main.php [64ms]
2023-03-26 16:52:36.089 [info] > git show --textconv :Testing/main.php [19ms]
2023-03-26 16:52:36.090 [info] > git ls-files --stage -- /web/users/projects/202223/quicknotes/Testing/main.php [19ms]
2023-03-26 16:52:36.098 [info] > git cat-file -s cb1937b9a78ae939fd8cefe2080901acbd061f76 [18ms]
2023-03-26 16:53:35.624 [info] > git check-ignore -v -z --stdin [7ms]
2023-03-26 16:53:37.769 [info] > git check-ignore -v -z --stdin [6ms]
2023-03-26 16:57:54.095 [info] > git config --get commit.template [10ms]
2023-03-26 16:57:54.097 [info] > git for-each-ref --format=%(refname)%00%(upstream:short)%00%(objectname)%00%(upstream:track)%00%(upstream:remotename)%00%(upstream:remoteref) refs/heads/main refs/remotes/main [3ms]
2023-03-26 16:57:54.149 [info] > git status -z -uall [46ms]
2023-03-26 16:57:59.183 [info] > git config --get commit.template [8ms]
2023-03-26 16:57:59.186 [info] > git for-each-ref --format=%(refname)%00%(upstream:short)%00%(objectname)%00%(upstream:track)%00%(upstream:remotename)%00%(upstream:remoteref) refs/heads/main refs/remotes/main [4ms]
2023-03-26 16:57:59.235 [info] > git status -z -uall [44ms]
2023-03-26 16:58:04.269 [info] > git config --get commit.template [9ms]
2023-03-26 16:58:04.271 [info] > git for-each-ref --format=%(refname)%00%(upstream:short)%00%(objectname)%00%(upstream:track)%00%(upstream:remotename)%00%(upstream:remoteref) refs/heads/main refs/remotes/main [3ms]
2023-03-26 16:58:04.321 [info] > git status -z -uall [44ms]
2023-03-26 16:58:09.352 [info] > git config --get commit.template [10ms]
2023-03-26 16:58:09.354 [info] > git for-each-ref --format=%(refname)%00%(upstream:short)%00%(objectname)%00%(upstream:track)%00%(upstream:remotename)%00%(upstream:remoteref) refs/heads/main refs/remotes/main [3ms]
2023-03-26 16:58:09.402 [info] > git status -z -uall [42ms]
2023-03-26 16:58:14.433 [info] > git config --get commit.template [7ms]
2023-03-26 16:58:14.435 [info] > git for-each-ref --format=%(refname)%00%(upstream:short)%00%(objectname)%00%(upstream:track)%00%(upstream:remotename)%00%(upstream:remoteref) refs/heads/main refs/remotes/main [3ms]
2023-03-26 16:58:14.484 [info] > git status -z -uall [44ms]
2023-03-26 16:58:19.515 [info] > git config --get commit.template [8ms]
2023-03-26 16:58:19.517 [info] > git for-each-ref --format=%(refname)%00%(upstream:short)%00%(objectname)%00%(upstream:track)%00%(upstream:remotename)%00%(upstream:remoteref) refs/heads/main refs/remotes/main [3ms]
2023-03-26 16:58:19.566 [info] > git status -z -uall [44ms]
2023-03-26 16:58:23.738 [info] > git check-ignore -v -z --stdin [8ms]
2023-03-26 16:58:24.368 [info] > git check-ignore -v -z --stdin [7ms]
2023-03-26 16:58:24.594 [info] > git config --get commit.template [8ms]
2023-03-26 16:58:24.597 [info] > git for-each-ref --format=%(refname)%00%(upstream:short)%00%(objectname)%00%(upstream:track)%00%(upstream:remotename)%00%(upstream:remoteref) refs/heads/main refs/remotes/main [2ms]
2023-03-26 16:58:24.645 [info] > git status -z -uall [43ms]
2023-03-26 16:58:29.676 [info] > git config --get commit.template [9ms]
2023-03-26 16:58:29.678 [info] > git for-each-ref --format=%(refname)%00%(upstream:short)%00%(objectname)%00%(upstream:track)%00%(upstream:remotename)%00%(upstream:remoteref) refs/heads/main refs/remotes/main [3ms]
2023-03-26 16:58:29.727 [info] > git status -z -uall [43ms]
2023-03-26 16:58:34.764 [info] > git config --get commit.template [8ms]
2023-03-26 16:58:34.766 [info] > git for-each-ref --format=%(refname)%00%(upstream:short)%00%(objectname)%00%(upstream:track)%00%(upstream:remotename)%00%(upstream:remoteref) refs/heads/main refs/remotes/main [3ms]
2023-03-26 16:58:34.816 [info] > git status -z -uall [44ms]
2023-03-26 16:58:39.870 [info] > git config --get commit.template [8ms]
2023-03-26 16:58:39.872 [info] > git for-each-ref --format=%(refname)%00%(upstream:short)%00%(objectname)%00%(upstream:track)%00%(upstream:remotename)%00%(upstream:remoteref) refs/heads/main refs/remotes/main [2ms]
2023-03-26 16:58:39.922 [info] > git status -z -uall [44ms]
2023-03-26 16:58:41.519 [info] > git log --format=%H%n%aN%n%aE%n%at%n%ct%n%P%n%D%n%B -z -n120 -- /web/users/projects/202223/quicknotes/Testing/details2.html [47ms]
2023-03-26 16:58:41.796 [info] > git check-ignore -v -z --stdin [45ms]
2023-03-26 16:58:41.797 [info] > git show --textconv :Testing/details2.html [17ms]
2023-03-26 16:58:41.806 [info] > git ls-files --stage -- /web/users/projects/202223/quicknotes/Testing/details2.html [11ms]
2023-03-26 16:58:44.956 [info] > git config --get commit.template [12ms]
2023-03-26 16:58:44.961 [info] > git for-each-ref --format=%(refname)%00%(upstream:short)%00%(objectname)%00%(upstream:track)%00%(upstream:remotename)%00%(upstream:remoteref) refs/heads/main refs/remotes/main [4ms]
2023-03-26 16:58:45.062 [info] > git status -z -uall [91ms]
2023-03-26 16:58:50.598 [info] > git config --get commit.template [14ms]
2023-03-26 16:58:50.601 [info] > git for-each-ref --format=%(refname)%00%(upstream:short)%00%(objectname)%00%(upstream:track)%00%(upstream:remotename)%00%(upstream:remoteref) refs/heads/main refs/remotes/main [4ms]
2023-03-26 16:58:50.698 [info] > git status -z -uall [87ms]
2023-03-26 16:58:55.734 [info] > git config --get commit.template [9ms]
2023-03-26 16:58:55.736 [info] > git for-each-ref --format=%(refname)%00%(upstream:short)%00%(objectname)%00%(upstream:track)%00%(upstream:remotename)%00%(upstream:remoteref) refs/heads/main refs/remotes/main [3ms]
2023-03-26 16:58:55.785 [info] > git status -z -uall [43ms]
2023-03-26 16:59:00.826 [info] > git config --get commit.template [14ms]
2023-03-26 16:59:00.828 [info] > git for-each-ref --format=%(refname)%00%(upstream:short)%00%(objectname)%00%(upstream:track)%00%(upstream:remotename)%00%(upstream:remoteref) refs/heads/main refs/remotes/main [2ms]
2023-03-26 16:59:00.878 [info] > git status -z -uall [44ms]
2023-03-26 16:59:05.905 [info] > git config --get commit.template [9ms]
2023-03-26 16:59:05.908 [info] > git for-each-ref --format=%(refname)%00%(upstream:short)%00%(objectname)%00%(upstream:track)%00%(upstream:remotename)%00%(upstream:remoteref) refs/heads/main refs/remotes/main [3ms]
2023-03-26 16:59:05.957 [info] > git status -z -uall [43ms]
2023-03-26 16:59:10.986 [info] > git config --get commit.template [8ms]
2023-03-26 16:59:10.989 [info] > git for-each-ref --format=%(refname)%00%(upstream:short)%00%(objectname)%00%(upstream:track)%00%(upstream:remotename)%00%(upstream:remoteref) refs/heads/main refs/remotes/main [3ms]
2023-03-26 16:59:11.058 [info] > git status -z -uall [63ms]
2023-03-26 16:59:16.092 [info] > git config --get commit.template [8ms]
2023-03-26 16:59:16.094 [info] > git for-each-ref --format=%(refname)%00%(upstream:short)%00%(objectname)%00%(upstream:track)%00%(upstream:remotename)%00%(upstream:remoteref) refs/heads/main refs/remotes/main [3ms]
2023-03-26 16:59:16.146 [info] > git status -z -uall [46ms]
2023-03-26 16:59:50.577 [info] > git config --get commit.template [9ms]
2023-03-26 16:59:50.579 [info] > git for-each-ref --format=%(refname)%00%(upstream:short)%00%(objectname)%00%(upstream:track)%00%(upstream:remotename)%00%(upstream:remoteref) refs/heads/main refs/remotes/main [3ms]
2023-03-26 16:59:50.629 [info] > git status -z -uall [44ms]
2023-03-26 17:02:47.251 [info] > git config --get commit.template [8ms]
2023-03-26 17:02:47.253 [info] > git for-each-ref --format=%(refname)%00%(upstream:short)%00%(objectname)%00%(upstream:track)%00%(upstream:remotename)%00%(upstream:remoteref) refs/heads/main refs/remotes/main [3ms]
2023-03-26 17:02:47.301 [info] > git status -z -uall [43ms]
2023-03-26 17:02:52.334 [info] > git config --get commit.template [8ms]
2023-03-26 17:02:52.336 [info] > git for-each-ref --format=%(refname)%00%(upstream:short)%00%(objectname)%00%(upstream:track)%00%(upstream:remotename)%00%(upstream:remoteref) refs/heads/main refs/remotes/main [3ms]
2023-03-26 17:02:52.384 [info] > git status -z -uall [42ms]
2023-03-26 17:02:57.410 [info] > git config --get commit.template [9ms]
2023-03-26 17:02:57.412 [info] > git for-each-ref --format=%(refname)%00%(upstream:short)%00%(objectname)%00%(upstream:track)%00%(upstream:remotename)%00%(upstream:remoteref) refs/heads/main refs/remotes/main [3ms]
2023-03-26 17:02:57.470 [info] > git status -z -uall [53ms]
2023-03-26 17:03:08.146 [info] > git config --get commit.template [9ms]
2023-03-26 17:03:08.149 [info] > git for-each-ref --format=%(refname)%00%(upstream:short)%00%(objectname)%00%(upstream:track)%00%(upstream:remotename)%00%(upstream:remoteref) refs/heads/main refs/remotes/main [4ms]
2023-03-26 17:03:08.203 [info] > git status -z -uall [48ms]
2023-03-26 17:03:13.235 [info] > git config --get commit.template [9ms]
2023-03-26 17:03:13.238 [info] > git for-each-ref --format=%(refname)%00%(upstream:short)%00%(objectname)%00%(upstream:track)%00%(upstream:remotename)%00%(upstream:remoteref) refs/heads/main refs/remotes/main [3ms]
2023-03-26 17:03:13.286 [info] > git status -z -uall [43ms]
2023-03-26 17:03:19.769 [info] > git config --get commit.template [8ms]
2023-03-26 17:03:19.771 [info] > git for-each-ref --format=%(refname)%00%(upstream:short)%00%(objectname)%00%(upstream:track)%00%(upstream:remotename)%00%(upstream:remoteref) refs/heads/main refs/remotes/main [3ms]
2023-03-26 17:03:19.822 [info] > git status -z -uall [44ms]
2023-03-26 17:03:24.851 [info] > git config --get commit.template [9ms]
2023-03-26 17:03:24.853 [info] > git for-each-ref --format=%(refname)%00%(upstream:short)%00%(objectname)%00%(upstream:track)%00%(upstream:remotename)%00%(upstream:remoteref) refs/heads/main refs/remotes/main [3ms]
2023-03-26 17:03:24.906 [info] > git status -z -uall [47ms]
2023-03-26 17:03:29.936 [info] > git config --get commit.template [9ms]
2023-03-26 17:03:29.938 [info] > git for-each-ref --format=%(refname)%00%(upstream:short)%00%(objectname)%00%(upstream:track)%00%(upstream:remotename)%00%(upstream:remoteref) refs/heads/main refs/remotes/main [3ms]
2023-03-26 17:03:29.988 [info] > git status -z -uall [44ms]
2023-03-26 17:03:35.023 [info] > git config --get commit.template [9ms]
2023-03-26 17:03:35.025 [info] > git for-each-ref --format=%(refname)%00%(upstream:short)%00%(objectname)%00%(upstream:track)%00%(upstream:remotename)%00%(upstream:remoteref) refs/heads/main refs/remotes/main [3ms]
2023-03-26 17:03:35.083 [info] > git status -z -uall [52ms]
2023-03-26 17:03:40.115 [info] > git config --get commit.template [10ms]
2023-03-26 17:03:40.118 [info] > git for-each-ref --format=%(refname)%00%(upstream:short)%00%(objectname)%00%(upstream:track)%00%(upstream:remotename)%00%(upstream:remoteref) refs/heads/main refs/remotes/main [4ms]
2023-03-26 17:03:40.170 [info] > git status -z -uall [46ms]
2023-03-26 17:03:53.162 [info] > git config --get commit.template [8ms]
2023-03-26 17:03:53.164 [info] > git for-each-ref --format=%(refname)%00%(upstream:short)%00%(objectname)%00%(upstream:track)%00%(upstream:remotename)%00%(upstream:remoteref) refs/heads/main refs/remotes/main [2ms]
2023-03-26 17:03:53.216 [info] > git status -z -uall [45ms]
2023-03-26 17:03:58.246 [info] > git config --get commit.template [8ms]
2023-03-26 17:03:58.249 [info] > git for-each-ref --format=%(refname)%00%(upstream:short)%00%(objectname)%00%(upstream:track)%00%(upstream:remotename)%00%(upstream:remoteref) refs/heads/main refs/remotes/main [3ms]
2023-03-26 17:03:58.300 [info] > git status -z -uall [43ms]
2023-03-26 17:04:03.331 [info] > git config --get commit.template [8ms]
2023-03-26 17:04:03.334 [info] > git for-each-ref --format=%(refname)%00%(upstream:short)%00%(objectname)%00%(upstream:track)%00%(upstream:remotename)%00%(upstream:remoteref) refs/heads/main refs/remotes/main [6ms]
2023-03-26 17:04:03.383 [info] > git status -z -uall [43ms]
2023-03-26 17:04:08.740 [info] > git config --get commit.template [9ms]
2023-03-26 17:04:08.744 [info] > git for-each-ref --format=%(refname)%00%(upstream:short)%00%(objectname)%00%(upstream:track)%00%(upstream:remotename)%00%(upstream:remoteref) refs/heads/main refs/remotes/main [4ms]
2023-03-26 17:04:08.796 [info] > git status -z -uall [46ms]
2023-03-26 17:04:13.825 [info] > git config --get commit.template [8ms]
2023-03-26 17:04:13.827 [info] > git for-each-ref --format=%(refname)%00%(upstream:short)%00%(objectname)%00%(upstream:track)%00%(upstream:remotename)%00%(upstream:remoteref) refs/heads/main refs/remotes/main [3ms]
2023-03-26 17:04:13.877 [info] > git status -z -uall [43ms]
2023-03-26 17:05:28.153 [info] > git config --get commit.template [8ms]
2023-03-26 17:05:28.155 [info] > git for-each-ref --format=%(refname)%00%(upstream:short)%00%(objectname)%00%(upstream:track)%00%(upstream:remotename)%00%(upstream:remoteref) refs/heads/main refs/remotes/main [3ms]
2023-03-26 17:05:28.210 [info] > git status -z -uall [49ms]
2023-03-26 17:05:28.485 [info] > git log --format=%H%n%aN%n%aE%n%at%n%ct%n%P%n%D%n%B -z -n120 -- /web/users/projects/202223/quicknotes/Testing/details.html [14ms]
2023-03-26 17:05:28.913 [info] > git log --format=%H%n%aN%n%aE%n%at%n%ct%n%P%n%D%n%B -z -n120 -- /web/users/projects/202223/quicknotes/Testing/details2.html [14ms]
2023-03-26 17:05:28.953 [info] > git show --textconv :Testing/details.html [13ms]
2023-03-26 17:05:28.969 [info] > git ls-files --stage -- /web/users/projects/202223/quicknotes/Testing/details.html [17ms]
2023-03-26 17:06:01.525 [info] > git config --get commit.template [9ms]
2023-03-26 17:06:01.528 [info] > git for-each-ref --format=%(refname)%00%(upstream:short)%00%(objectname)%00%(upstream:track)%00%(upstream:remotename)%00%(upstream:remoteref) refs/heads/main refs/remotes/main [4ms]
2023-03-26 17:06:01.591 [info] > git status -z -uall [57ms]
2023-03-26 17:07:47.056 [info] > git config --get commit.template [9ms]
2023-03-26 17:07:47.059 [info] > git for-each-ref --format=%(refname)%00%(upstream:short)%00%(objectname)%00%(upstream:track)%00%(upstream:remotename)%00%(upstream:remoteref) refs/heads/main refs/remotes/main [5ms]
2023-03-26 17:07:47.110 [info] > git status -z -uall [45ms]
2023-03-26 17:07:52.137 [info] > git config --get commit.template [8ms]
2023-03-26 17:07:52.140 [info] > git for-each-ref --format=%(refname)%00%(upstream:short)%00%(objectname)%00%(upstream:track)%00%(upstream:remotename)%00%(upstream:remoteref) refs/heads/main refs/remotes/main [4ms]
2023-03-26 17:07:52.189 [info] > git status -z -uall [43ms]
2023-03-26 17:07:56.286 [info] > git log --format=%H%n%aN%n%aE%n%at%n%ct%n%P%n%D%n%B -z -n120 -- /web/users/projects/202223/quicknotes/Testing/s2.php [5ms]
2023-03-26 17:07:56.493 [info] > git show --textconv :Testing/s2.php [11ms]
2023-03-26 17:07:56.501 [info] > git ls-files --stage -- /web/users/projects/202223/quicknotes/Testing/s2.php [8ms]
2023-03-26 17:07:56.595 [info] > git check-ignore -v -z --stdin [6ms]
2023-03-26 17:07:57.734 [info] > git config --get commit.template [9ms]
2023-03-26 17:07:57.736 [info] > git for-each-ref --format=%(refname)%00%(upstream:short)%00%(objectname)%00%(upstream:track)%00%(upstream:remotename)%00%(upstream:remoteref) refs/heads/main refs/remotes/main [3ms]
2023-03-26 17:07:57.786 [info] > git status -z -uall [45ms]
2023-03-26 17:08:02.818 [info] > git config --get commit.template [8ms]
2023-03-26 17:08:02.820 [info] > git for-each-ref --format=%(refname)%00%(upstream:short)%00%(objectname)%00%(upstream:track)%00%(upstream:remotename)%00%(upstream:remoteref) refs/heads/main refs/remotes/main [3ms]
2023-03-26 17:08:02.868 [info] > git status -z -uall [43ms]
2023-03-26 17:08:07.895 [info] > git config --get commit.template [7ms]
2023-03-26 17:08:07.898 [info] > git for-each-ref --format=%(refname)%00%(upstream:short)%00%(objectname)%00%(upstream:track)%00%(upstream:remotename)%00%(upstream:remoteref) refs/heads/main refs/remotes/main [4ms]
2023-03-26 17:08:07.945 [info] > git status -z -uall [43ms]
2023-03-26 17:08:12.977 [info] > git config --get commit.template [8ms]
2023-03-26 17:08:12.979 [info] > git for-each-ref --format=%(refname)%00%(upstream:short)%00%(objectname)%00%(upstream:track)%00%(upstream:remotename)%00%(upstream:remoteref) refs/heads/main refs/remotes/main [2ms]
2023-03-26 17:08:13.026 [info] > git status -z -uall [42ms]
2023-03-26 17:08:17.185 [info] > git log --format=%H%n%aN%n%aE%n%at%n%ct%n%P%n%D%n%B -z -n120 -- /web/users/projects/202223/quicknotes/Testing/s1.php [5ms]
2023-03-26 17:08:17.398 [info] > git show --textconv :Testing/s1.php [13ms]
2023-03-26 17:08:17.401 [info] > git ls-files --stage -- /web/users/projects/202223/quicknotes/Testing/s1.php [6ms]
2023-03-26 17:08:17.516 [info] > git check-ignore -v -z --stdin [6ms]
2023-03-26 17:08:18.062 [info] > git config --get commit.template [8ms]
2023-03-26 17:08:18.064 [info] > git for-each-ref --format=%(refname)%00%(upstream:short)%00%(objectname)%00%(upstream:track)%00%(upstream:remotename)%00%(upstream:remoteref) refs/heads/main refs/remotes/main [3ms]
2023-03-26 17:08:18.112 [info] > git status -z -uall [44ms]
2023-03-26 17:08:23.453 [info] > git config --get commit.template [7ms]
2023-03-26 17:08:23.455 [info] > git for-each-ref --format=%(refname)%00%(upstream:short)%00%(objectname)%00%(upstream:track)%00%(upstream:remotename)%00%(upstream:remoteref) refs/heads/main refs/remotes/main [3ms]
2023-03-26 17:08:23.506 [info] > git status -z -uall [45ms]
2023-03-26 17:08:59.835 [info] > git config --get commit.template [7ms]
2023-03-26 17:08:59.837 [info] > git for-each-ref --format=%(refname)%00%(upstream:short)%00%(objectname)%00%(upstream:track)%00%(upstream:remotename)%00%(upstream:remoteref) refs/heads/main refs/remotes/main [3ms]
2023-03-26 17:08:59.887 [info] > git status -z -uall [44ms]
2023-03-26 17:09:00.099 [info] > git log --format=%H%n%aN%n%aE%n%at%n%ct%n%P%n%D%n%B -z -n120 -- /web/users/projects/202223/quicknotes/Testing/s2.php [6ms]
2023-03-26 17:09:04.917 [info] > git config --get commit.template [9ms]
2023-03-26 17:09:04.920 [info] > git for-each-ref --format=%(refname)%00%(upstream:short)%00%(objectname)%00%(upstream:track)%00%(upstream:remotename)%00%(upstream:remoteref) refs/heads/main refs/remotes/main [4ms]
2023-03-26 17:09:04.970 [info] > git status -z -uall [44ms]
2023-03-26 17:09:09.999 [info] > git config --get commit.template [8ms]
2023-03-26 17:09:10.002 [info] > git for-each-ref --format=%(refname)%00%(upstream:short)%00%(objectname)%00%(upstream:track)%00%(upstream:remotename)%00%(upstream:remoteref) refs/heads/main refs/remotes/main [3ms]
2023-03-26 17:09:10.054 [info] > git status -z -uall [46ms]
2023-03-26 17:09:18.743 [info] > git config --get commit.template [8ms]
2023-03-26 17:09:18.746 [info] > git for-each-ref --format=%(refname)%00%(upstream:short)%00%(objectname)%00%(upstream:track)%00%(upstream:remotename)%00%(upstream:remoteref) refs/heads/main refs/remotes/main [3ms]
2023-03-26 17:09:18.795 [info] > git status -z -uall [44ms]
2023-03-26 17:09:23.826 [info] > git config --get commit.template [8ms]
2023-03-26 17:09:23.828 [info] > git for-each-ref --format=%(refname)%00%(upstream:short)%00%(objectname)%00%(upstream:track)%00%(upstream:remotename)%00%(upstream:remoteref) refs/heads/main refs/remotes/main [3ms]
2023-03-26 17:09:23.877 [info] > git status -z -uall [44ms]
2023-03-26 17:09:28.905 [info] > git config --get commit.template [9ms]
2023-03-26 17:09:28.907 [info] > git for-each-ref --format=%(refname)%00%(upstream:short)%00%(objectname)%00%(upstream:track)%00%(upstream:remotename)%00%(upstream:remoteref) refs/heads/main refs/remotes/main [3ms]
2023-03-26 17:09:28.957 [info] > git status -z -uall [44ms]
2023-03-26 17:09:33.985 [info] > git config --get commit.template [8ms]
2023-03-26 17:09:33.987 [info] > git for-each-ref --format=%(refname)%00%(upstream:short)%00%(objectname)%00%(upstream:track)%00%(upstream:remotename)%00%(upstream:remoteref) refs/heads/main refs/remotes/main [3ms]
2023-03-26 17:09:34.038 [info] > git status -z -uall [43ms]
2023-03-26 17:09:39.067 [info] > git config --get commit.template [10ms]
2023-03-26 17:09:39.069 [info] > git for-each-ref --format=%(refname)%00%(upstream:short)%00%(objectname)%00%(upstream:track)%00%(upstream:remotename)%00%(upstream:remoteref) refs/heads/main refs/remotes/main [3ms]
2023-03-26 17:09:39.119 [info] > git status -z -uall [44ms]
2023-03-26 17:09:44.149 [info] > git config --get commit.template [9ms]
2023-03-26 17:09:44.151 [info] > git for-each-ref --format=%(refname)%00%(upstream:short)%00%(objectname)%00%(upstream:track)%00%(upstream:remotename)%00%(upstream:remoteref) refs/heads/main refs/remotes/main [3ms]
2023-03-26 17:09:44.199 [info] > git status -z -uall [43ms]
2023-03-26 17:09:49.230 [info] > git config --get commit.template [15ms]
2023-03-26 17:09:49.232 [info] > git for-each-ref --format=%(refname)%00%(upstream:short)%00%(objectname)%00%(upstream:track)%00%(upstream:remotename)%00%(upstream:remoteref) refs/heads/main refs/remotes/main [3ms]
2023-03-26 17:09:49.328 [info] > git status -z -uall [85ms]
2023-03-26 17:09:54.360 [info] > git config --get commit.template [8ms]
2023-03-26 17:09:54.363 [info] > git for-each-ref --format=%(refname)%00%(upstream:short)%00%(objectname)%00%(upstream:track)%00%(upstream:remotename)%00%(upstream:remoteref) refs/heads/main refs/remotes/main [3ms]
2023-03-26 17:09:54.418 [info] > git status -z -uall [49ms]
2023-03-26 17:10:06.358 [info] > git config --get commit.template [9ms]
2023-03-26 17:10:06.360 [info] > git for-each-ref --format=%(refname)%00%(upstream:short)%00%(objectname)%00%(upstream:track)%00%(upstream:remotename)%00%(upstream:remoteref) refs/heads/main refs/remotes/main [3ms]
2023-03-26 17:10:06.406 [info] > git status -z -uall [41ms]
2023-03-26 17:10:42.496 [info] > git config --get commit.template [8ms]
2023-03-26 17:10:42.498 [info] > git for-each-ref --format=%(refname)%00%(upstream:short)%00%(objectname)%00%(upstream:track)%00%(upstream:remotename)%00%(upstream:remoteref) refs/heads/main refs/remotes/main [3ms]
2023-03-26 17:10:42.551 [info] > git status -z -uall [47ms]
2023-03-26 17:10:47.579 [info] > git config --get commit.template [9ms]
2023-03-26 17:10:47.581 [info] > git for-each-ref --format=%(refname)%00%(upstream:short)%00%(objectname)%00%(upstream:track)%00%(upstream:remotename)%00%(upstream:remoteref) refs/heads/main refs/remotes/main [3ms]
2023-03-26 17:10:47.637 [info] > git status -z -uall [50ms]
2023-03-26 17:10:50.458 [info] > git log --format=%H%n%aN%n%aE%n%at%n%ct%n%P%n%D%n%B -z -n120 -- /web/users/projects/202223/quicknotes/Testing/logout.html [12ms]
2023-03-26 17:10:50.702 [info] > git show --textconv :Testing/logout.html [13ms]
2023-03-26 17:10:50.706 [info] > git ls-files --stage -- /web/users/projects/202223/quicknotes/Testing/logout.html [6ms]
2023-03-26 17:10:50.715 [info] > git cat-file -s 90a784fbc14dda6487443f39e90bf1c4f168ac48 [1ms]
2023-03-26 17:15:08.917 [info] > git config --get commit.template [8ms]
2023-03-26 17:15:08.919 [info] > git for-each-ref --format=%(refname)%00%(upstream:short)%00%(objectname)%00%(upstream:track)%00%(upstream:remotename)%00%(upstream:remoteref) refs/heads/main refs/remotes/main [3ms]
2023-03-26 17:15:08.970 [info] > git status -z -uall [46ms]
2023-03-26 17:15:09.198 [info] > git log --format=%H%n%aN%n%aE%n%at%n%ct%n%P%n%D%n%B -z -n120 -- /web/users/projects/202223/quicknotes/Testing/s2.php [7ms]
2023-03-26 17:15:14.017 [info] > git config --get commit.template [7ms]
2023-03-26 17:15:14.019 [info] > git for-each-ref --format=%(refname)%00%(upstream:short)%00%(objectname)%00%(upstream:track)%00%(upstream:remotename)%00%(upstream:remoteref) refs/heads/main refs/remotes/main [2ms]
2023-03-26 17:15:14.069 [info] > git status -z -uall [44ms]
2023-03-26 17:15:19.096 [info] > git config --get commit.template [8ms]
2023-03-26 17:15:19.098 [info] > git for-each-ref --format=%(refname)%00%(upstream:short)%00%(objectname)%00%(upstream:track)%00%(upstream:remotename)%00%(upstream:remoteref) refs/heads/main refs/remotes/main [2ms]
2023-03-26 17:15:19.144 [info] > git status -z -uall [41ms]
2023-03-26 17:15:21.557 [info] > git check-ignore -v -z --stdin [7ms]
2023-03-26 17:15:24.189 [info] > git config --get commit.template [20ms]
2023-03-26 17:15:24.203 [info] > git for-each-ref --format=%(refname)%00%(upstream:short)%00%(objectname)%00%(upstream:track)%00%(upstream:remotename)%00%(upstream:remoteref) refs/heads/main refs/remotes/main [27ms]
2023-03-26 17:15:24.313 [info] > git status -z -uall [93ms]
2023-03-26 17:15:29.340 [info] > git config --get commit.template [9ms]
2023-03-26 17:15:29.343 [info] > git for-each-ref --format=%(refname)%00%(upstream:short)%00%(objectname)%00%(upstream:track)%00%(upstream:remotename)%00%(upstream:remoteref) refs/heads/main refs/remotes/main [4ms]
2023-03-26 17:15:29.389 [info] > git status -z -uall [42ms]
2023-03-26 17:15:30.628 [info] > git log --format=%H%n%aN%n%aE%n%at%n%ct%n%P%n%D%n%B -z -n120 -- /web/users/projects/202223/quicknotes/Testing/login.php [9ms]
2023-03-26 17:15:30.838 [info] > git show --textconv :Testing/login.php [13ms]
2023-03-26 17:15:30.840 [info] > git ls-files --stage -- /web/users/projects/202223/quicknotes/Testing/login.php [5ms]
2023-03-26 17:15:30.847 [info] > git cat-file -s c94ed67c25488a555344f83f5971f61500156aa4 [2ms]
2023-03-26 17:15:34.420 [info] > git config --get commit.template [9ms]
2023-03-26 17:15:34.422 [info] > git for-each-ref --format=%(refname)%00%(upstream:short)%00%(objectname)%00%(upstream:track)%00%(upstream:remotename)%00%(upstream:remoteref) refs/heads/main refs/remotes/main [3ms]
2023-03-26 17:15:34.471 [info] > git status -z -uall [43ms]
2023-03-26 17:15:38.350 [info] > git check-ignore -v -z --stdin [10ms]
2023-03-26 17:15:39.502 [info] > git config --get commit.template [9ms]
2023-03-26 17:15:39.505 [info] > git for-each-ref --format=%(refname)%00%(upstream:short)%00%(objectname)%00%(upstream:track)%00%(upstream:remotename)%00%(upstream:remoteref) refs/heads/main refs/remotes/main [3ms]
2023-03-26 17:15:39.556 [info] > git status -z -uall [44ms]
2023-03-26 17:15:40.063 [info] > git check-ignore -v -z --stdin [8ms]
2023-03-26 17:15:41.097 [info] > git log --format=%H%n%aN%n%aE%n%at%n%ct%n%P%n%D%n%B -z -n120 -- /web/users/projects/202223/quicknotes/QN/login.php [12ms]
2023-03-26 17:15:41.439 [info] > git show --textconv :QN/login.php [11ms]
2023-03-26 17:15:41.446 [info] > git ls-files --stage -- /web/users/projects/202223/quicknotes/QN/login.php [7ms]
2023-03-26 17:15:41.453 [info] > git cat-file -s d4ed97b6ad75114b87b3560fd30ce41227d497f1 [1ms]
2023-03-26 17:15:44.587 [info] > git config --get commit.template [9ms]
2023-03-26 17:15:44.590 [info] > git for-each-ref --format=%(refname)%00%(upstream:short)%00%(objectname)%00%(upstream:track)%00%(upstream:remotename)%00%(upstream:remoteref) refs/heads/main refs/remotes/main [3ms]
2023-03-26 17:15:44.639 [info] > git status -z -uall [44ms]
2023-03-26 17:15:44.662 [info] > git check-ignore -v -z --stdin [8ms]
2023-03-26 17:15:49.605 [info] > git log --format=%H%n%aN%n%aE%n%at%n%ct%n%P%n%D%n%B -z -n120 -- /web/users/projects/202223/quicknotes/Testing/login.php [6ms]
2023-03-26 17:15:49.669 [info] > git config --get commit.template [9ms]
2023-03-26 17:15:49.673 [info] > git for-each-ref --format=%(refname)%00%(upstream:short)%00%(objectname)%00%(upstream:track)%00%(upstream:remotename)%00%(upstream:remoteref) refs/heads/main refs/remotes/main [3ms]
2023-03-26 17:15:49.727 [info] > git status -z -uall [44ms]
2023-03-26 17:15:54.756 [info] > git config --get commit.template [7ms]
2023-03-26 17:15:54.759 [info] > git for-each-ref --format=%(refname)%00%(upstream:short)%00%(objectname)%00%(upstream:track)%00%(upstream:remotename)%00%(upstream:remoteref) refs/heads/main refs/remotes/main [2ms]
2023-03-26 17:15:54.809 [info] > git status -z -uall [43ms]
2023-03-26 17:16:26.763 [info] > git config --get commit.template [8ms]
2023-03-26 17:16:26.765 [info] > git for-each-ref --format=%(refname)%00%(upstream:short)%00%(objectname)%00%(upstream:track)%00%(upstream:remotename)%00%(upstream:remoteref) refs/heads/main refs/remotes/main [3ms]
2023-03-26 17:16:26.815 [info] > git status -z -uall [45ms]
2023-03-26 17:16:27.100 [info] > git log --format=%H%n%aN%n%aE%n%at%n%ct%n%P%n%D%n%B -z -n120 -- /web/users/projects/202223/quicknotes/QN/userlogin.php [8ms]
2023-03-26 17:16:27.412 [info] > git ls-files --stage -- /web/users/projects/202223/quicknotes/QN/userlogin.php [4ms]
2023-03-26 17:16:27.435 [info] > git show --textconv :QN/userlogin.php [37ms]
2023-03-26 17:16:27.438 [info] > git cat-file -s 8bd6e8f609fbb59d440a54dcaa88227b57ca524e [20ms]
2023-03-26 17:16:31.844 [info] > git config --get commit.template [8ms]
2023-03-26 17:16:31.846 [info] > git for-each-ref --format=%(refname)%00%(upstream:short)%00%(objectname)%00%(upstream:track)%00%(upstream:remotename)%00%(upstream:remoteref) refs/heads/main refs/remotes/main [3ms]
2023-03-26 17:16:31.905 [info] > git status -z -uall [52ms]
2023-03-26 17:16:31.990 [info] > git log --format=%H%n%aN%n%aE%n%at%n%ct%n%P%n%D%n%B -z -n120 -- /web/users/projects/202223/quicknotes/Testing/userlogin.php [9ms]
2023-03-26 17:16:32.403 [info] > git check-ignore -v -z --stdin [6ms]
2023-03-26 17:16:32.433 [info] > git show --textconv :Testing/userlogin.php [10ms]
2023-03-26 17:16:32.440 [info] > git ls-files --stage -- /web/users/projects/202223/quicknotes/Testing/userlogin.php [8ms]
2023-03-26 17:16:39.926 [info] > git config --get commit.template [8ms]
2023-03-26 17:16:39.928 [info] > git for-each-ref --format=%(refname)%00%(upstream:short)%00%(objectname)%00%(upstream:track)%00%(upstream:remotename)%00%(upstream:remoteref) refs/heads/main refs/remotes/main [3ms]
2023-03-26 17:16:39.978 [info] > git status -z -uall [44ms]
2023-03-26 17:16:52.992 [info] > git config --get commit.template [10ms]
2023-03-26 17:16:52.995 [info] > git for-each-ref --format=%(refname)%00%(upstream:short)%00%(objectname)%00%(upstream:track)%00%(upstream:remotename)%00%(upstream:remoteref) refs/heads/main refs/remotes/main [2ms]
2023-03-26 17:16:53.044 [info] > git status -z -uall [44ms]
2023-03-26 17:16:59.282 [info] > git config --get commit.template [8ms]
2023-03-26 17:16:59.284 [info] > git for-each-ref --format=%(refname)%00%(upstream:short)%00%(objectname)%00%(upstream:track)%00%(upstream:remotename)%00%(upstream:remoteref) refs/heads/main refs/remotes/main [3ms]
2023-03-26 17:16:59.334 [info] > git status -z -uall [44ms]
2023-03-26 17:17:04.364 [info] > git config --get commit.template [8ms]
2023-03-26 17:17:04.368 [info] > git for-each-ref --format=%(refname)%00%(upstream:short)%00%(objectname)%00%(upstream:track)%00%(upstream:remotename)%00%(upstream:remoteref) refs/heads/main refs/remotes/main [4ms]
2023-03-26 17:17:04.417 [info] > git status -z -uall [44ms]
2023-03-26 17:17:09.455 [info] > git config --get commit.template [6ms]
2023-03-26 17:17:09.457 [info] > git for-each-ref --format=%(refname)%00%(upstream:short)%00%(objectname)%00%(upstream:track)%00%(upstream:remotename)%00%(upstream:remoteref) refs/heads/main refs/remotes/main [3ms]
2023-03-26 17:17:09.504 [info] > git status -z -uall [42ms]
2023-03-26 17:17:12.811 [info] > git log --format=%H%n%aN%n%aE%n%at%n%ct%n%P%n%D%n%B -z -n120 -- /web/users/projects/202223/quicknotes/QN/userlogin.php [9ms]
2023-03-26 17:17:13.014 [info] > git show --textconv :QN/userlogin.php [12ms]
2023-03-26 17:17:13.019 [info] > git ls-files --stage -- /web/users/projects/202223/quicknotes/QN/userlogin.php [5ms]
2023-03-26 17:17:13.025 [info] > git cat-file -s 8bd6e8f609fbb59d440a54dcaa88227b57ca524e [1ms]
2023-03-26 17:17:15.814 [info] > git config --get commit.template [9ms]
2023-03-26 17:17:15.816 [info] > git for-each-ref --format=%(refname)%00%(upstream:short)%00%(objectname)%00%(upstream:track)%00%(upstream:remotename)%00%(upstream:remoteref) refs/heads/main refs/remotes/main [2ms]
2023-03-26 17:17:15.862 [info] > git status -z -uall [42ms]
2023-03-26 17:17:18.838 [info] > git check-ignore -v -z --stdin [12ms]
2023-03-26 17:17:21.516 [info] > git config --get commit.template [8ms]
2023-03-26 17:17:21.521 [info] > git for-each-ref --format=%(refname)%00%(upstream:short)%00%(objectname)%00%(upstream:track)%00%(upstream:remotename)%00%(upstream:remoteref) refs/heads/main refs/remotes/main [6ms]
2023-03-26 17:17:21.574 [info] > git status -z -uall [44ms]
2023-03-26 17:17:26.604 [info] > git config --get commit.template [8ms]
2023-03-26 17:17:26.607 [info] > git for-each-ref --format=%(refname)%00%(upstream:short)%00%(objectname)%00%(upstream:track)%00%(upstream:remotename)%00%(upstream:remoteref) refs/heads/main refs/remotes/main [3ms]
2023-03-26 17:17:26.656 [info] > git status -z -uall [44ms]
2023-03-26 17:18:06.740 [info] > git config --get commit.template [7ms]
2023-03-26 17:18:06.742 [info] > git for-each-ref --format=%(refname)%00%(upstream:short)%00%(objectname)%00%(upstream:track)%00%(upstream:remotename)%00%(upstream:remoteref) refs/heads/main refs/remotes/main [3ms]
2023-03-26 17:18:06.794 [info] > git status -z -uall [47ms]
2023-03-26 17:18:07.110 [info] > git log --format=%H%n%aN%n%aE%n%at%n%ct%n%P%n%D%n%B -z -n120 -- /web/users/projects/202223/quicknotes/Testing/signup.php [10ms]
2023-03-26 17:18:07.345 [info] > git show --textconv :Testing/signup.php [12ms]
2023-03-26 17:18:07.350 [info] > git ls-files --stage -- /web/users/projects/202223/quicknotes/Testing/signup.php [6ms]
2023-03-26 17:18:07.358 [info] > git cat-file -s b00e78db9a4334b4053da0ee3f3e1c4e89f97b36 [1ms]
2023-03-26 17:18:11.823 [info] > git config --get commit.template [8ms]
2023-03-26 17:18:11.826 [info] > git for-each-ref --format=%(refname)%00%(upstream:short)%00%(objectname)%00%(upstream:track)%00%(upstream:remotename)%00%(upstream:remoteref) refs/heads/main refs/remotes/main [3ms]
2023-03-26 17:18:11.875 [info] > git status -z -uall [43ms]
2023-03-26 17:18:16.904 [info] > git config --get commit.template [9ms]
2023-03-26 17:18:16.907 [info] > git for-each-ref --format=%(refname)%00%(upstream:short)%00%(objectname)%00%(upstream:track)%00%(upstream:remotename)%00%(upstream:remoteref) refs/heads/main refs/remotes/main [4ms]
2023-03-26 17:18:16.957 [info] > git status -z -uall [44ms]
2023-03-26 17:18:21.985 [info] > git config --get commit.template [8ms]
2023-03-26 17:18:21.987 [info] > git for-each-ref --format=%(refname)%00%(upstream:short)%00%(objectname)%00%(upstream:track)%00%(upstream:remotename)%00%(upstream:remoteref) refs/heads/main refs/remotes/main [3ms]
2023-03-26 17:18:22.036 [info] > git status -z -uall [43ms]
2023-03-26 17:18:27.064 [info] > git config --get commit.template [9ms]
2023-03-26 17:18:27.067 [info] > git for-each-ref --format=%(refname)%00%(upstream:short)%00%(objectname)%00%(upstream:track)%00%(upstream:remotename)%00%(upstream:remoteref) refs/heads/main refs/remotes/main [3ms]
2023-03-26 17:18:27.116 [info] > git status -z -uall [44ms]
2023-03-26 17:18:32.146 [info] > git config --get commit.template [9ms]
2023-03-26 17:18:32.148 [info] > git for-each-ref --format=%(refname)%00%(upstream:short)%00%(objectname)%00%(upstream:track)%00%(upstream:remotename)%00%(upstream:remoteref) refs/heads/main refs/remotes/main [3ms]
2023-03-26 17:18:32.200 [info] > git status -z -uall [46ms]
2023-03-26 17:19:09.084 [info] > git config --get commit.template [8ms]
2023-03-26 17:19:09.086 [info] > git for-each-ref --format=%(refname)%00%(upstream:short)%00%(objectname)%00%(upstream:track)%00%(upstream:remotename)%00%(upstream:remoteref) refs/heads/main refs/remotes/main [3ms]
2023-03-26 17:19:09.137 [info] > git status -z -uall [44ms]
2023-03-26 17:19:14.168 [info] > git config --get commit.template [9ms]
2023-03-26 17:19:14.171 [info] > git for-each-ref --format=%(refname)%00%(upstream:short)%00%(objectname)%00%(upstream:track)%00%(upstream:remotename)%00%(upstream:remoteref) refs/heads/main refs/remotes/main [4ms]
2023-03-26 17:19:14.220 [info] > git status -z -uall [44ms]
2023-03-26 17:19:19.248 [info] > git config --get commit.template [9ms]
2023-03-26 17:19:19.251 [info] > git for-each-ref --format=%(refname)%00%(upstream:short)%00%(objectname)%00%(upstream:track)%00%(upstream:remotename)%00%(upstream:remoteref) refs/heads/main refs/remotes/main [3ms]
2023-03-26 17:19:19.299 [info] > git status -z -uall [43ms]
2023-03-26 17:19:24.327 [info] > git config --get commit.template [8ms]
2023-03-26 17:19:24.329 [info] > git for-each-ref --format=%(refname)%00%(upstream:short)%00%(objectname)%00%(upstream:track)%00%(upstream:remotename)%00%(upstream:remoteref) refs/heads/main refs/remotes/main [3ms]
2023-03-26 17:19:24.376 [info] > git status -z -uall [41ms]
2023-03-26 17:19:29.411 [info] > git config --get commit.template [8ms]
2023-03-26 17:19:29.412 [info] > git for-each-ref --format=%(refname)%00%(upstream:short)%00%(objectname)%00%(upstream:track)%00%(upstream:remotename)%00%(upstream:remoteref) refs/heads/main refs/remotes/main [2ms]
2023-03-26 17:19:29.462 [info] > git status -z -uall [44ms]
2023-03-26 17:19:34.494 [info] > git config --get commit.template [13ms]
2023-03-26 17:19:34.496 [info] > git for-each-ref --format=%(refname)%00%(upstream:short)%00%(objectname)%00%(upstream:track)%00%(upstream:remotename)%00%(upstream:remoteref) refs/heads/main refs/remotes/main [3ms]
2023-03-26 17:19:34.595 [info] > git status -z -uall [86ms]
2023-03-26 17:19:39.625 [info] > git config --get commit.template [8ms]
2023-03-26 17:19:39.627 [info] > git for-each-ref --format=%(refname)%00%(upstream:short)%00%(objectname)%00%(upstream:track)%00%(upstream:remotename)%00%(upstream:remoteref) refs/heads/main refs/remotes/main [3ms]
2023-03-26 17:19:39.678 [info] > git status -z -uall [45ms]
2023-03-26 17:19:44.710 [info] > git config --get commit.template [11ms]
2023-03-26 17:19:44.712 [info] > git for-each-ref --format=%(refname)%00%(upstream:short)%00%(objectname)%00%(upstream:track)%00%(upstream:remotename)%00%(upstream:remoteref) refs/heads/main refs/remotes/main [3ms]
2023-03-26 17:19:44.763 [info] > git status -z -uall [45ms]
2023-03-26 17:20:18.546 [info] > git config --get commit.template [8ms]
2023-03-26 17:20:18.548 [info] > git for-each-ref --format=%(refname)%00%(upstream:short)%00%(objectname)%00%(upstream:track)%00%(upstream:remotename)%00%(upstream:remoteref) refs/heads/main refs/remotes/main [3ms]
2023-03-26 17:20:18.598 [info] > git status -z -uall [44ms]
2023-03-26 17:20:23.626 [info] > git config --get commit.template [8ms]
2023-03-26 17:20:23.629 [info] > git for-each-ref --format=%(refname)%00%(upstream:short)%00%(objectname)%00%(upstream:track)%00%(upstream:remotename)%00%(upstream:remoteref) refs/heads/main refs/remotes/main [2ms]
2023-03-26 17:20:23.683 [info] > git status -z -uall [49ms]
2023-03-26 17:20:28.719 [info] > git config --get commit.template [8ms]
2023-03-26 17:20:28.727 [info] > git for-each-ref --format=%(refname)%00%(upstream:short)%00%(objectname)%00%(upstream:track)%00%(upstream:remotename)%00%(upstream:remoteref) refs/heads/main refs/remotes/main [8ms]
2023-03-26 17:20:28.776 [info] > git status -z -uall [43ms]
2023-03-26 17:20:33.806 [info] > git config --get commit.template [10ms]
2023-03-26 17:20:33.809 [info] > git for-each-ref --format=%(refname)%00%(upstream:short)%00%(objectname)%00%(upstream:track)%00%(upstream:remotename)%00%(upstream:remoteref) refs/heads/main refs/remotes/main [3ms]
2023-03-26 17:20:33.858 [info] > git status -z -uall [43ms]
2023-03-26 17:20:38.890 [info] > git config --get commit.template [12ms]
2023-03-26 17:20:38.892 [info] > git for-each-ref --format=%(refname)%00%(upstream:short)%00%(objectname)%00%(upstream:track)%00%(upstream:remotename)%00%(upstream:remoteref) refs/heads/main refs/remotes/main [2ms]
2023-03-26 17:20:38.941 [info] > git status -z -uall [44ms]
2023-03-26 17:20:43.970 [info] > git config --get commit.template [9ms]
2023-03-26 17:20:43.972 [info] > git for-each-ref --format=%(refname)%00%(upstream:short)%00%(objectname)%00%(upstream:track)%00%(upstream:remotename)%00%(upstream:remoteref) refs/heads/main refs/remotes/main [2ms]
2023-03-26 17:20:44.018 [info] > git status -z -uall [42ms]
2023-03-26 17:20:49.049 [info] > git config --get commit.template [8ms]
2023-03-26 17:20:49.051 [info] > git for-each-ref --format=%(refname)%00%(upstream:short)%00%(objectname)%00%(upstream:track)%00%(upstream:remotename)%00%(upstream:remoteref) refs/heads/main refs/remotes/main [6ms]
2023-03-26 17:20:49.099 [info] > git status -z -uall [42ms]
2023-03-26 17:20:54.127 [info] > git config --get commit.template [9ms]
2023-03-26 17:20:54.128 [info] > git for-each-ref --format=%(refname)%00%(upstream:short)%00%(objectname)%00%(upstream:track)%00%(upstream:remotename)%00%(upstream:remoteref) refs/heads/main refs/remotes/main [2ms]
2023-03-26 17:20:54.178 [info] > git status -z -uall [44ms]
2023-03-26 17:20:59.208 [info] > git config --get commit.template [8ms]
2023-03-26 17:20:59.210 [info] > git for-each-ref --format=%(refname)%00%(upstream:short)%00%(objectname)%00%(upstream:track)%00%(upstream:remotename)%00%(upstream:remoteref) refs/heads/main refs/remotes/main [3ms]
2023-03-26 17:20:59.269 [info] > git status -z -uall [53ms]
2023-03-26 17:21:04.302 [info] > git config --get commit.template [10ms]
2023-03-26 17:21:04.304 [info] > git for-each-ref --format=%(refname)%00%(upstream:short)%00%(objectname)%00%(upstream:track)%00%(upstream:remotename)%00%(upstream:remoteref) refs/heads/main refs/remotes/main [2ms]
2023-03-26 17:21:04.353 [info] > git status -z -uall [42ms]
2023-03-26 17:21:09.394 [info] > git config --get commit.template [14ms]
2023-03-26 17:21:09.397 [info] > git for-each-ref --format=%(refname)%00%(upstream:short)%00%(objectname)%00%(upstream:track)%00%(upstream:remotename)%00%(upstream:remoteref) refs/heads/main refs/remotes/main [3ms]
2023-03-26 17:21:09.447 [info] > git status -z -uall [44ms]
2023-03-26 17:21:13.597 [info] > git log --format=%H%n%aN%n%aE%n%at%n%ct%n%P%n%D%n%B -z -n120 -- /web/users/projects/202223/quicknotes/Testing/s1.php [5ms]
2023-03-26 17:21:14.475 [info] > git config --get commit.template [8ms]
2023-03-26 17:21:14.478 [info] > git for-each-ref --format=%(refname)%00%(upstream:short)%00%(objectname)%00%(upstream:track)%00%(upstream:remotename)%00%(upstream:remoteref) refs/heads/main refs/remotes/main [4ms]
2023-03-26 17:21:14.528 [info] > git status -z -uall [43ms]
2023-03-26 17:21:19.172 [info] > git log --format=%H%n%aN%n%aE%n%at%n%ct%n%P%n%D%n%B -z -n120 -- /web/users/projects/202223/quicknotes/Testing/signup.php [5ms]
2023-03-26 17:21:19.556 [info] > git config --get commit.template [9ms]
2023-03-26 17:21:19.559 [info] > git for-each-ref --format=%(refname)%00%(upstream:short)%00%(objectname)%00%(upstream:track)%00%(upstream:remotename)%00%(upstream:remoteref) refs/heads/main refs/remotes/main [2ms]
2023-03-26 17:21:19.609 [info] > git status -z -uall [44ms]
2023-03-26 17:21:20.467 [info] > git log --format=%H%n%aN%n%aE%n%at%n%ct%n%P%n%D%n%B -z -n120 -- /web/users/projects/202223/quicknotes/Testing/s2.php [6ms]
2023-03-26 17:21:24.639 [info] > git config --get commit.template [8ms]
2023-03-26 17:21:24.642 [info] > git for-each-ref --format=%(refname)%00%(upstream:short)%00%(objectname)%00%(upstream:track)%00%(upstream:remotename)%00%(upstream:remoteref) refs/heads/main refs/remotes/main [3ms]
2023-03-26 17:21:24.691 [info] > git status -z -uall [43ms]
2023-03-26 17:21:25.306 [info] > git log --format=%H%n%aN%n%aE%n%at%n%ct%n%P%n%D%n%B -z -n120 -- /web/users/projects/202223/quicknotes/Testing/script.js [65ms]
2023-03-26 17:21:25.779 [info] > git show --textconv :Testing/script.js [35ms]
2023-03-26 17:21:25.792 [info] > git ls-files --stage -- /web/users/projects/202223/quicknotes/Testing/script.js [25ms]
2023-03-26 17:21:25.821 [info] > git cat-file -s 2eb83920bc3433af467ea31235b4bb9ec0bebca6 [17ms]
2023-03-26 17:21:26.349 [info] > git log --format=%H%n%aN%n%aE%n%at%n%ct%n%P%n%D%n%B -z -n120 -- /web/users/projects/202223/quicknotes/Testing/s2.php [37ms]
2023-03-26 17:21:33.024 [info] > git log --format=%H%n%aN%n%aE%n%at%n%ct%n%P%n%D%n%B -z -n120 -- /web/users/projects/202223/quicknotes/Testing/script.js [43ms]
2023-03-26 17:21:33.029 [info] > git config --get commit.template [7ms]
2023-03-26 17:21:33.046 [info] > git for-each-ref --format=%(refname)%00%(upstream:short)%00%(objectname)%00%(upstream:track)%00%(upstream:remotename)%00%(upstream:remoteref) refs/heads/main refs/remotes/main [7ms]
2023-03-26 17:21:33.102 [info] > git status -z -uall [50ms]
2023-03-26 17:24:16.467 [info] > git config --get commit.template [7ms]
2023-03-26 17:24:16.469 [info] > git for-each-ref --format=%(refname)%00%(upstream:short)%00%(objectname)%00%(upstream:track)%00%(upstream:remotename)%00%(upstream:remoteref) refs/heads/main refs/remotes/main [3ms]
2023-03-26 17:24:16.517 [info] > git status -z -uall [43ms]
2023-03-26 17:24:16.694 [info] > git show --textconv 186a929005c4e194c22a27914896f43b2278b202^:Testing/script.js [18ms]
2023-03-26 17:24:16.696 [info] > git show --textconv 186a929005c4e194c22a27914896f43b2278b202:Testing/script.js [15ms]
2023-03-26 17:24:16.697 [info] > git ls-tree -l 186a929005c4e194c22a27914896f43b2278b202^ -- /web/users/projects/202223/quicknotes/Testing/script.js [9ms]
2023-03-26 17:24:16.703 [info] > git ls-tree -l 186a929005c4e194c22a27914896f43b2278b202 -- /web/users/projects/202223/quicknotes/Testing/script.js [8ms]
2023-03-26 17:24:16.844 [info] > git log --format=%H%n%aN%n%aE%n%at%n%ct%n%P%n%D%n%B -z -n120 -- /web/users/projects/202223/quicknotes/Testing/script.js [6ms]
2023-03-26 17:24:17.217 [info] > git check-ignore -v -z --stdin [6ms]
2023-03-26 17:24:21.546 [info] > git config --get commit.template [8ms]
2023-03-26 17:24:21.548 [info] > git for-each-ref --format=%(refname)%00%(upstream:short)%00%(objectname)%00%(upstream:track)%00%(upstream:remotename)%00%(upstream:remoteref) refs/heads/main refs/remotes/main [2ms]
2023-03-26 17:24:21.596 [info] > git status -z -uall [44ms]
2023-03-26 17:24:45.496 [info] > git ls-tree -l 186a929005c4e194c22a27914896f43b2278b202^ -- /web/users/projects/202223/quicknotes/Testing/script.js [16ms]
2023-03-26 17:24:45.497 [info] > git ls-tree -l 186a929005c4e194c22a27914896f43b2278b202 -- /web/users/projects/202223/quicknotes/Testing/script.js [10ms]
2023-03-26 17:24:45.506 [info] > git config --get commit.template [11ms]
2023-03-26 17:24:45.508 [info] > git for-each-ref --format=%(refname)%00%(upstream:short)%00%(objectname)%00%(upstream:track)%00%(upstream:remotename)%00%(upstream:remoteref) refs/heads/main refs/remotes/main [4ms]
2023-03-26 17:24:45.558 [info] > git status -z -uall [45ms]
2023-03-26 17:24:50.598 [info] > git ls-tree -l 186a929005c4e194c22a27914896f43b2278b202^ -- /web/users/projects/202223/quicknotes/Testing/script.js [20ms]
2023-03-26 17:24:50.600 [info] > git ls-tree -l 186a929005c4e194c22a27914896f43b2278b202 -- /web/users/projects/202223/quicknotes/Testing/script.js [14ms]
2023-03-26 17:24:50.609 [info] > git config --get commit.template [14ms]
2023-03-26 17:24:50.617 [info] > git for-each-ref --format=%(refname)%00%(upstream:short)%00%(objectname)%00%(upstream:track)%00%(upstream:remotename)%00%(upstream:remoteref) refs/heads/main refs/remotes/main [1ms]
2023-03-26 17:24:50.668 [info] > git status -z -uall [46ms]
2023-03-26 17:24:55.700 [info] > git config --get commit.template [9ms]
2023-03-26 17:24:55.702 [info] > git for-each-ref --format=%(refname)%00%(upstream:short)%00%(objectname)%00%(upstream:track)%00%(upstream:remotename)%00%(upstream:remoteref) refs/heads/main refs/remotes/main [3ms]
2023-03-26 17:24:55.770 [info] > git status -z -uall [47ms]
2023-03-26 17:25:00.800 [info] > git config --get commit.template [9ms]
2023-03-26 17:25:00.803 [info] > git for-each-ref --format=%(refname)%00%(upstream:short)%00%(objectname)%00%(upstream:track)%00%(upstream:remotename)%00%(upstream:remoteref) refs/heads/main refs/remotes/main [3ms]
2023-03-26 17:25:00.855 [info] > git status -z -uall [46ms]
2023-03-26 17:25:05.886 [info] > git config --get commit.template [9ms]
2023-03-26 17:25:05.888 [info] > git for-each-ref --format=%(refname)%00%(upstream:short)%00%(objectname)%00%(upstream:track)%00%(upstream:remotename)%00%(upstream:remoteref) refs/heads/main refs/remotes/main [2ms]
2023-03-26 17:25:05.938 [info] > git status -z -uall [43ms]
2023-03-26 17:25:08.024 [info] > git rev-list --count 186a929005c4e194c22a27914896f43b2278b202.. -- /web/users/projects/202223/quicknotes/Testing/script.js [4ms]
2023-03-26 17:25:08.034 [info] > git log --format=%H%n%aN%n%aE%n%at%n%ct%n%P%n%D%n%B -z -n2 -- /web/users/projects/202223/quicknotes/Testing/script.js [3ms]
2023-03-26 17:25:08.692 [info] > git ls-tree -l 186a929005c4e194c22a27914896f43b2278b202^ -- /web/users/projects/202223/quicknotes/Testing/script.js [6ms]
2023-03-26 17:25:08.694 [info] > git ls-files --stage -- /web/users/projects/202223/quicknotes/Testing/signup.php [16ms]
2023-03-26 17:25:08.699 [info] > git ls-files --stage -- /web/users/projects/202223/quicknotes/QN/userlogin.php [30ms]
2023-03-26 17:25:08.705 [info] > git ls-files --stage -- /web/users/projects/202223/quicknotes/QN/login.php [44ms]
2023-03-26 17:25:08.711 [info] > git ls-files --stage -- /web/users/projects/202223/quicknotes/Testing/login.php [60ms]
2023-03-26 17:25:08.717 [info] > git ls-files --stage -- /web/users/projects/202223/quicknotes/Testing/details.html [74ms]
2023-03-26 17:25:08.718 [info] > git ls-files --stage -- /web/users/projects/202223/quicknotes/Testing/details2.html [83ms]
2023-03-26 17:25:08.718 [info] > git ls-files --stage -- /web/users/projects/202223/quicknotes/Testing/main.php [93ms]
2023-03-26 17:25:08.724 [info] > git cat-file -s c94ed67c25488a555344f83f5971f61500156aa4 [7ms]
2023-03-26 17:25:08.725 [info] > git cat-file -s d4ed97b6ad75114b87b3560fd30ce41227d497f1 [14ms]
2023-03-26 17:25:08.725 [info] > git cat-file -s 8bd6e8f609fbb59d440a54dcaa88227b57ca524e [20ms]
2023-03-26 17:25:08.726 [info] > git cat-file -s b00e78db9a4334b4053da0ee3f3e1c4e89f97b36 [27ms]
2023-03-26 17:25:08.726 [info] > git ls-tree -l 186a929005c4e194c22a27914896f43b2278b202 -- /web/users/projects/202223/quicknotes/Testing/script.js [35ms]
2023-03-26 17:25:08.728 [info] > git cat-file -s cb1937b9a78ae939fd8cefe2080901acbd061f76 [4ms]
2023-03-26 17:25:08.809 [info] > git show --textconv 186a929005c4e194c22a27914896f43b2278b202^:Testing/script.js [16ms]
2023-03-26 17:25:08.809 [info] > git show --textconv :Testing/details.html [9ms]
2023-03-26 17:25:08.856 [info] > git show --textconv :Testing/details2.html [48ms]
2023-03-26 17:25:08.856 [info] > git show --textconv :Testing/login.php [37ms]
2023-03-26 17:25:08.856 [info] > git show --textconv :QN/login.php [30ms]
2023-03-26 17:25:08.856 [info] > git show --textconv :QN/userlogin.php [21ms]
2023-03-26 17:25:08.856 [info] > git show --textconv :Testing/signup.php [14ms]
2023-03-26 17:25:08.856 [info] > git show --textconv 186a929005c4e194c22a27914896f43b2278b202:Testing/script.js [6ms]
2023-03-26 17:25:08.866 [info] > git show --textconv :Testing/main.php [11ms]
2023-03-26 17:25:10.968 [info] > git config --get commit.template [9ms]
2023-03-26 17:25:10.971 [info] > git for-each-ref --format=%(refname)%00%(upstream:short)%00%(objectname)%00%(upstream:track)%00%(upstream:remotename)%00%(upstream:remoteref) refs/heads/main refs/remotes/main [3ms]
2023-03-26 17:25:11.022 [info] > git status -z -uall [45ms]
2023-03-26 17:25:14.391 [info] > git rev-list --count 186a929005c4e194c22a27914896f43b2278b202.. -- /web/users/projects/202223/quicknotes/Testing/script.js [4ms]
2023-03-26 17:25:14.401 [info] > git log --format=%H%n%aN%n%aE%n%at%n%ct%n%P%n%D%n%B -z -n2 -- /web/users/projects/202223/quicknotes/Testing/script.js [3ms]
2023-03-26 17:25:15.051 [info] > git ls-tree -l 186a929005c4e194c22a27914896f43b2278b202^ -- /web/users/projects/202223/quicknotes/Testing/script.js [10ms]
2023-03-26 17:25:15.052 [info] > git ls-files --stage -- /web/users/projects/202223/quicknotes/Testing/signup.php [16ms]
2023-03-26 17:25:15.059 [info] > git ls-files --stage -- /web/users/projects/202223/quicknotes/QN/userlogin.php [30ms]
2023-03-26 17:25:15.064 [info] > git ls-files --stage -- /web/users/projects/202223/quicknotes/QN/login.php [43ms]
2023-03-26 17:25:15.070 [info] > git ls-files --stage -- /web/users/projects/202223/quicknotes/Testing/login.php [61ms]
2023-03-26 17:25:15.075 [info] > git ls-files --stage -- /web/users/projects/202223/quicknotes/Testing/details.html [72ms]
2023-03-26 17:25:15.076 [info] > git ls-files --stage -- /web/users/projects/202223/quicknotes/Testing/details2.html [80ms]
2023-03-26 17:25:15.076 [info] > git ls-files --stage -- /web/users/projects/202223/quicknotes/Testing/main.php [91ms]
2023-03-26 17:25:15.082 [info] > git cat-file -s c94ed67c25488a555344f83f5971f61500156aa4 [7ms]
2023-03-26 17:25:15.083 [info] > git cat-file -s d4ed97b6ad75114b87b3560fd30ce41227d497f1 [13ms]
2023-03-26 17:25:15.084 [info] > git cat-file -s 8bd6e8f609fbb59d440a54dcaa88227b57ca524e [20ms]
2023-03-26 17:25:15.084 [info] > git cat-file -s b00e78db9a4334b4053da0ee3f3e1c4e89f97b36 [26ms]
2023-03-26 17:25:15.085 [info] > git ls-tree -l 186a929005c4e194c22a27914896f43b2278b202 -- /web/users/projects/202223/quicknotes/Testing/script.js [35ms]
2023-03-26 17:25:15.087 [info] > git cat-file -s cb1937b9a78ae939fd8cefe2080901acbd061f76 [5ms]
2023-03-26 17:25:15.202 [info] > git show --textconv 186a929005c4e194c22a27914896f43b2278b202^:Testing/script.js [63ms]
2023-03-26 17:25:15.202 [info] > git show --textconv :Testing/details.html [56ms]
2023-03-26 17:25:15.202 [info] > git show --textconv :Testing/details2.html [43ms]
2023-03-26 17:25:15.204 [info] > git show --textconv :Testing/login.php [36ms]
2023-03-26 17:25:15.204 [info] > git show --textconv :QN/login.php [26ms]
2023-03-26 17:25:15.204 [info] > git show --textconv :QN/userlogin.php [18ms]
2023-03-26 17:25:15.205 [info] > git show --textconv :Testing/signup.php [12ms]
2023-03-26 17:25:15.209 [info] > git show --textconv 186a929005c4e194c22a27914896f43b2278b202:Testing/script.js [8ms]
2023-03-26 17:25:15.221 [info] > git show --textconv :Testing/main.php [5ms]
2023-03-26 17:25:16.054 [info] > git config --get commit.template [10ms]
2023-03-26 17:25:16.057 [info] > git for-each-ref --format=%(refname)%00%(upstream:short)%00%(objectname)%00%(upstream:track)%00%(upstream:remotename)%00%(upstream:remoteref) refs/heads/main refs/remotes/main [4ms]
2023-03-26 17:25:16.106 [info] > git status -z -uall [43ms]
2023-03-26 17:25:21.139 [info] > git config --get commit.template [11ms]
2023-03-26 17:25:21.141 [info] > git for-each-ref --format=%(refname)%00%(upstream:short)%00%(objectname)%00%(upstream:track)%00%(upstream:remotename)%00%(upstream:remoteref) refs/heads/main refs/remotes/main [2ms]
2023-03-26 17:25:21.193 [info] > git status -z -uall [44ms]
2023-03-26 17:25:26.220 [info] > git config --get commit.template [8ms]
2023-03-26 17:25:26.222 [info] > git for-each-ref --format=%(refname)%00%(upstream:short)%00%(objectname)%00%(upstream:track)%00%(upstream:remotename)%00%(upstream:remoteref) refs/heads/main refs/remotes/main [3ms]
2023-03-26 17:25:26.297 [info] > git status -z -uall [69ms]
2023-03-26 17:26:31.248 [info] > git ls-tree -l 186a929005c4e194c22a27914896f43b2278b202^ -- /web/users/projects/202223/quicknotes/Testing/script.js [16ms]
2023-03-26 17:26:31.250 [info] > git ls-tree -l 186a929005c4e194c22a27914896f43b2278b202 -- /web/users/projects/202223/quicknotes/Testing/script.js [10ms]
2023-03-26 17:26:31.258 [info] > git config --get commit.template [10ms]
2023-03-26 17:26:31.261 [info] > git for-each-ref --format=%(refname)%00%(upstream:short)%00%(objectname)%00%(upstream:track)%00%(upstream:remotename)%00%(upstream:remoteref) refs/heads/main refs/remotes/main [4ms]
2023-03-26 17:26:31.311 [info] > git status -z -uall [45ms]
2023-03-26 17:26:31.537 [info] > git log --format=%H%n%aN%n%aE%n%at%n%ct%n%P%n%D%n%B -z -n120 -- /web/users/projects/202223/quicknotes/Testing/connection.php [9ms]
2023-03-26 17:26:31.868 [info] > git show --textconv :Testing/connection.php [15ms]
2023-03-26 17:26:31.870 [info] > git ls-files --stage -- /web/users/projects/202223/quicknotes/Testing/connection.php [7ms]
2023-03-26 17:26:31.877 [info] > git cat-file -s 19414bdb773a91cfdffe2b46a20e38232bb0122f [2ms]
2023-03-26 17:26:32.601 [info] > git log --format=%H%n%aN%n%aE%n%at%n%ct%n%P%n%D%n%B -z -n120 -- /web/users/projects/202223/quicknotes/Testing/get_note.php [10ms]
2023-03-26 17:26:32.822 [info] > git show --textconv :Testing/get_note.php [15ms]
2023-03-26 17:26:32.827 [info] > git ls-files --stage -- /web/users/projects/202223/quicknotes/Testing/get_note.php [7ms]
2023-03-26 17:26:32.834 [info] > git cat-file -s 9d17178ff5737412b990f3fd08d14002cc78fd2e [1ms]
2023-03-26 17:26:36.342 [info] > git config --get commit.template [9ms]
2023-03-26 17:26:36.344 [info] > git for-each-ref --format=%(refname)%00%(upstream:short)%00%(objectname)%00%(upstream:track)%00%(upstream:remotename)%00%(upstream:remoteref) refs/heads/main refs/remotes/main [3ms]
2023-03-26 17:26:36.393 [info] > git status -z -uall [43ms]
2023-03-26 17:26:41.426 [info] > git config --get commit.template [9ms]
2023-03-26 17:26:41.428 [info] > git for-each-ref --format=%(refname)%00%(upstream:short)%00%(objectname)%00%(upstream:track)%00%(upstream:remotename)%00%(upstream:remoteref) refs/heads/main refs/remotes/main [4ms]
2023-03-26 17:26:41.476 [info] > git status -z -uall [43ms]
2023-03-26 17:26:42.215 [info] > git log --format=%H%n%aN%n%aE%n%at%n%ct%n%P%n%D%n%B -z -n120 -- /web/users/projects/202223/quicknotes/Testing/signup.php [7ms]
2023-03-26 17:26:46.503 [info] > git config --get commit.template [8ms]
2023-03-26 17:26:46.505 [info] > git for-each-ref --format=%(refname)%00%(upstream:short)%00%(objectname)%00%(upstream:track)%00%(upstream:remotename)%00%(upstream:remoteref) refs/heads/main refs/remotes/main [3ms]
2023-03-26 17:26:46.560 [info] > git status -z -uall [47ms]
2023-03-26 17:26:46.905 [info] > git log --format=%H%n%aN%n%aE%n%at%n%ct%n%P%n%D%n%B -z -n120 -- /web/users/projects/202223/quicknotes/Testing/searchjavascript.js [19ms]
2023-03-26 17:26:47.152 [info] > git show --textconv :Testing/searchjavascript.js [11ms]
2023-03-26 17:26:47.165 [info] > git ls-files --stage -- /web/users/projects/202223/quicknotes/Testing/searchjavascript.js [14ms]
2023-03-26 17:26:47.177 [info] > git cat-file -s 7c254cc11471c13bbe66519fbd729fc250683281 [3ms]
2023-03-26 17:26:47.550 [info] > git log --format=%H%n%aN%n%aE%n%at%n%ct%n%P%n%D%n%B -z -n120 -- /web/users/projects/202223/quicknotes/Testing/search.php [10ms]
2023-03-26 17:26:47.747 [info] > git show --textconv :Testing/search.php [12ms]
2023-03-26 17:26:47.752 [info] > git ls-files --stage -- /web/users/projects/202223/quicknotes/Testing/search.php [6ms]
2023-03-26 17:26:47.764 [info] > git cat-file -s e3734429e8106094dd4bdc2696fea324bc4418e7 [2ms]
2023-03-26 17:26:50.994 [info] > git log --format=%H%n%aN%n%aE%n%at%n%ct%n%P%n%D%n%B -z -n120 -- /web/users/projects/202223/quicknotes/Testing/scriptcolumn.js [22ms]
2023-03-26 17:26:51.168 [info] > git show --textconv :Testing/scriptcolumn.js [11ms]
2023-03-26 17:26:51.173 [info] > git ls-files --stage -- /web/users/projects/202223/quicknotes/Testing/scriptcolumn.js [5ms]
2023-03-26 17:26:51.180 [info] > git cat-file -s d55932df38e41c1a34e748c47a7a0a9be6c5eabf [2ms]
2023-03-26 17:26:51.586 [info] > git config --get commit.template [6ms]
2023-03-26 17:26:51.588 [info] > git for-each-ref --format=%(refname)%00%(upstream:short)%00%(objectname)%00%(upstream:track)%00%(upstream:remotename)%00%(upstream:remoteref) refs/heads/main refs/remotes/main [3ms]
2023-03-26 17:26:51.634 [info] > git status -z -uall [41ms]
2023-03-26 17:26:53.890 [info] > git log --format=%H%n%aN%n%aE%n%at%n%ct%n%P%n%D%n%B -z -n120 -- /web/users/projects/202223/quicknotes/Testing/logout.css [122ms]
2023-03-26 17:26:54.148 [info] > git show --textconv :Testing/logout.css [40ms]
2023-03-26 17:26:54.176 [info] > git ls-files --stage -- /web/users/projects/202223/quicknotes/Testing/logout.css [28ms]
2023-03-26 17:26:54.206 [info] > git cat-file -s 90259ec39e3e83de42feb019f7e44a163c0c2b47 [7ms]
2023-03-26 17:26:55.335 [info] > git log --format=%H%n%aN%n%aE%n%at%n%ct%n%P%n%D%n%B -z -n120 -- /web/users/projects/202223/quicknotes/Testing/leftcolumn2.php [10ms]
2023-03-26 17:26:55.538 [info] > git show --textconv :Testing/leftcolumn2.php [10ms]
2023-03-26 17:26:55.544 [info] > git ls-files --stage -- /web/users/projects/202223/quicknotes/Testing/leftcolumn2.php [6ms]
2023-03-26 17:26:55.553 [info] > git cat-file -s d2d95960c22df2c6785dff266adbcf48ec442e06 [2ms]
2023-03-26 17:26:56.720 [info] > git log --format=%H%n%aN%n%aE%n%at%n%ct%n%P%n%D%n%B -z -n120 -- /web/users/projects/202223/quicknotes/Testing/index2.php [9ms]
2023-03-26 17:26:56.937 [info] > git show --textconv :Testing/index2.php [13ms]
2023-03-26 17:26:56.942 [info] > git ls-files --stage -- /web/users/projects/202223/quicknotes/Testing/index2.php [6ms]
2023-03-26 17:26:56.950 [info] > git cat-file -s bb2f3b0ce5133ee26a2b5ec53b34a4a74f3228f3 [2ms]
2023-03-26 17:26:57.310 [info] > git config --get commit.template [11ms]
2023-03-26 17:26:57.315 [info] > git for-each-ref --format=%(refname)%00%(upstream:short)%00%(objectname)%00%(upstream:track)%00%(upstream:remotename)%00%(upstream:remoteref) refs/heads/main refs/remotes/main [9ms]
2023-03-26 17:26:57.365 [info] > git status -z -uall [44ms]
2023-03-26 17:26:58.096 [info] > git log --format=%H%n%aN%n%aE%n%at%n%ct%n%P%n%D%n%B -z -n120 -- /web/users/projects/202223/quicknotes/Testing/HomePage.css [14ms]
2023-03-26 17:26:58.292 [info] > git show --textconv :Testing/HomePage.css [11ms]
2023-03-26 17:26:58.302 [info] > git ls-files --stage -- /web/users/projects/202223/quicknotes/Testing/HomePage.css [9ms]
2023-03-26 17:26:58.309 [info] > git cat-file -s b7b0b1072e027ddfbb3205c5583930987294499f [1ms]
2023-03-26 17:27:02.399 [info] > git config --get commit.template [9ms]
2023-03-26 17:27:02.401 [info] > git for-each-ref --format=%(refname)%00%(upstream:short)%00%(objectname)%00%(upstream:track)%00%(upstream:remotename)%00%(upstream:remoteref) refs/heads/main refs/remotes/main [3ms]
2023-03-26 17:27:02.450 [info] > git status -z -uall [43ms]
2023-03-26 17:27:07.478 [info] > git config --get commit.template [8ms]
2023-03-26 17:27:07.481 [info] > git for-each-ref --format=%(refname)%00%(upstream:short)%00%(objectname)%00%(upstream:track)%00%(upstream:remotename)%00%(upstream:remoteref) refs/heads/main refs/remotes/main [2ms]
2023-03-26 17:27:07.529 [info] > git status -z -uall [43ms]
2023-03-26 17:27:12.428 [info] > git log --format=%H%n%aN%n%aE%n%at%n%ct%n%P%n%D%n%B -z -n120 -- /web/users/projects/202223/quicknotes/Testing/search.php [5ms]
2023-03-26 17:27:12.560 [info] > git config --get commit.template [10ms]
2023-03-26 17:27:12.562 [info] > git for-each-ref --format=%(refname)%00%(upstream:short)%00%(objectname)%00%(upstream:track)%00%(upstream:remotename)%00%(upstream:remoteref) refs/heads/main refs/remotes/main [3ms]
2023-03-26 17:27:12.614 [info] > git status -z -uall [47ms]
2023-03-26 17:27:17.644 [info] > git config --get commit.template [9ms]
2023-03-26 17:27:17.646 [info] > git for-each-ref --format=%(refname)%00%(upstream:short)%00%(objectname)%00%(upstream:track)%00%(upstream:remotename)%00%(upstream:remoteref) refs/heads/main refs/remotes/main [3ms]
2023-03-26 17:27:17.695 [info] > git status -z -uall [42ms]
2023-03-26 17:27:22.726 [info] > git config --get commit.template [9ms]
2023-03-26 17:27:22.729 [info] > git for-each-ref --format=%(refname)%00%(upstream:short)%00%(objectname)%00%(upstream:track)%00%(upstream:remotename)%00%(upstream:remoteref) refs/heads/main refs/remotes/main [2ms]
2023-03-26 17:27:22.784 [info] > git status -z -uall [49ms]
2023-03-26 17:27:59.735 [info] > git config --get commit.template [7ms]
2023-03-26 17:27:59.737 [info] > git for-each-ref --format=%(refname)%00%(upstream:short)%00%(objectname)%00%(upstream:track)%00%(upstream:remotename)%00%(upstream:remoteref) refs/heads/main refs/remotes/main [3ms]
2023-03-26 17:27:59.784 [info] > git status -z -uall [42ms]
2023-03-26 17:28:04.163 [info] > git log --format=%H%n%aN%n%aE%n%at%n%ct%n%P%n%D%n%B -z -n120 -- /web/users/projects/202223/quicknotes/Testing/login.php [5ms]
2023-03-26 17:28:04.816 [info] > git config --get commit.template [10ms]
2023-03-26 17:28:04.819 [info] > git for-each-ref --format=%(refname)%00%(upstream:short)%00%(objectname)%00%(upstream:track)%00%(upstream:remotename)%00%(upstream:remoteref) refs/heads/main refs/remotes/main [3ms]
2023-03-26 17:28:04.868 [info] > git status -z -uall [44ms]
2023-03-26 17:28:09.901 [info] > git for-each-ref --format=%(refname)%00%(upstream:short)%00%(objectname)%00%(upstream:track)%00%(upstream:remotename)%00%(upstream:remoteref) refs/heads/main refs/remotes/main [1ms]
2023-03-26 17:28:09.904 [info] > git config --get commit.template [11ms]
2023-03-26 17:28:09.957 [info] > git status -z -uall [46ms]
2023-03-26 17:28:14.987 [info] > git config --get commit.template [8ms]
2023-03-26 17:28:14.990 [info] > git for-each-ref --format=%(refname)%00%(upstream:short)%00%(objectname)%00%(upstream:track)%00%(upstream:remotename)%00%(upstream:remoteref) refs/heads/main refs/remotes/main [3ms]
2023-03-26 17:28:15.038 [info] > git status -z -uall [42ms]
2023-03-26 17:28:20.068 [info] > git config --get commit.template [9ms]
2023-03-26 17:28:20.071 [info] > git for-each-ref --format=%(refname)%00%(upstream:short)%00%(objectname)%00%(upstream:track)%00%(upstream:remotename)%00%(upstream:remoteref) refs/heads/main refs/remotes/main [3ms]
2023-03-26 17:28:20.119 [info] > git status -z -uall [43ms]
2023-03-26 17:28:25.150 [info] > git for-each-ref --format=%(refname)%00%(upstream:short)%00%(objectname)%00%(upstream:track)%00%(upstream:remotename)%00%(upstream:remoteref) refs/heads/main refs/remotes/main [1ms]
2023-03-26 17:28:25.150 [info] > git config --get commit.template [11ms]
2023-03-26 17:28:25.200 [info] > git status -z -uall [44ms]
2023-03-26 17:28:30.235 [info] > git config --get commit.template [10ms]
2023-03-26 17:28:30.237 [info] > git for-each-ref --format=%(refname)%00%(upstream:short)%00%(objectname)%00%(upstream:track)%00%(upstream:remotename)%00%(upstream:remoteref) refs/heads/main refs/remotes/main [2ms]
2023-03-26 17:28:30.287 [info] > git status -z -uall [44ms]
2023-03-26 17:30:12.173 [info] > git config --get commit.template [8ms]
2023-03-26 17:30:12.175 [info] > git for-each-ref --format=%(refname)%00%(upstream:short)%00%(objectname)%00%(upstream:track)%00%(upstream:remotename)%00%(upstream:remoteref) refs/heads/main refs/remotes/main [3ms]
2023-03-26 17:30:12.227 [info] > git status -z -uall [46ms]
2023-03-26 17:30:22.866 [info] > git config --get commit.template [7ms]
2023-03-26 17:30:22.869 [info] > git for-each-ref --format=%(refname)%00%(upstream:short)%00%(objectname)%00%(upstream:track)%00%(upstream:remotename)%00%(upstream:remoteref) refs/heads/main refs/remotes/main [2ms]
2023-03-26 17:30:22.919 [info] > git status -z -uall [44ms]
2023-03-26 17:30:23.083 [info] > git log --format=%H%n%aN%n%aE%n%at%n%ct%n%P%n%D%n%B -z -n120 -- /web/users/projects/202223/quicknotes/Testing/signup.php [4ms]
2023-03-26 17:30:27.956 [info] > git config --get commit.template [10ms]
2023-03-26 17:30:27.959 [info] > git for-each-ref --format=%(refname)%00%(upstream:short)%00%(objectname)%00%(upstream:track)%00%(upstream:remotename)%00%(upstream:remoteref) refs/heads/main refs/remotes/main [3ms]
2023-03-26 17:30:28.007 [info] > git status -z -uall [43ms]
2023-03-26 17:30:46.727 [info] > git config --get commit.template [8ms]
2023-03-26 17:30:46.729 [info] > git for-each-ref --format=%(refname)%00%(upstream:short)%00%(objectname)%00%(upstream:track)%00%(upstream:remotename)%00%(upstream:remoteref) refs/heads/main refs/remotes/main [3ms]
2023-03-26 17:30:46.779 [info] > git status -z -uall [43ms]
2023-03-26 17:30:51.811 [info] > git config --get commit.template [9ms]
2023-03-26 17:30:51.814 [info] > git for-each-ref --format=%(refname)%00%(upstream:short)%00%(objectname)%00%(upstream:track)%00%(upstream:remotename)%00%(upstream:remoteref) refs/heads/main refs/remotes/main [3ms]
2023-03-26 17:30:51.863 [info] > git status -z -uall [43ms]
2023-03-26 17:30:57.219 [info] > git config --get commit.template [8ms]
2023-03-26 17:30:57.222 [info] > git for-each-ref --format=%(refname)%00%(upstream:short)%00%(objectname)%00%(upstream:track)%00%(upstream:remotename)%00%(upstream:remoteref) refs/heads/main refs/remotes/main [3ms]
2023-03-26 17:30:57.272 [info] > git status -z -uall [43ms]
2023-03-26 17:32:29.403 [info] > git config --get commit.template [9ms]
2023-03-26 17:32:29.405 [info] > git for-each-ref --format=%(refname)%00%(upstream:short)%00%(objectname)%00%(upstream:track)%00%(upstream:remotename)%00%(upstream:remoteref) refs/heads/main refs/remotes/main [3ms]
2023-03-26 17:32:29.457 [info] > git status -z -uall [46ms]
2023-03-26 17:32:29.657 [info] > git log --format=%H%n%aN%n%aE%n%at%n%ct%n%P%n%D%n%B -z -n120 -- /web/users/projects/202223/quicknotes/Testing/main.php [5ms]
2023-03-26 17:32:34.488 [info] > git config --get commit.template [9ms]
2023-03-26 17:32:34.490 [info] > git for-each-ref --format=%(refname)%00%(upstream:short)%00%(objectname)%00%(upstream:track)%00%(upstream:remotename)%00%(upstream:remoteref) refs/heads/main refs/remotes/main [3ms]
2023-03-26 17:32:34.541 [info] > git status -z -uall [46ms]
2023-03-26 17:32:39.585 [info] > git config --get commit.template [12ms]
2023-03-26 17:32:39.587 [info] > git for-each-ref --format=%(refname)%00%(upstream:short)%00%(objectname)%00%(upstream:track)%00%(upstream:remotename)%00%(upstream:remoteref) refs/heads/main refs/remotes/main [7ms]
2023-03-26 17:32:39.638 [info] > git status -z -uall [45ms]
2023-03-26 17:32:44.674 [info] > git config --get commit.template [9ms]
2023-03-26 17:32:44.677 [info] > git for-each-ref --format=%(refname)%00%(upstream:short)%00%(objectname)%00%(upstream:track)%00%(upstream:remotename)%00%(upstream:remoteref) refs/heads/main refs/remotes/main [3ms]
2023-03-26 17:32:44.736 [info] > git status -z -uall [53ms]
2023-03-26 17:32:49.767 [info] > git config --get commit.template [9ms]
2023-03-26 17:32:49.769 [info] > git for-each-ref --format=%(refname)%00%(upstream:short)%00%(objectname)%00%(upstream:track)%00%(upstream:remotename)%00%(upstream:remoteref) refs/heads/main refs/remotes/main [3ms]
2023-03-26 17:32:49.817 [info] > git status -z -uall [42ms]
2023-03-26 17:32:54.849 [info] > git config --get commit.template [9ms]
2023-03-26 17:32:54.851 [info] > git for-each-ref --format=%(refname)%00%(upstream:short)%00%(objectname)%00%(upstream:track)%00%(upstream:remotename)%00%(upstream:remoteref) refs/heads/main refs/remotes/main [3ms]
2023-03-26 17:32:54.902 [info] > git status -z -uall [46ms]
2023-03-26 17:32:59.930 [info] > git config --get commit.template [9ms]
2023-03-26 17:32:59.932 [info] > git for-each-ref --format=%(refname)%00%(upstream:short)%00%(objectname)%00%(upstream:track)%00%(upstream:remotename)%00%(upstream:remoteref) refs/heads/main refs/remotes/main [3ms]
2023-03-26 17:32:59.982 [info] > git status -z -uall [43ms]
2023-03-26 17:33:05.012 [info] > git config --get commit.template [9ms]
2023-03-26 17:33:05.015 [info] > git for-each-ref --format=%(refname)%00%(upstream:short)%00%(objectname)%00%(upstream:track)%00%(upstream:remotename)%00%(upstream:remoteref) refs/heads/main refs/remotes/main [3ms]
2023-03-26 17:33:05.064 [info] > git status -z -uall [44ms]
2023-03-26 17:33:10.093 [info] > git config --get commit.template [8ms]
2023-03-26 17:33:10.096 [info] > git for-each-ref --format=%(refname)%00%(upstream:short)%00%(objectname)%00%(upstream:track)%00%(upstream:remotename)%00%(upstream:remoteref) refs/heads/main refs/remotes/main [3ms]
2023-03-26 17:33:10.144 [info] > git status -z -uall [43ms]
2023-03-26 17:33:15.170 [info] > git config --get commit.template [8ms]
2023-03-26 17:33:15.172 [info] > git for-each-ref --format=%(refname)%00%(upstream:short)%00%(objectname)%00%(upstream:track)%00%(upstream:remotename)%00%(upstream:remoteref) refs/heads/main refs/remotes/main [2ms]
2023-03-26 17:33:15.218 [info] > git status -z -uall [41ms]
2023-03-26 17:33:20.246 [info] > git config --get commit.template [8ms]
2023-03-26 17:33:20.248 [info] > git for-each-ref --format=%(refname)%00%(upstream:short)%00%(objectname)%00%(upstream:track)%00%(upstream:remotename)%00%(upstream:remoteref) refs/heads/main refs/remotes/main [2ms]
2023-03-26 17:33:20.294 [info] > git status -z -uall [41ms]
2023-03-26 17:33:25.324 [info] > git config --get commit.template [7ms]
2023-03-26 17:33:25.326 [info] > git for-each-ref --format=%(refname)%00%(upstream:short)%00%(objectname)%00%(upstream:track)%00%(upstream:remotename)%00%(upstream:remoteref) refs/heads/main refs/remotes/main [3ms]
2023-03-26 17:33:25.372 [info] > git status -z -uall [41ms]
2023-03-26 17:33:30.402 [info] > git config --get commit.template [9ms]
2023-03-26 17:33:30.404 [info] > git for-each-ref --format=%(refname)%00%(upstream:short)%00%(objectname)%00%(upstream:track)%00%(upstream:remotename)%00%(upstream:remoteref) refs/heads/main refs/remotes/main [3ms]
2023-03-26 17:33:30.454 [info] > git status -z -uall [44ms]
2023-03-26 17:33:35.485 [info] > git config --get commit.template [9ms]
2023-03-26 17:33:35.488 [info] > git for-each-ref --format=%(refname)%00%(upstream:short)%00%(objectname)%00%(upstream:track)%00%(upstream:remotename)%00%(upstream:remoteref) refs/heads/main refs/remotes/main [4ms]
2023-03-26 17:33:35.537 [info] > git status -z -uall [43ms]
2023-03-26 17:33:40.567 [info] > git config --get commit.template [9ms]
2023-03-26 17:33:40.568 [info] > git for-each-ref --format=%(refname)%00%(upstream:short)%00%(objectname)%00%(upstream:track)%00%(upstream:remotename)%00%(upstream:remoteref) refs/heads/main refs/remotes/main [2ms]
2023-03-26 17:33:40.649 [info] > git status -z -uall [75ms]
2023-03-26 17:33:45.703 [info] > git config --get commit.template [9ms]
2023-03-26 17:33:45.704 [info] > git for-each-ref --format=%(refname)%00%(upstream:short)%00%(objectname)%00%(upstream:track)%00%(upstream:remotename)%00%(upstream:remoteref) refs/heads/main refs/remotes/main [2ms]
2023-03-26 17:33:45.755 [info] > git status -z -uall [44ms]
2023-03-26 17:33:50.785 [info] > git config --get commit.template [8ms]
2023-03-26 17:33:50.787 [info] > git for-each-ref --format=%(refname)%00%(upstream:short)%00%(objectname)%00%(upstream:track)%00%(upstream:remotename)%00%(upstream:remoteref) refs/heads/main refs/remotes/main [3ms]
2023-03-26 17:33:50.837 [info] > git status -z -uall [44ms]
2023-03-26 17:33:55.868 [info] > git config --get commit.template [10ms]
2023-03-26 17:33:55.871 [info] > git for-each-ref --format=%(refname)%00%(upstream:short)%00%(objectname)%00%(upstream:track)%00%(upstream:remotename)%00%(upstream:remoteref) refs/heads/main refs/remotes/main [3ms]
2023-03-26 17:33:55.920 [info] > git status -z -uall [43ms]
2023-03-26 17:34:00.947 [info] > git config --get commit.template [8ms]
2023-03-26 17:34:00.951 [info] > git for-each-ref --format=%(refname)%00%(upstream:short)%00%(objectname)%00%(upstream:track)%00%(upstream:remotename)%00%(upstream:remoteref) refs/heads/main refs/remotes/main [4ms]
2023-03-26 17:34:01.001 [info] > git status -z -uall [43ms]
2023-03-26 17:34:06.032 [info] > git config --get commit.template [10ms]
2023-03-26 17:34:06.034 [info] > git for-each-ref --format=%(refname)%00%(upstream:short)%00%(objectname)%00%(upstream:track)%00%(upstream:remotename)%00%(upstream:remoteref) refs/heads/main refs/remotes/main [3ms]
2023-03-26 17:34:06.082 [info] > git status -z -uall [42ms]
2023-03-26 17:34:11.118 [info] > git config --get commit.template [8ms]
2023-03-26 17:34:11.120 [info] > git for-each-ref --format=%(refname)%00%(upstream:short)%00%(objectname)%00%(upstream:track)%00%(upstream:remotename)%00%(upstream:remoteref) refs/heads/main refs/remotes/main [3ms]
2023-03-26 17:34:11.169 [info] > git status -z -uall [43ms]
2023-03-26 17:34:16.199 [info] > git config --get commit.template [9ms]
2023-03-26 17:34:16.202 [info] > git for-each-ref --format=%(refname)%00%(upstream:short)%00%(objectname)%00%(upstream:track)%00%(upstream:remotename)%00%(upstream:remoteref) refs/heads/main refs/remotes/main [2ms]
2023-03-26 17:34:16.250 [info] > git status -z -uall [42ms]
2023-03-26 17:34:39.732 [info] > git config --get commit.template [8ms]
2023-03-26 17:34:39.734 [info] > git for-each-ref --format=%(refname)%00%(upstream:short)%00%(objectname)%00%(upstream:track)%00%(upstream:remotename)%00%(upstream:remoteref) refs/heads/main refs/remotes/main [3ms]
2023-03-26 17:34:39.784 [info] > git status -z -uall [44ms]
2023-03-26 17:34:55.746 [info] > git config --get commit.template [8ms]
2023-03-26 17:34:55.748 [info] > git for-each-ref --format=%(refname)%00%(upstream:short)%00%(objectname)%00%(upstream:track)%00%(upstream:remotename)%00%(upstream:remoteref) refs/heads/main refs/remotes/main [3ms]
2023-03-26 17:34:55.798 [info] > git status -z -uall [44ms]
2023-03-26 17:39:03.243 [info] > git config --get commit.template [7ms]
2023-03-26 17:39:03.246 [info] > git for-each-ref --format=%(refname)%00%(upstream:short)%00%(objectname)%00%(upstream:track)%00%(upstream:remotename)%00%(upstream:remoteref) refs/heads/main refs/remotes/main [3ms]
2023-03-26 17:39:03.295 [info] > git status -z -uall [44ms]
2023-03-26 17:39:03.481 [info] > git log --format=%H%n%aN%n%aE%n%at%n%ct%n%P%n%D%n%B -z -n120 -- /web/users/projects/202223/quicknotes/Testing/signup.php [5ms]
2023-03-26 17:39:08.324 [info] > git config --get commit.template [8ms]
2023-03-26 17:39:08.326 [info] > git for-each-ref --format=%(refname)%00%(upstream:short)%00%(objectname)%00%(upstream:track)%00%(upstream:remotename)%00%(upstream:remoteref) refs/heads/main refs/remotes/main [3ms]
2023-03-26 17:39:08.375 [info] > git status -z -uall [43ms]
2023-03-26 17:39:13.406 [info] > git config --get commit.template [10ms]
2023-03-26 17:39:13.408 [info] > git for-each-ref --format=%(refname)%00%(upstream:short)%00%(objectname)%00%(upstream:track)%00%(upstream:remotename)%00%(upstream:remoteref) refs/heads/main refs/remotes/main [2ms]
2023-03-26 17:39:13.457 [info] > git status -z -uall [43ms]
2023-03-26 17:39:18.486 [info] > git config --get commit.template [9ms]
2023-03-26 17:39:18.489 [info] > git for-each-ref --format=%(refname)%00%(upstream:short)%00%(objectname)%00%(upstream:track)%00%(upstream:remotename)%00%(upstream:remoteref) refs/heads/main refs/remotes/main [3ms]
2023-03-26 17:39:18.537 [info] > git status -z -uall [43ms]
2023-03-26 17:39:23.570 [info] > git config --get commit.template [10ms]
2023-03-26 17:39:23.572 [info] > git for-each-ref --format=%(refname)%00%(upstream:short)%00%(objectname)%00%(upstream:track)%00%(upstream:remotename)%00%(upstream:remoteref) refs/heads/main refs/remotes/main [3ms]
2023-03-26 17:39:23.621 [info] > git status -z -uall [43ms]
2023-03-26 17:39:28.651 [info] > git config --get commit.template [10ms]
2023-03-26 17:39:28.653 [info] > git for-each-ref --format=%(refname)%00%(upstream:short)%00%(objectname)%00%(upstream:track)%00%(upstream:remotename)%00%(upstream:remoteref) refs/heads/main refs/remotes/main [3ms]
2023-03-26 17:39:28.702 [info] > git status -z -uall [44ms]
2023-03-26 17:39:33.741 [info] > git config --get commit.template [10ms]
2023-03-26 17:39:33.744 [info] > git for-each-ref --format=%(refname)%00%(upstream:short)%00%(objectname)%00%(upstream:track)%00%(upstream:remotename)%00%(upstream:remoteref) refs/heads/main refs/remotes/main [4ms]
2023-03-26 17:39:33.792 [info] > git status -z -uall [42ms]
2023-03-26 17:39:38.823 [info] > git config --get commit.template [9ms]
2023-03-26 17:39:38.826 [info] > git for-each-ref --format=%(refname)%00%(upstream:short)%00%(objectname)%00%(upstream:track)%00%(upstream:remotename)%00%(upstream:remoteref) refs/heads/main refs/remotes/main [4ms]
2023-03-26 17:39:38.874 [info] > git status -z -uall [43ms]
2023-03-26 17:39:43.903 [info] > git config --get commit.template [10ms]
2023-03-26 17:39:43.905 [info] > git for-each-ref --format=%(refname)%00%(upstream:short)%00%(objectname)%00%(upstream:track)%00%(upstream:remotename)%00%(upstream:remoteref) refs/heads/main refs/remotes/main [3ms]
2023-03-26 17:39:44.000 [info] > git status -z -uall [89ms]
2023-03-26 17:39:49.034 [info] > git config --get commit.template [9ms]
2023-03-26 17:39:49.036 [info] > git for-each-ref --format=%(refname)%00%(upstream:short)%00%(objectname)%00%(upstream:track)%00%(upstream:remotename)%00%(upstream:remoteref) refs/heads/main refs/remotes/main [2ms]
2023-03-26 17:39:49.086 [info] > git status -z -uall [42ms]
2023-03-26 17:41:22.632 [info] > git config --get commit.template [8ms]
2023-03-26 17:41:22.634 [info] > git for-each-ref --format=%(refname)%00%(upstream:short)%00%(objectname)%00%(upstream:track)%00%(upstream:remotename)%00%(upstream:remoteref) refs/heads/main refs/remotes/main [3ms]
2023-03-26 17:41:22.683 [info] > git status -z -uall [43ms]
2023-03-26 17:41:23.034 [info] > git log --format=%H%n%aN%n%aE%n%at%n%ct%n%P%n%D%n%B -z -n120 -- /web/users/projects/202223/quicknotes/Testing/topbar.php [10ms]
2023-03-26 17:41:23.382 [info] > git show --textconv :Testing/topbar.php [11ms]
2023-03-26 17:41:23.388 [info] > git ls-files --stage -- /web/users/projects/202223/quicknotes/Testing/topbar.php [5ms]
2023-03-26 17:41:23.396 [info] > git cat-file -s 4d6eae342ef04f24f0096d84df423d449c3df338 [2ms]
2023-03-26 17:41:23.968 [info] > git log --format=%H%n%aN%n%aE%n%at%n%ct%n%P%n%D%n%B -z -n120 -- /web/users/projects/202223/quicknotes/Testing/stylecolumn.css [12ms]
2023-03-26 17:41:24.200 [info] > git show --textconv :Testing/stylecolumn.css [10ms]
2023-03-26 17:41:24.205 [info] > git ls-files --stage -- /web/users/projects/202223/quicknotes/Testing/stylecolumn.css [6ms]
2023-03-26 17:41:24.213 [info] > git cat-file -s 4adf0f941e20962cfed8fb96a4d9ebf20d740434 [2ms]
2023-03-26 17:41:27.720 [info] > git config --get commit.template [9ms]
2023-03-26 17:41:27.722 [info] > git for-each-ref --format=%(refname)%00%(upstream:short)%00%(objectname)%00%(upstream:track)%00%(upstream:remotename)%00%(upstream:remoteref) refs/heads/main refs/remotes/main [3ms]
2023-03-26 17:41:27.772 [info] > git status -z -uall [44ms]
2023-03-26 17:42:13.019 [info] > git config --get commit.template [6ms]
2023-03-26 17:42:13.021 [info] > git for-each-ref --format=%(refname)%00%(upstream:short)%00%(objectname)%00%(upstream:track)%00%(upstream:remotename)%00%(upstream:remoteref) refs/heads/main refs/remotes/main [2ms]
2023-03-26 17:42:13.070 [info] > git log --format=%H%n%aN%n%aE%n%at%n%ct%n%P%n%D%n%B -z -n120 -- /web/users/projects/202223/quicknotes/Testing/main.php [11ms]
2023-03-26 17:42:13.082 [info] > git status -z -uall [57ms]
2023-03-26 17:42:18.125 [info] > git config --get commit.template [23ms]
2023-03-26 17:42:18.130 [info] > git for-each-ref --format=%(refname)%00%(upstream:short)%00%(objectname)%00%(upstream:track)%00%(upstream:remotename)%00%(upstream:remoteref) refs/heads/main refs/remotes/main [21ms]
2023-03-26 17:42:18.255 [info] > git status -z -uall [99ms]
2023-03-26 17:42:23.283 [info] > git config --get commit.template [9ms]
2023-03-26 17:42:23.286 [info] > git for-each-ref --format=%(refname)%00%(upstream:short)%00%(objectname)%00%(upstream:track)%00%(upstream:remotename)%00%(upstream:remoteref) refs/heads/main refs/remotes/main [3ms]
2023-03-26 17:42:23.334 [info] > git status -z -uall [43ms]
2023-03-26 17:42:28.362 [info] > git config --get commit.template [8ms]
2023-03-26 17:42:28.365 [info] > git for-each-ref --format=%(refname)%00%(upstream:short)%00%(objectname)%00%(upstream:track)%00%(upstream:remotename)%00%(upstream:remoteref) refs/heads/main refs/remotes/main [2ms]
2023-03-26 17:42:28.414 [info] > git status -z -uall [43ms]
2023-03-26 17:42:33.443 [info] > git config --get commit.template [9ms]
2023-03-26 17:42:33.445 [info] > git for-each-ref --format=%(refname)%00%(upstream:short)%00%(objectname)%00%(upstream:track)%00%(upstream:remotename)%00%(upstream:remoteref) refs/heads/main refs/remotes/main [2ms]
2023-03-26 17:42:33.494 [info] > git status -z -uall [43ms]
2023-03-26 17:42:55.529 [info] > git config --get commit.template [10ms]
2023-03-26 17:42:55.531 [info] > git for-each-ref --format=%(refname)%00%(upstream:short)%00%(objectname)%00%(upstream:track)%00%(upstream:remotename)%00%(upstream:remoteref) refs/heads/main refs/remotes/main [2ms]
2023-03-26 17:42:55.582 [info] > git status -z -uall [45ms]
2023-03-26 17:45:12.588 [info] > git config --get commit.template [8ms]
2023-03-26 17:45:12.590 [info] > git for-each-ref --format=%(refname)%00%(upstream:short)%00%(objectname)%00%(upstream:track)%00%(upstream:remotename)%00%(upstream:remoteref) refs/heads/main refs/remotes/main [3ms]
2023-03-26 17:45:12.645 [info] > git status -z -uall [49ms]
2023-03-26 17:45:17.684 [info] > git config --get commit.template [10ms]
2023-03-26 17:45:17.686 [info] > git for-each-ref --format=%(refname)%00%(upstream:short)%00%(objectname)%00%(upstream:track)%00%(upstream:remotename)%00%(upstream:remoteref) refs/heads/main refs/remotes/main [3ms]
2023-03-26 17:45:17.735 [info] > git status -z -uall [44ms]
2023-03-26 17:45:22.764 [info] > git config --get commit.template [9ms]
2023-03-26 17:45:22.766 [info] > git for-each-ref --format=%(refname)%00%(upstream:short)%00%(objectname)%00%(upstream:track)%00%(upstream:remotename)%00%(upstream:remoteref) refs/heads/main refs/remotes/main [3ms]
2023-03-26 17:45:22.816 [info] > git status -z -uall [43ms]
2023-03-26 17:45:27.845 [info] > git config --get commit.template [9ms]
2023-03-26 17:45:27.848 [info] > git for-each-ref --format=%(refname)%00%(upstream:short)%00%(objectname)%00%(upstream:track)%00%(upstream:remotename)%00%(upstream:remoteref) refs/heads/main refs/remotes/main [4ms]
2023-03-26 17:45:27.995 [info] > git status -z -uall [136ms]
2023-03-26 17:45:33.022 [info] > git config --get commit.template [9ms]
2023-03-26 17:45:33.024 [info] > git for-each-ref --format=%(refname)%00%(upstream:short)%00%(objectname)%00%(upstream:track)%00%(upstream:remotename)%00%(upstream:remoteref) refs/heads/main refs/remotes/main [3ms]
2023-03-26 17:45:33.072 [info] > git status -z -uall [42ms]
2023-03-26 17:46:16.047 [info] > git config --get commit.template [8ms]
2023-03-26 17:46:16.049 [info] > git for-each-ref --format=%(refname)%00%(upstream:short)%00%(objectname)%00%(upstream:track)%00%(upstream:remotename)%00%(upstream:remoteref) refs/heads/main refs/remotes/main [2ms]
2023-03-26 17:46:16.100 [info] > git status -z -uall [45ms]
2023-03-26 17:46:21.134 [info] > git config --get commit.template [13ms]
2023-03-26 17:46:21.138 [info] > git for-each-ref --format=%(refname)%00%(upstream:short)%00%(objectname)%00%(upstream:track)%00%(upstream:remotename)%00%(upstream:remoteref) refs/heads/main refs/remotes/main [9ms]
2023-03-26 17:46:21.188 [info] > git status -z -uall [44ms]
2023-03-26 17:46:40.260 [info] > git config --get commit.template [9ms]
2023-03-26 17:46:40.262 [info] > git for-each-ref --format=%(refname)%00%(upstream:short)%00%(objectname)%00%(upstream:track)%00%(upstream:remotename)%00%(upstream:remoteref) refs/heads/main refs/remotes/main [3ms]
2023-03-26 17:46:40.312 [info] > git status -z -uall [42ms]
2023-03-26 17:46:45.348 [info] > git config --get commit.template [8ms]
2023-03-26 17:46:45.351 [info] > git for-each-ref --format=%(refname)%00%(upstream:short)%00%(objectname)%00%(upstream:track)%00%(upstream:remotename)%00%(upstream:remoteref) refs/heads/main refs/remotes/main [2ms]
2023-03-26 17:46:45.399 [info] > git status -z -uall [43ms]
2023-03-26 17:48:24.127 [info] > git config --get commit.template [8ms]
2023-03-26 17:48:24.129 [info] > git for-each-ref --format=%(refname)%00%(upstream:short)%00%(objectname)%00%(upstream:track)%00%(upstream:remotename)%00%(upstream:remoteref) refs/heads/main refs/remotes/main [3ms]
2023-03-26 17:48:24.180 [info] > git status -z -uall [45ms]
2023-03-26 17:48:36.305 [info] > git config --get commit.template [9ms]
2023-03-26 17:48:36.308 [info] > git for-each-ref --format=%(refname)%00%(upstream:short)%00%(objectname)%00%(upstream:track)%00%(upstream:remotename)%00%(upstream:remoteref) refs/heads/main refs/remotes/main [4ms]
2023-03-26 17:48:36.357 [info] > git status -z -uall [43ms]
2023-03-26 17:49:22.988 [info] > git config --get commit.template [7ms]
2023-03-26 17:49:22.990 [info] > git for-each-ref --format=%(refname)%00%(upstream:short)%00%(objectname)%00%(upstream:track)%00%(upstream:remotename)%00%(upstream:remoteref) refs/heads/main refs/remotes/main [3ms]
2023-03-26 17:49:23.042 [info] > git status -z -uall [47ms]
2023-03-26 17:49:28.069 [info] > git config --get commit.template [7ms]
2023-03-26 17:49:28.071 [info] > git for-each-ref --format=%(refname)%00%(upstream:short)%00%(objectname)%00%(upstream:track)%00%(upstream:remotename)%00%(upstream:remoteref) refs/heads/main refs/remotes/main [3ms]
2023-03-26 17:49:28.118 [info] > git status -z -uall [42ms]
2023-03-26 17:49:33.146 [info] > git config --get commit.template [9ms]
2023-03-26 17:49:33.161 [info] > git for-each-ref --format=%(refname)%00%(upstream:short)%00%(objectname)%00%(upstream:track)%00%(upstream:remotename)%00%(upstream:remoteref) refs/heads/main refs/remotes/main [5ms]
2023-03-26 17:49:33.231 [info] > git status -z -uall [62ms]
2023-03-26 17:49:38.261 [info] > git config --get commit.template [9ms]
2023-03-26 17:49:38.263 [info] > git for-each-ref --format=%(refname)%00%(upstream:short)%00%(objectname)%00%(upstream:track)%00%(upstream:remotename)%00%(upstream:remoteref) refs/heads/main refs/remotes/main [3ms]
2023-03-26 17:49:38.313 [info] > git status -z -uall [43ms]
2023-03-26 17:49:47.664 [info] > git config --get commit.template [8ms]
2023-03-26 17:49:47.666 [info] > git for-each-ref --format=%(refname)%00%(upstream:short)%00%(objectname)%00%(upstream:track)%00%(upstream:remotename)%00%(upstream:remoteref) refs/heads/main refs/remotes/main [2ms]
2023-03-26 17:49:47.716 [info] > git status -z -uall [44ms]
2023-03-26 17:50:22.891 [info] > git config --get commit.template [8ms]
2023-03-26 17:50:22.893 [info] > git for-each-ref --format=%(refname)%00%(upstream:short)%00%(objectname)%00%(upstream:track)%00%(upstream:remotename)%00%(upstream:remoteref) refs/heads/main refs/remotes/main [3ms]
2023-03-26 17:50:22.943 [info] > git status -z -uall [43ms]
2023-03-26 17:50:49.106 [info] > git config --get commit.template [9ms]
2023-03-26 17:50:49.108 [info] > git for-each-ref --format=%(refname)%00%(upstream:short)%00%(objectname)%00%(upstream:track)%00%(upstream:remotename)%00%(upstream:remoteref) refs/heads/main refs/remotes/main [3ms]
2023-03-26 17:50:49.160 [info] > git status -z -uall [46ms]
2023-03-26 17:50:54.190 [info] > git config --get commit.template [8ms]
2023-03-26 17:50:54.194 [info] > git for-each-ref --format=%(refname)%00%(upstream:short)%00%(objectname)%00%(upstream:track)%00%(upstream:remotename)%00%(upstream:remoteref) refs/heads/main refs/remotes/main [4ms]
2023-03-26 17:50:54.244 [info] > git status -z -uall [44ms]
2023-03-26 17:50:59.274 [info] > git config --get commit.template [9ms]
2023-03-26 17:50:59.276 [info] > git for-each-ref --format=%(refname)%00%(upstream:short)%00%(objectname)%00%(upstream:track)%00%(upstream:remotename)%00%(upstream:remoteref) refs/heads/main refs/remotes/main [3ms]
2023-03-26 17:50:59.324 [info] > git status -z -uall [42ms]
2023-03-26 17:51:04.350 [info] > git config --get commit.template [8ms]
2023-03-26 17:51:04.352 [info] > git for-each-ref --format=%(refname)%00%(upstream:short)%00%(objectname)%00%(upstream:track)%00%(upstream:remotename)%00%(upstream:remoteref) refs/heads/main refs/remotes/main [2ms]
2023-03-26 17:51:04.399 [info] > git status -z -uall [43ms]
2023-03-26 17:54:36.537 [info] > git config --get commit.template [12ms]
2023-03-26 17:54:36.542 [info] > git for-each-ref --format=%(refname)%00%(upstream:short)%00%(objectname)%00%(upstream:track)%00%(upstream:remotename)%00%(upstream:remoteref) refs/heads/main refs/remotes/main [6ms]
2023-03-26 17:54:36.663 [info] > git status -z -uall [111ms]
2023-03-26 17:54:41.714 [info] > git config --get commit.template [8ms]
2023-03-26 17:54:41.717 [info] > git for-each-ref --format=%(refname)%00%(upstream:short)%00%(objectname)%00%(upstream:track)%00%(upstream:remotename)%00%(upstream:remoteref) refs/heads/main refs/remotes/main [3ms]
2023-03-26 17:54:41.764 [info] > git status -z -uall [42ms]
