2023-03-19 11:36:34.341 [info] Extension host with pid 799700 started
2023-03-19 11:36:34.352 [error] Error: EEXIST: file already exists, open '/web/users/projects/202223/quicknotes/.vscode-server/data/User/workspaceStorage/3766c4dc35d12b40439d04be46705902/vscode.lock'
2023-03-19 11:36:34.356 [info] Lock '/web/users/projects/202223/quicknotes/.vscode-server/data/User/workspaceStorage/3766c4dc35d12b40439d04be46705902/vscode.lock': Could not acquire lock, checking if the file is stale.
2023-03-19 11:36:34.361 [info] Lock '/web/users/projects/202223/quicknotes/.vscode-server/data/User/workspaceStorage/3766c4dc35d12b40439d04be46705902/vscode.lock': The lock does not look stale, elapsed: 98 ms, giving up.
2023-03-19 11:36:34.361 [error] Error: EEXIST: file already exists, open '/web/users/projects/202223/quicknotes/.vscode-server/data/User/workspaceStorage/3766c4dc35d12b40439d04be46705902-1/vscode.lock'
2023-03-19 11:36:34.362 [info] Lock '/web/users/projects/202223/quicknotes/.vscode-server/data/User/workspaceStorage/3766c4dc35d12b40439d04be46705902-1/vscode.lock': Could not acquire lock, checking if the file is stale.
2023-03-19 11:36:34.362 [info] Lock '/web/users/projects/202223/quicknotes/.vscode-server/data/User/workspaceStorage/3766c4dc35d12b40439d04be46705902-1/vscode.lock': The lock does not look stale, elapsed: 224 ms, giving up.
2023-03-19 11:36:34.366 [info] Lock '/web/users/projects/202223/quicknotes/.vscode-server/data/User/workspaceStorage/3766c4dc35d12b40439d04be46705902-2/vscode.lock': Lock acquired.
2023-03-19 11:36:34.874 [info] ExtensionService#_doActivateExtension vscode.emmet, startup: false, activationEvent: 'onLanguage'
2023-03-19 11:36:34.892 [info] ExtensionService#_doActivateExtension vscode.php-language-features, startup: false, activationEvent: 'onLanguage:php'
2023-03-19 11:36:34.897 [info] ExtensionService#_doActivateExtension vscode.git-base, startup: true, activationEvent: '*', root cause: vscode.git
2023-03-19 11:36:35.557 [info] ExtensionService#_doActivateExtension vscode.git, startup: true, activationEvent: '*'
2023-03-19 11:36:35.558 [info] ExtensionService#_doActivateExtension vscode.github, startup: true, activationEvent: '*'
2023-03-19 11:36:35.947 [info] Eager extensions activated
2023-03-19 11:36:35.948 [info] ExtensionService#_doActivateExtension vscode.debug-auto-launch, startup: false, activationEvent: 'onStartupFinished'
2023-03-19 11:36:35.949 [info] ExtensionService#_doActivateExtension vscode.merge-conflict, startup: false, activationEvent: 'onStartupFinished'
2023-03-19 11:51:38.966 [info] ExtensionService#_doActivateExtension vscode.css-language-features, startup: false, activationEvent: 'onLanguage:css'
2023-03-19 12:02:34.177 [info] Extension host terminating: renderer disconnected for too long (2)
2023-03-19 12:02:34.178 [info] Lock '/web/users/projects/202223/quicknotes/.vscode-server/data/User/workspaceStorage/3766c4dc35d12b40439d04be46705902-2/vscode.lock': Marking the lockfile as scheduled to be released in 6000 ms.
2023-03-19 12:02:34.200 [info] Extension host with pid 799700 exiting with code 0
