2023-03-26 16:09:45.538 [info] Log level: Info
2023-03-26 16:09:45.538 [info] Validating found git in: "git"
2023-03-26 16:09:45.538 [info] Using git "2.25.1" from "git"
2023-03-26 16:09:45.538 [info] > git rev-parse --show-toplevel [373ms]
2023-03-26 16:09:45.539 [info] > git rev-parse --git-dir --git-common-dir [11ms]
2023-03-26 16:09:45.539 [info] Open repository: /web/users/projects/202223/quicknotes
2023-03-26 16:09:45.539 [info] > git config --get commit.template [2ms]
2023-03-26 16:09:45.541 [info] > git rev-parse --show-toplevel [39ms]
2023-03-26 16:09:45.541 [info] > git rev-parse --show-toplevel [29ms]
2023-03-26 16:09:45.542 [info] > git rev-parse --show-toplevel [55ms]
2023-03-26 16:09:45.542 [info] > git for-each-ref --format=%(refname)%00%(upstream:short)%00%(objectname)%00%(upstream:track)%00%(upstream:remotename)%00%(upstream:remoteref) refs/heads/main refs/remotes/main [109ms]
2023-03-26 16:09:45.542 [info] > git rev-parse --show-toplevel [11ms]
2023-03-26 16:09:45.542 [info] > git rev-parse --show-toplevel [22ms]
2023-03-26 16:09:45.543 [info] > git rev-parse --show-toplevel [11ms]
2023-03-26 16:09:45.543 [info] > git rev-parse --show-toplevel [6ms]
2023-03-26 16:09:45.544 [info] > git status -z -uall [263ms]
2023-03-26 16:09:45.545 [info] > git rev-parse --show-toplevel [179ms]
2023-03-26 16:09:45.545 [info] > git rev-parse --show-toplevel [12ms]
2023-03-26 16:09:45.545 [info] > git config --get commit.template [38ms]
2023-03-26 16:09:45.546 [info] > git for-each-ref --format=%(refname)%00%(upstream:short)%00%(objectname)%00%(upstream:track)%00%(upstream:remotename)%00%(upstream:remoteref) refs/heads/main refs/remotes/main [4ms]
2023-03-26 16:09:45.671 [info] > git status -z -uall [136ms]
2023-03-26 16:09:46.391 [info] > git check-ignore -v -z --stdin [19ms]
2023-03-26 16:09:46.411 [info] > git show --textconv :Testing/leftcolumn2.php [10ms]
2023-03-26 16:09:46.417 [info] > git ls-files --stage -- /web/users/projects/202223/quicknotes/Testing/leftcolumn2.php [6ms]
2023-03-26 16:09:46.425 [info] > git cat-file -s d2d95960c22df2c6785dff266adbcf48ec442e06 [1ms]
2023-03-26 16:09:50.656 [info] > git show --textconv :Testing/login.php [12ms]
2023-03-26 16:09:50.662 [info] > git ls-files --stage -- /web/users/projects/202223/quicknotes/Testing/login.php [7ms]
2023-03-26 16:09:50.670 [info] > git cat-file -s c94ed67c25488a555344f83f5971f61500156aa4 [1ms]
2023-03-26 16:19:04.520 [info] > git config --get commit.template [8ms]
2023-03-26 16:19:04.523 [info] > git for-each-ref --format=%(refname)%00%(upstream:short)%00%(objectname)%00%(upstream:track)%00%(upstream:remotename)%00%(upstream:remoteref) refs/heads/main refs/remotes/main [4ms]
2023-03-26 16:19:04.573 [info] > git status -z -uall [43ms]
2023-03-26 16:20:32.857 [info] > git config --get commit.template [10ms]
2023-03-26 16:20:32.860 [info] > git for-each-ref --format=%(refname)%00%(upstream:short)%00%(objectname)%00%(upstream:track)%00%(upstream:remotename)%00%(upstream:remoteref) refs/heads/main refs/remotes/main [4ms]
2023-03-26 16:20:32.923 [info] > git status -z -uall [58ms]
2023-03-26 16:20:37.953 [info] > git config --get commit.template [7ms]
2023-03-26 16:20:37.955 [info] > git for-each-ref --format=%(refname)%00%(upstream:short)%00%(objectname)%00%(upstream:track)%00%(upstream:remotename)%00%(upstream:remoteref) refs/heads/main refs/remotes/main [3ms]
2023-03-26 16:20:38.006 [info] > git status -z -uall [46ms]
2023-03-26 16:20:43.032 [info] > git config --get commit.template [9ms]
2023-03-26 16:20:43.034 [info] > git for-each-ref --format=%(refname)%00%(upstream:short)%00%(objectname)%00%(upstream:track)%00%(upstream:remotename)%00%(upstream:remoteref) refs/heads/main refs/remotes/main [3ms]
2023-03-26 16:20:43.084 [info] > git status -z -uall [44ms]
2023-03-26 16:21:01.255 [info] > git config --get commit.template [8ms]
2023-03-26 16:21:01.257 [info] > git for-each-ref --format=%(refname)%00%(upstream:short)%00%(objectname)%00%(upstream:track)%00%(upstream:remotename)%00%(upstream:remoteref) refs/heads/main refs/remotes/main [3ms]
2023-03-26 16:21:01.305 [info] > git status -z -uall [43ms]
2023-03-26 16:24:56.221 [info] > git config --get commit.template [7ms]
2023-03-26 16:24:56.223 [info] > git for-each-ref --format=%(refname)%00%(upstream:short)%00%(objectname)%00%(upstream:track)%00%(upstream:remotename)%00%(upstream:remoteref) refs/heads/main refs/remotes/main [3ms]
2023-03-26 16:24:56.272 [info] > git status -z -uall [44ms]
2023-03-26 16:26:59.310 [info] > git config --get commit.template [7ms]
2023-03-26 16:26:59.313 [info] > git for-each-ref --format=%(refname)%00%(upstream:short)%00%(objectname)%00%(upstream:track)%00%(upstream:remotename)%00%(upstream:remoteref) refs/heads/main refs/remotes/main [4ms]
2023-03-26 16:26:59.362 [info] > git status -z -uall [44ms]
2023-03-26 16:27:08.883 [info] > git config --get commit.template [7ms]
2023-03-26 16:27:08.885 [info] > git for-each-ref --format=%(refname)%00%(upstream:short)%00%(objectname)%00%(upstream:track)%00%(upstream:remotename)%00%(upstream:remoteref) refs/heads/main refs/remotes/main [3ms]
2023-03-26 16:27:08.934 [info] > git status -z -uall [44ms]
2023-03-26 16:27:13.250 [info] > git show --textconv :Testing/signup.php [10ms]
2023-03-26 16:27:13.255 [info] > git ls-files --stage -- /web/users/projects/202223/quicknotes/Testing/signup.php [5ms]
2023-03-26 16:27:13.263 [info] > git cat-file -s b00e78db9a4334b4053da0ee3f3e1c4e89f97b36 [2ms]
2023-03-26 16:27:13.961 [info] > git config --get commit.template [8ms]
2023-03-26 16:27:13.964 [info] > git for-each-ref --format=%(refname)%00%(upstream:short)%00%(objectname)%00%(upstream:track)%00%(upstream:remotename)%00%(upstream:remoteref) refs/heads/main refs/remotes/main [4ms]
2023-03-26 16:27:14.013 [info] > git status -z -uall [44ms]
2023-03-26 16:28:50.500 [info] > git config --get commit.template [8ms]
2023-03-26 16:28:50.502 [info] > git for-each-ref --format=%(refname)%00%(upstream:short)%00%(objectname)%00%(upstream:track)%00%(upstream:remotename)%00%(upstream:remoteref) refs/heads/main refs/remotes/main [2ms]
2023-03-26 16:28:50.548 [info] > git status -z -uall [41ms]
2023-03-26 16:29:56.374 [info] > git check-ignore -v -z --stdin [7ms]
2023-03-26 16:30:05.974 [info] > git show --textconv :Testing/logout.html [15ms]
2023-03-26 16:30:05.980 [info] > git ls-files --stage -- /web/users/projects/202223/quicknotes/Testing/logout.html [9ms]
2023-03-26 16:30:05.991 [info] > git cat-file -s 90a784fbc14dda6487443f39e90bf1c4f168ac48 [1ms]
2023-03-26 16:30:15.997 [info] > git show --textconv :Testing/main.php [13ms]
2023-03-26 16:30:16.003 [info] > git ls-files --stage -- /web/users/projects/202223/quicknotes/Testing/main.php [8ms]
2023-03-26 16:30:16.010 [info] > git cat-file -s cb1937b9a78ae939fd8cefe2080901acbd061f76 [1ms]
2023-03-26 16:30:17.528 [info] > git config --get commit.template [8ms]
2023-03-26 16:30:17.531 [info] > git for-each-ref --format=%(refname)%00%(upstream:short)%00%(objectname)%00%(upstream:track)%00%(upstream:remotename)%00%(upstream:remoteref) refs/heads/main refs/remotes/main [4ms]
2023-03-26 16:30:17.584 [info] > git status -z -uall [48ms]
2023-03-26 16:30:18.127 [info] > git show --textconv :Testing/logoutscript.js [16ms]
2023-03-26 16:30:18.146 [info] > git ls-files --stage -- /web/users/projects/202223/quicknotes/Testing/logoutscript.js [20ms]
2023-03-26 16:30:18.175 [info] > git cat-file -s 2252454582bffcdeb507832cded9340da4a653db [8ms]
2023-03-26 16:30:18.609 [info] > git show --textconv :Testing/main.php [26ms]
2023-03-26 16:30:18.615 [info] > git ls-files --stage -- /web/users/projects/202223/quicknotes/Testing/main.php [20ms]
2023-03-26 16:30:18.642 [info] > git cat-file -s cb1937b9a78ae939fd8cefe2080901acbd061f76 [8ms]
2023-03-26 16:30:19.632 [info] > git show --textconv :Testing/logoutscript.js [15ms]
2023-03-26 16:30:19.669 [info] > git ls-files --stage -- /web/users/projects/202223/quicknotes/Testing/logoutscript.js [37ms]
2023-03-26 16:30:19.691 [info] > git cat-file -s 2252454582bffcdeb507832cded9340da4a653db [2ms]
2023-03-26 16:30:23.856 [info] > git show --textconv :Testing/resetpassword.html [22ms]
2023-03-26 16:30:23.866 [info] > git ls-files --stage -- /web/users/projects/202223/quicknotes/Testing/resetpassword.html [10ms]
2023-03-26 16:30:23.887 [info] > git cat-file -s 31852ccefaf1cee25af1dce488cf3acee9ea048f [1ms]
2023-03-26 16:30:39.596 [info] > git config --get commit.template [12ms]
2023-03-26 16:30:39.598 [info] > git for-each-ref --format=%(refname)%00%(upstream:short)%00%(objectname)%00%(upstream:track)%00%(upstream:remotename)%00%(upstream:remoteref) refs/heads/main refs/remotes/main [3ms]
2023-03-26 16:30:39.647 [info] > git status -z -uall [44ms]
2023-03-26 16:30:41.741 [info] > git show --textconv :Testing/script.js [10ms]
2023-03-26 16:30:41.746 [info] > git ls-files --stage -- /web/users/projects/202223/quicknotes/Testing/script.js [5ms]
2023-03-26 16:30:41.752 [info] > git cat-file -s 2eb83920bc3433af467ea31235b4bb9ec0bebca6 [1ms]
2023-03-26 16:30:42.311 [info] > git show --textconv :Testing/search.php [10ms]
2023-03-26 16:30:42.315 [info] > git ls-files --stage -- /web/users/projects/202223/quicknotes/Testing/search.php [5ms]
2023-03-26 16:30:42.322 [info] > git cat-file -s e3734429e8106094dd4bdc2696fea324bc4418e7 [2ms]
2023-03-26 16:30:43.523 [info] > git show --textconv :Testing/searchjavascript.js [15ms]
2023-03-26 16:30:43.541 [info] > git ls-files --stage -- /web/users/projects/202223/quicknotes/Testing/searchjavascript.js [22ms]
2023-03-26 16:30:43.551 [info] > git cat-file -s 7c254cc11471c13bbe66519fbd729fc250683281 [3ms]
2023-03-26 16:30:44.398 [info] > git check-ignore -v -z --stdin [4ms]
2023-03-26 16:30:47.182 [info] > git check-ignore -v -z --stdin [6ms]
2023-03-26 16:30:48.853 [info] > git show --textconv :Testing/update_notes.php [10ms]
2023-03-26 16:30:48.858 [info] > git ls-files --stage -- /web/users/projects/202223/quicknotes/Testing/update_notes.php [6ms]
2023-03-26 16:30:48.869 [info] > git cat-file -s 54ab4b108734a0b562fd7892b6ccadbef587f3e7 [7ms]
2023-03-26 16:30:50.156 [info] > git show --textconv :Testing/topbar.php [13ms]
2023-03-26 16:30:50.162 [info] > git ls-files --stage -- /web/users/projects/202223/quicknotes/Testing/topbar.php [8ms]
2023-03-26 16:30:50.171 [info] > git cat-file -s 4d6eae342ef04f24f0096d84df423d449c3df338 [3ms]
2023-03-26 16:34:30.268 [info] > git config --get commit.template [8ms]
2023-03-26 16:34:30.270 [info] > git for-each-ref --format=%(refname)%00%(upstream:short)%00%(objectname)%00%(upstream:track)%00%(upstream:remotename)%00%(upstream:remoteref) refs/heads/main refs/remotes/main [3ms]
2023-03-26 16:34:30.322 [info] > git status -z -uall [46ms]
2023-03-26 16:35:53.731 [info] > git config --get commit.template [7ms]
2023-03-26 16:35:53.733 [info] > git for-each-ref --format=%(refname)%00%(upstream:short)%00%(objectname)%00%(upstream:track)%00%(upstream:remotename)%00%(upstream:remoteref) refs/heads/main refs/remotes/main [2ms]
2023-03-26 16:35:53.781 [info] > git status -z -uall [43ms]
2023-03-26 16:35:58.813 [info] > git config --get commit.template [7ms]
2023-03-26 16:35:58.815 [info] > git for-each-ref --format=%(refname)%00%(upstream:short)%00%(objectname)%00%(upstream:track)%00%(upstream:remotename)%00%(upstream:remoteref) refs/heads/main refs/remotes/main [3ms]
2023-03-26 16:35:58.860 [info] > git status -z -uall [40ms]
2023-03-26 16:36:03.886 [info] > git config --get commit.template [8ms]
2023-03-26 16:36:03.888 [info] > git for-each-ref --format=%(refname)%00%(upstream:short)%00%(objectname)%00%(upstream:track)%00%(upstream:remotename)%00%(upstream:remoteref) refs/heads/main refs/remotes/main [3ms]
2023-03-26 16:36:03.934 [info] > git status -z -uall [41ms]
2023-03-26 16:45:27.467 [info] > git config --get commit.template [8ms]
2023-03-26 16:45:27.469 [info] > git for-each-ref --format=%(refname)%00%(upstream:short)%00%(objectname)%00%(upstream:track)%00%(upstream:remotename)%00%(upstream:remoteref) refs/heads/main refs/remotes/main [3ms]
2023-03-26 16:45:27.517 [info] > git status -z -uall [42ms]
2023-03-26 16:45:34.386 [info] > git config --get commit.template [8ms]
2023-03-26 16:45:34.390 [info] > git for-each-ref --format=%(refname)%00%(upstream:short)%00%(objectname)%00%(upstream:track)%00%(upstream:remotename)%00%(upstream:remoteref) refs/heads/main refs/remotes/main [4ms]
2023-03-26 16:45:34.439 [info] > git status -z -uall [43ms]
2023-03-26 16:45:39.469 [info] > git config --get commit.template [8ms]
2023-03-26 16:45:39.472 [info] > git for-each-ref --format=%(refname)%00%(upstream:short)%00%(objectname)%00%(upstream:track)%00%(upstream:remotename)%00%(upstream:remoteref) refs/heads/main refs/remotes/main [3ms]
2023-03-26 16:45:39.520 [info] > git status -z -uall [42ms]
2023-03-26 16:45:54.998 [info] > git config --get commit.template [9ms]
2023-03-26 16:45:55.000 [info] > git for-each-ref --format=%(refname)%00%(upstream:short)%00%(objectname)%00%(upstream:track)%00%(upstream:remotename)%00%(upstream:remoteref) refs/heads/main refs/remotes/main [2ms]
2023-03-26 16:45:55.050 [info] > git status -z -uall [44ms]
2023-03-26 16:46:01.996 [info] > git config --get commit.template [8ms]
2023-03-26 16:46:01.998 [info] > git for-each-ref --format=%(refname)%00%(upstream:short)%00%(objectname)%00%(upstream:track)%00%(upstream:remotename)%00%(upstream:remoteref) refs/heads/main refs/remotes/main [3ms]
2023-03-26 16:46:02.048 [info] > git status -z -uall [44ms]
2023-03-26 16:46:06.931 [info] > git show --textconv :Testing/main.php [12ms]
2023-03-26 16:46:06.936 [info] > git ls-files --stage -- /web/users/projects/202223/quicknotes/Testing/main.php [6ms]
2023-03-26 16:46:06.943 [info] > git cat-file -s cb1937b9a78ae939fd8cefe2080901acbd061f76 [1ms]
2023-03-26 16:46:18.003 [info] > git config --get commit.template [11ms]
2023-03-26 16:46:18.006 [info] > git for-each-ref --format=%(refname)%00%(upstream:short)%00%(objectname)%00%(upstream:track)%00%(upstream:remotename)%00%(upstream:remoteref) refs/heads/main refs/remotes/main [4ms]
2023-03-26 16:46:18.054 [info] > git status -z -uall [42ms]
