2023-03-19 10:51:12.817 [info] Log level: Info
2023-03-19 10:51:12.818 [info] Validating found git in: "git"
2023-03-19 10:51:12.818 [info] Using git "2.25.1" from "git"
2023-03-19 10:51:12.818 [info] > git rev-parse --show-toplevel [93ms]
2023-03-19 10:51:12.818 [info] fatal: not a git repository (or any parent up to mount point /web/users)
Stopping at filesystem boundary (GIT_DISCOVERY_ACROSS_FILESYSTEM not set).
2023-03-19 10:51:12.818 [info] > git rev-parse --show-toplevel [3ms]
2023-03-19 10:51:12.818 [info] fatal: not a git repository (or any parent up to mount point /web/users)
Stopping at filesystem boundary (GIT_DISCOVERY_ACROSS_FILESYSTEM not set).
2023-03-19 10:51:12.818 [info] > git rev-parse --show-toplevel [2ms]
2023-03-19 10:51:12.819 [info] fatal: not a git repository (or any parent up to mount point /web/users)
Stopping at filesystem boundary (GIT_DISCOVERY_ACROSS_FILESYSTEM not set).
2023-03-19 10:51:12.819 [info] > git rev-parse --show-toplevel [1ms]
2023-03-19 10:51:12.819 [info] fatal: not a git repository (or any parent up to mount point /web/users)
Stopping at filesystem boundary (GIT_DISCOVERY_ACROSS_FILESYSTEM not set).
2023-03-19 10:51:12.819 [info] > git rev-parse --show-toplevel [1ms]
2023-03-19 10:51:12.819 [info] fatal: not a git repository (or any parent up to mount point /web/users)
Stopping at filesystem boundary (GIT_DISCOVERY_ACROSS_FILESYSTEM not set).
2023-03-19 10:51:12.819 [info] > git rev-parse --show-toplevel [2ms]
2023-03-19 10:51:12.819 [info] fatal: not a git repository (or any parent up to mount point /web/users)
Stopping at filesystem boundary (GIT_DISCOVERY_ACROSS_FILESYSTEM not set).
2023-03-19 10:51:12.819 [info] > git rev-parse --show-toplevel [5ms]
2023-03-19 10:51:12.820 [info] fatal: not a git repository (or any parent up to mount point /web/users)
Stopping at filesystem boundary (GIT_DISCOVERY_ACROSS_FILESYSTEM not set).
2023-03-19 10:51:35.317 [info] > git rev-parse --show-toplevel [8ms]
2023-03-19 10:51:35.318 [info] fatal: not a git repository (or any parent up to mount point /web/users)
Stopping at filesystem boundary (GIT_DISCOVERY_ACROSS_FILESYSTEM not set).
2023-03-19 10:51:36.735 [info] > git rev-parse --show-toplevel [7ms]
2023-03-19 10:51:36.735 [info] fatal: not a git repository (or any parent up to mount point /web/users)
Stopping at filesystem boundary (GIT_DISCOVERY_ACROSS_FILESYSTEM not set).
2023-03-19 10:51:50.988 [info] > git rev-parse --show-toplevel [6ms]
2023-03-19 10:51:50.988 [info] fatal: not a git repository (or any parent up to mount point /web/users)
Stopping at filesystem boundary (GIT_DISCOVERY_ACROSS_FILESYSTEM not set).
2023-03-19 10:52:12.022 [info] > git rev-parse --show-toplevel [8ms]
2023-03-19 10:52:12.022 [info] fatal: not a git repository (or any parent up to mount point /web/users)
Stopping at filesystem boundary (GIT_DISCOVERY_ACROSS_FILESYSTEM not set).
2023-03-19 10:52:13.739 [info] > git rev-parse --show-toplevel [6ms]
2023-03-19 10:52:13.740 [info] fatal: not a git repository (or any parent up to mount point /web/users)
Stopping at filesystem boundary (GIT_DISCOVERY_ACROSS_FILESYSTEM not set).
2023-03-19 10:52:16.578 [info] > git rev-parse --show-toplevel [5ms]
2023-03-19 10:52:16.578 [info] fatal: not a git repository (or any parent up to mount point /web/users)
Stopping at filesystem boundary (GIT_DISCOVERY_ACROSS_FILESYSTEM not set).
2023-03-19 10:52:17.994 [info] > git rev-parse --show-toplevel [6ms]
2023-03-19 10:52:17.995 [info] fatal: not a git repository (or any parent up to mount point /web/users)
Stopping at filesystem boundary (GIT_DISCOVERY_ACROSS_FILESYSTEM not set).
2023-03-19 10:52:18.961 [info] > git rev-parse --show-toplevel [9ms]
2023-03-19 10:52:18.962 [info] fatal: not a git repository (or any parent up to mount point /web/users)
Stopping at filesystem boundary (GIT_DISCOVERY_ACROSS_FILESYSTEM not set).
2023-03-19 10:52:19.559 [info] > git rev-parse --show-toplevel [8ms]
2023-03-19 10:52:19.559 [info] fatal: not a git repository (or any parent up to mount point /web/users)
Stopping at filesystem boundary (GIT_DISCOVERY_ACROSS_FILESYSTEM not set).
2023-03-19 10:54:29.687 [info] > git rev-parse --show-toplevel [7ms]
2023-03-19 10:54:29.688 [info] fatal: not a git repository (or any parent up to mount point /web/users)
Stopping at filesystem boundary (GIT_DISCOVERY_ACROSS_FILESYSTEM not set).
2023-03-19 10:54:30.716 [info] > git rev-parse --show-toplevel [7ms]
2023-03-19 10:54:30.716 [info] fatal: not a git repository (or any parent up to mount point /web/users)
Stopping at filesystem boundary (GIT_DISCOVERY_ACROSS_FILESYSTEM not set).
2023-03-19 10:54:31.381 [info] > git rev-parse --show-toplevel [6ms]
2023-03-19 10:54:31.382 [info] fatal: not a git repository (or any parent up to mount point /web/users)
Stopping at filesystem boundary (GIT_DISCOVERY_ACROSS_FILESYSTEM not set).
2023-03-19 10:54:40.711 [info] > git rev-parse --show-toplevel [92ms]
2023-03-19 10:54:40.712 [info] fatal: not a git repository (or any parent up to mount point /web/users)
Stopping at filesystem boundary (GIT_DISCOVERY_ACROSS_FILESYSTEM not set).
2023-03-19 10:54:43.383 [info] > git rev-parse --show-toplevel [10ms]
2023-03-19 10:54:43.383 [info] fatal: not a git repository (or any parent up to mount point /web/users)
Stopping at filesystem boundary (GIT_DISCOVERY_ACROSS_FILESYSTEM not set).
2023-03-19 10:54:56.368 [info] > git rev-parse --show-toplevel [10ms]
2023-03-19 10:54:56.369 [info] fatal: not a git repository (or any parent up to mount point /web/users)
Stopping at filesystem boundary (GIT_DISCOVERY_ACROSS_FILESYSTEM not set).
2023-03-19 10:59:06.752 [info] > git rev-parse --show-toplevel [4ms]
2023-03-19 10:59:06.752 [info] fatal: not a git repository (or any parent up to mount point /web/users)
Stopping at filesystem boundary (GIT_DISCOVERY_ACROSS_FILESYSTEM not set).
2023-03-19 10:59:07.770 [info] > git rev-parse --show-toplevel [3ms]
2023-03-19 10:59:07.770 [info] fatal: not a git repository (or any parent up to mount point /web/users)
Stopping at filesystem boundary (GIT_DISCOVERY_ACROSS_FILESYSTEM not set).
2023-03-19 11:32:39.747 [info] > git rev-parse --show-toplevel [6ms]
2023-03-19 11:32:39.748 [info] fatal: not a git repository (or any parent up to mount point /web/users)
Stopping at filesystem boundary (GIT_DISCOVERY_ACROSS_FILESYSTEM not set).
2023-03-19 11:32:52.801 [info] > git rev-parse --show-toplevel [9ms]
2023-03-19 11:32:52.802 [info] fatal: not a git repository (or any parent up to mount point /web/users)
Stopping at filesystem boundary (GIT_DISCOVERY_ACROSS_FILESYSTEM not set).
2023-03-19 11:39:17.130 [info] > git rev-parse --show-toplevel [11ms]
2023-03-19 11:39:17.131 [info] fatal: not a git repository (or any parent up to mount point /web/users)
Stopping at filesystem boundary (GIT_DISCOVERY_ACROSS_FILESYSTEM not set).
2023-03-19 11:43:18.239 [info] > git rev-parse --show-toplevel [7ms]
2023-03-19 11:43:18.239 [info] fatal: not a git repository (or any parent up to mount point /web/users)
Stopping at filesystem boundary (GIT_DISCOVERY_ACROSS_FILESYSTEM not set).
2023-03-19 11:43:22.330 [info] > git rev-parse --show-toplevel [6ms]
2023-03-19 11:43:22.331 [info] fatal: not a git repository (or any parent up to mount point /web/users)
Stopping at filesystem boundary (GIT_DISCOVERY_ACROSS_FILESYSTEM not set).
2023-03-19 11:43:23.304 [info] > git rev-parse --show-toplevel [9ms]
2023-03-19 11:43:23.305 [info] fatal: not a git repository (or any parent up to mount point /web/users)
Stopping at filesystem boundary (GIT_DISCOVERY_ACROSS_FILESYSTEM not set).
2023-03-19 11:43:34.727 [info] > git rev-parse --show-toplevel [6ms]
2023-03-19 11:43:34.727 [info] fatal: not a git repository (or any parent up to mount point /web/users)
Stopping at filesystem boundary (GIT_DISCOVERY_ACROSS_FILESYSTEM not set).
2023-03-19 11:43:37.477 [info] > git rev-parse --show-toplevel [5ms]
2023-03-19 11:43:37.477 [info] fatal: not a git repository (or any parent up to mount point /web/users)
Stopping at filesystem boundary (GIT_DISCOVERY_ACROSS_FILESYSTEM not set).
2023-03-19 11:44:03.915 [info] > git rev-parse --show-toplevel [6ms]
2023-03-19 11:44:03.916 [info] fatal: not a git repository (or any parent up to mount point /web/users)
Stopping at filesystem boundary (GIT_DISCOVERY_ACROSS_FILESYSTEM not set).
2023-03-19 11:44:17.412 [info] > git rev-parse --show-toplevel [14ms]
2023-03-19 11:44:17.413 [info] fatal: not a git repository (or any parent up to mount point /web/users)
Stopping at filesystem boundary (GIT_DISCOVERY_ACROSS_FILESYSTEM not set).
2023-03-19 11:50:14.187 [info] > git rev-parse --show-toplevel [119ms]
2023-03-19 11:50:14.187 [info] fatal: not a git repository (or any parent up to mount point /web/users)
Stopping at filesystem boundary (GIT_DISCOVERY_ACROSS_FILESYSTEM not set).
2023-03-19 11:50:20.660 [info] > git rev-parse --show-toplevel [17ms]
2023-03-19 11:50:20.665 [info] fatal: not a git repository (or any parent up to mount point /web/users)
Stopping at filesystem boundary (GIT_DISCOVERY_ACROSS_FILESYSTEM not set).
2023-03-19 11:50:33.658 [info] > git rev-parse --show-toplevel [9ms]
2023-03-19 11:50:33.658 [info] fatal: not a git repository (or any parent up to mount point /web/users)
Stopping at filesystem boundary (GIT_DISCOVERY_ACROSS_FILESYSTEM not set).
2023-03-19 12:11:00.147 [info] > git rev-parse --show-toplevel [7ms]
2023-03-19 12:11:00.148 [info] fatal: not a git repository (or any parent up to mount point /web/users)
Stopping at filesystem boundary (GIT_DISCOVERY_ACROSS_FILESYSTEM not set).
2023-03-19 12:11:31.990 [info] > git rev-parse --show-toplevel [7ms]
2023-03-19 12:11:31.991 [info] fatal: not a git repository (or any parent up to mount point /web/users)
Stopping at filesystem boundary (GIT_DISCOVERY_ACROSS_FILESYSTEM not set).
2023-03-19 12:12:15.171 [info] > git rev-parse --show-toplevel [68ms]
2023-03-19 12:12:15.171 [info] fatal: not a git repository (or any parent up to mount point /web/users)
Stopping at filesystem boundary (GIT_DISCOVERY_ACROSS_FILESYSTEM not set).
2023-03-19 12:12:16.701 [info] > git rev-parse --show-toplevel [206ms]
2023-03-19 12:12:16.701 [info] fatal: not a git repository (or any parent up to mount point /web/users)
Stopping at filesystem boundary (GIT_DISCOVERY_ACROSS_FILESYSTEM not set).
2023-03-19 12:12:17.364 [info] > git rev-parse --show-toplevel [11ms]
2023-03-19 12:12:17.364 [info] fatal: not a git repository (or any parent up to mount point /web/users)
Stopping at filesystem boundary (GIT_DISCOVERY_ACROSS_FILESYSTEM not set).
2023-03-19 12:12:18.151 [info] > git rev-parse --show-toplevel [9ms]
2023-03-19 12:12:18.151 [info] fatal: not a git repository (or any parent up to mount point /web/users)
Stopping at filesystem boundary (GIT_DISCOVERY_ACROSS_FILESYSTEM not set).
2023-03-19 12:23:06.268 [info] > git rev-parse --show-toplevel [47ms]
2023-03-19 12:23:06.268 [info] fatal: not a git repository (or any parent up to mount point /web/users)
Stopping at filesystem boundary (GIT_DISCOVERY_ACROSS_FILESYSTEM not set).
