2023-03-19 15:08:46.948 [info] Log level: Info
2023-03-19 15:08:46.948 [info] Validating found git in: "git"
2023-03-19 15:08:46.950 [info] Using git "2.25.1" from "git"
2023-03-19 15:08:46.950 [info] > git rev-parse --show-toplevel [84ms]
2023-03-19 15:08:46.951 [info] fatal: not a git repository (or any parent up to mount point /web/users)
Stopping at filesystem boundary (GIT_DISCOVERY_ACROSS_FILESYSTEM not set).
2023-03-19 15:08:46.951 [info] > git rev-parse --show-toplevel [10ms]
2023-03-19 15:08:46.951 [info] fatal: not a git repository (or any parent up to mount point /web/users)
Stopping at filesystem boundary (GIT_DISCOVERY_ACROSS_FILESYSTEM not set).
2023-03-19 15:08:46.951 [info] > git rev-parse --show-toplevel [1ms]
2023-03-19 15:08:46.951 [info] fatal: not a git repository (or any parent up to mount point /web/users)
Stopping at filesystem boundary (GIT_DISCOVERY_ACROSS_FILESYSTEM not set).
2023-03-19 15:08:46.951 [info] > git rev-parse --show-toplevel [4ms]
2023-03-19 15:08:46.951 [info] fatal: not a git repository (or any parent up to mount point /web/users)
Stopping at filesystem boundary (GIT_DISCOVERY_ACROSS_FILESYSTEM not set).
2023-03-19 15:08:46.952 [info] > git rev-parse --show-toplevel [3ms]
2023-03-19 15:08:46.956 [info] fatal: not a git repository (or any parent up to mount point /web/users)
Stopping at filesystem boundary (GIT_DISCOVERY_ACROSS_FILESYSTEM not set).
2023-03-19 15:08:46.957 [info] > git rev-parse --show-toplevel [4ms]
2023-03-19 15:08:46.957 [info] fatal: not a git repository (or any parent up to mount point /web/users)
Stopping at filesystem boundary (GIT_DISCOVERY_ACROSS_FILESYSTEM not set).
2023-03-19 15:08:46.957 [info] > git rev-parse --show-toplevel [2ms]
2023-03-19 15:08:46.957 [info] fatal: not a git repository (or any parent up to mount point /web/users)
Stopping at filesystem boundary (GIT_DISCOVERY_ACROSS_FILESYSTEM not set).
2023-03-19 15:08:46.957 [info] > git rev-parse --show-toplevel [6ms]
2023-03-19 15:08:46.957 [info] fatal: not a git repository (or any parent up to mount point /web/users)
Stopping at filesystem boundary (GIT_DISCOVERY_ACROSS_FILESYSTEM not set).
2023-03-19 15:09:02.607 [info] > git rev-parse --show-toplevel [10ms]
2023-03-19 15:09:02.608 [info] fatal: not a git repository (or any parent up to mount point /web/users)
Stopping at filesystem boundary (GIT_DISCOVERY_ACROSS_FILESYSTEM not set).
2023-03-19 15:09:03.479 [info] > git rev-parse --show-toplevel [11ms]
2023-03-19 15:09:03.480 [info] fatal: not a git repository (or any parent up to mount point /web/users)
Stopping at filesystem boundary (GIT_DISCOVERY_ACROSS_FILESYSTEM not set).
2023-03-19 15:09:10.486 [info] > git rev-parse --show-toplevel [8ms]
2023-03-19 15:09:10.487 [info] fatal: not a git repository (or any parent up to mount point /web/users)
Stopping at filesystem boundary (GIT_DISCOVERY_ACROSS_FILESYSTEM not set).
2023-03-19 15:09:19.983 [info] > git rev-parse --show-toplevel [2ms]
2023-03-19 15:09:19.983 [info] fatal: not a git repository (or any parent up to mount point /web/users)
Stopping at filesystem boundary (GIT_DISCOVERY_ACROSS_FILESYSTEM not set).
2023-03-19 15:10:02.057 [info] > git rev-parse --show-toplevel [7ms]
2023-03-19 15:10:02.058 [info] fatal: not a git repository (or any parent up to mount point /web/users)
Stopping at filesystem boundary (GIT_DISCOVERY_ACROSS_FILESYSTEM not set).
2023-03-19 15:11:09.422 [info] > git rev-parse --show-toplevel [8ms]
2023-03-19 15:11:09.422 [info] fatal: not a git repository (or any parent up to mount point /web/users)
Stopping at filesystem boundary (GIT_DISCOVERY_ACROSS_FILESYSTEM not set).
2023-03-19 15:12:11.977 [info] > git rev-parse --show-toplevel [80ms]
2023-03-19 15:12:11.978 [info] fatal: not a git repository (or any parent up to mount point /web/users)
Stopping at filesystem boundary (GIT_DISCOVERY_ACROSS_FILESYSTEM not set).
2023-03-19 15:12:15.592 [info] > git rev-parse --show-toplevel [13ms]
2023-03-19 15:12:15.592 [info] fatal: not a git repository (or any parent up to mount point /web/users)
Stopping at filesystem boundary (GIT_DISCOVERY_ACROSS_FILESYSTEM not set).
2023-03-19 15:12:19.655 [info] > git rev-parse --show-toplevel [7ms]
2023-03-19 15:12:19.655 [info] fatal: not a git repository (or any parent up to mount point /web/users)
Stopping at filesystem boundary (GIT_DISCOVERY_ACROSS_FILESYSTEM not set).
2023-03-19 15:12:23.749 [info] > git rev-parse --show-toplevel [44ms]
2023-03-19 15:12:23.750 [info] fatal: not a git repository (or any parent up to mount point /web/users)
Stopping at filesystem boundary (GIT_DISCOVERY_ACROSS_FILESYSTEM not set).
2023-03-19 15:12:37.163 [info] > git rev-parse --show-toplevel [6ms]
2023-03-19 15:12:37.164 [info] fatal: not a git repository (or any parent up to mount point /web/users)
Stopping at filesystem boundary (GIT_DISCOVERY_ACROSS_FILESYSTEM not set).
2023-03-19 15:12:39.888 [info] > git rev-parse --show-toplevel [7ms]
2023-03-19 15:12:39.889 [info] fatal: not a git repository (or any parent up to mount point /web/users)
Stopping at filesystem boundary (GIT_DISCOVERY_ACROSS_FILESYSTEM not set).
2023-03-19 15:12:52.417 [info] > git rev-parse --show-toplevel [6ms]
2023-03-19 15:12:52.418 [info] fatal: not a git repository (or any parent up to mount point /web/users)
Stopping at filesystem boundary (GIT_DISCOVERY_ACROSS_FILESYSTEM not set).
2023-03-19 15:13:22.991 [info] > git rev-parse --show-toplevel [8ms]
2023-03-19 15:13:22.994 [info] fatal: not a git repository (or any parent up to mount point /web/users)
Stopping at filesystem boundary (GIT_DISCOVERY_ACROSS_FILESYSTEM not set).
2023-03-19 15:13:28.905 [info] > git rev-parse --show-toplevel [10ms]
2023-03-19 15:13:28.905 [info] fatal: not a git repository (or any parent up to mount point /web/users)
Stopping at filesystem boundary (GIT_DISCOVERY_ACROSS_FILESYSTEM not set).
2023-03-19 15:13:40.140 [info] > git rev-parse --show-toplevel [2ms]
2023-03-19 15:13:40.140 [info] fatal: not a git repository (or any parent up to mount point /web/users)
Stopping at filesystem boundary (GIT_DISCOVERY_ACROSS_FILESYSTEM not set).
2023-03-19 15:13:48.614 [info] > git rev-parse --show-toplevel [7ms]
2023-03-19 15:13:48.614 [info] fatal: not a git repository (or any parent up to mount point /web/users)
Stopping at filesystem boundary (GIT_DISCOVERY_ACROSS_FILESYSTEM not set).
2023-03-19 15:13:50.541 [info] > git rev-parse --show-toplevel [16ms]
2023-03-19 15:13:50.542 [info] fatal: not a git repository (or any parent up to mount point /web/users)
Stopping at filesystem boundary (GIT_DISCOVERY_ACROSS_FILESYSTEM not set).
2023-03-19 15:13:51.775 [info] > git rev-parse --show-toplevel [8ms]
2023-03-19 15:13:51.775 [info] fatal: not a git repository (or any parent up to mount point /web/users)
Stopping at filesystem boundary (GIT_DISCOVERY_ACROSS_FILESYSTEM not set).
2023-03-19 15:14:52.982 [info] > git rev-parse --show-toplevel [7ms]
2023-03-19 15:14:52.982 [info] fatal: not a git repository (or any parent up to mount point /web/users)
Stopping at filesystem boundary (GIT_DISCOVERY_ACROSS_FILESYSTEM not set).
2023-03-19 15:14:53.826 [info] > git rev-parse --show-toplevel [9ms]
2023-03-19 15:14:53.827 [info] fatal: not a git repository (or any parent up to mount point /web/users)
Stopping at filesystem boundary (GIT_DISCOVERY_ACROSS_FILESYSTEM not set).
2023-03-19 15:14:54.790 [info] > git rev-parse --show-toplevel [7ms]
2023-03-19 15:14:54.791 [info] fatal: not a git repository (or any parent up to mount point /web/users)
Stopping at filesystem boundary (GIT_DISCOVERY_ACROSS_FILESYSTEM not set).
2023-03-19 15:14:55.387 [info] > git rev-parse --show-toplevel [9ms]
2023-03-19 15:14:55.387 [info] fatal: not a git repository (or any parent up to mount point /web/users)
Stopping at filesystem boundary (GIT_DISCOVERY_ACROSS_FILESYSTEM not set).
2023-03-19 15:14:58.300 [info] > git rev-parse --show-toplevel [7ms]
2023-03-19 15:14:58.300 [info] fatal: not a git repository (or any parent up to mount point /web/users)
Stopping at filesystem boundary (GIT_DISCOVERY_ACROSS_FILESYSTEM not set).
2023-03-19 15:15:24.829 [info] > git rev-parse --show-toplevel [3ms]
2023-03-19 15:15:24.833 [info] fatal: not a git repository (or any parent up to mount point /web/users)
Stopping at filesystem boundary (GIT_DISCOVERY_ACROSS_FILESYSTEM not set).
2023-03-19 15:15:43.319 [info] > git rev-parse --show-toplevel [9ms]
2023-03-19 15:15:43.319 [info] fatal: not a git repository (or any parent up to mount point /web/users)
Stopping at filesystem boundary (GIT_DISCOVERY_ACROSS_FILESYSTEM not set).
2023-03-19 15:15:44.162 [info] > git rev-parse --show-toplevel [2ms]
2023-03-19 15:15:44.162 [info] fatal: not a git repository (or any parent up to mount point /web/users)
Stopping at filesystem boundary (GIT_DISCOVERY_ACROSS_FILESYSTEM not set).
2023-03-19 15:19:57.888 [info] > git rev-parse --show-toplevel [8ms]
2023-03-19 15:19:57.889 [info] fatal: not a git repository (or any parent up to mount point /web/users)
Stopping at filesystem boundary (GIT_DISCOVERY_ACROSS_FILESYSTEM not set).
2023-03-19 15:20:06.009 [info] > git rev-parse --show-toplevel [9ms]
2023-03-19 15:20:06.012 [info] fatal: not a git repository (or any parent up to mount point /web/users)
Stopping at filesystem boundary (GIT_DISCOVERY_ACROSS_FILESYSTEM not set).
2023-03-19 15:20:08.211 [info] > git rev-parse --show-toplevel [8ms]
2023-03-19 15:20:08.212 [info] fatal: not a git repository (or any parent up to mount point /web/users)
Stopping at filesystem boundary (GIT_DISCOVERY_ACROSS_FILESYSTEM not set).
2023-03-19 15:20:15.337 [info] > git rev-parse --show-toplevel [16ms]
2023-03-19 15:20:15.338 [info] fatal: not a git repository (or any parent up to mount point /web/users)
Stopping at filesystem boundary (GIT_DISCOVERY_ACROSS_FILESYSTEM not set).
2023-03-19 15:20:36.187 [info] > git rev-parse --show-toplevel [4ms]
2023-03-19 15:20:36.187 [info] fatal: not a git repository (or any parent up to mount point /web/users)
Stopping at filesystem boundary (GIT_DISCOVERY_ACROSS_FILESYSTEM not set).
2023-03-19 15:20:36.825 [info] > git rev-parse --show-toplevel [3ms]
2023-03-19 15:20:36.825 [info] fatal: not a git repository (or any parent up to mount point /web/users)
Stopping at filesystem boundary (GIT_DISCOVERY_ACROSS_FILESYSTEM not set).
2023-03-19 15:21:35.949 [info] > git rev-parse --show-toplevel [11ms]
2023-03-19 15:21:35.949 [info] fatal: not a git repository (or any parent up to mount point /web/users)
Stopping at filesystem boundary (GIT_DISCOVERY_ACROSS_FILESYSTEM not set).
2023-03-19 15:21:44.611 [info] > git rev-parse --show-toplevel [7ms]
2023-03-19 15:21:44.611 [info] fatal: not a git repository (or any parent up to mount point /web/users)
Stopping at filesystem boundary (GIT_DISCOVERY_ACROSS_FILESYSTEM not set).
2023-03-19 15:27:06.058 [info] > git rev-parse --show-toplevel [8ms]
2023-03-19 15:27:06.058 [info] fatal: not a git repository (or any parent up to mount point /web/users)
Stopping at filesystem boundary (GIT_DISCOVERY_ACROSS_FILESYSTEM not set).
2023-03-19 15:27:06.388 [info] > git rev-parse --show-toplevel [14ms]
2023-03-19 15:27:06.388 [info] fatal: not a git repository (or any parent up to mount point /web/users)
Stopping at filesystem boundary (GIT_DISCOVERY_ACROSS_FILESYSTEM not set).
2023-03-19 15:27:10.973 [info] > git rev-parse --show-toplevel [9ms]
2023-03-19 15:27:10.973 [info] fatal: not a git repository (or any parent up to mount point /web/users)
Stopping at filesystem boundary (GIT_DISCOVERY_ACROSS_FILESYSTEM not set).
2023-03-19 15:27:11.309 [info] > git rev-parse --show-toplevel [13ms]
2023-03-19 15:27:11.310 [info] fatal: not a git repository (or any parent up to mount point /web/users)
Stopping at filesystem boundary (GIT_DISCOVERY_ACROSS_FILESYSTEM not set).
2023-03-19 15:27:12.507 [info] > git rev-parse --show-toplevel [6ms]
2023-03-19 15:27:12.508 [info] fatal: not a git repository (or any parent up to mount point /web/users)
Stopping at filesystem boundary (GIT_DISCOVERY_ACROSS_FILESYSTEM not set).
2023-03-19 15:28:05.424 [info] > git rev-parse --show-toplevel [4ms]
2023-03-19 15:28:05.426 [info] fatal: not a git repository (or any parent up to mount point /web/users)
Stopping at filesystem boundary (GIT_DISCOVERY_ACROSS_FILESYSTEM not set).
2023-03-19 15:28:28.306 [info] > git rev-parse --show-toplevel [194ms]
2023-03-19 15:28:28.308 [info] fatal: not a git repository (or any parent up to mount point /web/users)
Stopping at filesystem boundary (GIT_DISCOVERY_ACROSS_FILESYSTEM not set).
2023-03-19 15:28:49.307 [info] > git rev-parse --show-toplevel [7ms]
2023-03-19 15:28:49.308 [info] fatal: not a git repository (or any parent up to mount point /web/users)
Stopping at filesystem boundary (GIT_DISCOVERY_ACROSS_FILESYSTEM not set).
2023-03-19 15:28:53.833 [info] > git rev-parse --show-toplevel [2ms]
2023-03-19 15:28:53.833 [info] fatal: not a git repository (or any parent up to mount point /web/users)
Stopping at filesystem boundary (GIT_DISCOVERY_ACROSS_FILESYSTEM not set).
2023-03-19 15:29:04.995 [info] > git rev-parse --show-toplevel [9ms]
2023-03-19 15:29:04.995 [info] fatal: not a git repository (or any parent up to mount point /web/users)
Stopping at filesystem boundary (GIT_DISCOVERY_ACROSS_FILESYSTEM not set).
2023-03-19 15:29:14.137 [info] > git rev-parse --show-toplevel [3ms]
2023-03-19 15:29:14.137 [info] fatal: not a git repository (or any parent up to mount point /web/users)
Stopping at filesystem boundary (GIT_DISCOVERY_ACROSS_FILESYSTEM not set).
2023-03-19 15:29:21.051 [info] > git rev-parse --show-toplevel [3ms]
2023-03-19 15:29:21.051 [info] fatal: not a git repository (or any parent up to mount point /web/users)
Stopping at filesystem boundary (GIT_DISCOVERY_ACROSS_FILESYSTEM not set).
2023-03-19 15:29:37.574 [info] > git rev-parse --show-toplevel [5ms]
2023-03-19 15:29:37.574 [info] fatal: not a git repository (or any parent up to mount point /web/users)
Stopping at filesystem boundary (GIT_DISCOVERY_ACROSS_FILESYSTEM not set).
2023-03-19 15:29:55.737 [info] > git rev-parse --show-toplevel [17ms]
2023-03-19 15:29:55.738 [info] fatal: not a git repository (or any parent up to mount point /web/users)
Stopping at filesystem boundary (GIT_DISCOVERY_ACROSS_FILESYSTEM not set).
2023-03-19 15:30:51.232 [info] > git rev-parse --show-toplevel [9ms]
2023-03-19 15:30:51.232 [info] fatal: not a git repository (or any parent up to mount point /web/users)
Stopping at filesystem boundary (GIT_DISCOVERY_ACROSS_FILESYSTEM not set).
2023-03-19 15:30:52.426 [info] > git rev-parse --show-toplevel [11ms]
2023-03-19 15:30:52.427 [info] fatal: not a git repository (or any parent up to mount point /web/users)
Stopping at filesystem boundary (GIT_DISCOVERY_ACROSS_FILESYSTEM not set).
2023-03-19 15:30:58.169 [info] > git rev-parse --show-toplevel [5ms]
2023-03-19 15:30:58.169 [info] fatal: not a git repository (or any parent up to mount point /web/users)
Stopping at filesystem boundary (GIT_DISCOVERY_ACROSS_FILESYSTEM not set).
2023-03-19 15:31:03.691 [info] > git rev-parse --show-toplevel [11ms]
2023-03-19 15:31:03.691 [info] fatal: not a git repository (or any parent up to mount point /web/users)
Stopping at filesystem boundary (GIT_DISCOVERY_ACROSS_FILESYSTEM not set).
2023-03-19 15:31:21.129 [info] > git rev-parse --show-toplevel [3ms]
2023-03-19 15:31:21.129 [info] fatal: not a git repository (or any parent up to mount point /web/users)
Stopping at filesystem boundary (GIT_DISCOVERY_ACROSS_FILESYSTEM not set).
2023-03-19 15:31:39.279 [info] > git rev-parse --show-toplevel [14ms]
2023-03-19 15:31:39.279 [info] fatal: not a git repository (or any parent up to mount point /web/users)
Stopping at filesystem boundary (GIT_DISCOVERY_ACROSS_FILESYSTEM not set).
2023-03-19 15:31:53.298 [info] > git rev-parse --show-toplevel [9ms]
2023-03-19 15:31:53.298 [info] fatal: not a git repository (or any parent up to mount point /web/users)
Stopping at filesystem boundary (GIT_DISCOVERY_ACROSS_FILESYSTEM not set).
2023-03-19 15:32:31.373 [info] > git rev-parse --show-toplevel [8ms]
2023-03-19 15:32:31.373 [info] fatal: not a git repository (or any parent up to mount point /web/users)
Stopping at filesystem boundary (GIT_DISCOVERY_ACROSS_FILESYSTEM not set).
2023-03-19 15:33:07.134 [info] > git rev-parse --show-toplevel [2ms]
2023-03-19 15:33:07.134 [info] fatal: not a git repository (or any parent up to mount point /web/users)
Stopping at filesystem boundary (GIT_DISCOVERY_ACROSS_FILESYSTEM not set).
2023-03-19 15:34:39.661 [info] > git rev-parse --show-toplevel [2ms]
2023-03-19 15:34:39.662 [info] fatal: not a git repository (or any parent up to mount point /web/users)
Stopping at filesystem boundary (GIT_DISCOVERY_ACROSS_FILESYSTEM not set).
2023-03-19 15:34:47.343 [info] > git rev-parse --show-toplevel [2ms]
2023-03-19 15:34:47.343 [info] fatal: not a git repository (or any parent up to mount point /web/users)
Stopping at filesystem boundary (GIT_DISCOVERY_ACROSS_FILESYSTEM not set).
2023-03-19 15:35:12.546 [info] > git rev-parse --show-toplevel [12ms]
2023-03-19 15:35:12.546 [info] fatal: not a git repository (or any parent up to mount point /web/users)
Stopping at filesystem boundary (GIT_DISCOVERY_ACROSS_FILESYSTEM not set).
2023-03-19 15:35:44.723 [info] > git rev-parse --show-toplevel [4ms]
2023-03-19 15:35:44.723 [info] fatal: not a git repository (or any parent up to mount point /web/users)
Stopping at filesystem boundary (GIT_DISCOVERY_ACROSS_FILESYSTEM not set).
2023-03-19 15:35:53.213 [info] > git rev-parse --show-toplevel [3ms]
2023-03-19 15:35:53.213 [info] fatal: not a git repository (or any parent up to mount point /web/users)
Stopping at filesystem boundary (GIT_DISCOVERY_ACROSS_FILESYSTEM not set).
2023-03-19 15:35:57.384 [info] > git rev-parse --show-toplevel [7ms]
2023-03-19 15:35:57.385 [info] fatal: not a git repository (or any parent up to mount point /web/users)
Stopping at filesystem boundary (GIT_DISCOVERY_ACROSS_FILESYSTEM not set).
2023-03-19 15:36:00.622 [info] > git rev-parse --show-toplevel [14ms]
2023-03-19 15:36:00.622 [info] fatal: not a git repository (or any parent up to mount point /web/users)
Stopping at filesystem boundary (GIT_DISCOVERY_ACROSS_FILESYSTEM not set).
2023-03-19 15:36:01.782 [info] > git rev-parse --show-toplevel [8ms]
2023-03-19 15:36:01.782 [info] fatal: not a git repository (or any parent up to mount point /web/users)
Stopping at filesystem boundary (GIT_DISCOVERY_ACROSS_FILESYSTEM not set).
2023-03-19 15:36:15.772 [info] > git rev-parse --show-toplevel [4ms]
2023-03-19 15:36:15.772 [info] fatal: not a git repository (or any parent up to mount point /web/users)
Stopping at filesystem boundary (GIT_DISCOVERY_ACROSS_FILESYSTEM not set).
2023-03-19 15:36:17.116 [info] > git rev-parse --show-toplevel [4ms]
2023-03-19 15:36:17.116 [info] fatal: not a git repository (or any parent up to mount point /web/users)
Stopping at filesystem boundary (GIT_DISCOVERY_ACROSS_FILESYSTEM not set).
2023-03-19 15:36:18.142 [info] > git rev-parse --show-toplevel [5ms]
2023-03-19 15:36:18.142 [info] fatal: not a git repository (or any parent up to mount point /web/users)
Stopping at filesystem boundary (GIT_DISCOVERY_ACROSS_FILESYSTEM not set).
2023-03-19 15:36:25.000 [info] > git rev-parse --show-toplevel [8ms]
2023-03-19 15:36:25.000 [info] fatal: not a git repository (or any parent up to mount point /web/users)
Stopping at filesystem boundary (GIT_DISCOVERY_ACROSS_FILESYSTEM not set).
2023-03-19 15:36:40.595 [info] > git rev-parse --show-toplevel [8ms]
2023-03-19 15:36:40.595 [info] fatal: not a git repository (or any parent up to mount point /web/users)
Stopping at filesystem boundary (GIT_DISCOVERY_ACROSS_FILESYSTEM not set).
2023-03-19 15:36:41.658 [info] > git rev-parse --show-toplevel [4ms]
2023-03-19 15:36:41.658 [info] fatal: not a git repository (or any parent up to mount point /web/users)
Stopping at filesystem boundary (GIT_DISCOVERY_ACROSS_FILESYSTEM not set).
2023-03-19 15:38:20.374 [info] > git rev-parse --show-toplevel [5ms]
2023-03-19 15:38:20.374 [info] fatal: not a git repository (or any parent up to mount point /web/users)
Stopping at filesystem boundary (GIT_DISCOVERY_ACROSS_FILESYSTEM not set).
2023-03-19 15:38:36.351 [info] > git rev-parse --show-toplevel [4ms]
2023-03-19 15:38:36.351 [info] fatal: not a git repository (or any parent up to mount point /web/users)
Stopping at filesystem boundary (GIT_DISCOVERY_ACROSS_FILESYSTEM not set).
2023-03-19 15:38:42.684 [info] > git rev-parse --show-toplevel [3ms]
2023-03-19 15:38:42.684 [info] fatal: not a git repository (or any parent up to mount point /web/users)
Stopping at filesystem boundary (GIT_DISCOVERY_ACROSS_FILESYSTEM not set).
2023-03-19 15:38:42.690 [info] > git rev-parse --show-toplevel [2ms]
2023-03-19 15:38:42.690 [info] fatal: not a git repository (or any parent up to mount point /web/users)
Stopping at filesystem boundary (GIT_DISCOVERY_ACROSS_FILESYSTEM not set).
2023-03-19 15:38:44.892 [info] > git rev-parse --show-toplevel [4ms]
2023-03-19 15:38:44.892 [info] fatal: not a git repository (or any parent up to mount point /web/users)
Stopping at filesystem boundary (GIT_DISCOVERY_ACROSS_FILESYSTEM not set).
2023-03-19 15:38:44.898 [info] > git rev-parse --show-toplevel [1ms]
2023-03-19 15:38:44.898 [info] fatal: not a git repository (or any parent up to mount point /web/users)
Stopping at filesystem boundary (GIT_DISCOVERY_ACROSS_FILESYSTEM not set).
2023-03-19 15:38:44.903 [info] > git rev-parse --show-toplevel [1ms]
2023-03-19 15:38:44.903 [info] fatal: not a git repository (or any parent up to mount point /web/users)
Stopping at filesystem boundary (GIT_DISCOVERY_ACROSS_FILESYSTEM not set).
2023-03-19 15:39:44.082 [info] > git rev-parse --show-toplevel [6ms]
2023-03-19 15:39:44.082 [info] fatal: not a git repository (or any parent up to mount point /web/users)
Stopping at filesystem boundary (GIT_DISCOVERY_ACROSS_FILESYSTEM not set).
2023-03-19 15:39:44.088 [info] > git rev-parse --show-toplevel [1ms]
2023-03-19 15:39:44.088 [info] fatal: not a git repository (or any parent up to mount point /web/users)
Stopping at filesystem boundary (GIT_DISCOVERY_ACROSS_FILESYSTEM not set).
2023-03-19 15:39:44.094 [info] > git rev-parse --show-toplevel [2ms]
2023-03-19 15:39:44.094 [info] fatal: not a git repository (or any parent up to mount point /web/users)
Stopping at filesystem boundary (GIT_DISCOVERY_ACROSS_FILESYSTEM not set).
2023-03-19 15:39:46.597 [info] > git rev-parse --show-toplevel [4ms]
2023-03-19 15:39:46.597 [info] fatal: not a git repository (or any parent up to mount point /web/users)
Stopping at filesystem boundary (GIT_DISCOVERY_ACROSS_FILESYSTEM not set).
2023-03-19 15:39:46.603 [info] > git rev-parse --show-toplevel [1ms]
2023-03-19 15:39:46.603 [info] fatal: not a git repository (or any parent up to mount point /web/users)
Stopping at filesystem boundary (GIT_DISCOVERY_ACROSS_FILESYSTEM not set).
2023-03-19 15:39:46.609 [info] > git rev-parse --show-toplevel [2ms]
2023-03-19 15:39:46.609 [info] fatal: not a git repository (or any parent up to mount point /web/users)
Stopping at filesystem boundary (GIT_DISCOVERY_ACROSS_FILESYSTEM not set).
2023-03-19 15:39:50.911 [info] > git rev-parse --show-toplevel [5ms]
2023-03-19 15:39:50.911 [info] fatal: not a git repository (or any parent up to mount point /web/users)
Stopping at filesystem boundary (GIT_DISCOVERY_ACROSS_FILESYSTEM not set).
2023-03-19 15:39:51.023 [info] > git rev-parse --show-toplevel [11ms]
2023-03-19 15:39:51.023 [info] fatal: not a git repository (or any parent up to mount point /web/users)
Stopping at filesystem boundary (GIT_DISCOVERY_ACROSS_FILESYSTEM not set).
2023-03-19 15:39:51.045 [info] > git rev-parse --show-toplevel [11ms]
2023-03-19 15:39:51.045 [info] fatal: not a git repository (or any parent up to mount point /web/users)
Stopping at filesystem boundary (GIT_DISCOVERY_ACROSS_FILESYSTEM not set).
2023-03-19 15:40:24.169 [info] > git rev-parse --show-toplevel [8ms]
2023-03-19 15:40:24.169 [info] fatal: not a git repository (or any parent up to mount point /web/users)
Stopping at filesystem boundary (GIT_DISCOVERY_ACROSS_FILESYSTEM not set).
2023-03-19 15:40:24.181 [info] > git rev-parse --show-toplevel [1ms]
2023-03-19 15:40:24.181 [info] fatal: not a git repository (or any parent up to mount point /web/users)
Stopping at filesystem boundary (GIT_DISCOVERY_ACROSS_FILESYSTEM not set).
2023-03-19 15:40:24.231 [info] > git rev-parse --show-toplevel [40ms]
2023-03-19 15:40:24.231 [info] fatal: not a git repository (or any parent up to mount point /web/users)
Stopping at filesystem boundary (GIT_DISCOVERY_ACROSS_FILESYSTEM not set).
2023-03-19 15:40:38.241 [info] > git rev-parse --show-toplevel [3ms]
2023-03-19 15:40:38.241 [info] fatal: not a git repository (or any parent up to mount point /web/users)
Stopping at filesystem boundary (GIT_DISCOVERY_ACROSS_FILESYSTEM not set).
2023-03-19 15:41:30.083 [info] > git rev-parse --show-toplevel [7ms]
2023-03-19 15:41:30.083 [info] fatal: not a git repository (or any parent up to mount point /web/users)
Stopping at filesystem boundary (GIT_DISCOVERY_ACROSS_FILESYSTEM not set).
2023-03-19 15:41:33.942 [info] > git rev-parse --show-toplevel [4ms]
2023-03-19 15:41:33.942 [info] fatal: not a git repository (or any parent up to mount point /web/users)
Stopping at filesystem boundary (GIT_DISCOVERY_ACROSS_FILESYSTEM not set).
2023-03-19 15:41:57.964 [info] > git rev-parse --show-toplevel [7ms]
2023-03-19 15:41:57.964 [info] fatal: not a git repository (or any parent up to mount point /web/users)
Stopping at filesystem boundary (GIT_DISCOVERY_ACROSS_FILESYSTEM not set).
2023-03-19 15:42:01.594 [info] > git rev-parse --show-toplevel [7ms]
2023-03-19 15:42:01.594 [info] fatal: not a git repository (or any parent up to mount point /web/users)
Stopping at filesystem boundary (GIT_DISCOVERY_ACROSS_FILESYSTEM not set).
2023-03-19 15:42:03.172 [info] > git rev-parse --show-toplevel [7ms]
2023-03-19 15:42:03.172 [info] fatal: not a git repository (or any parent up to mount point /web/users)
Stopping at filesystem boundary (GIT_DISCOVERY_ACROSS_FILESYSTEM not set).
2023-03-19 15:42:35.321 [info] > git rev-parse --show-toplevel [11ms]
2023-03-19 15:42:35.321 [info] fatal: not a git repository (or any parent up to mount point /web/users)
Stopping at filesystem boundary (GIT_DISCOVERY_ACROSS_FILESYSTEM not set).
2023-03-19 15:43:25.829 [info] > git rev-parse --show-toplevel [8ms]
2023-03-19 15:43:25.830 [info] fatal: not a git repository (or any parent up to mount point /web/users)
Stopping at filesystem boundary (GIT_DISCOVERY_ACROSS_FILESYSTEM not set).
