2023-03-20 09:45:14.346 [info] Log level: Info
2023-03-20 09:45:14.346 [info] Validating found git in: "git"
2023-03-20 09:45:14.346 [info] Using git "2.25.1" from "git"
2023-03-20 09:45:14.346 [info] > git rev-parse --show-toplevel [34ms]
2023-03-20 09:45:14.346 [info] > git rev-parse --git-dir --git-common-dir [3ms]
2023-03-20 09:45:14.347 [info] Open repository: /web/users/projects/202223/quicknotes
2023-03-20 09:45:14.347 [info] > git rev-parse --show-toplevel [8ms]
2023-03-20 09:45:14.347 [info] > git rev-parse --show-toplevel [2ms]
2023-03-20 09:45:14.347 [info] > git for-each-ref --format=%(refname)%00%(upstream:short)%00%(objectname)%00%(upstream:track)%00%(upstream:remotename)%00%(upstream:remoteref) refs/heads/main refs/remotes/main [10ms]
2023-03-20 09:45:14.347 [info] > git rev-parse --show-toplevel [7ms]
2023-03-20 09:45:14.347 [info] > git rev-parse --show-toplevel [10ms]
2023-03-20 09:45:14.347 [info] > git rev-parse --show-toplevel [6ms]
2023-03-20 09:45:14.347 [info] > git rev-parse --show-toplevel [3ms]
2023-03-20 09:45:14.347 [info] > git rev-parse --show-toplevel [2ms]
2023-03-20 09:45:14.347 [info] > git rev-parse --show-toplevel [2ms]
2023-03-20 09:45:14.347 [info] > git rev-parse --show-toplevel [2ms]
2023-03-20 09:45:14.347 [info] > git status -z -uall [150ms]
2023-03-20 09:45:14.348 [info] > git for-each-ref --format=%(refname)%00%(upstream:short)%00%(objectname)%00%(upstream:track)%00%(upstream:remotename)%00%(upstream:remoteref) refs/heads/main refs/remotes/main [2ms]
2023-03-20 09:45:14.348 [info] > git status -z -uall [139ms]
2023-03-20 09:45:14.350 [info] > git show --textconv :QN/contactpage2.php [11ms]
2023-03-20 09:45:14.354 [info] > git ls-files --stage -- /web/users/projects/202223/quicknotes/QN/contactpage2.php [10ms]
2023-03-20 09:45:14.360 [info] > git cat-file -s 8325b5ae0ad8c3ca81cb1f266c6c118dc598b325 [2ms]
2023-03-20 09:45:14.830 [info] > git check-ignore -v -z --stdin [16ms]
2023-03-20 09:45:15.693 [info] > git check-ignore -v -z --stdin [11ms]
2023-03-20 09:45:17.000 [info] > git for-each-ref --format=%(refname)%00%(upstream:short)%00%(objectname)%00%(upstream:track)%00%(upstream:remotename)%00%(upstream:remoteref) refs/heads/main refs/remotes/main [2ms]
2023-03-20 09:45:17.046 [info] > git status -z -uall [42ms]
2023-03-20 09:45:17.688 [info] > git ls-files --stage -- /web/users/projects/202223/quicknotes/.bash_history [6ms]
2023-03-20 09:45:17.698 [info] > git show --textconv :.bash_history [25ms]
2023-03-20 09:45:17.699 [info] > git cat-file -s 4b34f4657953b84397c9883094e09123498618cc [7ms]
2023-03-20 09:45:22.064 [info] > git for-each-ref --format=%(refname)%00%(upstream:short)%00%(objectname)%00%(upstream:track)%00%(upstream:remotename)%00%(upstream:remoteref) refs/heads/main refs/remotes/main [2ms]
2023-03-20 09:45:22.113 [info] > git status -z -uall [44ms]
2023-03-20 09:45:24.702 [info] > git check-ignore -v -z --stdin [6ms]
2023-03-20 09:45:25.779 [info] > git check-ignore -v -z --stdin [7ms]
2023-03-20 09:45:27.131 [info] > git for-each-ref --format=%(refname)%00%(upstream:short)%00%(objectname)%00%(upstream:track)%00%(upstream:remotename)%00%(upstream:remoteref) refs/heads/main refs/remotes/main [3ms]
2023-03-20 09:45:27.175 [info] > git status -z -uall [39ms]
2023-03-20 09:45:28.065 [info] > git show --textconv :Testing/search.php [16ms]
2023-03-20 09:45:28.071 [info] > git ls-files --stage -- /web/users/projects/202223/quicknotes/Testing/search.php [7ms]
2023-03-20 09:45:28.079 [info] > git cat-file -s 49dd22d3ae7c8fc4f40ae5d263e5a2c0827cd735 [2ms]
2023-03-20 09:45:30.927 [info] > git show --textconv :Testing/main.php [12ms]
2023-03-20 09:45:30.932 [info] > git ls-files --stage -- /web/users/projects/202223/quicknotes/Testing/main.php [7ms]
2023-03-20 09:45:30.939 [info] > git cat-file -s ce3410328dec40a61ec965eb77b74327433d216e [2ms]
2023-03-20 09:45:32.195 [info] > git for-each-ref --format=%(refname)%00%(upstream:short)%00%(objectname)%00%(upstream:track)%00%(upstream:remotename)%00%(upstream:remoteref) refs/heads/main refs/remotes/main [4ms]
2023-03-20 09:45:32.242 [info] > git status -z -uall [42ms]
2023-03-20 09:45:37.261 [info] > git for-each-ref --format=%(refname)%00%(upstream:short)%00%(objectname)%00%(upstream:track)%00%(upstream:remotename)%00%(upstream:remoteref) refs/heads/main refs/remotes/main [3ms]
2023-03-20 09:45:37.339 [info] > git status -z -uall [41ms]
2023-03-20 09:45:42.357 [info] > git for-each-ref --format=%(refname)%00%(upstream:short)%00%(objectname)%00%(upstream:track)%00%(upstream:remotename)%00%(upstream:remoteref) refs/heads/main refs/remotes/main [2ms]
2023-03-20 09:45:42.401 [info] > git status -z -uall [40ms]
2023-03-20 09:45:47.423 [info] > git for-each-ref --format=%(refname)%00%(upstream:short)%00%(objectname)%00%(upstream:track)%00%(upstream:remotename)%00%(upstream:remoteref) refs/heads/main refs/remotes/main [4ms]
2023-03-20 09:45:47.477 [info] > git status -z -uall [44ms]
2023-03-20 09:45:52.495 [info] > git for-each-ref --format=%(refname)%00%(upstream:short)%00%(objectname)%00%(upstream:track)%00%(upstream:remotename)%00%(upstream:remoteref) refs/heads/main refs/remotes/main [3ms]
2023-03-20 09:45:52.546 [info] > git status -z -uall [46ms]
2023-03-20 09:45:57.565 [info] > git for-each-ref --format=%(refname)%00%(upstream:short)%00%(objectname)%00%(upstream:track)%00%(upstream:remotename)%00%(upstream:remoteref) refs/heads/main refs/remotes/main [5ms]
2023-03-20 09:45:57.613 [info] > git status -z -uall [43ms]
2023-03-20 09:46:02.636 [info] > git for-each-ref --format=%(refname)%00%(upstream:short)%00%(objectname)%00%(upstream:track)%00%(upstream:remotename)%00%(upstream:remoteref) refs/heads/main refs/remotes/main [3ms]
2023-03-20 09:46:02.685 [info] > git status -z -uall [43ms]
2023-03-20 09:46:07.703 [info] > git for-each-ref --format=%(refname)%00%(upstream:short)%00%(objectname)%00%(upstream:track)%00%(upstream:remotename)%00%(upstream:remoteref) refs/heads/main refs/remotes/main [3ms]
2023-03-20 09:46:07.751 [info] > git status -z -uall [42ms]
2023-03-20 09:46:12.771 [info] > git for-each-ref --format=%(refname)%00%(upstream:short)%00%(objectname)%00%(upstream:track)%00%(upstream:remotename)%00%(upstream:remoteref) refs/heads/main refs/remotes/main [6ms]
2023-03-20 09:46:12.818 [info] > git status -z -uall [42ms]
2023-03-20 09:46:17.841 [info] > git for-each-ref --format=%(refname)%00%(upstream:short)%00%(objectname)%00%(upstream:track)%00%(upstream:remotename)%00%(upstream:remoteref) refs/heads/main refs/remotes/main [3ms]
2023-03-20 09:46:17.890 [info] > git status -z -uall [43ms]
2023-03-20 09:46:22.944 [info] > git for-each-ref --format=%(refname)%00%(upstream:short)%00%(objectname)%00%(upstream:track)%00%(upstream:remotename)%00%(upstream:remoteref) refs/heads/main refs/remotes/main [4ms]
2023-03-20 09:46:23.210 [info] > git status -z -uall [230ms]
2023-03-20 09:46:48.406 [info] > git show --textconv :Testing/stylecoulmn2.css [11ms]
2023-03-20 09:46:48.409 [info] > git ls-files --stage -- /web/users/projects/202223/quicknotes/Testing/stylecoulmn2.css [7ms]
2023-03-20 09:46:48.415 [info] > git cat-file -s 580a9e21dcda83895e74a09b7e800bbc22a6bcf9 [2ms]
2023-03-20 09:47:35.424 [info] > git check-ignore -v -z --stdin [9ms]
2023-03-20 09:47:38.207 [info] > git show --textconv :Testing/index2.php [17ms]
2023-03-20 09:47:38.212 [info] > git ls-files --stage -- /web/users/projects/202223/quicknotes/Testing/index2.php [12ms]
2023-03-20 09:47:38.218 [info] > git cat-file -s bb2f3b0ce5133ee26a2b5ec53b34a4a74f3228f3 [2ms]
2023-03-20 09:47:52.143 [info] > git for-each-ref --format=%(refname)%00%(upstream:short)%00%(objectname)%00%(upstream:track)%00%(upstream:remotename)%00%(upstream:remoteref) refs/heads/main refs/remotes/main [3ms]
2023-03-20 09:47:52.191 [info] > git status -z -uall [43ms]
2023-03-20 09:47:57.212 [info] > git for-each-ref --format=%(refname)%00%(upstream:short)%00%(objectname)%00%(upstream:track)%00%(upstream:remotename)%00%(upstream:remoteref) refs/heads/main refs/remotes/main [3ms]
2023-03-20 09:47:57.263 [info] > git status -z -uall [46ms]
2023-03-20 09:48:02.282 [info] > git for-each-ref --format=%(refname)%00%(upstream:short)%00%(objectname)%00%(upstream:track)%00%(upstream:remotename)%00%(upstream:remoteref) refs/heads/main refs/remotes/main [3ms]
2023-03-20 09:48:02.330 [info] > git status -z -uall [42ms]
2023-03-20 09:48:07.346 [info] > git for-each-ref --format=%(refname)%00%(upstream:short)%00%(objectname)%00%(upstream:track)%00%(upstream:remotename)%00%(upstream:remoteref) refs/heads/main refs/remotes/main [4ms]
2023-03-20 09:48:07.437 [info] > git status -z -uall [84ms]
2023-03-20 09:48:17.132 [info] > git for-each-ref --format=%(refname)%00%(upstream:short)%00%(objectname)%00%(upstream:track)%00%(upstream:remotename)%00%(upstream:remoteref) refs/heads/main refs/remotes/main [2ms]
2023-03-20 09:48:17.179 [info] > git status -z -uall [43ms]
2023-03-20 09:48:22.198 [info] > git for-each-ref --format=%(refname)%00%(upstream:short)%00%(objectname)%00%(upstream:track)%00%(upstream:remotename)%00%(upstream:remoteref) refs/heads/main refs/remotes/main [2ms]
2023-03-20 09:48:22.247 [info] > git status -z -uall [44ms]
2023-03-20 09:48:27.264 [info] > git for-each-ref --format=%(refname)%00%(upstream:short)%00%(objectname)%00%(upstream:track)%00%(upstream:remotename)%00%(upstream:remoteref) refs/heads/main refs/remotes/main [2ms]
2023-03-20 09:48:27.311 [info] > git status -z -uall [42ms]
2023-03-20 09:48:32.334 [info] > git for-each-ref --format=%(refname)%00%(upstream:short)%00%(objectname)%00%(upstream:track)%00%(upstream:remotename)%00%(upstream:remoteref) refs/heads/main refs/remotes/main [3ms]
2023-03-20 09:48:32.381 [info] > git status -z -uall [42ms]
2023-03-20 09:48:37.398 [info] > git for-each-ref --format=%(refname)%00%(upstream:short)%00%(objectname)%00%(upstream:track)%00%(upstream:remotename)%00%(upstream:remoteref) refs/heads/main refs/remotes/main [3ms]
2023-03-20 09:48:37.444 [info] > git status -z -uall [41ms]
2023-03-20 09:48:42.462 [info] > git for-each-ref --format=%(refname)%00%(upstream:short)%00%(objectname)%00%(upstream:track)%00%(upstream:remotename)%00%(upstream:remoteref) refs/heads/main refs/remotes/main [3ms]
2023-03-20 09:48:42.522 [info] > git status -z -uall [54ms]
2023-03-20 09:48:47.540 [info] > git for-each-ref --format=%(refname)%00%(upstream:short)%00%(objectname)%00%(upstream:track)%00%(upstream:remotename)%00%(upstream:remoteref) refs/heads/main refs/remotes/main [4ms]
2023-03-20 09:48:47.593 [info] > git status -z -uall [47ms]
2023-03-20 09:48:52.607 [info] > git for-each-ref --format=%(refname)%00%(upstream:short)%00%(objectname)%00%(upstream:track)%00%(upstream:remotename)%00%(upstream:remoteref) refs/heads/main refs/remotes/main [3ms]
2023-03-20 09:48:52.653 [info] > git status -z -uall [40ms]
2023-03-20 09:48:57.670 [info] > git for-each-ref --format=%(refname)%00%(upstream:short)%00%(objectname)%00%(upstream:track)%00%(upstream:remotename)%00%(upstream:remoteref) refs/heads/main refs/remotes/main [4ms]
2023-03-20 09:48:57.716 [info] > git status -z -uall [41ms]
2023-03-20 09:49:02.734 [info] > git for-each-ref --format=%(refname)%00%(upstream:short)%00%(objectname)%00%(upstream:track)%00%(upstream:remotename)%00%(upstream:remoteref) refs/heads/main refs/remotes/main [3ms]
2023-03-20 09:49:02.780 [info] > git status -z -uall [42ms]
2023-03-20 09:49:07.799 [info] > git for-each-ref --format=%(refname)%00%(upstream:short)%00%(objectname)%00%(upstream:track)%00%(upstream:remotename)%00%(upstream:remoteref) refs/heads/main refs/remotes/main [4ms]
2023-03-20 09:49:07.847 [info] > git status -z -uall [44ms]
2023-03-20 09:49:12.867 [info] > git for-each-ref --format=%(refname)%00%(upstream:short)%00%(objectname)%00%(upstream:track)%00%(upstream:remotename)%00%(upstream:remoteref) refs/heads/main refs/remotes/main [3ms]
2023-03-20 09:49:12.917 [info] > git status -z -uall [43ms]
2023-03-20 09:49:17.939 [info] > git for-each-ref --format=%(refname)%00%(upstream:short)%00%(objectname)%00%(upstream:track)%00%(upstream:remotename)%00%(upstream:remoteref) refs/heads/main refs/remotes/main [4ms]
2023-03-20 09:49:18.006 [info] > git status -z -uall [59ms]
2023-03-20 09:49:23.024 [info] > git for-each-ref --format=%(refname)%00%(upstream:short)%00%(objectname)%00%(upstream:track)%00%(upstream:remotename)%00%(upstream:remoteref) refs/heads/main refs/remotes/main [1ms]
2023-03-20 09:49:23.117 [info] > git status -z -uall [84ms]
2023-03-20 09:49:28.144 [info] > git for-each-ref --format=%(refname)%00%(upstream:short)%00%(objectname)%00%(upstream:track)%00%(upstream:remotename)%00%(upstream:remoteref) refs/heads/main refs/remotes/main [3ms]
2023-03-20 09:49:28.193 [info] > git status -z -uall [44ms]
2023-03-20 09:49:33.215 [info] > git for-each-ref --format=%(refname)%00%(upstream:short)%00%(objectname)%00%(upstream:track)%00%(upstream:remotename)%00%(upstream:remoteref) refs/heads/main refs/remotes/main [4ms]
2023-03-20 09:49:33.262 [info] > git status -z -uall [42ms]
2023-03-20 09:49:38.282 [info] > git for-each-ref --format=%(refname)%00%(upstream:short)%00%(objectname)%00%(upstream:track)%00%(upstream:remotename)%00%(upstream:remoteref) refs/heads/main refs/remotes/main [4ms]
2023-03-20 09:49:38.331 [info] > git status -z -uall [44ms]
2023-03-20 09:49:43.353 [info] > git for-each-ref --format=%(refname)%00%(upstream:short)%00%(objectname)%00%(upstream:track)%00%(upstream:remotename)%00%(upstream:remoteref) refs/heads/main refs/remotes/main [6ms]
2023-03-20 09:49:43.404 [info] > git status -z -uall [43ms]
2023-03-20 09:49:48.425 [info] > git for-each-ref --format=%(refname)%00%(upstream:short)%00%(objectname)%00%(upstream:track)%00%(upstream:remotename)%00%(upstream:remoteref) refs/heads/main refs/remotes/main [4ms]
2023-03-20 09:49:48.475 [info] > git status -z -uall [43ms]
2023-03-20 09:49:53.494 [info] > git for-each-ref --format=%(refname)%00%(upstream:short)%00%(objectname)%00%(upstream:track)%00%(upstream:remotename)%00%(upstream:remoteref) refs/heads/main refs/remotes/main [4ms]
2023-03-20 09:49:53.549 [info] > git status -z -uall [48ms]
2023-03-20 09:49:58.567 [info] > git for-each-ref --format=%(refname)%00%(upstream:short)%00%(objectname)%00%(upstream:track)%00%(upstream:remotename)%00%(upstream:remoteref) refs/heads/main refs/remotes/main [4ms]
2023-03-20 09:49:58.621 [info] > git status -z -uall [48ms]
2023-03-20 09:50:03.639 [info] > git for-each-ref --format=%(refname)%00%(upstream:short)%00%(objectname)%00%(upstream:track)%00%(upstream:remotename)%00%(upstream:remoteref) refs/heads/main refs/remotes/main [3ms]
2023-03-20 09:50:03.686 [info] > git status -z -uall [41ms]
2023-03-20 09:50:08.708 [info] > git for-each-ref --format=%(refname)%00%(upstream:short)%00%(objectname)%00%(upstream:track)%00%(upstream:remotename)%00%(upstream:remoteref) refs/heads/main refs/remotes/main [4ms]
2023-03-20 09:50:08.761 [info] > git status -z -uall [46ms]
2023-03-20 09:50:13.780 [info] > git for-each-ref --format=%(refname)%00%(upstream:short)%00%(objectname)%00%(upstream:track)%00%(upstream:remotename)%00%(upstream:remoteref) refs/heads/main refs/remotes/main [3ms]
2023-03-20 09:50:13.838 [info] > git status -z -uall [53ms]
2023-03-20 09:50:18.857 [info] > git for-each-ref --format=%(refname)%00%(upstream:short)%00%(objectname)%00%(upstream:track)%00%(upstream:remotename)%00%(upstream:remoteref) refs/heads/main refs/remotes/main [3ms]
2023-03-20 09:50:18.906 [info] > git status -z -uall [44ms]
2023-03-20 09:50:23.931 [info] > git for-each-ref --format=%(refname)%00%(upstream:short)%00%(objectname)%00%(upstream:track)%00%(upstream:remotename)%00%(upstream:remoteref) refs/heads/main refs/remotes/main [5ms]
2023-03-20 09:50:24.017 [info] > git status -z -uall [76ms]
2023-03-20 09:50:29.034 [info] > git for-each-ref --format=%(refname)%00%(upstream:short)%00%(objectname)%00%(upstream:track)%00%(upstream:remotename)%00%(upstream:remoteref) refs/heads/main refs/remotes/main [4ms]
2023-03-20 09:50:29.085 [info] > git status -z -uall [46ms]
2023-03-20 09:50:34.109 [info] > git for-each-ref --format=%(refname)%00%(upstream:short)%00%(objectname)%00%(upstream:track)%00%(upstream:remotename)%00%(upstream:remoteref) refs/heads/main refs/remotes/main [5ms]
2023-03-20 09:50:34.160 [info] > git status -z -uall [44ms]
2023-03-20 09:50:39.181 [info] > git for-each-ref --format=%(refname)%00%(upstream:short)%00%(objectname)%00%(upstream:track)%00%(upstream:remotename)%00%(upstream:remoteref) refs/heads/main refs/remotes/main [4ms]
2023-03-20 09:50:39.231 [info] > git status -z -uall [45ms]
2023-03-20 09:50:44.250 [info] > git for-each-ref --format=%(refname)%00%(upstream:short)%00%(objectname)%00%(upstream:track)%00%(upstream:remotename)%00%(upstream:remoteref) refs/heads/main refs/remotes/main [3ms]
2023-03-20 09:50:44.295 [info] > git status -z -uall [41ms]
2023-03-20 09:50:49.317 [info] > git for-each-ref --format=%(refname)%00%(upstream:short)%00%(objectname)%00%(upstream:track)%00%(upstream:remotename)%00%(upstream:remoteref) refs/heads/main refs/remotes/main [5ms]
2023-03-20 09:50:49.364 [info] > git status -z -uall [43ms]
2023-03-20 09:50:54.382 [info] > git for-each-ref --format=%(refname)%00%(upstream:short)%00%(objectname)%00%(upstream:track)%00%(upstream:remotename)%00%(upstream:remoteref) refs/heads/main refs/remotes/main [3ms]
2023-03-20 09:50:54.436 [info] > git status -z -uall [42ms]
2023-03-20 09:50:59.454 [info] > git for-each-ref --format=%(refname)%00%(upstream:short)%00%(objectname)%00%(upstream:track)%00%(upstream:remotename)%00%(upstream:remoteref) refs/heads/main refs/remotes/main [4ms]
2023-03-20 09:50:59.502 [info] > git status -z -uall [43ms]
2023-03-20 09:51:07.220 [info] > git for-each-ref --format=%(refname)%00%(upstream:short)%00%(objectname)%00%(upstream:track)%00%(upstream:remotename)%00%(upstream:remoteref) refs/heads/main refs/remotes/main [2ms]
2023-03-20 09:51:07.277 [info] > git status -z -uall [51ms]
2023-03-20 09:51:12.295 [info] > git for-each-ref --format=%(refname)%00%(upstream:short)%00%(objectname)%00%(upstream:track)%00%(upstream:remotename)%00%(upstream:remoteref) refs/heads/main refs/remotes/main [2ms]
2023-03-20 09:51:12.342 [info] > git status -z -uall [43ms]
2023-03-20 09:51:17.361 [info] > git for-each-ref --format=%(refname)%00%(upstream:short)%00%(objectname)%00%(upstream:track)%00%(upstream:remotename)%00%(upstream:remoteref) refs/heads/main refs/remotes/main [3ms]
2023-03-20 09:51:17.409 [info] > git status -z -uall [43ms]
2023-03-20 09:51:22.428 [info] > git for-each-ref --format=%(refname)%00%(upstream:short)%00%(objectname)%00%(upstream:track)%00%(upstream:remotename)%00%(upstream:remoteref) refs/heads/main refs/remotes/main [3ms]
2023-03-20 09:51:22.474 [info] > git status -z -uall [41ms]
2023-03-20 09:51:27.489 [info] > git for-each-ref --format=%(refname)%00%(upstream:short)%00%(objectname)%00%(upstream:track)%00%(upstream:remotename)%00%(upstream:remoteref) refs/heads/main refs/remotes/main [2ms]
2023-03-20 09:51:27.538 [info] > git status -z -uall [44ms]
2023-03-20 09:51:32.557 [info] > git for-each-ref --format=%(refname)%00%(upstream:short)%00%(objectname)%00%(upstream:track)%00%(upstream:remotename)%00%(upstream:remoteref) refs/heads/main refs/remotes/main [5ms]
2023-03-20 09:51:32.612 [info] > git status -z -uall [50ms]
2023-03-20 09:51:37.631 [info] > git for-each-ref --format=%(refname)%00%(upstream:short)%00%(objectname)%00%(upstream:track)%00%(upstream:remotename)%00%(upstream:remoteref) refs/heads/main refs/remotes/main [3ms]
2023-03-20 09:51:37.683 [info] > git status -z -uall [47ms]
2023-03-20 09:51:42.706 [info] > git for-each-ref --format=%(refname)%00%(upstream:short)%00%(objectname)%00%(upstream:track)%00%(upstream:remotename)%00%(upstream:remoteref) refs/heads/main refs/remotes/main [4ms]
2023-03-20 09:51:42.754 [info] > git status -z -uall [42ms]
2023-03-20 09:51:47.772 [info] > git for-each-ref --format=%(refname)%00%(upstream:short)%00%(objectname)%00%(upstream:track)%00%(upstream:remotename)%00%(upstream:remoteref) refs/heads/main refs/remotes/main [4ms]
2023-03-20 09:51:47.820 [info] > git status -z -uall [43ms]
2023-03-20 09:51:52.838 [info] > git for-each-ref --format=%(refname)%00%(upstream:short)%00%(objectname)%00%(upstream:track)%00%(upstream:remotename)%00%(upstream:remoteref) refs/heads/main refs/remotes/main [2ms]
2023-03-20 09:51:52.886 [info] > git status -z -uall [44ms]
2023-03-20 09:51:57.910 [info] > git for-each-ref --format=%(refname)%00%(upstream:short)%00%(objectname)%00%(upstream:track)%00%(upstream:remotename)%00%(upstream:remoteref) refs/heads/main refs/remotes/main [3ms]
2023-03-20 09:51:57.962 [info] > git status -z -uall [47ms]
2023-03-20 09:52:02.983 [info] > git for-each-ref --format=%(refname)%00%(upstream:short)%00%(objectname)%00%(upstream:track)%00%(upstream:remotename)%00%(upstream:remoteref) refs/heads/main refs/remotes/main [4ms]
2023-03-20 09:52:03.032 [info] > git status -z -uall [42ms]
2023-03-20 09:52:08.052 [info] > git for-each-ref --format=%(refname)%00%(upstream:short)%00%(objectname)%00%(upstream:track)%00%(upstream:remotename)%00%(upstream:remoteref) refs/heads/main refs/remotes/main [3ms]
2023-03-20 09:52:08.103 [info] > git status -z -uall [46ms]
2023-03-20 09:52:13.119 [info] > git for-each-ref --format=%(refname)%00%(upstream:short)%00%(objectname)%00%(upstream:track)%00%(upstream:remotename)%00%(upstream:remoteref) refs/heads/main refs/remotes/main [3ms]
2023-03-20 09:52:13.167 [info] > git status -z -uall [43ms]
2023-03-20 09:52:18.190 [info] > git for-each-ref --format=%(refname)%00%(upstream:short)%00%(objectname)%00%(upstream:track)%00%(upstream:remotename)%00%(upstream:remoteref) refs/heads/main refs/remotes/main [3ms]
2023-03-20 09:52:18.238 [info] > git status -z -uall [44ms]
2023-03-20 09:52:23.256 [info] > git for-each-ref --format=%(refname)%00%(upstream:short)%00%(objectname)%00%(upstream:track)%00%(upstream:remotename)%00%(upstream:remoteref) refs/heads/main refs/remotes/main [3ms]
2023-03-20 09:52:23.303 [info] > git status -z -uall [41ms]
2023-03-20 09:52:28.324 [info] > git for-each-ref --format=%(refname)%00%(upstream:short)%00%(objectname)%00%(upstream:track)%00%(upstream:remotename)%00%(upstream:remoteref) refs/heads/main refs/remotes/main [3ms]
2023-03-20 09:52:28.377 [info] > git status -z -uall [42ms]
2023-03-20 09:52:33.396 [info] > git for-each-ref --format=%(refname)%00%(upstream:short)%00%(objectname)%00%(upstream:track)%00%(upstream:remotename)%00%(upstream:remoteref) refs/heads/main refs/remotes/main [2ms]
2023-03-20 09:52:33.446 [info] > git status -z -uall [44ms]
2023-03-20 09:52:38.464 [info] > git for-each-ref --format=%(refname)%00%(upstream:short)%00%(objectname)%00%(upstream:track)%00%(upstream:remotename)%00%(upstream:remoteref) refs/heads/main refs/remotes/main [3ms]
2023-03-20 09:52:38.509 [info] > git status -z -uall [39ms]
2023-03-20 09:52:43.526 [info] > git for-each-ref --format=%(refname)%00%(upstream:short)%00%(objectname)%00%(upstream:track)%00%(upstream:remotename)%00%(upstream:remoteref) refs/heads/main refs/remotes/main [4ms]
2023-03-20 09:52:43.573 [info] > git status -z -uall [41ms]
2023-03-20 09:52:48.590 [info] > git for-each-ref --format=%(refname)%00%(upstream:short)%00%(objectname)%00%(upstream:track)%00%(upstream:remotename)%00%(upstream:remoteref) refs/heads/main refs/remotes/main [2ms]
2023-03-20 09:52:48.640 [info] > git status -z -uall [42ms]
2023-03-20 09:53:50.239 [info] > git for-each-ref --format=%(refname)%00%(upstream:short)%00%(objectname)%00%(upstream:track)%00%(upstream:remotename)%00%(upstream:remoteref) refs/heads/main refs/remotes/main [3ms]
2023-03-20 09:53:50.288 [info] > git status -z -uall [44ms]
2023-03-20 09:54:50.739 [info] > git for-each-ref --format=%(refname)%00%(upstream:short)%00%(objectname)%00%(upstream:track)%00%(upstream:remotename)%00%(upstream:remoteref) refs/heads/main refs/remotes/main [4ms]
2023-03-20 09:54:50.786 [info] > git status -z -uall [43ms]
2023-03-20 09:55:50.733 [info] > git for-each-ref --format=%(refname)%00%(upstream:short)%00%(objectname)%00%(upstream:track)%00%(upstream:remotename)%00%(upstream:remoteref) refs/heads/main refs/remotes/main [3ms]
2023-03-20 09:55:50.780 [info] > git status -z -uall [42ms]
2023-03-20 09:56:50.747 [info] > git for-each-ref --format=%(refname)%00%(upstream:short)%00%(objectname)%00%(upstream:track)%00%(upstream:remotename)%00%(upstream:remoteref) refs/heads/main refs/remotes/main [2ms]
2023-03-20 09:56:50.792 [info] > git status -z -uall [41ms]
2023-03-20 09:57:50.685 [info] > git for-each-ref --format=%(refname)%00%(upstream:short)%00%(objectname)%00%(upstream:track)%00%(upstream:remotename)%00%(upstream:remoteref) refs/heads/main refs/remotes/main [4ms]
2023-03-20 09:57:50.732 [info] > git status -z -uall [43ms]
2023-03-20 09:58:50.693 [info] > git for-each-ref --format=%(refname)%00%(upstream:short)%00%(objectname)%00%(upstream:track)%00%(upstream:remotename)%00%(upstream:remoteref) refs/heads/main refs/remotes/main [7ms]
2023-03-20 09:58:50.741 [info] > git status -z -uall [42ms]
2023-03-20 09:59:50.697 [info] > git for-each-ref --format=%(refname)%00%(upstream:short)%00%(objectname)%00%(upstream:track)%00%(upstream:remotename)%00%(upstream:remoteref) refs/heads/main refs/remotes/main [2ms]
2023-03-20 09:59:50.744 [info] > git status -z -uall [43ms]
2023-03-20 10:00:50.716 [info] > git for-each-ref --format=%(refname)%00%(upstream:short)%00%(objectname)%00%(upstream:track)%00%(upstream:remotename)%00%(upstream:remoteref) refs/heads/main refs/remotes/main [2ms]
2023-03-20 10:00:50.765 [info] > git status -z -uall [43ms]
2023-03-20 10:01:50.679 [info] > git for-each-ref --format=%(refname)%00%(upstream:short)%00%(objectname)%00%(upstream:track)%00%(upstream:remotename)%00%(upstream:remoteref) refs/heads/main refs/remotes/main [2ms]
2023-03-20 10:01:50.728 [info] > git status -z -uall [43ms]
2023-03-20 10:02:50.637 [info] > git for-each-ref --format=%(refname)%00%(upstream:short)%00%(objectname)%00%(upstream:track)%00%(upstream:remotename)%00%(upstream:remoteref) refs/heads/main refs/remotes/main [4ms]
2023-03-20 10:02:50.735 [info] > git status -z -uall [89ms]
2023-03-20 10:03:50.644 [info] > git for-each-ref --format=%(refname)%00%(upstream:short)%00%(objectname)%00%(upstream:track)%00%(upstream:remotename)%00%(upstream:remoteref) refs/heads/main refs/remotes/main [3ms]
2023-03-20 10:03:50.694 [info] > git status -z -uall [45ms]
2023-03-20 10:04:50.632 [info] > git for-each-ref --format=%(refname)%00%(upstream:short)%00%(objectname)%00%(upstream:track)%00%(upstream:remotename)%00%(upstream:remoteref) refs/heads/main refs/remotes/main [3ms]
2023-03-20 10:04:50.679 [info] > git status -z -uall [42ms]
2023-03-20 10:05:50.627 [info] > git for-each-ref --format=%(refname)%00%(upstream:short)%00%(objectname)%00%(upstream:track)%00%(upstream:remotename)%00%(upstream:remoteref) refs/heads/main refs/remotes/main [3ms]
2023-03-20 10:05:50.674 [info] > git status -z -uall [41ms]
2023-03-20 10:06:50.649 [info] > git for-each-ref --format=%(refname)%00%(upstream:short)%00%(objectname)%00%(upstream:track)%00%(upstream:remotename)%00%(upstream:remoteref) refs/heads/main refs/remotes/main [2ms]
2023-03-20 10:06:50.697 [info] > git status -z -uall [43ms]
2023-03-20 10:07:50.709 [info] > git for-each-ref --format=%(refname)%00%(upstream:short)%00%(objectname)%00%(upstream:track)%00%(upstream:remotename)%00%(upstream:remoteref) refs/heads/main refs/remotes/main [4ms]
2023-03-20 10:07:50.757 [info] > git status -z -uall [43ms]
2023-03-20 10:08:50.660 [info] > git for-each-ref --format=%(refname)%00%(upstream:short)%00%(objectname)%00%(upstream:track)%00%(upstream:remotename)%00%(upstream:remoteref) refs/heads/main refs/remotes/main [5ms]
2023-03-20 10:08:50.712 [info] > git status -z -uall [46ms]
2023-03-20 10:09:29.742 [info] > git show --textconv :Testing/javascript2.js [24ms]
2023-03-20 10:09:29.745 [info] > git ls-files --stage -- /web/users/projects/202223/quicknotes/Testing/javascript2.js [14ms]
2023-03-20 10:09:29.773 [info] > git cat-file -s 85db5a6dc1a683da3425e3ba91076238eaaeba45 [15ms]
2023-03-20 10:09:43.020 [info] > git for-each-ref --format=%(refname)%00%(upstream:short)%00%(objectname)%00%(upstream:track)%00%(upstream:remotename)%00%(upstream:remoteref) refs/heads/main refs/remotes/main [4ms]
2023-03-20 10:09:43.068 [info] > git status -z -uall [42ms]
2023-03-20 10:09:45.501 [info] > git show --textconv :Testing/stylecolumn.css [13ms]
2023-03-20 10:09:45.506 [info] > git ls-files --stage -- /web/users/projects/202223/quicknotes/Testing/stylecolumn.css [6ms]
2023-03-20 10:09:45.512 [info] > git cat-file -s 00171f334c8216d6b6f3c4589aa77919f427cf22 [1ms]
2023-03-20 10:09:47.625 [info] > git show --textconv :Testing/style2.css [13ms]
2023-03-20 10:09:47.627 [info] > git ls-files --stage -- /web/users/projects/202223/quicknotes/Testing/style2.css [8ms]
2023-03-20 10:09:47.633 [info] > git cat-file -s 13aa6fac6f3faf597ffb777264b643e70e4c217a [2ms]
2023-03-20 10:09:48.087 [info] > git for-each-ref --format=%(refname)%00%(upstream:short)%00%(objectname)%00%(upstream:track)%00%(upstream:remotename)%00%(upstream:remoteref) refs/heads/main refs/remotes/main [3ms]
2023-03-20 10:09:48.134 [info] > git status -z -uall [42ms]
2023-03-20 10:09:53.155 [info] > git for-each-ref --format=%(refname)%00%(upstream:short)%00%(objectname)%00%(upstream:track)%00%(upstream:remotename)%00%(upstream:remoteref) refs/heads/main refs/remotes/main [4ms]
2023-03-20 10:09:53.204 [info] > git status -z -uall [44ms]
2023-03-20 10:10:03.175 [info] > git show --textconv :Testing/search.php [10ms]
2023-03-20 10:10:03.181 [info] > git ls-files --stage -- /web/users/projects/202223/quicknotes/Testing/search.php [6ms]
2023-03-20 10:10:03.190 [info] > git cat-file -s 49dd22d3ae7c8fc4f40ae5d263e5a2c0827cd735 [2ms]
2023-03-20 10:17:41.556 [info] > git for-each-ref --format=%(refname)%00%(upstream:short)%00%(objectname)%00%(upstream:track)%00%(upstream:remotename)%00%(upstream:remoteref) refs/heads/main refs/remotes/main [4ms]
2023-03-20 10:17:41.606 [info] > git status -z -uall [45ms]
2023-03-20 10:17:46.626 [info] > git for-each-ref --format=%(refname)%00%(upstream:short)%00%(objectname)%00%(upstream:track)%00%(upstream:remotename)%00%(upstream:remoteref) refs/heads/main refs/remotes/main [3ms]
2023-03-20 10:17:46.674 [info] > git status -z -uall [43ms]
2023-03-20 10:18:06.299 [info] > git for-each-ref --format=%(refname)%00%(upstream:short)%00%(objectname)%00%(upstream:track)%00%(upstream:remotename)%00%(upstream:remoteref) refs/heads/main refs/remotes/main [3ms]
2023-03-20 10:18:06.347 [info] > git status -z -uall [42ms]
2023-03-20 10:22:59.319 [info] > git show --textconv :style.css [17ms]
2023-03-20 10:22:59.326 [info] > git ls-files --stage -- /web/users/projects/202223/quicknotes/style.css [13ms]
2023-03-20 10:22:59.525 [info] > git check-ignore -v -z --stdin [8ms]
2023-03-20 10:23:24.934 [info] > git for-each-ref --format=%(refname)%00%(upstream:short)%00%(objectname)%00%(upstream:track)%00%(upstream:remotename)%00%(upstream:remoteref) refs/heads/main refs/remotes/main [3ms]
2023-03-20 10:23:24.983 [info] > git status -z -uall [44ms]
2023-03-20 10:23:30.002 [info] > git for-each-ref --format=%(refname)%00%(upstream:short)%00%(objectname)%00%(upstream:track)%00%(upstream:remotename)%00%(upstream:remoteref) refs/heads/main refs/remotes/main [2ms]
2023-03-20 10:23:30.052 [info] > git status -z -uall [45ms]
2023-03-20 10:23:35.184 [info] > git for-each-ref --format=%(refname)%00%(upstream:short)%00%(objectname)%00%(upstream:track)%00%(upstream:remotename)%00%(upstream:remoteref) refs/heads/main refs/remotes/main [3ms]
2023-03-20 10:23:35.234 [info] > git status -z -uall [44ms]
2023-03-20 10:24:12.863 [info] > git for-each-ref --format=%(refname)%00%(upstream:short)%00%(objectname)%00%(upstream:track)%00%(upstream:remotename)%00%(upstream:remoteref) refs/heads/main refs/remotes/main [4ms]
2023-03-20 10:24:12.913 [info] > git status -z -uall [44ms]
2023-03-20 10:24:17.932 [info] > git for-each-ref --format=%(refname)%00%(upstream:short)%00%(objectname)%00%(upstream:track)%00%(upstream:remotename)%00%(upstream:remoteref) refs/heads/main refs/remotes/main [4ms]
2023-03-20 10:24:17.982 [info] > git status -z -uall [45ms]
2023-03-20 10:24:40.611 [info] > git show --textconv :Testing/stylecoulmn2.css [13ms]
2023-03-20 10:24:40.617 [info] > git ls-files --stage -- /web/users/projects/202223/quicknotes/Testing/stylecoulmn2.css [10ms]
2023-03-20 10:24:40.625 [info] > git cat-file -s 580a9e21dcda83895e74a09b7e800bbc22a6bcf9 [1ms]
2023-03-20 10:26:44.430 [info] > git for-each-ref --format=%(refname)%00%(upstream:short)%00%(objectname)%00%(upstream:track)%00%(upstream:remotename)%00%(upstream:remoteref) refs/heads/main refs/remotes/main [32ms]
2023-03-20 10:26:44.525 [info] > git status -z -uall [64ms]
2023-03-20 10:26:49.542 [info] > git for-each-ref --format=%(refname)%00%(upstream:short)%00%(objectname)%00%(upstream:track)%00%(upstream:remotename)%00%(upstream:remoteref) refs/heads/main refs/remotes/main [6ms]
2023-03-20 10:26:49.627 [info] > git status -z -uall [77ms]
2023-03-20 10:26:54.648 [info] > git for-each-ref --format=%(refname)%00%(upstream:short)%00%(objectname)%00%(upstream:track)%00%(upstream:remotename)%00%(upstream:remoteref) refs/heads/main refs/remotes/main [4ms]
2023-03-20 10:26:54.699 [info] > git status -z -uall [44ms]
2023-03-20 10:27:13.389 [info] > git show --textconv :README.md [30ms]
2023-03-20 10:27:13.390 [info] > git ls-files --stage -- /web/users/projects/202223/quicknotes/README.md [24ms]
2023-03-20 10:27:13.400 [info] > git cat-file -s 9132a107394edc259ecf5c0fe55b8ca4de8cf4b5 [5ms]
2023-03-20 10:27:20.962 [info] > git show --textconv :.wget-hsts [10ms]
2023-03-20 10:27:20.974 [info] > git ls-files --stage -- /web/users/projects/202223/quicknotes/.wget-hsts [12ms]
2023-03-20 10:27:20.982 [info] > git cat-file -s ed333fb828fdecd39da102ae211160a538b85c49 [2ms]
2023-03-20 10:27:24.968 [info] > git show --textconv :.bash_history [14ms]
2023-03-20 10:27:24.970 [info] > git ls-files --stage -- /web/users/projects/202223/quicknotes/.bash_history [7ms]
2023-03-20 10:27:24.976 [info] > git cat-file -s 4b34f4657953b84397c9883094e09123498618cc [2ms]
2023-03-20 10:27:26.255 [info] > git show --textconv :Testing/stylecoulmn2.css [11ms]
2023-03-20 10:27:26.260 [info] > git ls-files --stage -- /web/users/projects/202223/quicknotes/Testing/stylecoulmn2.css [6ms]
2023-03-20 10:27:26.265 [info] > git cat-file -s 580a9e21dcda83895e74a09b7e800bbc22a6bcf9 [1ms]
2023-03-20 10:28:12.861 [info] > git for-each-ref --format=%(refname)%00%(upstream:short)%00%(objectname)%00%(upstream:track)%00%(upstream:remotename)%00%(upstream:remoteref) refs/heads/main refs/remotes/main [3ms]
2023-03-20 10:28:12.911 [info] > git status -z -uall [43ms]
2023-03-20 10:28:17.950 [info] > git for-each-ref --format=%(refname)%00%(upstream:short)%00%(objectname)%00%(upstream:track)%00%(upstream:remotename)%00%(upstream:remoteref) refs/heads/main refs/remotes/main [2ms]
2023-03-20 10:28:17.996 [info] > git status -z -uall [41ms]
2023-03-20 10:28:23.918 [info] > git log --oneline --cherry main...main@{upstream} -- [198ms]
2023-03-20 10:28:23.930 [info] > git pull --tags origin main [4ms]
2023-03-20 10:28:23.930 [info] error: You have not concluded your merge (MERGE_HEAD exists).
hint: Please, commit your changes before merging.
fatal: Exiting because of unfinished merge.
2023-03-20 10:28:23.939 [info] > git for-each-ref --format=%(refname)%00%(upstream:short)%00%(objectname)%00%(upstream:track)%00%(upstream:remotename)%00%(upstream:remoteref) refs/heads/main refs/remotes/main [3ms]
2023-03-20 10:28:23.985 [info] > git status -z -uall [40ms]
2023-03-20 10:28:33.265 [info] > git for-each-ref --format=%(refname)%00%(upstream:short)%00%(objectname)%00%(upstream:track)%00%(upstream:remotename)%00%(upstream:remoteref) refs/heads/main refs/remotes/main [5ms]
2023-03-20 10:28:33.313 [info] > git status -z -uall [42ms]
2023-03-20 10:28:34.404 [info] > git check-ignore -v -z --stdin [12ms]
2023-03-20 10:28:35.738 [info] > git check-ignore -v -z --stdin [13ms]
2023-03-20 10:28:38.485 [info] > git -c user.useConfigOnly=true commit --quiet --allow-empty-message --file - [34ms]
2023-03-20 10:28:38.485 [info] 
*** Please tell me who you are.

Run

  git config --global user.email "you@example.com"
  git config --global user.name "Your Name"

to set your account's default identity.
Omit --global to set the identity only in this repository.

fatal: no email was given and auto-detection is disabled
2023-03-20 10:28:38.492 [info] > git config --get-all user.name [2ms]
2023-03-20 10:28:38.499 [info] > git for-each-ref --format=%(refname)%00%(upstream:short)%00%(objectname)%00%(upstream:track)%00%(upstream:remotename)%00%(upstream:remoteref) refs/heads/main refs/remotes/main [2ms]
2023-03-20 10:28:38.542 [info] > git status -z -uall [38ms]
2023-03-20 10:28:40.105 [info] > git ls-files --stage -- /web/users/projects/202223/quicknotes/Testing/stylecolumn.css [20ms]
2023-03-20 10:28:40.118 [info] > git ls-files --stage -- /web/users/projects/202223/quicknotes/Testing/javascript2.js [44ms]
2023-03-20 10:28:40.123 [info] > git ls-files --stage -- /web/users/projects/202223/quicknotes/Testing/main.php [57ms]
2023-03-20 10:28:40.128 [info] > git ls-files --stage -- /web/users/projects/202223/quicknotes/QN/contactpage2.php [73ms]
2023-03-20 10:28:40.133 [info] > git cat-file -s ce3410328dec40a61ec965eb77b74327433d216e [5ms]
2023-03-20 10:28:40.134 [info] > git cat-file -s 85db5a6dc1a683da3425e3ba91076238eaaeba45 [11ms]
2023-03-20 10:28:40.134 [info] > git cat-file -s 00171f334c8216d6b6f3c4589aa77919f427cf22 [16ms]
2023-03-20 10:28:40.135 [info] > git ls-files --stage -- /web/users/projects/202223/quicknotes/Testing/stylecoulmn2.css [32ms]
2023-03-20 10:28:40.140 [info] > git ls-files --stage -- /web/users/projects/202223/quicknotes/Testing/style2.css [45ms]
2023-03-20 10:28:40.145 [info] > git cat-file -s 580a9e21dcda83895e74a09b7e800bbc22a6bcf9 [6ms]
2023-03-20 10:28:40.145 [info] > git cat-file -s 8325b5ae0ad8c3ca81cb1f266c6c118dc598b325 [13ms]
2023-03-20 10:28:40.148 [info] > git cat-file -s 13aa6fac6f3faf597ffb777264b643e70e4c217a [4ms]
2023-03-20 10:28:40.176 [info] > git show --textconv :Testing/main.php [14ms]
2023-03-20 10:28:40.176 [info] > git show --textconv :Testing/javascript2.js [7ms]
2023-03-20 10:28:40.204 [info] > git show --textconv :Testing/stylecolumn.css [29ms]
2023-03-20 10:28:40.204 [info] > git show --textconv :Testing/stylecoulmn2.css [19ms]
2023-03-20 10:28:40.206 [info] > git show --textconv :QN/contactpage2.php [15ms]
2023-03-20 10:28:40.221 [info] > git show --textconv :Testing/style2.css [23ms]
2023-03-20 10:28:40.290 [info] > git for-each-ref --format=%(refname)%00%(upstream:short)%00%(objectname)%00%(upstream:track)%00%(upstream:remotename)%00%(upstream:remoteref) refs/heads/main refs/remotes/main [1ms]
2023-03-20 10:28:40.338 [info] > git status -z -uall [44ms]
2023-03-20 10:28:45.354 [info] > git for-each-ref --format=%(refname)%00%(upstream:short)%00%(objectname)%00%(upstream:track)%00%(upstream:remotename)%00%(upstream:remoteref) refs/heads/main refs/remotes/main [2ms]
2023-03-20 10:28:45.403 [info] > git status -z -uall [44ms]
2023-03-20 10:28:50.424 [info] > git for-each-ref --format=%(refname)%00%(upstream:short)%00%(objectname)%00%(upstream:track)%00%(upstream:remotename)%00%(upstream:remoteref) refs/heads/main refs/remotes/main [6ms]
2023-03-20 10:28:50.492 [info] > git status -z -uall [57ms]
2023-03-20 10:28:55.521 [info] > git for-each-ref --format=%(refname)%00%(upstream:short)%00%(objectname)%00%(upstream:track)%00%(upstream:remotename)%00%(upstream:remoteref) refs/heads/main refs/remotes/main [5ms]
2023-03-20 10:28:55.589 [info] > git status -z -uall [59ms]
2023-03-20 10:31:24.851 [info] > git for-each-ref --format=%(refname)%00%(upstream:short)%00%(objectname)%00%(upstream:track)%00%(upstream:remotename)%00%(upstream:remoteref) refs/heads/main refs/remotes/main [4ms]
2023-03-20 10:31:24.910 [info] > git status -z -uall [54ms]
2023-03-20 10:31:29.930 [info] > git for-each-ref --format=%(refname)%00%(upstream:short)%00%(objectname)%00%(upstream:track)%00%(upstream:remotename)%00%(upstream:remoteref) refs/heads/main refs/remotes/main [3ms]
2023-03-20 10:31:29.979 [info] > git status -z -uall [42ms]
2023-03-20 10:32:16.676 [info] > git for-each-ref --format=%(refname)%00%(upstream:short)%00%(objectname)%00%(upstream:track)%00%(upstream:remotename)%00%(upstream:remoteref) refs/heads/main refs/remotes/main [3ms]
2023-03-20 10:32:16.725 [info] > git status -z -uall [44ms]
2023-03-20 10:32:21.747 [info] > git for-each-ref --format=%(refname)%00%(upstream:short)%00%(objectname)%00%(upstream:track)%00%(upstream:remotename)%00%(upstream:remoteref) refs/heads/main refs/remotes/main [3ms]
2023-03-20 10:32:21.794 [info] > git status -z -uall [41ms]
2023-03-20 10:32:26.832 [info] > git for-each-ref --format=%(refname)%00%(upstream:short)%00%(objectname)%00%(upstream:track)%00%(upstream:remotename)%00%(upstream:remoteref) refs/heads/main refs/remotes/main [3ms]
2023-03-20 10:32:26.879 [info] > git status -z -uall [42ms]
2023-03-20 10:32:31.905 [info] > git for-each-ref --format=%(refname)%00%(upstream:short)%00%(objectname)%00%(upstream:track)%00%(upstream:remotename)%00%(upstream:remoteref) refs/heads/main refs/remotes/main [8ms]
2023-03-20 10:32:32.004 [info] > git status -z -uall [89ms]
2023-03-20 10:32:37.022 [info] > git for-each-ref --format=%(refname)%00%(upstream:short)%00%(objectname)%00%(upstream:track)%00%(upstream:remotename)%00%(upstream:remoteref) refs/heads/main refs/remotes/main [3ms]
2023-03-20 10:32:37.070 [info] > git status -z -uall [43ms]
2023-03-20 10:32:42.086 [info] > git for-each-ref --format=%(refname)%00%(upstream:short)%00%(objectname)%00%(upstream:track)%00%(upstream:remotename)%00%(upstream:remoteref) refs/heads/main refs/remotes/main [2ms]
2023-03-20 10:32:42.133 [info] > git status -z -uall [42ms]
2023-03-20 10:32:47.153 [info] > git for-each-ref --format=%(refname)%00%(upstream:short)%00%(objectname)%00%(upstream:track)%00%(upstream:remotename)%00%(upstream:remoteref) refs/heads/main refs/remotes/main [3ms]
2023-03-20 10:32:47.199 [info] > git status -z -uall [41ms]
2023-03-20 10:32:52.221 [info] > git for-each-ref --format=%(refname)%00%(upstream:short)%00%(objectname)%00%(upstream:track)%00%(upstream:remotename)%00%(upstream:remoteref) refs/heads/main refs/remotes/main [4ms]
2023-03-20 10:32:52.272 [info] > git status -z -uall [44ms]
2023-03-20 10:32:57.291 [info] > git for-each-ref --format=%(refname)%00%(upstream:short)%00%(objectname)%00%(upstream:track)%00%(upstream:remotename)%00%(upstream:remoteref) refs/heads/main refs/remotes/main [2ms]
2023-03-20 10:32:57.340 [info] > git status -z -uall [43ms]
2023-03-20 10:33:02.364 [info] > git for-each-ref --format=%(refname)%00%(upstream:short)%00%(objectname)%00%(upstream:track)%00%(upstream:remotename)%00%(upstream:remoteref) refs/heads/main refs/remotes/main [4ms]
2023-03-20 10:33:02.414 [info] > git status -z -uall [44ms]
2023-03-20 10:33:07.429 [info] > git for-each-ref --format=%(refname)%00%(upstream:short)%00%(objectname)%00%(upstream:track)%00%(upstream:remotename)%00%(upstream:remoteref) refs/heads/main refs/remotes/main [2ms]
2023-03-20 10:33:07.476 [info] > git status -z -uall [41ms]
2023-03-20 10:33:12.496 [info] > git for-each-ref --format=%(refname)%00%(upstream:short)%00%(objectname)%00%(upstream:track)%00%(upstream:remotename)%00%(upstream:remoteref) refs/heads/main refs/remotes/main [3ms]
2023-03-20 10:33:12.544 [info] > git status -z -uall [43ms]
2023-03-20 10:33:17.564 [info] > git for-each-ref --format=%(refname)%00%(upstream:short)%00%(objectname)%00%(upstream:track)%00%(upstream:remotename)%00%(upstream:remoteref) refs/heads/main refs/remotes/main [3ms]
2023-03-20 10:33:17.611 [info] > git status -z -uall [41ms]
2023-03-20 10:33:22.630 [info] > git for-each-ref --format=%(refname)%00%(upstream:short)%00%(objectname)%00%(upstream:track)%00%(upstream:remotename)%00%(upstream:remoteref) refs/heads/main refs/remotes/main [4ms]
2023-03-20 10:33:22.677 [info] > git status -z -uall [42ms]
2023-03-20 10:33:27.698 [info] > git for-each-ref --format=%(refname)%00%(upstream:short)%00%(objectname)%00%(upstream:track)%00%(upstream:remotename)%00%(upstream:remoteref) refs/heads/main refs/remotes/main [2ms]
2023-03-20 10:33:27.745 [info] > git status -z -uall [42ms]
2023-03-20 10:33:36.510 [info] > git for-each-ref --format=%(refname)%00%(upstream:short)%00%(objectname)%00%(upstream:track)%00%(upstream:remotename)%00%(upstream:remoteref) refs/heads/main refs/remotes/main [7ms]
2023-03-20 10:33:36.563 [info] > git status -z -uall [47ms]
2023-03-20 10:33:41.582 [info] > git for-each-ref --format=%(refname)%00%(upstream:short)%00%(objectname)%00%(upstream:track)%00%(upstream:remotename)%00%(upstream:remoteref) refs/heads/main refs/remotes/main [4ms]
2023-03-20 10:33:41.630 [info] > git status -z -uall [43ms]
2023-03-20 10:33:46.652 [info] > git for-each-ref --format=%(refname)%00%(upstream:short)%00%(objectname)%00%(upstream:track)%00%(upstream:remotename)%00%(upstream:remoteref) refs/heads/main refs/remotes/main [5ms]
2023-03-20 10:33:46.702 [info] > git status -z -uall [43ms]
2023-03-20 10:33:51.724 [info] > git for-each-ref --format=%(refname)%00%(upstream:short)%00%(objectname)%00%(upstream:track)%00%(upstream:remotename)%00%(upstream:remoteref) refs/heads/main refs/remotes/main [5ms]
2023-03-20 10:33:51.772 [info] > git status -z -uall [43ms]
2023-03-20 10:33:56.790 [info] > git for-each-ref --format=%(refname)%00%(upstream:short)%00%(objectname)%00%(upstream:track)%00%(upstream:remotename)%00%(upstream:remoteref) refs/heads/main refs/remotes/main [3ms]
2023-03-20 10:33:56.838 [info] > git status -z -uall [41ms]
2023-03-20 10:34:01.862 [info] > git for-each-ref --format=%(refname)%00%(upstream:short)%00%(objectname)%00%(upstream:track)%00%(upstream:remotename)%00%(upstream:remoteref) refs/heads/main refs/remotes/main [3ms]
2023-03-20 10:34:01.921 [info] > git status -z -uall [42ms]
2023-03-20 10:34:06.940 [info] > git for-each-ref --format=%(refname)%00%(upstream:short)%00%(objectname)%00%(upstream:track)%00%(upstream:remotename)%00%(upstream:remoteref) refs/heads/main refs/remotes/main [3ms]
2023-03-20 10:34:06.985 [info] > git status -z -uall [39ms]
2023-03-20 10:34:12.005 [info] > git for-each-ref --format=%(refname)%00%(upstream:short)%00%(objectname)%00%(upstream:track)%00%(upstream:remotename)%00%(upstream:remoteref) refs/heads/main refs/remotes/main [4ms]
2023-03-20 10:34:12.054 [info] > git status -z -uall [43ms]
2023-03-20 10:34:17.074 [info] > git for-each-ref --format=%(refname)%00%(upstream:short)%00%(objectname)%00%(upstream:track)%00%(upstream:remotename)%00%(upstream:remoteref) refs/heads/main refs/remotes/main [3ms]
2023-03-20 10:34:17.122 [info] > git status -z -uall [42ms]
2023-03-20 10:34:22.144 [info] > git for-each-ref --format=%(refname)%00%(upstream:short)%00%(objectname)%00%(upstream:track)%00%(upstream:remotename)%00%(upstream:remoteref) refs/heads/main refs/remotes/main [5ms]
2023-03-20 10:34:22.198 [info] > git status -z -uall [44ms]
2023-03-20 10:34:27.216 [info] > git for-each-ref --format=%(refname)%00%(upstream:short)%00%(objectname)%00%(upstream:track)%00%(upstream:remotename)%00%(upstream:remoteref) refs/heads/main refs/remotes/main [4ms]
2023-03-20 10:34:27.265 [info] > git status -z -uall [43ms]
2023-03-20 10:34:32.287 [info] > git for-each-ref --format=%(refname)%00%(upstream:short)%00%(objectname)%00%(upstream:track)%00%(upstream:remotename)%00%(upstream:remoteref) refs/heads/main refs/remotes/main [3ms]
2023-03-20 10:34:32.335 [info] > git status -z -uall [43ms]
2023-03-20 10:34:37.356 [info] > git for-each-ref --format=%(refname)%00%(upstream:short)%00%(objectname)%00%(upstream:track)%00%(upstream:remotename)%00%(upstream:remoteref) refs/heads/main refs/remotes/main [4ms]
2023-03-20 10:34:37.402 [info] > git status -z -uall [41ms]
2023-03-20 10:34:47.320 [info] > git for-each-ref --format=%(refname)%00%(upstream:short)%00%(objectname)%00%(upstream:track)%00%(upstream:remotename)%00%(upstream:remoteref) refs/heads/main refs/remotes/main [2ms]
2023-03-20 10:34:47.374 [info] > git status -z -uall [48ms]
2023-03-20 10:34:52.393 [info] > git for-each-ref --format=%(refname)%00%(upstream:short)%00%(objectname)%00%(upstream:track)%00%(upstream:remotename)%00%(upstream:remoteref) refs/heads/main refs/remotes/main [3ms]
2023-03-20 10:34:52.443 [info] > git status -z -uall [45ms]
2023-03-20 10:34:57.464 [info] > git for-each-ref --format=%(refname)%00%(upstream:short)%00%(objectname)%00%(upstream:track)%00%(upstream:remotename)%00%(upstream:remoteref) refs/heads/main refs/remotes/main [4ms]
2023-03-20 10:34:57.509 [info] > git status -z -uall [40ms]
2023-03-20 10:35:02.532 [info] > git for-each-ref --format=%(refname)%00%(upstream:short)%00%(objectname)%00%(upstream:track)%00%(upstream:remotename)%00%(upstream:remoteref) refs/heads/main refs/remotes/main [3ms]
2023-03-20 10:35:02.580 [info] > git status -z -uall [42ms]
2023-03-20 10:35:07.600 [info] > git for-each-ref --format=%(refname)%00%(upstream:short)%00%(objectname)%00%(upstream:track)%00%(upstream:remotename)%00%(upstream:remoteref) refs/heads/main refs/remotes/main [3ms]
2023-03-20 10:35:07.649 [info] > git status -z -uall [43ms]
2023-03-20 10:35:12.672 [info] > git for-each-ref --format=%(refname)%00%(upstream:short)%00%(objectname)%00%(upstream:track)%00%(upstream:remotename)%00%(upstream:remoteref) refs/heads/main refs/remotes/main [4ms]
2023-03-20 10:35:12.721 [info] > git status -z -uall [43ms]
2023-03-20 10:35:17.744 [info] > git for-each-ref --format=%(refname)%00%(upstream:short)%00%(objectname)%00%(upstream:track)%00%(upstream:remotename)%00%(upstream:remoteref) refs/heads/main refs/remotes/main [2ms]
2023-03-20 10:35:17.792 [info] > git status -z -uall [42ms]
2023-03-20 10:35:22.812 [info] > git for-each-ref --format=%(refname)%00%(upstream:short)%00%(objectname)%00%(upstream:track)%00%(upstream:remotename)%00%(upstream:remoteref) refs/heads/main refs/remotes/main [3ms]
2023-03-20 10:35:22.859 [info] > git status -z -uall [41ms]
2023-03-20 10:35:27.880 [info] > git for-each-ref --format=%(refname)%00%(upstream:short)%00%(objectname)%00%(upstream:track)%00%(upstream:remotename)%00%(upstream:remoteref) refs/heads/main refs/remotes/main [3ms]
2023-03-20 10:35:27.927 [info] > git status -z -uall [42ms]
2023-03-20 10:35:32.947 [info] > git for-each-ref --format=%(refname)%00%(upstream:short)%00%(objectname)%00%(upstream:track)%00%(upstream:remotename)%00%(upstream:remoteref) refs/heads/main refs/remotes/main [2ms]
2023-03-20 10:35:32.996 [info] > git status -z -uall [42ms]
2023-03-20 10:35:38.015 [info] > git for-each-ref --format=%(refname)%00%(upstream:short)%00%(objectname)%00%(upstream:track)%00%(upstream:remotename)%00%(upstream:remoteref) refs/heads/main refs/remotes/main [2ms]
2023-03-20 10:35:38.063 [info] > git status -z -uall [42ms]
2023-03-20 10:35:43.085 [info] > git for-each-ref --format=%(refname)%00%(upstream:short)%00%(objectname)%00%(upstream:track)%00%(upstream:remotename)%00%(upstream:remoteref) refs/heads/main refs/remotes/main [5ms]
2023-03-20 10:35:43.194 [info] > git status -z -uall [99ms]
2023-03-20 10:35:48.211 [info] > git for-each-ref --format=%(refname)%00%(upstream:short)%00%(objectname)%00%(upstream:track)%00%(upstream:remotename)%00%(upstream:remoteref) refs/heads/main refs/remotes/main [3ms]
2023-03-20 10:35:48.261 [info] > git status -z -uall [45ms]
2023-03-20 10:35:53.282 [info] > git for-each-ref --format=%(refname)%00%(upstream:short)%00%(objectname)%00%(upstream:track)%00%(upstream:remotename)%00%(upstream:remoteref) refs/heads/main refs/remotes/main [4ms]
2023-03-20 10:35:53.330 [info] > git status -z -uall [43ms]
2023-03-20 10:35:58.354 [info] > git for-each-ref --format=%(refname)%00%(upstream:short)%00%(objectname)%00%(upstream:track)%00%(upstream:remotename)%00%(upstream:remoteref) refs/heads/main refs/remotes/main [3ms]
2023-03-20 10:35:58.406 [info] > git status -z -uall [45ms]
2023-03-20 10:36:03.425 [info] > git for-each-ref --format=%(refname)%00%(upstream:short)%00%(objectname)%00%(upstream:track)%00%(upstream:remotename)%00%(upstream:remoteref) refs/heads/main refs/remotes/main [4ms]
2023-03-20 10:36:03.484 [info] > git status -z -uall [49ms]
2023-03-20 10:37:00.795 [info] > git for-each-ref --format=%(refname)%00%(upstream:short)%00%(objectname)%00%(upstream:track)%00%(upstream:remotename)%00%(upstream:remoteref) refs/heads/main refs/remotes/main [3ms]
2023-03-20 10:37:00.846 [info] > git status -z -uall [45ms]
2023-03-20 10:37:05.865 [info] > git for-each-ref --format=%(refname)%00%(upstream:short)%00%(objectname)%00%(upstream:track)%00%(upstream:remotename)%00%(upstream:remoteref) refs/heads/main refs/remotes/main [2ms]
2023-03-20 10:37:05.914 [info] > git status -z -uall [43ms]
2023-03-20 10:37:26.845 [info] > git for-each-ref --format=%(refname)%00%(upstream:short)%00%(objectname)%00%(upstream:track)%00%(upstream:remotename)%00%(upstream:remoteref) refs/heads/main refs/remotes/main [3ms]
2023-03-20 10:37:26.898 [info] > git status -z -uall [46ms]
2023-03-20 10:37:31.916 [info] > git for-each-ref --format=%(refname)%00%(upstream:short)%00%(objectname)%00%(upstream:track)%00%(upstream:remotename)%00%(upstream:remoteref) refs/heads/main refs/remotes/main [3ms]
2023-03-20 10:37:31.960 [info] > git status -z -uall [39ms]
2023-03-20 10:37:36.979 [info] > git for-each-ref --format=%(refname)%00%(upstream:short)%00%(objectname)%00%(upstream:track)%00%(upstream:remotename)%00%(upstream:remoteref) refs/heads/main refs/remotes/main [3ms]
2023-03-20 10:37:37.028 [info] > git status -z -uall [43ms]
2023-03-20 10:37:42.048 [info] > git for-each-ref --format=%(refname)%00%(upstream:short)%00%(objectname)%00%(upstream:track)%00%(upstream:remotename)%00%(upstream:remoteref) refs/heads/main refs/remotes/main [3ms]
2023-03-20 10:37:42.096 [info] > git status -z -uall [42ms]
2023-03-20 10:37:47.115 [info] > git for-each-ref --format=%(refname)%00%(upstream:short)%00%(objectname)%00%(upstream:track)%00%(upstream:remotename)%00%(upstream:remoteref) refs/heads/main refs/remotes/main [3ms]
2023-03-20 10:37:47.165 [info] > git status -z -uall [43ms]
2023-03-20 10:37:52.184 [info] > git for-each-ref --format=%(refname)%00%(upstream:short)%00%(objectname)%00%(upstream:track)%00%(upstream:remotename)%00%(upstream:remoteref) refs/heads/main refs/remotes/main [2ms]
2023-03-20 10:37:52.233 [info] > git status -z -uall [43ms]
2023-03-20 10:38:06.621 [info] > git for-each-ref --format=%(refname)%00%(upstream:short)%00%(objectname)%00%(upstream:track)%00%(upstream:remotename)%00%(upstream:remoteref) refs/heads/main refs/remotes/main [4ms]
2023-03-20 10:38:06.665 [info] > git status -z -uall [40ms]
2023-03-20 10:38:14.344 [info] > git for-each-ref --format=%(refname)%00%(upstream:short)%00%(objectname)%00%(upstream:track)%00%(upstream:remotename)%00%(upstream:remoteref) refs/heads/main refs/remotes/main [2ms]
2023-03-20 10:38:14.391 [info] > git status -z -uall [42ms]
2023-03-20 10:38:19.411 [info] > git for-each-ref --format=%(refname)%00%(upstream:short)%00%(objectname)%00%(upstream:track)%00%(upstream:remotename)%00%(upstream:remoteref) refs/heads/main refs/remotes/main [3ms]
2023-03-20 10:38:19.461 [info] > git status -z -uall [43ms]
2023-03-20 10:40:38.992 [info] > git for-each-ref --format=%(refname)%00%(upstream:short)%00%(objectname)%00%(upstream:track)%00%(upstream:remotename)%00%(upstream:remoteref) refs/heads/main refs/remotes/main [2ms]
2023-03-20 10:40:39.041 [info] > git status -z -uall [43ms]
2023-03-20 10:40:44.060 [info] > git for-each-ref --format=%(refname)%00%(upstream:short)%00%(objectname)%00%(upstream:track)%00%(upstream:remotename)%00%(upstream:remoteref) refs/heads/main refs/remotes/main [2ms]
2023-03-20 10:40:44.109 [info] > git status -z -uall [43ms]
2023-03-20 10:41:03.349 [info] > git for-each-ref --format=%(refname)%00%(upstream:short)%00%(objectname)%00%(upstream:track)%00%(upstream:remotename)%00%(upstream:remoteref) refs/heads/main refs/remotes/main [3ms]
2023-03-20 10:41:03.401 [info] > git status -z -uall [46ms]
2023-03-20 10:41:08.421 [info] > git for-each-ref --format=%(refname)%00%(upstream:short)%00%(objectname)%00%(upstream:track)%00%(upstream:remotename)%00%(upstream:remoteref) refs/heads/main refs/remotes/main [3ms]
2023-03-20 10:41:08.472 [info] > git status -z -uall [46ms]
2023-03-20 10:42:22.561 [info] > git for-each-ref --format=%(refname)%00%(upstream:short)%00%(objectname)%00%(upstream:track)%00%(upstream:remotename)%00%(upstream:remoteref) refs/heads/main refs/remotes/main [3ms]
2023-03-20 10:42:22.612 [info] > git status -z -uall [46ms]
2023-03-20 10:42:27.632 [info] > git for-each-ref --format=%(refname)%00%(upstream:short)%00%(objectname)%00%(upstream:track)%00%(upstream:remotename)%00%(upstream:remoteref) refs/heads/main refs/remotes/main [4ms]
2023-03-20 10:42:27.680 [info] > git status -z -uall [41ms]
2023-03-20 10:42:46.787 [info] > git for-each-ref --format=%(refname)%00%(upstream:short)%00%(objectname)%00%(upstream:track)%00%(upstream:remotename)%00%(upstream:remoteref) refs/heads/main refs/remotes/main [4ms]
2023-03-20 10:42:46.835 [info] > git status -z -uall [42ms]
2023-03-20 10:42:51.856 [info] > git for-each-ref --format=%(refname)%00%(upstream:short)%00%(objectname)%00%(upstream:track)%00%(upstream:remotename)%00%(upstream:remoteref) refs/heads/main refs/remotes/main [3ms]
2023-03-20 10:42:51.905 [info] > git status -z -uall [43ms]
2023-03-20 10:43:54.802 [info] > git for-each-ref --format=%(refname)%00%(upstream:short)%00%(objectname)%00%(upstream:track)%00%(upstream:remotename)%00%(upstream:remoteref) refs/heads/main refs/remotes/main [3ms]
2023-03-20 10:43:54.850 [info] > git status -z -uall [42ms]
2023-03-20 10:46:53.867 [info] > git for-each-ref --format=%(refname)%00%(upstream:short)%00%(objectname)%00%(upstream:track)%00%(upstream:remotename)%00%(upstream:remoteref) refs/heads/main refs/remotes/main [2ms]
2023-03-20 10:46:53.918 [info] > git status -z -uall [45ms]
2023-03-20 10:46:58.938 [info] > git for-each-ref --format=%(refname)%00%(upstream:short)%00%(objectname)%00%(upstream:track)%00%(upstream:remotename)%00%(upstream:remoteref) refs/heads/main refs/remotes/main [4ms]
2023-03-20 10:46:58.983 [info] > git status -z -uall [41ms]
2023-03-20 10:47:05.152 [info] > git for-each-ref --format=%(refname)%00%(upstream:short)%00%(objectname)%00%(upstream:track)%00%(upstream:remotename)%00%(upstream:remoteref) refs/heads/main refs/remotes/main [2ms]
2023-03-20 10:47:05.211 [info] > git status -z -uall [54ms]
2023-03-20 10:47:23.310 [info] > git for-each-ref --format=%(refname)%00%(upstream:short)%00%(objectname)%00%(upstream:track)%00%(upstream:remotename)%00%(upstream:remoteref) refs/heads/main refs/remotes/main [3ms]
2023-03-20 10:47:23.361 [info] > git status -z -uall [46ms]
2023-03-20 10:47:28.379 [info] > git for-each-ref --format=%(refname)%00%(upstream:short)%00%(objectname)%00%(upstream:track)%00%(upstream:remotename)%00%(upstream:remoteref) refs/heads/main refs/remotes/main [2ms]
2023-03-20 10:47:28.429 [info] > git status -z -uall [44ms]
2023-03-20 10:48:44.011 [info] > git for-each-ref --format=%(refname)%00%(upstream:short)%00%(objectname)%00%(upstream:track)%00%(upstream:remotename)%00%(upstream:remoteref) refs/heads/main refs/remotes/main [3ms]
2023-03-20 10:48:44.059 [info] > git status -z -uall [42ms]
2023-03-20 10:48:49.085 [info] > git for-each-ref --format=%(refname)%00%(upstream:short)%00%(objectname)%00%(upstream:track)%00%(upstream:remotename)%00%(upstream:remoteref) refs/heads/main refs/remotes/main [5ms]
2023-03-20 10:48:49.133 [info] > git status -z -uall [42ms]
2023-03-20 10:49:31.819 [info] > git for-each-ref --format=%(refname)%00%(upstream:short)%00%(objectname)%00%(upstream:track)%00%(upstream:remotename)%00%(upstream:remoteref) refs/heads/main refs/remotes/main [25ms]
2023-03-20 10:49:31.879 [info] > git status -z -uall [50ms]
2023-03-20 10:49:36.898 [info] > git for-each-ref --format=%(refname)%00%(upstream:short)%00%(objectname)%00%(upstream:track)%00%(upstream:remotename)%00%(upstream:remoteref) refs/heads/main refs/remotes/main [3ms]
2023-03-20 10:49:36.949 [info] > git status -z -uall [45ms]
2023-03-20 10:49:58.689 [info] > git for-each-ref --format=%(refname)%00%(upstream:short)%00%(objectname)%00%(upstream:track)%00%(upstream:remotename)%00%(upstream:remoteref) refs/heads/main refs/remotes/main [2ms]
2023-03-20 10:49:58.737 [info] > git status -z -uall [43ms]
2023-03-20 10:50:03.757 [info] > git for-each-ref --format=%(refname)%00%(upstream:short)%00%(objectname)%00%(upstream:track)%00%(upstream:remotename)%00%(upstream:remoteref) refs/heads/main refs/remotes/main [3ms]
2023-03-20 10:50:03.805 [info] > git status -z -uall [43ms]
2023-03-20 10:50:22.692 [info] > git for-each-ref --format=%(refname)%00%(upstream:short)%00%(objectname)%00%(upstream:track)%00%(upstream:remotename)%00%(upstream:remoteref) refs/heads/main refs/remotes/main [2ms]
2023-03-20 10:50:22.741 [info] > git status -z -uall [43ms]
2023-03-20 10:50:45.586 [info] > git for-each-ref --format=%(refname)%00%(upstream:short)%00%(objectname)%00%(upstream:track)%00%(upstream:remotename)%00%(upstream:remoteref) refs/heads/main refs/remotes/main [10ms]
2023-03-20 10:50:45.636 [info] > git status -z -uall [44ms]
2023-03-20 10:51:28.822 [info] > git for-each-ref --format=%(refname)%00%(upstream:short)%00%(objectname)%00%(upstream:track)%00%(upstream:remotename)%00%(upstream:remoteref) refs/heads/main refs/remotes/main [48ms]
2023-03-20 10:51:28.881 [info] > git status -z -uall [48ms]
2023-03-20 10:51:33.901 [info] > git for-each-ref --format=%(refname)%00%(upstream:short)%00%(objectname)%00%(upstream:track)%00%(upstream:remotename)%00%(upstream:remoteref) refs/heads/main refs/remotes/main [3ms]
2023-03-20 10:51:33.951 [info] > git status -z -uall [44ms]
2023-03-20 10:51:53.289 [info] > git for-each-ref --format=%(refname)%00%(upstream:short)%00%(objectname)%00%(upstream:track)%00%(upstream:remotename)%00%(upstream:remoteref) refs/heads/main refs/remotes/main [4ms]
2023-03-20 10:51:53.339 [info] > git status -z -uall [43ms]
2023-03-20 10:51:58.363 [info] > git for-each-ref --format=%(refname)%00%(upstream:short)%00%(objectname)%00%(upstream:track)%00%(upstream:remotename)%00%(upstream:remoteref) refs/heads/main refs/remotes/main [3ms]
2023-03-20 10:51:58.411 [info] > git status -z -uall [42ms]
2023-03-20 10:52:03.439 [info] > git for-each-ref --format=%(refname)%00%(upstream:short)%00%(objectname)%00%(upstream:track)%00%(upstream:remotename)%00%(upstream:remoteref) refs/heads/main refs/remotes/main [3ms]
2023-03-20 10:52:03.488 [info] > git status -z -uall [42ms]
2023-03-20 10:52:43.211 [info] > git for-each-ref --format=%(refname)%00%(upstream:short)%00%(objectname)%00%(upstream:track)%00%(upstream:remotename)%00%(upstream:remoteref) refs/heads/main refs/remotes/main [12ms]
2023-03-20 10:52:43.266 [info] > git status -z -uall [47ms]
2023-03-20 10:52:58.396 [info] > git for-each-ref --format=%(refname)%00%(upstream:short)%00%(objectname)%00%(upstream:track)%00%(upstream:remotename)%00%(upstream:remoteref) refs/heads/main refs/remotes/main [2ms]
2023-03-20 10:52:58.445 [info] > git status -z -uall [42ms]
2023-03-20 10:53:03.469 [info] > git for-each-ref --format=%(refname)%00%(upstream:short)%00%(objectname)%00%(upstream:track)%00%(upstream:remotename)%00%(upstream:remoteref) refs/heads/main refs/remotes/main [3ms]
2023-03-20 10:53:03.518 [info] > git status -z -uall [43ms]
2023-03-20 11:00:34.722 [info] > git for-each-ref --format=%(refname)%00%(upstream:short)%00%(objectname)%00%(upstream:track)%00%(upstream:remotename)%00%(upstream:remoteref) refs/heads/main refs/remotes/main [3ms]
2023-03-20 11:00:34.795 [info] > git status -z -uall [67ms]
2023-03-20 11:00:39.817 [info] > git for-each-ref --format=%(refname)%00%(upstream:short)%00%(objectname)%00%(upstream:track)%00%(upstream:remotename)%00%(upstream:remoteref) refs/heads/main refs/remotes/main [4ms]
2023-03-20 11:00:39.869 [info] > git status -z -uall [46ms]
2023-03-20 11:00:44.888 [info] > git for-each-ref --format=%(refname)%00%(upstream:short)%00%(objectname)%00%(upstream:track)%00%(upstream:remotename)%00%(upstream:remoteref) refs/heads/main refs/remotes/main [4ms]
2023-03-20 11:00:44.938 [info] > git status -z -uall [44ms]
2023-03-20 11:01:23.960 [info] > git for-each-ref --format=%(refname)%00%(upstream:short)%00%(objectname)%00%(upstream:track)%00%(upstream:remotename)%00%(upstream:remoteref) refs/heads/main refs/remotes/main [3ms]
2023-03-20 11:01:24.015 [info] > git status -z -uall [45ms]
2023-03-20 11:01:27.563 [info] > git show --textconv :Testing/leftcolumn2.php [10ms]
2023-03-20 11:01:27.568 [info] > git ls-files --stage -- /web/users/projects/202223/quicknotes/Testing/leftcolumn2.php [6ms]
2023-03-20 11:01:27.574 [info] > git cat-file -s 496b8aba0e478802056880c9b8ce6bde7e015991 [2ms]
2023-03-20 11:01:29.034 [info] > git for-each-ref --format=%(refname)%00%(upstream:short)%00%(objectname)%00%(upstream:track)%00%(upstream:remotename)%00%(upstream:remoteref) refs/heads/main refs/remotes/main [3ms]
2023-03-20 11:01:29.080 [info] > git status -z -uall [41ms]
2023-03-20 11:02:05.761 [info] > git for-each-ref --format=%(refname)%00%(upstream:short)%00%(objectname)%00%(upstream:track)%00%(upstream:remotename)%00%(upstream:remoteref) refs/heads/main refs/remotes/main [2ms]
2023-03-20 11:02:05.812 [info] > git status -z -uall [45ms]
2023-03-20 11:02:10.834 [info] > git for-each-ref --format=%(refname)%00%(upstream:short)%00%(objectname)%00%(upstream:track)%00%(upstream:remotename)%00%(upstream:remoteref) refs/heads/main refs/remotes/main [3ms]
2023-03-20 11:02:10.887 [info] > git status -z -uall [47ms]
2023-03-20 11:02:15.906 [info] > git for-each-ref --format=%(refname)%00%(upstream:short)%00%(objectname)%00%(upstream:track)%00%(upstream:remotename)%00%(upstream:remoteref) refs/heads/main refs/remotes/main [3ms]
2023-03-20 11:02:15.953 [info] > git status -z -uall [41ms]
2023-03-20 11:02:20.973 [info] > git for-each-ref --format=%(refname)%00%(upstream:short)%00%(objectname)%00%(upstream:track)%00%(upstream:remotename)%00%(upstream:remoteref) refs/heads/main refs/remotes/main [3ms]
2023-03-20 11:02:21.024 [info] > git status -z -uall [45ms]
2023-03-20 11:02:26.045 [info] > git for-each-ref --format=%(refname)%00%(upstream:short)%00%(objectname)%00%(upstream:track)%00%(upstream:remotename)%00%(upstream:remoteref) refs/heads/main refs/remotes/main [2ms]
2023-03-20 11:02:26.094 [info] > git status -z -uall [42ms]
2023-03-20 11:02:48.170 [info] > git for-each-ref --format=%(refname)%00%(upstream:short)%00%(objectname)%00%(upstream:track)%00%(upstream:remotename)%00%(upstream:remoteref) refs/heads/main refs/remotes/main [42ms]
2023-03-20 11:02:48.228 [info] > git status -z -uall [49ms]
2023-03-20 11:02:53.242 [info] > git for-each-ref --format=%(refname)%00%(upstream:short)%00%(objectname)%00%(upstream:track)%00%(upstream:remotename)%00%(upstream:remoteref) refs/heads/main refs/remotes/main [2ms]
2023-03-20 11:02:53.293 [info] > git status -z -uall [43ms]
2023-03-20 11:04:37.492 [info] > git for-each-ref --format=%(refname)%00%(upstream:short)%00%(objectname)%00%(upstream:track)%00%(upstream:remotename)%00%(upstream:remoteref) refs/heads/main refs/remotes/main [81ms]
2023-03-20 11:04:37.681 [info] > git status -z -uall [178ms]
2023-03-20 11:04:42.707 [info] > git for-each-ref --format=%(refname)%00%(upstream:short)%00%(objectname)%00%(upstream:track)%00%(upstream:remotename)%00%(upstream:remoteref) refs/heads/main refs/remotes/main [4ms]
2023-03-20 11:04:42.758 [info] > git status -z -uall [44ms]
