2023-03-19 14:55:26.563 [info] Log level: Info
2023-03-19 14:55:26.568 [info] Validating found git in: "git"
2023-03-19 14:55:26.568 [info] Using git "2.25.1" from "git"
2023-03-19 14:55:26.568 [info] > git rev-parse --show-toplevel [126ms]
2023-03-19 14:55:26.568 [info] fatal: not a git repository (or any parent up to mount point /web/users)
Stopping at filesystem boundary (GIT_DISCOVERY_ACROSS_FILESYSTEM not set).
2023-03-19 14:55:26.568 [info] > git rev-parse --show-toplevel [10ms]
2023-03-19 14:55:26.569 [info] fatal: not a git repository (or any parent up to mount point /web/users)
Stopping at filesystem boundary (GIT_DISCOVERY_ACROSS_FILESYSTEM not set).
2023-03-19 14:55:26.569 [info] > git rev-parse --show-toplevel [12ms]
2023-03-19 14:55:26.569 [info] fatal: not a git repository (or any parent up to mount point /web/users)
Stopping at filesystem boundary (GIT_DISCOVERY_ACROSS_FILESYSTEM not set).
2023-03-19 14:55:26.569 [info] > git rev-parse --show-toplevel [12ms]
2023-03-19 14:55:26.569 [info] fatal: not a git repository (or any parent up to mount point /web/users)
Stopping at filesystem boundary (GIT_DISCOVERY_ACROSS_FILESYSTEM not set).
2023-03-19 14:55:26.569 [info] > git rev-parse --show-toplevel [12ms]
2023-03-19 14:55:26.569 [info] fatal: not a git repository (or any parent up to mount point /web/users)
Stopping at filesystem boundary (GIT_DISCOVERY_ACROSS_FILESYSTEM not set).
2023-03-19 14:55:36.899 [info] > git rev-parse --show-toplevel [16ms]
2023-03-19 14:55:36.900 [info] fatal: not a git repository (or any parent up to mount point /web/users)
Stopping at filesystem boundary (GIT_DISCOVERY_ACROSS_FILESYSTEM not set).
2023-03-19 14:55:57.423 [info] > git rev-parse --show-toplevel [7ms]
2023-03-19 14:55:57.423 [info] fatal: not a git repository (or any parent up to mount point /web/users)
Stopping at filesystem boundary (GIT_DISCOVERY_ACROSS_FILESYSTEM not set).
2023-03-19 14:57:16.796 [info] > git rev-parse --show-toplevel [114ms]
2023-03-19 14:57:16.797 [info] fatal: not a git repository (or any parent up to mount point /web/users)
Stopping at filesystem boundary (GIT_DISCOVERY_ACROSS_FILESYSTEM not set).
2023-03-19 14:57:24.316 [info] > git rev-parse --show-toplevel [7ms]
2023-03-19 14:57:24.316 [info] fatal: not a git repository (or any parent up to mount point /web/users)
Stopping at filesystem boundary (GIT_DISCOVERY_ACROSS_FILESYSTEM not set).
2023-03-19 14:57:26.584 [info] > git rev-parse --show-toplevel [3ms]
2023-03-19 14:57:26.588 [info] fatal: not a git repository (or any parent up to mount point /web/users)
Stopping at filesystem boundary (GIT_DISCOVERY_ACROSS_FILESYSTEM not set).
2023-03-19 14:57:32.890 [info] > git rev-parse --show-toplevel [15ms]
2023-03-19 14:57:32.890 [info] fatal: not a git repository (or any parent up to mount point /web/users)
Stopping at filesystem boundary (GIT_DISCOVERY_ACROSS_FILESYSTEM not set).
2023-03-19 14:57:42.268 [info] > git rev-parse --show-toplevel [6ms]
2023-03-19 14:57:42.272 [info] fatal: not a git repository (or any parent up to mount point /web/users)
Stopping at filesystem boundary (GIT_DISCOVERY_ACROSS_FILESYSTEM not set).
2023-03-19 14:57:50.264 [info] > git rev-parse --show-toplevel [13ms]
2023-03-19 14:57:50.264 [info] fatal: not a git repository (or any parent up to mount point /web/users)
Stopping at filesystem boundary (GIT_DISCOVERY_ACROSS_FILESYSTEM not set).
2023-03-19 14:58:01.287 [info] > git rev-parse --show-toplevel [231ms]
2023-03-19 14:58:01.288 [info] fatal: not a git repository (or any parent up to mount point /web/users)
Stopping at filesystem boundary (GIT_DISCOVERY_ACROSS_FILESYSTEM not set).
2023-03-19 14:58:06.610 [info] > git rev-parse --show-toplevel [14ms]
2023-03-19 14:58:06.612 [info] fatal: not a git repository (or any parent up to mount point /web/users)
Stopping at filesystem boundary (GIT_DISCOVERY_ACROSS_FILESYSTEM not set).
2023-03-19 14:58:12.372 [info] > git rev-parse --show-toplevel [14ms]
2023-03-19 14:58:12.372 [info] fatal: not a git repository (or any parent up to mount point /web/users)
Stopping at filesystem boundary (GIT_DISCOVERY_ACROSS_FILESYSTEM not set).
2023-03-19 14:58:13.149 [info] > git rev-parse --show-toplevel [17ms]
2023-03-19 14:58:13.150 [info] fatal: not a git repository (or any parent up to mount point /web/users)
Stopping at filesystem boundary (GIT_DISCOVERY_ACROSS_FILESYSTEM not set).
2023-03-19 14:58:21.567 [info] > git rev-parse --show-toplevel [8ms]
2023-03-19 14:58:21.567 [info] fatal: not a git repository (or any parent up to mount point /web/users)
Stopping at filesystem boundary (GIT_DISCOVERY_ACROSS_FILESYSTEM not set).
2023-03-19 14:58:29.695 [info] > git rev-parse --show-toplevel [5ms]
2023-03-19 14:58:29.696 [info] fatal: not a git repository (or any parent up to mount point /web/users)
Stopping at filesystem boundary (GIT_DISCOVERY_ACROSS_FILESYSTEM not set).
2023-03-19 14:58:31.402 [info] > git rev-parse --show-toplevel [5ms]
2023-03-19 14:58:31.402 [info] fatal: not a git repository (or any parent up to mount point /web/users)
Stopping at filesystem boundary (GIT_DISCOVERY_ACROSS_FILESYSTEM not set).
2023-03-19 14:58:33.243 [info] > git rev-parse --show-toplevel [6ms]
2023-03-19 14:58:33.243 [info] fatal: not a git repository (or any parent up to mount point /web/users)
Stopping at filesystem boundary (GIT_DISCOVERY_ACROSS_FILESYSTEM not set).
2023-03-19 15:00:33.462 [info] > git rev-parse --show-toplevel [28ms]
2023-03-19 15:00:33.463 [info] fatal: not a git repository (or any parent up to mount point /web/users)
Stopping at filesystem boundary (GIT_DISCOVERY_ACROSS_FILESYSTEM not set).
