[2023-03-14 09:35:41.906] [exthost] [info] Extension host with pid 599117 started
[2023-03-14 09:35:41.910] [exthost] [error] Error: EEXIST: file already exists, open '/web/users/projects/202223/quicknotes/.vscode-server/data/User/workspaceStorage/3766c4dc35d12b40439d04be46705902/vscode.lock'
[2023-03-14 09:35:41.913] [exthost] [info] Lock '/web/users/projects/202223/quicknotes/.vscode-server/data/User/workspaceStorage/3766c4dc35d12b40439d04be46705902/vscode.lock': Could not acquire lock, checking if the file is stale.
[2023-03-14 09:35:41.918] [exthost] [info] Lock '/web/users/projects/202223/quicknotes/.vscode-server/data/User/workspaceStorage/3766c4dc35d12b40439d04be46705902/vscode.lock': The lock does not look stale, elapsed: 666 ms, giving up.
[2023-03-14 09:35:41.922] [exthost] [info] Lock '/web/users/projects/202223/quicknotes/.vscode-server/data/User/workspaceStorage/3766c4dc35d12b40439d04be46705902-1/vscode.lock': Lock acquired.
[2023-03-14 09:35:41.969] [exthost] [info] ExtensionService#_doActivateExtension vscode.debug-auto-launch, startup: true, activationEvent: '*'
[2023-03-14 09:35:41.975] [exthost] [info] ExtensionService#_doActivateExtension vscode.git-base, startup: true, activationEvent: '*'
[2023-03-14 09:35:41.979] [exthost] [info] ExtensionService#_doActivateExtension vscode.ipynb, startup: true, activationEvent: '*'
[2023-03-14 09:35:42.042] [exthost] [info] ExtensionService#_doActivateExtension vscode.github, startup: true, activationEvent: '*'
[2023-03-14 09:35:42.123] [exthost] [info] ExtensionService#_doActivateExtension vscode.emmet, startup: false, activationEvent: 'onStartupFinished'
[2023-03-14 09:35:42.193] [exthost] [info] ExtensionService#_doActivateExtension vscode.merge-conflict, startup: false, activationEvent: 'onStartupFinished'
[2023-03-14 09:35:42.199] [exthost] [info] Eager extensions activated
[2023-03-14 09:35:42.814] [exthost] [info] ExtensionService#_doActivateExtension vscode.git, startup: false, activationEvent: 'api', root cause: vscode.github
[2023-03-14 09:40:36.276] [exthost] [info] ExtensionService#_doActivateExtension vscode.php-language-features, startup: false, activationEvent: 'onLanguage:php'
[2023-03-14 09:40:49.619] [exthost] [info] ExtensionService#_doActivateExtension vscode.typescript-language-features, startup: false, activationEvent: 'onLanguage:javascript'
[2023-03-14 09:53:27.069] [exthost] [info] ExtensionService#_doActivateExtension vscode.html-language-features, startup: false, activationEvent: 'onLanguage:html'
[2023-03-14 09:53:31.885] [exthost] [info] ExtensionService#_doActivateExtension vscode.css-language-features, startup: false, activationEvent: 'onLanguage:css'
[2023-03-14 09:53:32.668] [exthost] [info] ExtensionService#_doActivateExtension vscode.extension-editing, startup: false, activationEvent: 'onLanguage:markdown'
[2023-03-14 09:53:32.683] [exthost] [info] ExtensionService#_doActivateExtension vscode.markdown-language-features, startup: false, activationEvent: 'onLanguage:markdown'
[2023-03-14 09:53:33.162] [exthost] [info] ExtensionService#_doActivateExtension vscode.markdown-math, startup: false, activationEvent: 'api', root cause: vscode.markdown-language-features
[2023-03-14 10:15:02.288] [exthost] [info] Extension host terminating: received terminate message from renderer
[2023-03-14 10:15:02.291] [exthost] [info] Lock '/web/users/projects/202223/quicknotes/.vscode-server/data/User/workspaceStorage/3766c4dc35d12b40439d04be46705902-1/vscode.lock': Marking the lockfile as scheduled to be released in 6000 ms.
[2023-03-14 10:15:02.404] [exthost] [info] Extension host with pid 599117 exiting with code 0
