2023-03-21 16:37:18.388 [info] Log level: Info
2023-03-21 16:37:18.389 [info] Validating found git in: "git"
2023-03-21 16:37:18.389 [info] Using git "2.25.1" from "git"
2023-03-21 16:37:18.389 [info] > git rev-parse --show-toplevel [443ms]
2023-03-21 16:37:18.389 [info] > git rev-parse --git-dir --git-common-dir [38ms]
2023-03-21 16:37:18.389 [info] Open repository: /web/users/projects/202223/quicknotes
2023-03-21 16:37:18.389 [info] > git rev-parse --show-toplevel [40ms]
2023-03-21 16:37:18.390 [info] > git config --get commit.template [61ms]
2023-03-21 16:37:18.390 [info] > git rev-parse --show-toplevel [23ms]
2023-03-21 16:37:18.390 [info] > git rev-parse --show-toplevel [12ms]
2023-03-21 16:37:18.390 [info] > git for-each-ref --format=%(refname)%00%(upstream:short)%00%(objectname)%00%(upstream:track)%00%(upstream:remotename)%00%(upstream:remoteref) refs/heads/main refs/remotes/main [26ms]
2023-03-21 16:37:18.390 [info] > git rev-parse --show-toplevel [9ms]
2023-03-21 16:37:18.390 [info] > git rev-parse --show-toplevel [23ms]
2023-03-21 16:37:18.390 [info] > git rev-parse --show-toplevel [1ms]
2023-03-21 16:37:18.390 [info] > git status -z -uall [275ms]
2023-03-21 16:37:18.390 [info] > git rev-parse --show-toplevel [235ms]
2023-03-21 16:37:18.390 [info] > git rev-parse --show-toplevel [23ms]
2023-03-21 16:37:18.390 [info] > git config --get commit.template [60ms]
2023-03-21 16:37:18.390 [info] > git rev-parse --show-toplevel [44ms]
2023-03-21 16:37:18.391 [info] > git for-each-ref --format=%(refname)%00%(upstream:short)%00%(objectname)%00%(upstream:track)%00%(upstream:remotename)%00%(upstream:remoteref) refs/heads/main refs/remotes/main [95ms]
2023-03-21 16:37:18.413 [info] > git status -z -uall [123ms]
2023-03-21 16:37:18.718 [info] > git check-ignore -v -z --stdin [12ms]
2023-03-21 16:37:18.915 [info] > git show --textconv :Testing/style2.css [10ms]
2023-03-21 16:37:18.933 [info] > git ls-files --stage -- /web/users/projects/202223/quicknotes/Testing/style2.css [19ms]
2023-03-21 16:37:18.941 [info] > git cat-file -s 13aa6fac6f3faf597ffb777264b643e70e4c217a [2ms]
2023-03-21 16:37:20.661 [info] > git config --get commit.template [9ms]
2023-03-21 16:37:20.663 [info] > git for-each-ref --format=%(refname)%00%(upstream:short)%00%(objectname)%00%(upstream:track)%00%(upstream:remotename)%00%(upstream:remoteref) refs/heads/main refs/remotes/main [3ms]
2023-03-21 16:37:20.711 [info] > git status -z -uall [43ms]
2023-03-21 16:37:25.750 [info] > git config --get commit.template [10ms]
2023-03-21 16:37:25.752 [info] > git for-each-ref --format=%(refname)%00%(upstream:short)%00%(objectname)%00%(upstream:track)%00%(upstream:remotename)%00%(upstream:remoteref) refs/heads/main refs/remotes/main [4ms]
2023-03-21 16:37:25.814 [info] > git status -z -uall [55ms]
2023-03-21 16:37:30.846 [info] > git for-each-ref --format=%(refname)%00%(upstream:short)%00%(objectname)%00%(upstream:track)%00%(upstream:remotename)%00%(upstream:remoteref) refs/heads/main refs/remotes/main [1ms]
2023-03-21 16:37:30.847 [info] > git config --get commit.template [11ms]
2023-03-21 16:37:30.893 [info] > git status -z -uall [42ms]
2023-03-21 16:37:35.926 [info] > git config --get commit.template [10ms]
2023-03-21 16:37:35.928 [info] > git for-each-ref --format=%(refname)%00%(upstream:short)%00%(objectname)%00%(upstream:track)%00%(upstream:remotename)%00%(upstream:remoteref) refs/heads/main refs/remotes/main [3ms]
2023-03-21 16:37:35.976 [info] > git status -z -uall [43ms]
2023-03-21 16:37:41.005 [info] > git config --get commit.template [9ms]
2023-03-21 16:37:41.007 [info] > git for-each-ref --format=%(refname)%00%(upstream:short)%00%(objectname)%00%(upstream:track)%00%(upstream:remotename)%00%(upstream:remoteref) refs/heads/main refs/remotes/main [3ms]
2023-03-21 16:37:41.055 [info] > git status -z -uall [43ms]
2023-03-21 16:37:46.094 [info] > git config --get commit.template [9ms]
2023-03-21 16:37:46.096 [info] > git for-each-ref --format=%(refname)%00%(upstream:short)%00%(objectname)%00%(upstream:track)%00%(upstream:remotename)%00%(upstream:remoteref) refs/heads/main refs/remotes/main [3ms]
2023-03-21 16:37:46.144 [info] > git status -z -uall [43ms]
2023-03-21 16:37:51.179 [info] > git config --get commit.template [8ms]
2023-03-21 16:37:51.181 [info] > git for-each-ref --format=%(refname)%00%(upstream:short)%00%(objectname)%00%(upstream:track)%00%(upstream:remotename)%00%(upstream:remoteref) refs/heads/main refs/remotes/main [2ms]
2023-03-21 16:37:51.232 [info] > git status -z -uall [45ms]
2023-03-21 16:37:56.265 [info] > git config --get commit.template [9ms]
2023-03-21 16:37:56.268 [info] > git for-each-ref --format=%(refname)%00%(upstream:short)%00%(objectname)%00%(upstream:track)%00%(upstream:remotename)%00%(upstream:remoteref) refs/heads/main refs/remotes/main [4ms]
2023-03-21 16:37:56.319 [info] > git status -z -uall [45ms]
2023-03-21 16:38:01.349 [info] > git config --get commit.template [7ms]
2023-03-21 16:38:01.352 [info] > git for-each-ref --format=%(refname)%00%(upstream:short)%00%(objectname)%00%(upstream:track)%00%(upstream:remotename)%00%(upstream:remoteref) refs/heads/main refs/remotes/main [3ms]
2023-03-21 16:38:01.401 [info] > git status -z -uall [43ms]
2023-03-21 16:38:06.429 [info] > git config --get commit.template [9ms]
2023-03-21 16:38:06.431 [info] > git for-each-ref --format=%(refname)%00%(upstream:short)%00%(objectname)%00%(upstream:track)%00%(upstream:remotename)%00%(upstream:remoteref) refs/heads/main refs/remotes/main [3ms]
2023-03-21 16:38:06.478 [info] > git status -z -uall [42ms]
2023-03-21 16:38:11.509 [info] > git config --get commit.template [8ms]
2023-03-21 16:38:11.511 [info] > git for-each-ref --format=%(refname)%00%(upstream:short)%00%(objectname)%00%(upstream:track)%00%(upstream:remotename)%00%(upstream:remoteref) refs/heads/main refs/remotes/main [3ms]
2023-03-21 16:38:11.558 [info] > git status -z -uall [41ms]
2023-03-21 16:38:16.592 [info] > git config --get commit.template [10ms]
2023-03-21 16:38:16.594 [info] > git for-each-ref --format=%(refname)%00%(upstream:short)%00%(objectname)%00%(upstream:track)%00%(upstream:remotename)%00%(upstream:remoteref) refs/heads/main refs/remotes/main [3ms]
2023-03-21 16:38:16.644 [info] > git status -z -uall [44ms]
2023-03-21 16:38:21.681 [info] > git config --get commit.template [14ms]
2023-03-21 16:38:21.686 [info] > git for-each-ref --format=%(refname)%00%(upstream:short)%00%(objectname)%00%(upstream:track)%00%(upstream:remotename)%00%(upstream:remoteref) refs/heads/main refs/remotes/main [5ms]
2023-03-21 16:38:21.785 [info] > git status -z -uall [90ms]
2023-03-21 16:38:26.819 [info] > git config --get commit.template [9ms]
2023-03-21 16:38:26.821 [info] > git for-each-ref --format=%(refname)%00%(upstream:short)%00%(objectname)%00%(upstream:track)%00%(upstream:remotename)%00%(upstream:remoteref) refs/heads/main refs/remotes/main [3ms]
2023-03-21 16:38:26.873 [info] > git status -z -uall [45ms]
2023-03-21 16:38:31.901 [info] > git config --get commit.template [9ms]
2023-03-21 16:38:31.903 [info] > git for-each-ref --format=%(refname)%00%(upstream:short)%00%(objectname)%00%(upstream:track)%00%(upstream:remotename)%00%(upstream:remoteref) refs/heads/main refs/remotes/main [3ms]
2023-03-21 16:38:31.953 [info] > git status -z -uall [44ms]
2023-03-21 16:38:36.980 [info] > git config --get commit.template [9ms]
2023-03-21 16:38:36.981 [info] > git for-each-ref --format=%(refname)%00%(upstream:short)%00%(objectname)%00%(upstream:track)%00%(upstream:remotename)%00%(upstream:remoteref) refs/heads/main refs/remotes/main [2ms]
2023-03-21 16:38:37.026 [info] > git status -z -uall [39ms]
2023-03-21 16:38:42.050 [info] > git config --get commit.template [7ms]
2023-03-21 16:38:42.052 [info] > git for-each-ref --format=%(refname)%00%(upstream:short)%00%(objectname)%00%(upstream:track)%00%(upstream:remotename)%00%(upstream:remoteref) refs/heads/main refs/remotes/main [2ms]
2023-03-21 16:38:42.101 [info] > git status -z -uall [44ms]
2023-03-21 16:38:48.763 [info] > git config --get commit.template [8ms]
2023-03-21 16:38:48.766 [info] > git for-each-ref --format=%(refname)%00%(upstream:short)%00%(objectname)%00%(upstream:track)%00%(upstream:remotename)%00%(upstream:remoteref) refs/heads/main refs/remotes/main [4ms]
2023-03-21 16:38:48.810 [info] > git status -z -uall [40ms]
2023-03-21 16:38:53.844 [info] > git config --get commit.template [11ms]
2023-03-21 16:38:53.845 [info] > git for-each-ref --format=%(refname)%00%(upstream:short)%00%(objectname)%00%(upstream:track)%00%(upstream:remotename)%00%(upstream:remoteref) refs/heads/main refs/remotes/main [2ms]
2023-03-21 16:38:53.896 [info] > git status -z -uall [45ms]
2023-03-21 16:39:01.307 [info] > git config --get commit.template [8ms]
2023-03-21 16:39:01.309 [info] > git for-each-ref --format=%(refname)%00%(upstream:short)%00%(objectname)%00%(upstream:track)%00%(upstream:remotename)%00%(upstream:remoteref) refs/heads/main refs/remotes/main [3ms]
2023-03-21 16:39:01.360 [info] > git status -z -uall [47ms]
2023-03-21 16:39:06.398 [info] > git config --get commit.template [9ms]
2023-03-21 16:39:06.400 [info] > git for-each-ref --format=%(refname)%00%(upstream:short)%00%(objectname)%00%(upstream:track)%00%(upstream:remotename)%00%(upstream:remoteref) refs/heads/main refs/remotes/main [3ms]
2023-03-21 16:39:06.447 [info] > git status -z -uall [42ms]
2023-03-21 16:39:11.476 [info] > git config --get commit.template [8ms]
2023-03-21 16:39:11.479 [info] > git for-each-ref --format=%(refname)%00%(upstream:short)%00%(objectname)%00%(upstream:track)%00%(upstream:remotename)%00%(upstream:remoteref) refs/heads/main refs/remotes/main [3ms]
2023-03-21 16:39:11.526 [info] > git status -z -uall [43ms]
2023-03-21 16:39:16.553 [info] > git config --get commit.template [9ms]
2023-03-21 16:39:16.556 [info] > git for-each-ref --format=%(refname)%00%(upstream:short)%00%(objectname)%00%(upstream:track)%00%(upstream:remotename)%00%(upstream:remoteref) refs/heads/main refs/remotes/main [2ms]
2023-03-21 16:39:16.605 [info] > git status -z -uall [45ms]
2023-03-21 16:39:19.488 [info] > git check-ignore -v -z --stdin [7ms]
2023-03-21 16:39:21.632 [info] > git config --get commit.template [8ms]
2023-03-21 16:39:21.634 [info] > git for-each-ref --format=%(refname)%00%(upstream:short)%00%(objectname)%00%(upstream:track)%00%(upstream:remotename)%00%(upstream:remoteref) refs/heads/main refs/remotes/main [3ms]
2023-03-21 16:39:21.680 [info] > git status -z -uall [41ms]
2023-03-21 16:39:23.254 [info] > git show --textconv :Testing/HomePage.css [11ms]
2023-03-21 16:39:23.259 [info] > git ls-files --stage -- /web/users/projects/202223/quicknotes/Testing/HomePage.css [5ms]
2023-03-21 16:39:26.709 [info] > git config --get commit.template [9ms]
2023-03-21 16:39:26.712 [info] > git for-each-ref --format=%(refname)%00%(upstream:short)%00%(objectname)%00%(upstream:track)%00%(upstream:remotename)%00%(upstream:remoteref) refs/heads/main refs/remotes/main [4ms]
2023-03-21 16:39:26.757 [info] > git status -z -uall [41ms]
2023-03-21 16:39:30.862 [info] > git show --textconv :Testing/HomePage.php [10ms]
2023-03-21 16:39:30.868 [info] > git ls-files --stage -- /web/users/projects/202223/quicknotes/Testing/HomePage.php [6ms]
2023-03-21 16:39:31.787 [info] > git config --get commit.template [9ms]
2023-03-21 16:39:31.789 [info] > git for-each-ref --format=%(refname)%00%(upstream:short)%00%(objectname)%00%(upstream:track)%00%(upstream:remotename)%00%(upstream:remoteref) refs/heads/main refs/remotes/main [3ms]
2023-03-21 16:39:31.838 [info] > git status -z -uall [43ms]
2023-03-21 16:39:33.005 [info] > git ls-files --stage -- /web/users/projects/202223/quicknotes/Testing/index2.php [7ms]
2023-03-21 16:39:33.051 [info] > git show --textconv :Testing/index2.php [64ms]
2023-03-21 16:39:33.052 [info] > git cat-file -s bb2f3b0ce5133ee26a2b5ec53b34a4a74f3228f3 [38ms]
2023-03-21 16:39:34.494 [info] > git ls-files --stage -- /web/users/projects/202223/quicknotes/Testing/javascript2.js [13ms]
2023-03-21 16:39:34.524 [info] > git show --textconv :Testing/javascript2.js [55ms]
2023-03-21 16:39:34.524 [info] > git cat-file -s 85db5a6dc1a683da3425e3ba91076238eaaeba45 [18ms]
2023-03-21 16:39:35.128 [info] > git show --textconv :Testing/HomePage.php [21ms]
2023-03-21 16:39:35.153 [info] > git ls-files --stage -- /web/users/projects/202223/quicknotes/Testing/HomePage.php [26ms]
2023-03-21 16:39:36.886 [info] > git config --get commit.template [11ms]
2023-03-21 16:39:36.905 [info] > git for-each-ref --format=%(refname)%00%(upstream:short)%00%(objectname)%00%(upstream:track)%00%(upstream:remotename)%00%(upstream:remoteref) refs/heads/main refs/remotes/main [21ms]
2023-03-21 16:39:37.119 [info] > git status -z -uall [193ms]
2023-03-21 16:39:42.173 [info] > git config --get commit.template [11ms]
2023-03-21 16:39:42.175 [info] > git for-each-ref --format=%(refname)%00%(upstream:short)%00%(objectname)%00%(upstream:track)%00%(upstream:remotename)%00%(upstream:remoteref) refs/heads/main refs/remotes/main [3ms]
2023-03-21 16:39:42.223 [info] > git status -z -uall [43ms]
2023-03-21 16:39:47.253 [info] > git config --get commit.template [8ms]
2023-03-21 16:39:47.255 [info] > git for-each-ref --format=%(refname)%00%(upstream:short)%00%(objectname)%00%(upstream:track)%00%(upstream:remotename)%00%(upstream:remoteref) refs/heads/main refs/remotes/main [2ms]
2023-03-21 16:39:47.303 [info] > git status -z -uall [42ms]
2023-03-21 16:39:52.331 [info] > git config --get commit.template [9ms]
2023-03-21 16:39:52.333 [info] > git for-each-ref --format=%(refname)%00%(upstream:short)%00%(objectname)%00%(upstream:track)%00%(upstream:remotename)%00%(upstream:remoteref) refs/heads/main refs/remotes/main [3ms]
2023-03-21 16:39:52.383 [info] > git status -z -uall [44ms]
2023-03-21 16:39:57.416 [info] > git config --get commit.template [8ms]
2023-03-21 16:39:57.418 [info] > git for-each-ref --format=%(refname)%00%(upstream:short)%00%(objectname)%00%(upstream:track)%00%(upstream:remotename)%00%(upstream:remoteref) refs/heads/main refs/remotes/main [3ms]
2023-03-21 16:39:57.464 [info] > git status -z -uall [41ms]
2023-03-21 16:40:03.197 [info] > git config --get commit.template [10ms]
2023-03-21 16:40:03.198 [info] > git for-each-ref --format=%(refname)%00%(upstream:short)%00%(objectname)%00%(upstream:track)%00%(upstream:remotename)%00%(upstream:remoteref) refs/heads/main refs/remotes/main [2ms]
2023-03-21 16:40:03.247 [info] > git status -z -uall [43ms]
2023-03-21 16:40:07.549 [info] > git show --textconv :Testing/index.html [62ms]
2023-03-21 16:40:07.550 [info] > git ls-files --stage -- /web/users/projects/202223/quicknotes/Testing/index.html [51ms]
2023-03-21 16:40:08.327 [info] > git config --get commit.template [52ms]
2023-03-21 16:40:08.357 [info] > git for-each-ref --format=%(refname)%00%(upstream:short)%00%(objectname)%00%(upstream:track)%00%(upstream:remotename)%00%(upstream:remoteref) refs/heads/main refs/remotes/main [30ms]
2023-03-21 16:40:08.503 [info] > git status -z -uall [99ms]
2023-03-21 16:40:13.538 [info] > git config --get commit.template [9ms]
2023-03-21 16:40:13.540 [info] > git for-each-ref --format=%(refname)%00%(upstream:short)%00%(objectname)%00%(upstream:track)%00%(upstream:remotename)%00%(upstream:remoteref) refs/heads/main refs/remotes/main [3ms]
2023-03-21 16:40:13.594 [info] > git status -z -uall [48ms]
2023-03-21 16:40:18.620 [info] > git config --get commit.template [8ms]
2023-03-21 16:40:18.622 [info] > git for-each-ref --format=%(refname)%00%(upstream:short)%00%(objectname)%00%(upstream:track)%00%(upstream:remotename)%00%(upstream:remoteref) refs/heads/main refs/remotes/main [3ms]
2023-03-21 16:40:18.668 [info] > git status -z -uall [41ms]
2023-03-21 16:40:19.309 [info] > git show --textconv :Testing/styles.css [10ms]
2023-03-21 16:40:19.313 [info] > git ls-files --stage -- /web/users/projects/202223/quicknotes/Testing/styles.css [6ms]
2023-03-21 16:40:23.698 [info] > git config --get commit.template [9ms]
2023-03-21 16:40:23.700 [info] > git for-each-ref --format=%(refname)%00%(upstream:short)%00%(objectname)%00%(upstream:track)%00%(upstream:remotename)%00%(upstream:remoteref) refs/heads/main refs/remotes/main [2ms]
2023-03-21 16:40:23.749 [info] > git status -z -uall [43ms]
2023-03-21 16:40:28.775 [info] > git config --get commit.template [9ms]
2023-03-21 16:40:28.776 [info] > git for-each-ref --format=%(refname)%00%(upstream:short)%00%(objectname)%00%(upstream:track)%00%(upstream:remotename)%00%(upstream:remoteref) refs/heads/main refs/remotes/main [2ms]
2023-03-21 16:40:28.827 [info] > git status -z -uall [45ms]
2023-03-21 16:40:30.119 [info] > git show --textconv :Testing/HomePage.css [9ms]
2023-03-21 16:40:30.124 [info] > git ls-files --stage -- /web/users/projects/202223/quicknotes/Testing/HomePage.css [5ms]
2023-03-21 16:40:33.855 [info] > git config --get commit.template [8ms]
2023-03-21 16:40:33.857 [info] > git for-each-ref --format=%(refname)%00%(upstream:short)%00%(objectname)%00%(upstream:track)%00%(upstream:remotename)%00%(upstream:remoteref) refs/heads/main refs/remotes/main [3ms]
2023-03-21 16:40:33.902 [info] > git status -z -uall [40ms]
2023-03-21 16:40:38.928 [info] > git config --get commit.template [8ms]
2023-03-21 16:40:38.931 [info] > git for-each-ref --format=%(refname)%00%(upstream:short)%00%(objectname)%00%(upstream:track)%00%(upstream:remotename)%00%(upstream:remoteref) refs/heads/main refs/remotes/main [4ms]
2023-03-21 16:40:38.978 [info] > git status -z -uall [41ms]
2023-03-21 16:40:44.002 [info] > git config --get commit.template [7ms]
2023-03-21 16:40:44.004 [info] > git for-each-ref --format=%(refname)%00%(upstream:short)%00%(objectname)%00%(upstream:track)%00%(upstream:remotename)%00%(upstream:remoteref) refs/heads/main refs/remotes/main [3ms]
2023-03-21 16:40:44.050 [info] > git status -z -uall [41ms]
2023-03-21 16:40:49.075 [info] > git config --get commit.template [7ms]
2023-03-21 16:40:49.076 [info] > git for-each-ref --format=%(refname)%00%(upstream:short)%00%(objectname)%00%(upstream:track)%00%(upstream:remotename)%00%(upstream:remoteref) refs/heads/main refs/remotes/main [2ms]
2023-03-21 16:40:49.122 [info] > git status -z -uall [40ms]
2023-03-21 16:40:54.154 [info] > git config --get commit.template [13ms]
2023-03-21 16:40:54.156 [info] > git for-each-ref --format=%(refname)%00%(upstream:short)%00%(objectname)%00%(upstream:track)%00%(upstream:remotename)%00%(upstream:remoteref) refs/heads/main refs/remotes/main [2ms]
2023-03-21 16:40:54.206 [info] > git status -z -uall [43ms]
2023-03-21 16:40:59.235 [info] > git config --get commit.template [9ms]
2023-03-21 16:40:59.238 [info] > git for-each-ref --format=%(refname)%00%(upstream:short)%00%(objectname)%00%(upstream:track)%00%(upstream:remotename)%00%(upstream:remoteref) refs/heads/main refs/remotes/main [3ms]
2023-03-21 16:40:59.283 [info] > git status -z -uall [40ms]
2023-03-21 16:41:04.315 [info] > git config --get commit.template [9ms]
2023-03-21 16:41:04.317 [info] > git for-each-ref --format=%(refname)%00%(upstream:short)%00%(objectname)%00%(upstream:track)%00%(upstream:remotename)%00%(upstream:remoteref) refs/heads/main refs/remotes/main [2ms]
2023-03-21 16:41:04.365 [info] > git status -z -uall [43ms]
2023-03-21 16:41:09.403 [info] > git config --get commit.template [9ms]
2023-03-21 16:41:09.406 [info] > git for-each-ref --format=%(refname)%00%(upstream:short)%00%(objectname)%00%(upstream:track)%00%(upstream:remotename)%00%(upstream:remoteref) refs/heads/main refs/remotes/main [3ms]
2023-03-21 16:41:09.453 [info] > git status -z -uall [41ms]
2023-03-21 16:41:14.481 [info] > git config --get commit.template [10ms]
2023-03-21 16:41:14.483 [info] > git for-each-ref --format=%(refname)%00%(upstream:short)%00%(objectname)%00%(upstream:track)%00%(upstream:remotename)%00%(upstream:remoteref) refs/heads/main refs/remotes/main [2ms]
2023-03-21 16:41:14.530 [info] > git status -z -uall [41ms]
2023-03-21 16:41:19.560 [info] > git config --get commit.template [10ms]
2023-03-21 16:41:19.563 [info] > git for-each-ref --format=%(refname)%00%(upstream:short)%00%(objectname)%00%(upstream:track)%00%(upstream:remotename)%00%(upstream:remoteref) refs/heads/main refs/remotes/main [4ms]
2023-03-21 16:41:19.612 [info] > git status -z -uall [43ms]
2023-03-21 16:41:24.672 [info] > git config --get commit.template [43ms]
2023-03-21 16:41:24.688 [info] > git for-each-ref --format=%(refname)%00%(upstream:short)%00%(objectname)%00%(upstream:track)%00%(upstream:remotename)%00%(upstream:remoteref) refs/heads/main refs/remotes/main [16ms]
2023-03-21 16:41:24.788 [info] > git status -z -uall [68ms]
2023-03-21 16:41:29.815 [info] > git config --get commit.template [9ms]
2023-03-21 16:41:29.817 [info] > git for-each-ref --format=%(refname)%00%(upstream:short)%00%(objectname)%00%(upstream:track)%00%(upstream:remotename)%00%(upstream:remoteref) refs/heads/main refs/remotes/main [3ms]
2023-03-21 16:41:29.867 [info] > git status -z -uall [44ms]
2023-03-21 16:41:34.895 [info] > git config --get commit.template [9ms]
2023-03-21 16:41:34.897 [info] > git for-each-ref --format=%(refname)%00%(upstream:short)%00%(objectname)%00%(upstream:track)%00%(upstream:remotename)%00%(upstream:remoteref) refs/heads/main refs/remotes/main [2ms]
2023-03-21 16:41:34.945 [info] > git status -z -uall [42ms]
2023-03-21 16:41:39.976 [info] > git config --get commit.template [12ms]
2023-03-21 16:41:39.979 [info] > git for-each-ref --format=%(refname)%00%(upstream:short)%00%(objectname)%00%(upstream:track)%00%(upstream:remotename)%00%(upstream:remoteref) refs/heads/main refs/remotes/main [4ms]
2023-03-21 16:41:40.027 [info] > git status -z -uall [42ms]
2023-03-21 16:41:45.056 [info] > git config --get commit.template [9ms]
2023-03-21 16:41:45.058 [info] > git for-each-ref --format=%(refname)%00%(upstream:short)%00%(objectname)%00%(upstream:track)%00%(upstream:remotename)%00%(upstream:remoteref) refs/heads/main refs/remotes/main [3ms]
2023-03-21 16:41:45.127 [info] > git status -z -uall [63ms]
2023-03-21 16:42:11.746 [info] > git config --get commit.template [10ms]
2023-03-21 16:42:11.748 [info] > git for-each-ref --format=%(refname)%00%(upstream:short)%00%(objectname)%00%(upstream:track)%00%(upstream:remotename)%00%(upstream:remoteref) refs/heads/main refs/remotes/main [3ms]
2023-03-21 16:42:11.809 [info] > git status -z -uall [55ms]
2023-03-21 16:42:16.834 [info] > git config --get commit.template [8ms]
2023-03-21 16:42:16.836 [info] > git for-each-ref --format=%(refname)%00%(upstream:short)%00%(objectname)%00%(upstream:track)%00%(upstream:remotename)%00%(upstream:remoteref) refs/heads/main refs/remotes/main [3ms]
2023-03-21 16:42:16.884 [info] > git status -z -uall [43ms]
2023-03-21 16:42:21.906 [info] > git config --get commit.template [6ms]
2023-03-21 16:42:21.907 [info] > git for-each-ref --format=%(refname)%00%(upstream:short)%00%(objectname)%00%(upstream:track)%00%(upstream:remotename)%00%(upstream:remoteref) refs/heads/main refs/remotes/main [2ms]
2023-03-21 16:42:21.961 [info] > git status -z -uall [50ms]
2023-03-21 16:42:26.992 [info] > git config --get commit.template [11ms]
2023-03-21 16:42:26.995 [info] > git for-each-ref --format=%(refname)%00%(upstream:short)%00%(objectname)%00%(upstream:track)%00%(upstream:remotename)%00%(upstream:remoteref) refs/heads/main refs/remotes/main [4ms]
2023-03-21 16:42:27.043 [info] > git status -z -uall [42ms]
2023-03-21 16:42:42.005 [info] > git config --get commit.template [9ms]
2023-03-21 16:42:42.007 [info] > git for-each-ref --format=%(refname)%00%(upstream:short)%00%(objectname)%00%(upstream:track)%00%(upstream:remotename)%00%(upstream:remoteref) refs/heads/main refs/remotes/main [3ms]
2023-03-21 16:42:42.055 [info] > git status -z -uall [44ms]
2023-03-21 16:42:47.081 [info] > git config --get commit.template [7ms]
2023-03-21 16:42:47.083 [info] > git for-each-ref --format=%(refname)%00%(upstream:short)%00%(objectname)%00%(upstream:track)%00%(upstream:remotename)%00%(upstream:remoteref) refs/heads/main refs/remotes/main [2ms]
2023-03-21 16:42:47.128 [info] > git status -z -uall [41ms]
2023-03-21 16:42:49.161 [info] > git show --textconv :Testing/index.html [11ms]
2023-03-21 16:42:49.165 [info] > git ls-files --stage -- /web/users/projects/202223/quicknotes/Testing/index.html [6ms]
2023-03-21 16:42:52.163 [info] > git config --get commit.template [9ms]
2023-03-21 16:42:52.164 [info] > git for-each-ref --format=%(refname)%00%(upstream:short)%00%(objectname)%00%(upstream:track)%00%(upstream:remotename)%00%(upstream:remoteref) refs/heads/main refs/remotes/main [2ms]
2023-03-21 16:42:52.209 [info] > git status -z -uall [40ms]
2023-03-21 16:42:52.760 [info] > git show --textconv :Testing/script.js [32ms]
2023-03-21 16:42:52.771 [info] > git ls-files --stage -- /web/users/projects/202223/quicknotes/Testing/script.js [21ms]
2023-03-21 16:42:55.826 [info] > git ls-files --stage -- /web/users/projects/202223/quicknotes/Testing/stylecolumn.css [4ms]
2023-03-21 16:42:55.849 [info] > git show --textconv :Testing/stylecolumn.css [35ms]
2023-03-21 16:42:55.852 [info] > git cat-file -s 00171f334c8216d6b6f3c4589aa77919f427cf22 [22ms]
2023-03-21 16:42:57.245 [info] > git config --get commit.template [8ms]
2023-03-21 16:42:57.250 [info] > git for-each-ref --format=%(refname)%00%(upstream:short)%00%(objectname)%00%(upstream:track)%00%(upstream:remotename)%00%(upstream:remoteref) refs/heads/main refs/remotes/main [6ms]
2023-03-21 16:42:57.291 [info] > git show --textconv :Testing/styles.css [26ms]
2023-03-21 16:42:57.299 [info] > git ls-files --stage -- /web/users/projects/202223/quicknotes/Testing/styles.css [7ms]
2023-03-21 16:42:57.317 [info] > git status -z -uall [63ms]
2023-03-21 16:43:02.347 [info] > git config --get commit.template [9ms]
2023-03-21 16:43:02.349 [info] > git for-each-ref --format=%(refname)%00%(upstream:short)%00%(objectname)%00%(upstream:track)%00%(upstream:remotename)%00%(upstream:remoteref) refs/heads/main refs/remotes/main [3ms]
2023-03-21 16:43:02.398 [info] > git status -z -uall [43ms]
2023-03-21 16:43:07.454 [info] > git config --get commit.template [6ms]
2023-03-21 16:43:07.464 [info] > git for-each-ref --format=%(refname)%00%(upstream:short)%00%(objectname)%00%(upstream:track)%00%(upstream:remotename)%00%(upstream:remoteref) refs/heads/main refs/remotes/main [3ms]
2023-03-21 16:43:07.513 [info] > git status -z -uall [42ms]
2023-03-21 16:43:15.927 [info] > git config --get commit.template [8ms]
2023-03-21 16:43:15.929 [info] > git for-each-ref --format=%(refname)%00%(upstream:short)%00%(objectname)%00%(upstream:track)%00%(upstream:remotename)%00%(upstream:remoteref) refs/heads/main refs/remotes/main [2ms]
2023-03-21 16:43:15.980 [info] > git status -z -uall [45ms]
2023-03-21 16:43:21.019 [info] > git config --get commit.template [9ms]
2023-03-21 16:43:21.021 [info] > git for-each-ref --format=%(refname)%00%(upstream:short)%00%(objectname)%00%(upstream:track)%00%(upstream:remotename)%00%(upstream:remoteref) refs/heads/main refs/remotes/main [3ms]
2023-03-21 16:43:21.068 [info] > git status -z -uall [42ms]
2023-03-21 16:43:26.096 [info] > git config --get commit.template [11ms]
2023-03-21 16:43:26.103 [info] > git for-each-ref --format=%(refname)%00%(upstream:short)%00%(objectname)%00%(upstream:track)%00%(upstream:remotename)%00%(upstream:remoteref) refs/heads/main refs/remotes/main [7ms]
2023-03-21 16:43:26.193 [info] > git status -z -uall [80ms]
2023-03-21 16:43:39.249 [info] > git config --get commit.template [8ms]
2023-03-21 16:43:39.251 [info] > git for-each-ref --format=%(refname)%00%(upstream:short)%00%(objectname)%00%(upstream:track)%00%(upstream:remotename)%00%(upstream:remoteref) refs/heads/main refs/remotes/main [3ms]
2023-03-21 16:43:39.298 [info] > git status -z -uall [42ms]
2023-03-21 16:43:44.338 [info] > git config --get commit.template [8ms]
2023-03-21 16:43:44.340 [info] > git for-each-ref --format=%(refname)%00%(upstream:short)%00%(objectname)%00%(upstream:track)%00%(upstream:remotename)%00%(upstream:remoteref) refs/heads/main refs/remotes/main [2ms]
2023-03-21 16:43:44.389 [info] > git status -z -uall [43ms]
2023-03-21 16:43:54.323 [info] > git config --get commit.template [8ms]
2023-03-21 16:43:54.325 [info] > git for-each-ref --format=%(refname)%00%(upstream:short)%00%(objectname)%00%(upstream:track)%00%(upstream:remotename)%00%(upstream:remoteref) refs/heads/main refs/remotes/main [3ms]
2023-03-21 16:43:54.375 [info] > git status -z -uall [45ms]
2023-03-21 16:43:59.407 [info] > git config --get commit.template [11ms]
2023-03-21 16:43:59.415 [info] > git for-each-ref --format=%(refname)%00%(upstream:short)%00%(objectname)%00%(upstream:track)%00%(upstream:remotename)%00%(upstream:remoteref) refs/heads/main refs/remotes/main [8ms]
2023-03-21 16:43:59.471 [info] > git status -z -uall [46ms]
2023-03-21 16:44:05.047 [info] > git config --get commit.template [8ms]
2023-03-21 16:44:05.050 [info] > git for-each-ref --format=%(refname)%00%(upstream:short)%00%(objectname)%00%(upstream:track)%00%(upstream:remotename)%00%(upstream:remoteref) refs/heads/main refs/remotes/main [3ms]
2023-03-21 16:44:05.098 [info] > git status -z -uall [42ms]
2023-03-21 16:44:12.941 [info] > git config --get commit.template [8ms]
2023-03-21 16:44:12.943 [info] > git for-each-ref --format=%(refname)%00%(upstream:short)%00%(objectname)%00%(upstream:track)%00%(upstream:remotename)%00%(upstream:remoteref) refs/heads/main refs/remotes/main [2ms]
2023-03-21 16:44:12.993 [info] > git status -z -uall [45ms]
2023-03-21 16:44:18.019 [info] > git config --get commit.template [8ms]
2023-03-21 16:44:18.021 [info] > git for-each-ref --format=%(refname)%00%(upstream:short)%00%(objectname)%00%(upstream:track)%00%(upstream:remotename)%00%(upstream:remoteref) refs/heads/main refs/remotes/main [3ms]
2023-03-21 16:44:18.067 [info] > git status -z -uall [40ms]
2023-03-21 16:44:23.095 [info] > git config --get commit.template [8ms]
2023-03-21 16:44:23.097 [info] > git for-each-ref --format=%(refname)%00%(upstream:short)%00%(objectname)%00%(upstream:track)%00%(upstream:remotename)%00%(upstream:remoteref) refs/heads/main refs/remotes/main [2ms]
2023-03-21 16:44:23.146 [info] > git status -z -uall [43ms]
2023-03-21 16:44:28.176 [info] > git config --get commit.template [9ms]
2023-03-21 16:44:28.178 [info] > git for-each-ref --format=%(refname)%00%(upstream:short)%00%(objectname)%00%(upstream:track)%00%(upstream:remotename)%00%(upstream:remoteref) refs/heads/main refs/remotes/main [3ms]
2023-03-21 16:44:28.225 [info] > git status -z -uall [42ms]
2023-03-21 17:08:54.591 [info] > git config --get commit.template [8ms]
2023-03-21 17:08:54.593 [info] > git for-each-ref --format=%(refname)%00%(upstream:short)%00%(objectname)%00%(upstream:track)%00%(upstream:remotename)%00%(upstream:remoteref) refs/heads/main refs/remotes/main [3ms]
2023-03-21 17:08:54.652 [info] > git status -z -uall [53ms]
