2023-03-19 11:02:27.219 [info] Log level: Info
2023-03-19 11:02:27.220 [info] Validating found git in: "git"
2023-03-19 11:02:27.220 [info] Using git "2.25.1" from "git"
2023-03-19 11:02:27.221 [info] > git rev-parse --show-toplevel [6ms]
2023-03-19 11:02:27.221 [info] fatal: not a git repository (or any parent up to mount point /web/users)
Stopping at filesystem boundary (GIT_DISCOVERY_ACROSS_FILESYSTEM not set).
2023-03-19 11:02:27.222 [info] > git rev-parse --show-toplevel [3ms]
2023-03-19 11:02:27.222 [info] fatal: not a git repository (or any parent up to mount point /web/users)
Stopping at filesystem boundary (GIT_DISCOVERY_ACROSS_FILESYSTEM not set).
2023-03-19 11:02:27.223 [info] > git rev-parse --show-toplevel [2ms]
2023-03-19 11:02:27.224 [info] fatal: not a git repository (or any parent up to mount point /web/users)
Stopping at filesystem boundary (GIT_DISCOVERY_ACROSS_FILESYSTEM not set).
2023-03-19 11:02:27.224 [info] > git rev-parse --show-toplevel [1ms]
2023-03-19 11:02:27.224 [info] fatal: not a git repository (or any parent up to mount point /web/users)
Stopping at filesystem boundary (GIT_DISCOVERY_ACROSS_FILESYSTEM not set).
2023-03-19 11:02:27.224 [info] > git rev-parse --show-toplevel [1ms]
2023-03-19 11:02:27.224 [info] fatal: not a git repository (or any parent up to mount point /web/users)
Stopping at filesystem boundary (GIT_DISCOVERY_ACROSS_FILESYSTEM not set).
2023-03-19 11:02:34.834 [info] > git rev-parse --show-toplevel [15ms]
2023-03-19 11:02:34.834 [info] fatal: not a git repository (or any parent up to mount point /web/users)
Stopping at filesystem boundary (GIT_DISCOVERY_ACROSS_FILESYSTEM not set).
2023-03-19 11:02:44.856 [info] > git rev-parse --show-toplevel [43ms]
2023-03-19 11:02:44.856 [info] fatal: not a git repository (or any parent up to mount point /web/users)
Stopping at filesystem boundary (GIT_DISCOVERY_ACROSS_FILESYSTEM not set).
2023-03-19 11:13:11.158 [info] > git rev-parse --show-toplevel [6ms]
2023-03-19 11:13:11.158 [info] fatal: not a git repository (or any parent up to mount point /web/users)
Stopping at filesystem boundary (GIT_DISCOVERY_ACROSS_FILESYSTEM not set).
2023-03-19 11:18:09.827 [info] > git rev-parse --show-toplevel [6ms]
2023-03-19 11:18:09.827 [info] fatal: not a git repository (or any parent up to mount point /web/users)
Stopping at filesystem boundary (GIT_DISCOVERY_ACROSS_FILESYSTEM not set).
