0 verbose cli /usr/bin/node /usr/bin/npm
1 info using npm@8.19.3
2 info using node@v16.19.1
3 timing npm:load:whichnode Completed in 0ms
4 timing config:load:defaults Completed in 19ms
5 timing config:load:file:/usr/lib/node_modules/npm/npmrc Completed in 24ms
6 timing config:load:builtin Completed in 24ms
7 timing config:load:cli Completed in 2ms
8 timing config:load:env Completed in 0ms
9 timing config:load:file:/web/users/projects/202223/quicknotes/.cache/typescript/4.9/.npmrc Completed in 0ms
10 timing config:load:project Completed in 20ms
11 timing config:load:file:/web/users/projects/202223/quicknotes/.npmrc Completed in 0ms
12 timing config:load:user Completed in 0ms
13 timing config:load:file:/usr/etc/npmrc Completed in 0ms
14 timing config:load:global Completed in 0ms
15 timing config:load:validate Completed in 1ms
16 timing config:load:credentials Completed in 0ms
17 timing config:load:setEnvs Completed in 5ms
18 timing config:load Completed in 77ms
19 timing npm:load:configload Completed in 77ms
20 timing npm:load:mkdirpcache Completed in 4ms
21 timing npm:load:mkdirplogs Completed in 3ms
22 verbose title npm install types-registry@latest
23 verbose argv "install" "--ignore-scripts" "types-registry@latest"
24 timing npm:load:setTitle Completed in 1ms
25 timing config:load:flatten Completed in 2ms
26 timing npm:load:display Completed in 3ms
27 verbose logfile logs-max:10 dir:/web/users/projects/202223/quicknotes/.npm/_logs
28 verbose logfile /web/users/projects/202223/quicknotes/.npm/_logs/2023-03-15T18_18_17_141Z-debug-0.log
29 timing npm:load:logFile Completed in 72ms
30 timing npm:load:timers Completed in 0ms
31 timing npm:load:configScope Completed in 0ms
32 timing npm:load Completed in 160ms
33 timing arborist:ctor Completed in 1ms
34 silly logfile done cleaning log files
35 timing idealTree:init Completed in 28ms
36 timing arborist:ctor Completed in 1ms
37 http fetch GET 200 https://registry.npmjs.org/types-registry 232ms (cache revalidated)
38 timing idealTree:userRequests Completed in 244ms
39 silly idealTree buildDeps
40 silly fetch manifest types-registry@0.1.635
41 silly placeDep ROOT types-registry@0.1.635 REPLACE for:  want: 0.1.635
42 timing idealTree:#root Completed in 6ms
43 timing idealTree:node_modules/types-registry Completed in 0ms
44 timing idealTree:buildDeps Completed in 8ms
45 timing idealTree:fixDepFlags Completed in 0ms
46 timing idealTree Completed in 282ms
47 timing reify:loadTrees Completed in 284ms
48 timing reify:diffTrees Completed in 1ms
49 silly reify moves {}
50 timing reify:retireShallow Completed in 1ms
51 timing reify:createSparse Completed in 0ms
52 timing reify:loadBundles Completed in 0ms
53 silly audit bulk request { 'types-registry': [ '0.1.635' ] }
54 timing reify:unpack Completed in 1ms
55 timing reify:unretire Completed in 0ms
56 timing build:queue Completed in 0ms
57 timing build:deps Completed in 1ms
58 timing build Completed in 1ms
59 timing reify:build Completed in 1ms
60 timing reify:trash Completed in 0ms
61 timing reify:save Completed in 6ms
62 http fetch POST 200 https://registry.npmjs.org/-/npm/v1/security/advisories/bulk 253ms
63 timing auditReport:getReport Completed in 256ms
64 silly audit report {}
65 timing auditReport:init Completed in 0ms
66 timing reify:audit Completed in 258ms
67 timing reify Completed in 554ms
68 timing command:install Completed in 568ms
69 verbose exit 0
70 timing npm Completed in 963ms
71 info ok
