0 verbose cli /usr/bin/node /usr/bin/npm
1 info using npm@8.19.3
2 info using node@v16.19.1
3 timing npm:load:whichnode Completed in 0ms
4 timing config:load:defaults Completed in 19ms
5 timing config:load:file:/usr/lib/node_modules/npm/npmrc Completed in 26ms
6 timing config:load:builtin Completed in 28ms
7 timing config:load:cli Completed in 15ms
8 timing config:load:env Completed in 1ms
9 timing config:load:file:/web/users/projects/202223/quicknotes/.cache/typescript/4.7/.npmrc Completed in 0ms
10 timing config:load:project Completed in 1ms
11 timing config:load:file:/web/users/projects/202223/quicknotes/.npmrc Completed in 1ms
12 timing config:load:user Completed in 1ms
13 timing config:load:file:/usr/etc/npmrc Completed in 0ms
14 timing config:load:global Completed in 0ms
15 timing config:load:validate Completed in 0ms
16 timing config:load:credentials Completed in 2ms
17 timing config:load:setEnvs Completed in 0ms
18 timing config:load Completed in 68ms
19 timing npm:load:configload Completed in 68ms
20 timing npm:load:mkdirpcache Completed in 1ms
21 timing npm:load:mkdirplogs Completed in 0ms
22 verbose title npm install types-registry@latest
23 verbose argv "install" "--ignore-scripts" "types-registry@latest"
24 timing npm:load:setTitle Completed in 1ms
25 timing config:load:flatten Completed in 2ms
26 timing npm:load:display Completed in 3ms
27 verbose logfile logs-max:10 dir:/web/users/projects/202223/quicknotes/.npm/_logs
28 verbose logfile /web/users/projects/202223/quicknotes/.npm/_logs/2023-03-14T09_40_56_165Z-debug-0.log
29 timing npm:load:logFile Completed in 6ms
30 timing npm:load:timers Completed in 1ms
31 timing npm:load:configScope Completed in 0ms
32 timing npm:load Completed in 81ms
33 timing arborist:ctor Completed in 2ms
34 silly logfile done cleaning log files
35 timing arborist:ctor Completed in 0ms
36 timing idealTree:init Completed in 9ms
37 http fetch GET 200 https://registry.npmjs.org/types-registry 188ms (cache miss)
38 timing idealTree:userRequests Completed in 201ms
39 silly idealTree buildDeps
40 silly fetch manifest types-registry@0.1.635
41 silly placeDep ROOT types-registry@0.1.635 OK for:  want: 0.1.635
42 timing idealTree:#root Completed in 7ms
43 timing idealTree:node_modules/types-registry Completed in 0ms
44 timing idealTree:buildDeps Completed in 7ms
45 timing idealTree:fixDepFlags Completed in 1ms
46 timing idealTree Completed in 220ms
47 timing reify:loadTrees Completed in 221ms
48 timing reify:diffTrees Completed in 1ms
49 silly reify moves {}
50 timing reify:retireShallow Completed in 1ms
51 timing reify:createSparse Completed in 3ms
52 timing reify:loadBundles Completed in 0ms
53 silly audit bulk request { 'types-registry': [ '0.1.635' ] }
54 silly tarball no local data for types-registry@https://registry.npmjs.org/types-registry/-/types-registry-0.1.635.tgz. Extracting by manifest.
55 http fetch GET 200 https://registry.npmjs.org/npm 346ms (cache miss)
56 http fetch GET 200 https://registry.npmjs.org/types-registry/-/types-registry-0.1.635.tgz 68ms (cache miss)
57 timing reifyNode:node_modules/types-registry Completed in 82ms
58 timing reify:unpack Completed in 82ms
59 timing reify:unretire Completed in 0ms
60 timing build:queue Completed in 0ms
61 timing build:deps Completed in 1ms
62 timing build Completed in 2ms
63 timing reify:build Completed in 2ms
64 timing reify:trash Completed in 0ms
65 timing reify:save Completed in 3ms
66 http fetch POST 200 https://registry.npmjs.org/-/npm/v1/security/advisories/bulk 220ms
67 timing auditReport:getReport Completed in 222ms
68 silly audit report {}
69 timing auditReport:init Completed in 0ms
70 timing reify:audit Completed in 223ms
71 timing reify Completed in 537ms
72 silly ADD node_modules/types-registry
73 timing command:install Completed in 547ms
74 notice
74 notice New major version of npm available! 8.19.3 -> 9.6.1
74 notice Changelog: <https://github.com/npm/cli/releases/tag/v9.6.1>
74 notice Run `npm install -g npm@9.6.1` to update!
74 notice
75 verbose exit 0
76 timing npm Completed in 1358ms
77 info ok
