0 verbose cli /usr/bin/node /usr/bin/npm
1 info using npm@8.19.3
2 info using node@v16.19.1
3 timing npm:load:whichnode Completed in 0ms
4 timing config:load:defaults Completed in 26ms
5 timing config:load:file:/usr/lib/node_modules/npm/npmrc Completed in 45ms
6 timing config:load:builtin Completed in 45ms
7 timing config:load:cli Completed in 23ms
8 timing config:load:env Completed in 1ms
9 timing config:load:file:/web/users/projects/202223/quicknotes/.cache/typescript/4.9/.npmrc Completed in 0ms
10 timing config:load:project Completed in 33ms
11 timing config:load:file:/web/users/projects/202223/quicknotes/.npmrc Completed in 0ms
12 timing config:load:user Completed in 0ms
13 timing config:load:file:/usr/etc/npmrc Completed in 0ms
14 timing config:load:global Completed in 0ms
15 timing config:load:validate Completed in 1ms
16 timing config:load:credentials Completed in 5ms
17 timing config:load:setEnvs Completed in 1ms
18 timing config:load Completed in 135ms
19 timing npm:load:configload Completed in 135ms
20 timing npm:load:mkdirpcache Completed in 5ms
21 timing npm:load:mkdirplogs Completed in 0ms
22 verbose title npm install types-registry@latest
23 verbose argv "install" "--ignore-scripts" "types-registry@latest"
24 timing npm:load:setTitle Completed in 9ms
25 timing config:load:flatten Completed in 2ms
26 timing npm:load:display Completed in 3ms
27 verbose logfile logs-max:10 dir:/web/users/projects/202223/quicknotes/.npm/_logs
28 verbose logfile /web/users/projects/202223/quicknotes/.npm/_logs/2023-03-19T11_50_19_211Z-debug-0.log
29 timing npm:load:logFile Completed in 37ms
30 timing npm:load:timers Completed in 0ms
31 timing npm:load:configScope Completed in 1ms
32 timing npm:load Completed in 191ms
33 timing arborist:ctor Completed in 2ms
34 silly logfile done cleaning log files
35 timing idealTree:init Completed in 182ms
36 timing arborist:ctor Completed in 0ms
37 http fetch GET 200 https://registry.npmjs.org/types-registry 389ms (cache updated)
38 timing idealTree:userRequests Completed in 414ms
39 silly idealTree buildDeps
40 silly fetch manifest types-registry@0.1.636
41 silly placeDep ROOT types-registry@0.1.636 REPLACE for:  want: 0.1.636
42 timing idealTree:#root Completed in 13ms
43 timing idealTree:node_modules/types-registry Completed in 0ms
44 timing idealTree:buildDeps Completed in 15ms
45 timing idealTree:fixDepFlags Completed in 0ms
46 timing idealTree Completed in 619ms
47 timing reify:loadTrees Completed in 671ms
48 timing reify:diffTrees Completed in 1ms
49 silly reify mark retired [
49 silly reify   '/web/users/projects/202223/quicknotes/.cache/typescript/4.9/node_modules/types-registry'
49 silly reify ]
50 silly reify moves {
50 silly reify   '/web/users/projects/202223/quicknotes/.cache/typescript/4.9/node_modules/types-registry': '/web/users/projects/202223/quicknotes/.cache/typescript/4.9/node_modules/.types-registry-rFGYLLua'
50 silly reify }
51 timing reify:retireShallow Completed in 12ms
52 timing reify:createSparse Completed in 1ms
53 timing reify:loadBundles Completed in 0ms
54 silly audit bulk request { 'types-registry': [ '0.1.636' ] }
55 silly tarball no local data for types-registry@https://registry.npmjs.org/types-registry/-/types-registry-0.1.636.tgz. Extracting by manifest.
56 http fetch POST 200 https://registry.npmjs.org/-/npm/v1/security/advisories/bulk 211ms
57 timing auditReport:getReport Completed in 215ms
58 silly audit report {}
59 timing auditReport:init Completed in 0ms
60 timing reify:audit Completed in 217ms
61 http fetch GET 200 https://registry.npmjs.org/types-registry/-/types-registry-0.1.636.tgz 244ms (cache miss)
62 timing reifyNode:node_modules/types-registry Completed in 269ms
63 timing reify:unpack Completed in 270ms
64 timing reify:unretire Completed in 0ms
65 timing build:queue Completed in 15ms
66 timing build:deps Completed in 16ms
67 timing build Completed in 16ms
68 timing reify:build Completed in 16ms
69 timing reify:trash Completed in 9ms
70 timing reify:save Completed in 10ms
71 timing reify Completed in 1011ms
72 silly CHANGE node_modules/types-registry
73 timing command:install Completed in 1044ms
74 verbose exit 0
75 timing npm Completed in 1717ms
76 info ok
