0 verbose cli /usr/bin/node /usr/bin/npm
1 info using npm@8.19.3
2 info using node@v16.19.1
3 timing npm:load:whichnode Completed in 0ms
4 timing config:load:defaults Completed in 13ms
5 timing config:load:file:/usr/lib/node_modules/npm/npmrc Completed in 20ms
6 timing config:load:builtin Completed in 20ms
7 timing config:load:cli Completed in 21ms
8 timing config:load:env Completed in 1ms
9 timing config:load:file:/web/users/projects/202223/quicknotes/.cache/typescript/4.9/.npmrc Completed in 0ms
10 timing config:load:project Completed in 4ms
11 timing config:load:file:/web/users/projects/202223/quicknotes/.npmrc Completed in 0ms
12 timing config:load:user Completed in 0ms
13 timing config:load:file:/usr/etc/npmrc Completed in 3ms
14 timing config:load:global Completed in 3ms
15 timing config:load:validate Completed in 0ms
16 timing config:load:credentials Completed in 1ms
17 timing config:load:setEnvs Completed in 9ms
18 timing config:load Completed in 72ms
19 timing npm:load:configload Completed in 72ms
20 timing npm:load:mkdirpcache Completed in 2ms
21 timing npm:load:mkdirplogs Completed in 3ms
22 verbose title npm install types-registry@latest
23 verbose argv "install" "--ignore-scripts" "types-registry@latest"
24 timing npm:load:setTitle Completed in 1ms
25 timing config:load:flatten Completed in 3ms
26 timing npm:load:display Completed in 3ms
27 verbose logfile logs-max:10 dir:/web/users/projects/202223/quicknotes/.npm/_logs
28 verbose logfile /web/users/projects/202223/quicknotes/.npm/_logs/2023-03-26T05_07_47_915Z-debug-0.log
29 timing npm:load:logFile Completed in 27ms
30 timing npm:load:timers Completed in 1ms
31 timing npm:load:configScope Completed in 0ms
32 timing npm:load Completed in 109ms
33 timing arborist:ctor Completed in 0ms
34 silly logfile start cleaning logs, removing 1 files
35 silly logfile done cleaning log files
36 timing idealTree:init Completed in 66ms
37 timing arborist:ctor Completed in 0ms
38 http fetch GET 200 https://registry.npmjs.org/types-registry 410ms (cache updated)
39 timing idealTree:userRequests Completed in 436ms
40 silly idealTree buildDeps
41 silly fetch manifest types-registry@0.1.637
42 silly placeDep ROOT types-registry@0.1.637 REPLACE for:  want: 0.1.637
43 timing idealTree:#root Completed in 12ms
44 timing idealTree:node_modules/types-registry Completed in 0ms
45 timing idealTree:buildDeps Completed in 15ms
46 timing idealTree:fixDepFlags Completed in 0ms
47 timing idealTree Completed in 523ms
48 timing reify:loadTrees Completed in 524ms
49 timing reify:diffTrees Completed in 3ms
50 silly reify mark retired [
50 silly reify   '/web/users/projects/202223/quicknotes/.cache/typescript/4.9/node_modules/types-registry'
50 silly reify ]
51 silly reify moves {
51 silly reify   '/web/users/projects/202223/quicknotes/.cache/typescript/4.9/node_modules/types-registry': '/web/users/projects/202223/quicknotes/.cache/typescript/4.9/node_modules/.types-registry-rFGYLLua'
51 silly reify }
52 timing reify:retireShallow Completed in 7ms
53 timing reify:createSparse Completed in 1ms
54 timing reify:loadBundles Completed in 0ms
55 silly audit bulk request { 'types-registry': [ '0.1.637' ] }
56 silly tarball no local data for types-registry@https://registry.npmjs.org/types-registry/-/types-registry-0.1.637.tgz. Extracting by manifest.
57 http fetch GET 200 https://registry.npmjs.org/types-registry/-/types-registry-0.1.637.tgz 194ms (cache miss)
58 timing reifyNode:node_modules/types-registry Completed in 210ms
59 timing reify:unpack Completed in 210ms
60 timing reify:unretire Completed in 1ms
61 timing build:queue Completed in 3ms
62 timing build:deps Completed in 3ms
63 timing build Completed in 3ms
64 timing reify:build Completed in 3ms
65 http fetch POST 200 https://registry.npmjs.org/-/npm/v1/security/advisories/bulk 225ms
66 timing auditReport:getReport Completed in 225ms
67 silly audit report {}
68 timing auditReport:init Completed in 0ms
69 timing reify:audit Completed in 232ms
70 timing reify:trash Completed in 21ms
71 timing reify:save Completed in 39ms
72 timing reify Completed in 852ms
73 silly CHANGE node_modules/types-registry
74 timing command:install Completed in 858ms
75 verbose exit 0
76 timing npm Completed in 1621ms
77 info ok
