[2023-03-14T09:35:42.905Z] Log level: Info
[2023-03-14T09:35:42.912Z] [info] Validating found git in: git
[2023-03-14T09:35:42.938Z] [info] Using git 2.25.1 from git
[2023-03-14T09:35:42.964Z] > git rev-parse --show-toplevel [13ms]
[2023-03-14T09:35:42.964Z] fatal: not a git repository (or any parent up to mount point /web/users)
Stopping at filesystem boundary (GIT_DISCOVERY_ACROSS_FILESYSTEM not set).
[2023-03-14T09:35:42.977Z] > git rev-parse --show-toplevel [5ms]
[2023-03-14T09:35:42.977Z] fatal: not a git repository (or any parent up to mount point /web/users)
Stopping at filesystem boundary (GIT_DISCOVERY_ACROSS_FILESYSTEM not set).
[2023-03-14T09:35:42.986Z] > git rev-parse --show-toplevel [5ms]
[2023-03-14T09:35:42.986Z] fatal: not a git repository (or any parent up to mount point /web/users)
Stopping at filesystem boundary (GIT_DISCOVERY_ACROSS_FILESYSTEM not set).
[2023-03-14T09:40:36.311Z] > git rev-parse --show-toplevel [6ms]
[2023-03-14T09:40:36.311Z] fatal: not a git repository (or any parent up to mount point /web/users)
Stopping at filesystem boundary (GIT_DISCOVERY_ACROSS_FILESYSTEM not set).
[2023-03-14T09:40:49.681Z] > git rev-parse --show-toplevel [5ms]
[2023-03-14T09:40:49.681Z] fatal: not a git repository (or any parent up to mount point /web/users)
Stopping at filesystem boundary (GIT_DISCOVERY_ACROSS_FILESYSTEM not set).
[2023-03-14T09:40:54.658Z] > git rev-parse --show-toplevel [11ms]
[2023-03-14T09:40:54.658Z] fatal: not a git repository (or any parent up to mount point /web/users)
Stopping at filesystem boundary (GIT_DISCOVERY_ACROSS_FILESYSTEM not set).
[2023-03-14T09:43:53.793Z] > git rev-parse --show-toplevel [9ms]
[2023-03-14T09:43:53.793Z] fatal: not a git repository (or any parent up to mount point /web/users)
Stopping at filesystem boundary (GIT_DISCOVERY_ACROSS_FILESYSTEM not set).
[2023-03-14T09:51:03.325Z] > git rev-parse --show-toplevel [7ms]
[2023-03-14T09:51:03.325Z] fatal: not a git repository (or any parent up to mount point /web/users)
Stopping at filesystem boundary (GIT_DISCOVERY_ACROSS_FILESYSTEM not set).
[2023-03-14T09:51:03.339Z] > git rev-parse --show-toplevel [6ms]
[2023-03-14T09:51:03.339Z] fatal: not a git repository (or any parent up to mount point /web/users)
Stopping at filesystem boundary (GIT_DISCOVERY_ACROSS_FILESYSTEM not set).
[2023-03-14T09:53:26.931Z] > git rev-parse --show-toplevel [3ms]
[2023-03-14T09:53:26.931Z] fatal: not a git repository (or any parent up to mount point /web/users)
Stopping at filesystem boundary (GIT_DISCOVERY_ACROSS_FILESYSTEM not set).
[2023-03-14T09:53:27.155Z] > git rev-parse --show-toplevel [7ms]
[2023-03-14T09:53:27.155Z] fatal: not a git repository (or any parent up to mount point /web/users)
Stopping at filesystem boundary (GIT_DISCOVERY_ACROSS_FILESYSTEM not set).
[2023-03-14T09:53:27.160Z] > git rev-parse --show-toplevel [1ms]
[2023-03-14T09:53:27.160Z] fatal: not a git repository (or any parent up to mount point /web/users)
Stopping at filesystem boundary (GIT_DISCOVERY_ACROSS_FILESYSTEM not set).
[2023-03-14T09:53:31.778Z] > git rev-parse --show-toplevel [4ms]
[2023-03-14T09:53:31.778Z] fatal: not a git repository (or any parent up to mount point /web/users)
Stopping at filesystem boundary (GIT_DISCOVERY_ACROSS_FILESYSTEM not set).
[2023-03-14T09:53:31.941Z] > git rev-parse --show-toplevel [8ms]
[2023-03-14T09:53:31.941Z] fatal: not a git repository (or any parent up to mount point /web/users)
Stopping at filesystem boundary (GIT_DISCOVERY_ACROSS_FILESYSTEM not set).
[2023-03-14T09:53:31.953Z] > git rev-parse --show-toplevel [7ms]
[2023-03-14T09:53:31.953Z] fatal: not a git repository (or any parent up to mount point /web/users)
Stopping at filesystem boundary (GIT_DISCOVERY_ACROSS_FILESYSTEM not set).
[2023-03-14T09:53:32.646Z] > git rev-parse --show-toplevel [4ms]
[2023-03-14T09:53:32.646Z] fatal: not a git repository (or any parent up to mount point /web/users)
Stopping at filesystem boundary (GIT_DISCOVERY_ACROSS_FILESYSTEM not set).
[2023-03-14T09:53:32.778Z] > git rev-parse --show-toplevel [5ms]
[2023-03-14T09:53:32.778Z] fatal: not a git repository (or any parent up to mount point /web/users)
Stopping at filesystem boundary (GIT_DISCOVERY_ACROSS_FILESYSTEM not set).
[2023-03-14T09:53:32.809Z] > git rev-parse --show-toplevel [27ms]
[2023-03-14T09:53:32.809Z] fatal: not a git repository (or any parent up to mount point /web/users)
Stopping at filesystem boundary (GIT_DISCOVERY_ACROSS_FILESYSTEM not set).
[2023-03-14T09:53:35.632Z] > git rev-parse --show-toplevel [5ms]
[2023-03-14T09:53:35.632Z] fatal: not a git repository (or any parent up to mount point /web/users)
Stopping at filesystem boundary (GIT_DISCOVERY_ACROSS_FILESYSTEM not set).
[2023-03-14T09:53:35.675Z] > git rev-parse --show-toplevel [13ms]
[2023-03-14T09:53:35.675Z] fatal: not a git repository (or any parent up to mount point /web/users)
Stopping at filesystem boundary (GIT_DISCOVERY_ACROSS_FILESYSTEM not set).
[2023-03-14T09:53:35.684Z] > git rev-parse --show-toplevel [5ms]
[2023-03-14T09:53:35.684Z] fatal: not a git repository (or any parent up to mount point /web/users)
Stopping at filesystem boundary (GIT_DISCOVERY_ACROSS_FILESYSTEM not set).
[2023-03-14T09:53:36.372Z] > git rev-parse --show-toplevel [2ms]
[2023-03-14T09:53:36.372Z] fatal: not a git repository (or any parent up to mount point /web/users)
Stopping at filesystem boundary (GIT_DISCOVERY_ACROSS_FILESYSTEM not set).
[2023-03-14T09:53:36.433Z] > git rev-parse --show-toplevel [13ms]
[2023-03-14T09:53:36.433Z] fatal: not a git repository (or any parent up to mount point /web/users)
Stopping at filesystem boundary (GIT_DISCOVERY_ACROSS_FILESYSTEM not set).
[2023-03-14T09:53:36.455Z] > git rev-parse --show-toplevel [9ms]
[2023-03-14T09:53:36.455Z] fatal: not a git repository (or any parent up to mount point /web/users)
Stopping at filesystem boundary (GIT_DISCOVERY_ACROSS_FILESYSTEM not set).
[2023-03-14T09:53:47.163Z] > git rev-parse --show-toplevel [3ms]
[2023-03-14T09:53:47.163Z] fatal: not a git repository (or any parent up to mount point /web/users)
Stopping at filesystem boundary (GIT_DISCOVERY_ACROSS_FILESYSTEM not set).
[2023-03-14T09:53:47.206Z] > git rev-parse --show-toplevel [11ms]
[2023-03-14T09:53:47.206Z] fatal: not a git repository (or any parent up to mount point /web/users)
Stopping at filesystem boundary (GIT_DISCOVERY_ACROSS_FILESYSTEM not set).
[2023-03-14T09:53:47.213Z] > git rev-parse --show-toplevel [2ms]
[2023-03-14T09:53:47.213Z] fatal: not a git repository (or any parent up to mount point /web/users)
Stopping at filesystem boundary (GIT_DISCOVERY_ACROSS_FILESYSTEM not set).
[2023-03-14T09:56:05.180Z] > git rev-parse --show-toplevel [3ms]
[2023-03-14T09:56:05.180Z] fatal: not a git repository (or any parent up to mount point /web/users)
Stopping at filesystem boundary (GIT_DISCOVERY_ACROSS_FILESYSTEM not set).
[2023-03-14T09:56:05.186Z] > git rev-parse --show-toplevel [1ms]
[2023-03-14T09:56:05.186Z] fatal: not a git repository (or any parent up to mount point /web/users)
Stopping at filesystem boundary (GIT_DISCOVERY_ACROSS_FILESYSTEM not set).
[2023-03-14T09:56:05.193Z] > git rev-parse --show-toplevel [3ms]
[2023-03-14T09:56:05.193Z] fatal: not a git repository (or any parent up to mount point /web/users)
Stopping at filesystem boundary (GIT_DISCOVERY_ACROSS_FILESYSTEM not set).
[2023-03-14T09:56:17.115Z] > git rev-parse --show-toplevel [2ms]
[2023-03-14T09:56:17.115Z] fatal: not a git repository (or any parent up to mount point /web/users)
Stopping at filesystem boundary (GIT_DISCOVERY_ACROSS_FILESYSTEM not set).
[2023-03-14T09:56:22.349Z] > git rev-parse --show-toplevel [7ms]
[2023-03-14T09:56:22.349Z] fatal: not a git repository (or any parent up to mount point /web/users)
Stopping at filesystem boundary (GIT_DISCOVERY_ACROSS_FILESYSTEM not set).
[2023-03-14T09:56:22.359Z] > git rev-parse --show-toplevel [5ms]
[2023-03-14T09:56:22.359Z] fatal: not a git repository (or any parent up to mount point /web/users)
Stopping at filesystem boundary (GIT_DISCOVERY_ACROSS_FILESYSTEM not set).
[2023-03-14T09:59:25.236Z] > git rev-parse --show-toplevel [13ms]
[2023-03-14T09:59:25.236Z] fatal: not a git repository (or any parent up to mount point /web/users)
Stopping at filesystem boundary (GIT_DISCOVERY_ACROSS_FILESYSTEM not set).
[2023-03-14T09:59:25.249Z] > git rev-parse --show-toplevel [5ms]
[2023-03-14T09:59:25.250Z] fatal: not a git repository (or any parent up to mount point /web/users)
Stopping at filesystem boundary (GIT_DISCOVERY_ACROSS_FILESYSTEM not set).
[2023-03-14T09:59:25.255Z] > git rev-parse --show-toplevel [1ms]
[2023-03-14T09:59:25.255Z] fatal: not a git repository (or any parent up to mount point /web/users)
Stopping at filesystem boundary (GIT_DISCOVERY_ACROSS_FILESYSTEM not set).
[2023-03-14T10:00:25.605Z] > git rev-parse --show-toplevel [2ms]
[2023-03-14T10:00:25.605Z] fatal: not a git repository (or any parent up to mount point /web/users)
Stopping at filesystem boundary (GIT_DISCOVERY_ACROSS_FILESYSTEM not set).
[2023-03-14T10:00:25.612Z] > git rev-parse --show-toplevel [1ms]
[2023-03-14T10:00:25.612Z] fatal: not a git repository (or any parent up to mount point /web/users)
Stopping at filesystem boundary (GIT_DISCOVERY_ACROSS_FILESYSTEM not set).
[2023-03-14T10:00:25.619Z] > git rev-parse --show-toplevel [1ms]
[2023-03-14T10:00:25.619Z] fatal: not a git repository (or any parent up to mount point /web/users)
Stopping at filesystem boundary (GIT_DISCOVERY_ACROSS_FILESYSTEM not set).
[2023-03-14T10:00:27.882Z] > git rev-parse --show-toplevel [7ms]
[2023-03-14T10:00:27.882Z] fatal: not a git repository (or any parent up to mount point /web/users)
Stopping at filesystem boundary (GIT_DISCOVERY_ACROSS_FILESYSTEM not set).
[2023-03-14T10:00:27.889Z] > git rev-parse --show-toplevel [2ms]
[2023-03-14T10:00:27.889Z] fatal: not a git repository (or any parent up to mount point /web/users)
Stopping at filesystem boundary (GIT_DISCOVERY_ACROSS_FILESYSTEM not set).
[2023-03-14T10:00:27.898Z] > git rev-parse --show-toplevel [4ms]
[2023-03-14T10:00:27.898Z] fatal: not a git repository (or any parent up to mount point /web/users)
Stopping at filesystem boundary (GIT_DISCOVERY_ACROSS_FILESYSTEM not set).
[2023-03-14T10:00:27.904Z] > git rev-parse --show-toplevel [1ms]
[2023-03-14T10:00:27.904Z] fatal: not a git repository (or any parent up to mount point /web/users)
Stopping at filesystem boundary (GIT_DISCOVERY_ACROSS_FILESYSTEM not set).
[2023-03-14T10:01:16.243Z] > git rev-parse --show-toplevel [5ms]
[2023-03-14T10:01:16.243Z] fatal: not a git repository (or any parent up to mount point /web/users)
Stopping at filesystem boundary (GIT_DISCOVERY_ACROSS_FILESYSTEM not set).
[2023-03-14T10:01:16.441Z] > git rev-parse --show-toplevel [12ms]
[2023-03-14T10:01:16.441Z] fatal: not a git repository (or any parent up to mount point /web/users)
Stopping at filesystem boundary (GIT_DISCOVERY_ACROSS_FILESYSTEM not set).
[2023-03-14T10:01:16.465Z] > git rev-parse --show-toplevel [8ms]
[2023-03-14T10:01:16.465Z] fatal: not a git repository (or any parent up to mount point /web/users)
Stopping at filesystem boundary (GIT_DISCOVERY_ACROSS_FILESYSTEM not set).
[2023-03-14T10:02:36.825Z] > git rev-parse --show-toplevel [7ms]
[2023-03-14T10:02:36.825Z] fatal: not a git repository (or any parent up to mount point /web/users)
Stopping at filesystem boundary (GIT_DISCOVERY_ACROSS_FILESYSTEM not set).
[2023-03-14T10:02:36.833Z] > git rev-parse --show-toplevel [3ms]
[2023-03-14T10:02:36.833Z] fatal: not a git repository (or any parent up to mount point /web/users)
Stopping at filesystem boundary (GIT_DISCOVERY_ACROSS_FILESYSTEM not set).
[2023-03-14T10:02:36.839Z] > git rev-parse --show-toplevel [2ms]
[2023-03-14T10:02:36.839Z] fatal: not a git repository (or any parent up to mount point /web/users)
Stopping at filesystem boundary (GIT_DISCOVERY_ACROSS_FILESYSTEM not set).
[2023-03-14T10:03:13.226Z] > git rev-parse --show-toplevel [4ms]
[2023-03-14T10:03:13.226Z] fatal: not a git repository (or any parent up to mount point /web/users)
Stopping at filesystem boundary (GIT_DISCOVERY_ACROSS_FILESYSTEM not set).
[2023-03-14T10:03:13.394Z] > git rev-parse --show-toplevel [12ms]
[2023-03-14T10:03:13.394Z] fatal: not a git repository (or any parent up to mount point /web/users)
Stopping at filesystem boundary (GIT_DISCOVERY_ACROSS_FILESYSTEM not set).
[2023-03-14T10:03:13.410Z] > git rev-parse --show-toplevel [8ms]
[2023-03-14T10:03:13.410Z] fatal: not a git repository (or any parent up to mount point /web/users)
Stopping at filesystem boundary (GIT_DISCOVERY_ACROSS_FILESYSTEM not set).
[2023-03-14T10:03:13.425Z] > git rev-parse --show-toplevel [6ms]
[2023-03-14T10:03:13.425Z] fatal: not a git repository (or any parent up to mount point /web/users)
Stopping at filesystem boundary (GIT_DISCOVERY_ACROSS_FILESYSTEM not set).
[2023-03-14T10:03:27.914Z] > git rev-parse --show-toplevel [3ms]
[2023-03-14T10:03:27.914Z] fatal: not a git repository (or any parent up to mount point /web/users)
Stopping at filesystem boundary (GIT_DISCOVERY_ACROSS_FILESYSTEM not set).
[2023-03-14T10:03:27.921Z] > git rev-parse --show-toplevel [2ms]
[2023-03-14T10:03:27.921Z] fatal: not a git repository (or any parent up to mount point /web/users)
Stopping at filesystem boundary (GIT_DISCOVERY_ACROSS_FILESYSTEM not set).
[2023-03-14T10:03:27.926Z] > git rev-parse --show-toplevel [1ms]
[2023-03-14T10:03:27.926Z] fatal: not a git repository (or any parent up to mount point /web/users)
Stopping at filesystem boundary (GIT_DISCOVERY_ACROSS_FILESYSTEM not set).
[2023-03-14T10:03:51.366Z] > git rev-parse --show-toplevel [2ms]
[2023-03-14T10:03:51.366Z] fatal: not a git repository (or any parent up to mount point /web/users)
Stopping at filesystem boundary (GIT_DISCOVERY_ACROSS_FILESYSTEM not set).
[2023-03-14T10:03:51.412Z] > git rev-parse --show-toplevel [7ms]
[2023-03-14T10:03:51.412Z] fatal: not a git repository (or any parent up to mount point /web/users)
Stopping at filesystem boundary (GIT_DISCOVERY_ACROSS_FILESYSTEM not set).
[2023-03-14T10:03:51.427Z] > git rev-parse --show-toplevel [5ms]
[2023-03-14T10:03:51.427Z] fatal: not a git repository (or any parent up to mount point /web/users)
Stopping at filesystem boundary (GIT_DISCOVERY_ACROSS_FILESYSTEM not set).
[2023-03-14T10:03:52.116Z] > git rev-parse --show-toplevel [3ms]
[2023-03-14T10:03:52.116Z] fatal: not a git repository (or any parent up to mount point /web/users)
Stopping at filesystem boundary (GIT_DISCOVERY_ACROSS_FILESYSTEM not set).
[2023-03-14T10:03:52.123Z] > git rev-parse --show-toplevel [2ms]
[2023-03-14T10:03:52.123Z] fatal: not a git repository (or any parent up to mount point /web/users)
Stopping at filesystem boundary (GIT_DISCOVERY_ACROSS_FILESYSTEM not set).
[2023-03-14T10:03:52.129Z] > git rev-parse --show-toplevel [2ms]
[2023-03-14T10:03:52.129Z] fatal: not a git repository (or any parent up to mount point /web/users)
Stopping at filesystem boundary (GIT_DISCOVERY_ACROSS_FILESYSTEM not set).
[2023-03-14T10:03:57.944Z] > git rev-parse --show-toplevel [2ms]
[2023-03-14T10:03:57.944Z] fatal: not a git repository (or any parent up to mount point /web/users)
Stopping at filesystem boundary (GIT_DISCOVERY_ACROSS_FILESYSTEM not set).
[2023-03-14T10:03:57.952Z] > git rev-parse --show-toplevel [2ms]
[2023-03-14T10:03:57.952Z] fatal: not a git repository (or any parent up to mount point /web/users)
Stopping at filesystem boundary (GIT_DISCOVERY_ACROSS_FILESYSTEM not set).
[2023-03-14T10:03:57.959Z] > git rev-parse --show-toplevel [2ms]
[2023-03-14T10:03:57.959Z] fatal: not a git repository (or any parent up to mount point /web/users)
Stopping at filesystem boundary (GIT_DISCOVERY_ACROSS_FILESYSTEM not set).
[2023-03-14T10:04:01.751Z] > git rev-parse --show-toplevel [6ms]
[2023-03-14T10:04:01.751Z] fatal: not a git repository (or any parent up to mount point /web/users)
Stopping at filesystem boundary (GIT_DISCOVERY_ACROSS_FILESYSTEM not set).
[2023-03-14T10:04:01.759Z] > git rev-parse --show-toplevel [2ms]
[2023-03-14T10:04:01.759Z] fatal: not a git repository (or any parent up to mount point /web/users)
Stopping at filesystem boundary (GIT_DISCOVERY_ACROSS_FILESYSTEM not set).
[2023-03-14T10:04:01.765Z] > git rev-parse --show-toplevel [1ms]
[2023-03-14T10:04:01.765Z] fatal: not a git repository (or any parent up to mount point /web/users)
Stopping at filesystem boundary (GIT_DISCOVERY_ACROSS_FILESYSTEM not set).
[2023-03-14T10:04:10.070Z] > git rev-parse --show-toplevel [2ms]
[2023-03-14T10:04:10.070Z] fatal: not a git repository (or any parent up to mount point /web/users)
Stopping at filesystem boundary (GIT_DISCOVERY_ACROSS_FILESYSTEM not set).
[2023-03-14T10:04:10.077Z] > git rev-parse --show-toplevel [1ms]
[2023-03-14T10:04:10.077Z] fatal: not a git repository (or any parent up to mount point /web/users)
Stopping at filesystem boundary (GIT_DISCOVERY_ACROSS_FILESYSTEM not set).
[2023-03-14T10:04:10.083Z] > git rev-parse --show-toplevel [1ms]
[2023-03-14T10:04:10.083Z] fatal: not a git repository (or any parent up to mount point /web/users)
Stopping at filesystem boundary (GIT_DISCOVERY_ACROSS_FILESYSTEM not set).
