2023-03-20 08:23:40.586 [info] Log level: Info
2023-03-20 08:23:40.586 [info] Validating found git in: "git"
2023-03-20 08:23:40.586 [info] Using git "2.25.1" from "git"
2023-03-20 08:23:40.586 [info] > git rev-parse --show-toplevel [42ms]
2023-03-20 08:23:40.587 [info] > git rev-parse --git-dir --git-common-dir [9ms]
2023-03-20 08:23:40.587 [info] Open repository: /web/users/projects/202223/quicknotes
2023-03-20 08:23:40.587 [info] > git rev-parse --show-toplevel [12ms]
2023-03-20 08:23:40.587 [info] > git config --get commit.template [12ms]
2023-03-20 08:23:40.587 [info] > git rev-parse --show-toplevel [19ms]
2023-03-20 08:23:40.587 [info] > git for-each-ref --format=%(refname)%00%(upstream:short)%00%(objectname)%00%(upstream:track)%00%(upstream:remotename)%00%(upstream:remoteref) refs/heads/main refs/remotes/main [18ms]
2023-03-20 08:23:40.587 [info] > git rev-parse --show-toplevel [13ms]
2023-03-20 08:23:40.587 [info] > git rev-parse --show-toplevel [24ms]
2023-03-20 08:23:40.588 [info] > git rev-parse --show-toplevel [23ms]
2023-03-20 08:23:40.588 [info] > git rev-parse --show-toplevel [8ms]
2023-03-20 08:23:40.588 [info] > git rev-parse --show-toplevel [6ms]
2023-03-20 08:23:40.588 [info] > git rev-parse --show-toplevel [6ms]
2023-03-20 08:23:40.588 [info] > git status -z -uall [162ms]
2023-03-20 08:23:40.588 [info] > git config --get commit.template [8ms]
2023-03-20 08:23:40.588 [info] > git for-each-ref --format=%(refname)%00%(upstream:short)%00%(objectname)%00%(upstream:track)%00%(upstream:remotename)%00%(upstream:remoteref) refs/heads/main refs/remotes/main [3ms]
2023-03-20 08:23:40.588 [info] > git status -z -uall [43ms]
2023-03-20 08:23:40.588 [info] > git check-ignore -v -z --stdin [26ms]
2023-03-20 08:23:40.588 [info] > git show --textconv :Testing/main.php [11ms]
2023-03-20 08:23:40.588 [info] > git ls-files --stage -- /web/users/projects/202223/quicknotes/Testing/main.php [7ms]
2023-03-20 08:23:40.588 [info] > git cat-file -s ce3410328dec40a61ec965eb77b74327433d216e [2ms]
2023-03-20 08:23:48.346 [info] > git ls-files --stage -- /web/users/projects/202223/quicknotes/Testing/main.php [6ms]
2023-03-20 08:23:48.353 [info] > git cat-file -s ce3410328dec40a61ec965eb77b74327433d216e [1ms]
2023-03-20 08:23:48.457 [info] > git show --textconv :Testing/main.php [7ms]
2023-03-20 08:23:48.742 [info] > git config --get commit.template [9ms]
2023-03-20 08:23:48.744 [info] > git for-each-ref --format=%(refname)%00%(upstream:short)%00%(objectname)%00%(upstream:track)%00%(upstream:remotename)%00%(upstream:remoteref) refs/heads/main refs/remotes/main [2ms]
2023-03-20 08:23:48.791 [info] > git status -z -uall [43ms]
2023-03-20 08:23:53.822 [info] > git config --get commit.template [9ms]
2023-03-20 08:23:53.824 [info] > git for-each-ref --format=%(refname)%00%(upstream:short)%00%(objectname)%00%(upstream:track)%00%(upstream:remotename)%00%(upstream:remoteref) refs/heads/main refs/remotes/main [3ms]
2023-03-20 08:23:53.873 [info] > git status -z -uall [44ms]
2023-03-20 08:23:58.899 [info] > git config --get commit.template [9ms]
2023-03-20 08:23:58.901 [info] > git for-each-ref --format=%(refname)%00%(upstream:short)%00%(objectname)%00%(upstream:track)%00%(upstream:remotename)%00%(upstream:remoteref) refs/heads/main refs/remotes/main [3ms]
2023-03-20 08:23:58.973 [info] > git status -z -uall [68ms]
2023-03-20 08:24:03.998 [info] > git config --get commit.template [8ms]
2023-03-20 08:24:04.001 [info] > git for-each-ref --format=%(refname)%00%(upstream:short)%00%(objectname)%00%(upstream:track)%00%(upstream:remotename)%00%(upstream:remoteref) refs/heads/main refs/remotes/main [3ms]
2023-03-20 08:24:04.048 [info] > git status -z -uall [43ms]
2023-03-20 08:24:04.994 [info] > git check-ignore -v -z --stdin [6ms]
2023-03-20 08:24:05.063 [info] > git show --textconv :.vscode-server/bin/ee2b180d582a7f601fa6ecfdad8d9fd269ab1884/vscode-remote-lock.quicknotes.ee2b180d582a7f601fa6ecfdad8d9fd269ab1884 [9ms]
2023-03-20 08:24:05.067 [info] > git ls-files --stage -- /web/users/projects/202223/quicknotes/.vscode-server/bin/ee2b180d582a7f601fa6ecfdad8d9fd269ab1884/vscode-remote-lock.quicknotes.ee2b180d582a7f601fa6ecfdad8d9fd269ab1884 [5ms]
2023-03-20 08:24:05.571 [info] > git check-ignore -v -z --stdin [14ms]
