2023-03-26 15:19:58.825 [info] Log level: Info
2023-03-26 15:19:58.825 [info] Validating found git in: "git"
2023-03-26 15:19:58.826 [info] Using git "2.25.1" from "git"
2023-03-26 15:19:58.826 [info] > git rev-parse --show-toplevel [504ms]
2023-03-26 15:19:58.826 [info] > git rev-parse --git-dir --git-common-dir [13ms]
2023-03-26 15:19:58.826 [info] Open repository: /web/users/projects/202223/quicknotes
2023-03-26 15:19:58.826 [info] > git rev-parse --show-toplevel [36ms]
2023-03-26 15:19:58.826 [info] > git config --get commit.template [56ms]
2023-03-26 15:19:58.827 [info] > git rev-parse --show-toplevel [31ms]
2023-03-26 15:19:58.827 [info] > git rev-parse --show-toplevel [111ms]
2023-03-26 15:19:58.827 [info] > git for-each-ref --format=%(refname)%00%(upstream:short)%00%(objectname)%00%(upstream:track)%00%(upstream:remotename)%00%(upstream:remoteref) refs/heads/main refs/remotes/main [174ms]
2023-03-26 15:19:58.827 [info] > git rev-parse --show-toplevel [8ms]
2023-03-26 15:19:58.827 [info] > git status -z -uall [90ms]
2023-03-26 15:19:58.827 [info] > git rev-parse --show-toplevel [82ms]
2023-03-26 15:19:58.828 [info] > git rev-parse --show-toplevel [56ms]
2023-03-26 15:19:58.828 [info] > git config --get commit.template [19ms]
2023-03-26 15:19:58.828 [info] > git rev-parse --show-toplevel [11ms]
2023-03-26 15:19:58.829 [info] > git for-each-ref --format=%(refname)%00%(upstream:short)%00%(objectname)%00%(upstream:track)%00%(upstream:remotename)%00%(upstream:remoteref) refs/heads/main refs/remotes/main [11ms]
2023-03-26 15:19:58.837 [info] > git rev-parse --show-toplevel [13ms]
2023-03-26 15:19:58.958 [info] > git status -z -uall [124ms]
2023-03-26 15:19:58.972 [info] > git rev-parse --show-toplevel [129ms]
2023-03-26 15:19:59.208 [info] > git check-ignore -v -z --stdin [15ms]
2023-03-26 15:19:59.383 [info] > git ls-files --stage -- /web/users/projects/202223/quicknotes/QN/TeamPage.php [4ms]
2023-03-26 15:19:59.409 [info] > git show --textconv :QN/TeamPage.php [43ms]
2023-03-26 15:19:59.414 [info] > git cat-file -s 3d8b0029639a99498d8d27f8e6c34de5a3f86d27 [26ms]
2023-03-26 15:20:09.146 [info] > git check-ignore -v -z --stdin [13ms]
2023-03-26 15:20:12.278 [info] > git config --get commit.template [11ms]
2023-03-26 15:20:12.280 [info] > git for-each-ref --format=%(refname)%00%(upstream:short)%00%(objectname)%00%(upstream:track)%00%(upstream:remotename)%00%(upstream:remoteref) refs/heads/main refs/remotes/main [2ms]
2023-03-26 15:20:12.329 [info] > git status -z -uall [43ms]
2023-03-26 15:20:12.877 [info] > git show --textconv :Testing/userdetails.html [12ms]
2023-03-26 15:20:12.908 [info] > git ls-files --stage -- /web/users/projects/202223/quicknotes/Testing/userdetails.html [31ms]
2023-03-26 15:20:12.937 [info] > git cat-file -s e67031d49ac736390742fbb158c2fec382a38c11 [13ms]
2023-03-26 15:20:13.602 [info] > git check-ignore -v -z --stdin [18ms]
2023-03-26 15:20:13.635 [info] > git show --textconv :Testing/styles.css [19ms]
2023-03-26 15:20:13.643 [info] > git ls-files --stage -- /web/users/projects/202223/quicknotes/Testing/styles.css [20ms]
2023-03-26 15:20:13.657 [info] > git cat-file -s 0753ea42bf4bc2020feab0a24656a5fd84e09681 [2ms]
2023-03-26 15:20:14.755 [info] > git show --textconv :Testing/style2.css [14ms]
2023-03-26 15:20:14.760 [info] > git ls-files --stage -- /web/users/projects/202223/quicknotes/Testing/style2.css [8ms]
2023-03-26 15:20:14.768 [info] > git cat-file -s 636b47fb0c572493b1fcd4b1bf93ee129bbae080 [2ms]
2023-03-26 15:20:38.651 [info] > git show --textconv :Testing/main.php [11ms]
2023-03-26 15:20:38.657 [info] > git ls-files --stage -- /web/users/projects/202223/quicknotes/Testing/main.php [8ms]
2023-03-26 15:20:38.669 [info] > git cat-file -s cb1937b9a78ae939fd8cefe2080901acbd061f76 [7ms]
2023-03-26 15:26:47.543 [info] > git config --get commit.template [8ms]
2023-03-26 15:26:47.546 [info] > git for-each-ref --format=%(refname)%00%(upstream:short)%00%(objectname)%00%(upstream:track)%00%(upstream:remotename)%00%(upstream:remoteref) refs/heads/main refs/remotes/main [4ms]
2023-03-26 15:26:47.599 [info] > git status -z -uall [47ms]
2023-03-26 15:26:51.665 [info] > git show --textconv :Testing/search.php [12ms]
2023-03-26 15:26:51.671 [info] > git ls-files --stage -- /web/users/projects/202223/quicknotes/Testing/search.php [7ms]
2023-03-26 15:26:51.680 [info] > git cat-file -s e3734429e8106094dd4bdc2696fea324bc4418e7 [2ms]
2023-03-26 15:26:52.628 [info] > git config --get commit.template [8ms]
2023-03-26 15:26:52.630 [info] > git for-each-ref --format=%(refname)%00%(upstream:short)%00%(objectname)%00%(upstream:track)%00%(upstream:remotename)%00%(upstream:remoteref) refs/heads/main refs/remotes/main [3ms]
2023-03-26 15:26:52.682 [info] > git status -z -uall [45ms]
2023-03-26 15:26:57.524 [info] > git show --textconv :Testing/search.php [15ms]
2023-03-26 15:26:57.553 [info] > git ls-files --stage -- /web/users/projects/202223/quicknotes/Testing/search.php [30ms]
2023-03-26 15:26:57.571 [info] > git cat-file -s e3734429e8106094dd4bdc2696fea324bc4418e7 [5ms]
2023-03-26 15:27:26.036 [info] > git show --textconv :Testing/style2.css [15ms]
2023-03-26 15:27:26.038 [info] > git ls-files --stage -- /web/users/projects/202223/quicknotes/Testing/style2.css [7ms]
2023-03-26 15:27:26.046 [info] > git cat-file -s 636b47fb0c572493b1fcd4b1bf93ee129bbae080 [2ms]
2023-03-26 15:27:27.832 [info] > git show --textconv :Testing/signup.php [12ms]
2023-03-26 15:27:27.838 [info] > git ls-files --stage -- /web/users/projects/202223/quicknotes/Testing/signup.php [6ms]
2023-03-26 15:27:27.845 [info] > git cat-file -s b00e78db9a4334b4053da0ee3f3e1c4e89f97b36 [1ms]
2023-03-26 15:27:31.169 [info] > git show --textconv :Testing/searchjavascript.js [25ms]
2023-03-26 15:27:31.185 [info] > git ls-files --stage -- /web/users/projects/202223/quicknotes/Testing/searchjavascript.js [27ms]
2023-03-26 15:27:31.213 [info] > git cat-file -s 7c254cc11471c13bbe66519fbd729fc250683281 [8ms]
2023-03-26 15:27:37.952 [info] > git show --textconv :Testing/topbar.php [14ms]
2023-03-26 15:27:37.957 [info] > git ls-files --stage -- /web/users/projects/202223/quicknotes/Testing/topbar.php [6ms]
2023-03-26 15:27:37.965 [info] > git cat-file -s 4d6eae342ef04f24f0096d84df423d449c3df338 [2ms]
2023-03-26 15:27:38.724 [info] > git show --textconv :Testing/update_notes.php [11ms]
2023-03-26 15:27:38.729 [info] > git ls-files --stage -- /web/users/projects/202223/quicknotes/Testing/update_notes.php [6ms]
2023-03-26 15:27:38.736 [info] > git cat-file -s 54ab4b108734a0b562fd7892b6ccadbef587f3e7 [1ms]
2023-03-26 15:27:43.969 [info] > git show --textconv :Testing/connection.php [12ms]
2023-03-26 15:27:43.974 [info] > git ls-files --stage -- /web/users/projects/202223/quicknotes/Testing/connection.php [7ms]
2023-03-26 15:27:43.981 [info] > git cat-file -s 19414bdb773a91cfdffe2b46a20e38232bb0122f [1ms]
2023-03-26 15:27:44.715 [info] > git show --textconv :Testing/delete_note.php [15ms]
2023-03-26 15:27:44.719 [info] > git ls-files --stage -- /web/users/projects/202223/quicknotes/Testing/delete_note.php [6ms]
2023-03-26 15:27:44.727 [info] > git cat-file -s 71d1a0d23aa5d1438b5cb30529b70ba8ced94f88 [1ms]
2023-03-26 15:27:46.725 [info] > git show --textconv :Testing/details.html [12ms]
2023-03-26 15:27:46.735 [info] > git ls-files --stage -- /web/users/projects/202223/quicknotes/Testing/details.html [10ms]
2023-03-26 15:27:55.456 [info] > git show --textconv :Testing/edit-note.php [11ms]
2023-03-26 15:27:55.460 [info] > git ls-files --stage -- /web/users/projects/202223/quicknotes/Testing/edit-note.php [5ms]
2023-03-26 15:27:55.466 [info] > git cat-file -s e69de29bb2d1d6434b8b29ae775ad8c2e48c5391 [1ms]
2023-03-26 15:27:56.618 [info] > git show --textconv :Testing/get_note.php [16ms]
2023-03-26 15:27:56.623 [info] > git ls-files --stage -- /web/users/projects/202223/quicknotes/Testing/get_note.php [12ms]
2023-03-26 15:27:56.629 [info] > git cat-file -s 9d17178ff5737412b990f3fd08d14002cc78fd2e [1ms]
2023-03-26 15:27:57.778 [info] > git show --textconv :Testing/HomePage.css [16ms]
2023-03-26 15:27:57.786 [info] > git ls-files --stage -- /web/users/projects/202223/quicknotes/Testing/HomePage.css [12ms]
2023-03-26 15:27:57.792 [info] > git cat-file -s b7b0b1072e027ddfbb3205c5583930987294499f [1ms]
2023-03-26 15:27:59.740 [info] > git show --textconv :Testing/index.php [10ms]
2023-03-26 15:27:59.744 [info] > git ls-files --stage -- /web/users/projects/202223/quicknotes/Testing/index.php [5ms]
2023-03-26 15:28:08.939 [info] > git show --textconv :Testing/index2.php [12ms]
2023-03-26 15:28:08.945 [info] > git ls-files --stage -- /web/users/projects/202223/quicknotes/Testing/index2.php [6ms]
2023-03-26 15:28:08.952 [info] > git cat-file -s bb2f3b0ce5133ee26a2b5ec53b34a4a74f3228f3 [2ms]
2023-03-26 15:28:15.146 [info] > git show --textconv :Testing/leftcolumn2.php [15ms]
2023-03-26 15:28:15.149 [info] > git ls-files --stage -- /web/users/projects/202223/quicknotes/Testing/leftcolumn2.php [7ms]
2023-03-26 15:28:15.157 [info] > git cat-file -s d2d95960c22df2c6785dff266adbcf48ec442e06 [3ms]
2023-03-26 15:32:47.025 [info] > git config --get commit.template [9ms]
2023-03-26 15:32:47.029 [info] > git for-each-ref --format=%(refname)%00%(upstream:short)%00%(objectname)%00%(upstream:track)%00%(upstream:remotename)%00%(upstream:remoteref) refs/heads/main refs/remotes/main [5ms]
2023-03-26 15:32:47.083 [info] > git status -z -uall [48ms]
2023-03-26 15:32:52.113 [info] > git config --get commit.template [8ms]
2023-03-26 15:32:52.116 [info] > git for-each-ref --format=%(refname)%00%(upstream:short)%00%(objectname)%00%(upstream:track)%00%(upstream:remotename)%00%(upstream:remoteref) refs/heads/main refs/remotes/main [4ms]
2023-03-26 15:32:52.164 [info] > git status -z -uall [43ms]
2023-03-26 15:33:06.662 [info] > git config --get commit.template [8ms]
2023-03-26 15:33:06.665 [info] > git for-each-ref --format=%(refname)%00%(upstream:short)%00%(objectname)%00%(upstream:track)%00%(upstream:remotename)%00%(upstream:remoteref) refs/heads/main refs/remotes/main [4ms]
2023-03-26 15:33:06.718 [info] > git status -z -uall [46ms]
2023-03-26 15:33:24.818 [info] > git config --get commit.template [8ms]
2023-03-26 15:33:24.821 [info] > git for-each-ref --format=%(refname)%00%(upstream:short)%00%(objectname)%00%(upstream:track)%00%(upstream:remotename)%00%(upstream:remoteref) refs/heads/main refs/remotes/main [3ms]
2023-03-26 15:33:24.873 [info] > git status -z -uall [46ms]
