2023-03-20 15:24:57.552 [info] Log level: Info
2023-03-20 15:24:57.552 [info] Validating found git in: "git"
2023-03-20 15:24:57.552 [info] Using git "2.25.1" from "git"
2023-03-20 15:24:57.552 [info] > git rev-parse --show-toplevel [37ms]
2023-03-20 15:24:57.552 [info] > git rev-parse --git-dir --git-common-dir [95ms]
2023-03-20 15:24:57.553 [info] Open repository: /web/users/projects/202223/quicknotes
2023-03-20 15:24:57.561 [info] > git rev-parse --show-toplevel [65ms]
2023-03-20 15:24:57.578 [info] > git rev-parse --show-toplevel [10ms]
2023-03-20 15:24:57.647 [info] > git rev-parse --show-toplevel [61ms]
2023-03-20 15:24:57.677 [info] > git rev-parse --show-toplevel [22ms]
2023-03-20 15:24:57.695 [info] > git for-each-ref --format=%(refname)%00%(upstream:short)%00%(objectname)%00%(upstream:track)%00%(upstream:remotename)%00%(upstream:remoteref) refs/heads/main refs/remotes/main [135ms]
2023-03-20 15:24:57.724 [info] > git rev-parse --show-toplevel [40ms]
2023-03-20 15:24:57.749 [info] > git rev-parse --show-toplevel [8ms]
2023-03-20 15:24:57.778 [info] > git rev-parse --show-toplevel [11ms]
2023-03-20 15:24:57.807 [info] > git rev-parse --show-toplevel [10ms]
2023-03-20 15:24:58.043 [info] > git status -z -uall [341ms]
2023-03-20 15:24:58.069 [info] > git for-each-ref --format=%(refname)%00%(upstream:short)%00%(objectname)%00%(upstream:track)%00%(upstream:remotename)%00%(upstream:remoteref) refs/heads/main refs/remotes/main [3ms]
2023-03-20 15:24:58.116 [info] > git status -z -uall [42ms]
2023-03-20 15:24:59.901 [info] > git check-ignore -v -z --stdin [15ms]
2023-03-20 15:25:02.504 [info] > git for-each-ref --format=%(refname)%00%(upstream:short)%00%(objectname)%00%(upstream:track)%00%(upstream:remotename)%00%(upstream:remoteref) refs/heads/main refs/remotes/main [3ms]
2023-03-20 15:25:02.620 [info] > git status -z -uall [105ms]
2023-03-20 15:25:03.004 [info] > git show --textconv :QN/script.js [55ms]
2023-03-20 15:25:03.012 [info] > git ls-files --stage -- /web/users/projects/202223/quicknotes/QN/script.js [37ms]
2023-03-20 15:25:03.061 [info] > git cat-file -s e859b0fdf155dbe7ddda43f0d91e7ed20498f67d [15ms]
2023-03-20 15:26:09.776 [info] > git ls-files --stage -- /web/users/projects/202223/quicknotes/QN/loginx.php [30ms]
2023-03-20 15:26:09.795 [info] > git show --textconv :QN/loginx.php [81ms]
2023-03-20 15:26:09.814 [info] > git cat-file -s b8c15a74ae5d0e3996c6bb66de3d7e4c46effc23 [19ms]
2023-03-20 15:29:07.115 [info] > git check-ignore -v -z --stdin [6ms]
2023-03-20 15:29:09.978 [info] > git check-ignore -v -z --stdin [12ms]
2023-03-20 15:29:12.608 [info] > git check-ignore -v -z --stdin [8ms]
2023-03-20 15:29:15.675 [info] > git check-ignore -v -z --stdin [6ms]
2023-03-20 15:29:17.343 [info] > git ls-files --stage -- /web/users/projects/202223/quicknotes/QuickNotes/css/style.css [16ms]
2023-03-20 15:29:17.357 [info] > git show --textconv :QuickNotes/css/style.css [42ms]
2023-03-20 15:29:17.362 [info] > git cat-file -s b7b0b1072e027ddfbb3205c5583930987294499f [6ms]
2023-03-20 15:29:32.316 [info] > git for-each-ref --format=%(refname)%00%(upstream:short)%00%(objectname)%00%(upstream:track)%00%(upstream:remotename)%00%(upstream:remoteref) refs/heads/main refs/remotes/main [3ms]
2023-03-20 15:29:32.365 [info] > git status -z -uall [43ms]
2023-03-20 15:29:35.737 [info] > git ls-files --stage -- /web/users/projects/202223/quicknotes/QuickNotes/css/stylecolumn.css [6ms]
2023-03-20 15:29:35.756 [info] > git show --textconv :QuickNotes/css/stylecolumn.css [39ms]
2023-03-20 15:29:35.758 [info] > git cat-file -s 101bf385181b4de23b311e68d3d1e2b9f48e49c9 [14ms]
2023-03-20 15:29:36.720 [info] > git check-ignore -v -z --stdin [6ms]
2023-03-20 15:29:37.397 [info] > git for-each-ref --format=%(refname)%00%(upstream:short)%00%(objectname)%00%(upstream:track)%00%(upstream:remotename)%00%(upstream:remoteref) refs/heads/main refs/remotes/main [8ms]
2023-03-20 15:29:37.489 [info] > git status -z -uall [85ms]
2023-03-20 15:29:37.681 [info] > git show --textconv :QuickNotes/js/app.js [11ms]
2023-03-20 15:29:37.685 [info] > git ls-files --stage -- /web/users/projects/202223/quicknotes/QuickNotes/js/app.js [7ms]
2023-03-20 15:29:37.693 [info] > git cat-file -s e859b0fdf155dbe7ddda43f0d91e7ed20498f67d [2ms]
2023-03-20 15:29:41.644 [info] > git check-ignore -v -z --stdin [7ms]
2023-03-20 15:29:42.513 [info] > git for-each-ref --format=%(refname)%00%(upstream:short)%00%(objectname)%00%(upstream:track)%00%(upstream:remotename)%00%(upstream:remoteref) refs/heads/main refs/remotes/main [3ms]
2023-03-20 15:29:42.574 [info] > git status -z -uall [54ms]
2023-03-20 15:29:44.564 [info] > git ls-files --stage -- /web/users/projects/202223/quicknotes/QuickNotes/connection.php [6ms]
2023-03-20 15:29:44.579 [info] > git show --textconv :QuickNotes/connection.php [32ms]
2023-03-20 15:29:44.582 [info] > git cat-file -s 19414bdb773a91cfdffe2b46a20e38232bb0122f [12ms]
2023-03-20 15:29:46.094 [info] > git ls-files --stage -- /web/users/projects/202223/quicknotes/QuickNotes/contactpage.php [6ms]
2023-03-20 15:29:46.128 [info] > git show --textconv :QuickNotes/contactpage.php [49ms]
2023-03-20 15:29:46.133 [info] > git cat-file -s 8325b5ae0ad8c3ca81cb1f266c6c118dc598b325 [31ms]
2023-03-20 15:29:47.353 [info] > git show --textconv :QuickNotes/index.html [15ms]
2023-03-20 15:29:47.360 [info] > git ls-files --stage -- /web/users/projects/202223/quicknotes/QuickNotes/index.html [10ms]
2023-03-20 15:29:47.374 [info] > git cat-file -s ef314cb73de6ad7ec7945b4ca461d717c1e1fe9b [2ms]
2023-03-20 15:29:47.625 [info] > git for-each-ref --format=%(refname)%00%(upstream:short)%00%(objectname)%00%(upstream:track)%00%(upstream:remotename)%00%(upstream:remoteref) refs/heads/main refs/remotes/main [9ms]
2023-03-20 15:29:47.759 [info] > git status -z -uall [118ms]
2023-03-20 15:29:52.788 [info] > git for-each-ref --format=%(refname)%00%(upstream:short)%00%(objectname)%00%(upstream:track)%00%(upstream:remotename)%00%(upstream:remoteref) refs/heads/main refs/remotes/main [4ms]
2023-03-20 15:29:52.839 [info] > git status -z -uall [43ms]
2023-03-20 15:29:57.863 [info] > git for-each-ref --format=%(refname)%00%(upstream:short)%00%(objectname)%00%(upstream:track)%00%(upstream:remotename)%00%(upstream:remoteref) refs/heads/main refs/remotes/main [2ms]
2023-03-20 15:29:57.913 [info] > git status -z -uall [43ms]
