2023-03-24 14:48:02.844 [info] Log level: Info
2023-03-24 14:48:02.844 [info] Validating found git in: "git"
2023-03-24 14:48:02.844 [info] Using git "2.25.1" from "git"
2023-03-24 14:48:02.844 [info] > git rev-parse --show-toplevel [408ms]
2023-03-24 14:48:02.844 [info] > git rev-parse --git-dir --git-common-dir [17ms]
2023-03-24 14:48:02.844 [info] Open repository: /web/users/projects/202223/quicknotes
2023-03-24 14:48:02.844 [info] > git config --get commit.template [5ms]
2023-03-24 14:48:02.844 [info] > git rev-parse --show-toplevel [24ms]
2023-03-24 14:48:02.844 [info] > git rev-parse --show-toplevel [30ms]
2023-03-24 14:48:02.844 [info] > git rev-parse --show-toplevel [1ms]
2023-03-24 14:48:02.845 [info] > git for-each-ref --format=%(refname)%00%(upstream:short)%00%(objectname)%00%(upstream:track)%00%(upstream:remotename)%00%(upstream:remoteref) refs/heads/main refs/remotes/main [70ms]
2023-03-24 14:48:02.845 [info] > git rev-parse --show-toplevel [37ms]
2023-03-24 14:48:02.845 [info] > git rev-parse --show-toplevel [1ms]
2023-03-24 14:48:02.845 [info] > git rev-parse --show-toplevel [6ms]
2023-03-24 14:48:02.845 [info] > git rev-parse --show-toplevel [3ms]
2023-03-24 14:48:02.845 [info] > git rev-parse --show-toplevel [3ms]
2023-03-24 14:48:02.845 [info] > git rev-parse --show-toplevel [3ms]
2023-03-24 14:48:02.845 [info] > git status -z -uall [712ms]
2023-03-24 14:48:02.845 [info] > git config --get commit.template [6ms]
2023-03-24 14:48:02.846 [info] > git for-each-ref --format=%(refname)%00%(upstream:short)%00%(objectname)%00%(upstream:track)%00%(upstream:remotename)%00%(upstream:remoteref) refs/heads/main refs/remotes/main [3ms]
2023-03-24 14:48:02.846 [info] > git status -z -uall [42ms]
2023-03-24 14:48:02.846 [info] > git ls-files --stage -- /web/users/projects/202223/quicknotes/Testing/style2.css [4ms]
2023-03-24 14:48:02.846 [info] > git show --textconv :Testing/style2.css [29ms]
2023-03-24 14:48:02.846 [info] > git cat-file -s 13aa6fac6f3faf597ffb777264b643e70e4c217a [15ms]
2023-03-24 14:48:02.846 [info] > git check-ignore -v -z --stdin [13ms]
2023-03-24 14:48:08.816 [info] > git config --get commit.template [9ms]
2023-03-24 14:48:08.818 [info] > git for-each-ref --format=%(refname)%00%(upstream:short)%00%(objectname)%00%(upstream:track)%00%(upstream:remotename)%00%(upstream:remoteref) refs/heads/main refs/remotes/main [2ms]
2023-03-24 14:48:08.863 [info] > git status -z -uall [40ms]
2023-03-24 14:48:11.688 [info] > git show --textconv :Testing/topbar.php [11ms]
2023-03-24 14:48:11.693 [info] > git ls-files --stage -- /web/users/projects/202223/quicknotes/Testing/topbar.php [5ms]
2023-03-24 14:48:13.910 [info] > git config --get commit.template [8ms]
2023-03-24 14:48:13.912 [info] > git for-each-ref --format=%(refname)%00%(upstream:short)%00%(objectname)%00%(upstream:track)%00%(upstream:remotename)%00%(upstream:remoteref) refs/heads/main refs/remotes/main [2ms]
2023-03-24 14:48:13.961 [info] > git status -z -uall [43ms]
2023-03-24 14:48:15.747 [info] > git ls-files --stage -- /web/users/projects/202223/quicknotes/Testing/search.php [4ms]
2023-03-24 14:48:15.775 [info] > git show --textconv :Testing/search.php [43ms]
2023-03-24 14:48:15.779 [info] > git cat-file -s 49dd22d3ae7c8fc4f40ae5d263e5a2c0827cd735 [26ms]
2023-03-24 14:48:18.415 [info] > git show --textconv :Testing/javascript2.js [68ms]
2023-03-24 14:48:18.421 [info] > git ls-files --stage -- /web/users/projects/202223/quicknotes/Testing/javascript2.js [53ms]
2023-03-24 14:48:18.458 [info] > git cat-file -s 85db5a6dc1a683da3425e3ba91076238eaaeba45 [5ms]
2023-03-24 14:48:19.010 [info] > git config --get commit.template [13ms]
2023-03-24 14:48:19.011 [info] > git for-each-ref --format=%(refname)%00%(upstream:short)%00%(objectname)%00%(upstream:track)%00%(upstream:remotename)%00%(upstream:remoteref) refs/heads/main refs/remotes/main [2ms]
2023-03-24 14:48:19.324 [info] > git status -z -uall [306ms]
2023-03-24 14:48:20.846 [info] > git show --textconv :Testing/HomePage.css [37ms]
2023-03-24 14:48:20.886 [info] > git ls-files --stage -- /web/users/projects/202223/quicknotes/Testing/HomePage.css [40ms]
2023-03-24 14:48:21.628 [info] > git show --textconv :Testing/HomePage.php [56ms]
2023-03-24 14:48:21.718 [info] > git ls-files --stage -- /web/users/projects/202223/quicknotes/Testing/HomePage.php [93ms]
2023-03-24 14:48:24.084 [info] > git check-ignore -v -z --stdin [10ms]
2023-03-24 14:48:24.450 [info] > git config --get commit.template [10ms]
2023-03-24 14:48:24.453 [info] > git for-each-ref --format=%(refname)%00%(upstream:short)%00%(objectname)%00%(upstream:track)%00%(upstream:remotename)%00%(upstream:remoteref) refs/heads/main refs/remotes/main [4ms]
2023-03-24 14:48:24.508 [info] > git status -z -uall [47ms]
2023-03-24 14:48:26.427 [info] > git check-ignore -v -z --stdin [26ms]
2023-03-24 14:48:29.467 [info] > git check-ignore -v -z --stdin [6ms]
2023-03-24 14:48:29.546 [info] > git config --get commit.template [9ms]
2023-03-24 14:48:29.548 [info] > git for-each-ref --format=%(refname)%00%(upstream:short)%00%(objectname)%00%(upstream:track)%00%(upstream:remotename)%00%(upstream:remoteref) refs/heads/main refs/remotes/main [3ms]
2023-03-24 14:48:29.597 [info] > git status -z -uall [43ms]
2023-03-24 14:48:32.769 [info] > git check-ignore -v -z --stdin [6ms]
2023-03-24 14:48:34.627 [info] > git config --get commit.template [8ms]
2023-03-24 14:48:34.630 [info] > git for-each-ref --format=%(refname)%00%(upstream:short)%00%(objectname)%00%(upstream:track)%00%(upstream:remotename)%00%(upstream:remoteref) refs/heads/main refs/remotes/main [4ms]
2023-03-24 14:48:34.681 [info] > git status -z -uall [45ms]
2023-03-24 14:48:39.731 [info] > git config --get commit.template [9ms]
2023-03-24 14:48:39.733 [info] > git for-each-ref --format=%(refname)%00%(upstream:short)%00%(objectname)%00%(upstream:track)%00%(upstream:remotename)%00%(upstream:remoteref) refs/heads/main refs/remotes/main [2ms]
2023-03-24 14:48:39.786 [info] > git status -z -uall [46ms]
2023-03-24 14:48:43.348 [info] > git show --textconv :Testing/userdetails.html [39ms]
2023-03-24 14:48:43.362 [info] > git ls-files --stage -- /web/users/projects/202223/quicknotes/Testing/userdetails.html [29ms]
2023-03-24 14:48:44.828 [info] > git config --get commit.template [8ms]
2023-03-24 14:48:44.830 [info] > git for-each-ref --format=%(refname)%00%(upstream:short)%00%(objectname)%00%(upstream:track)%00%(upstream:remotename)%00%(upstream:remoteref) refs/heads/main refs/remotes/main [2ms]
2023-03-24 14:48:44.876 [info] > git status -z -uall [40ms]
2023-03-24 14:48:45.443 [info] > git show --textconv :Testing/topbar.php [11ms]
2023-03-24 14:48:45.448 [info] > git ls-files --stage -- /web/users/projects/202223/quicknotes/Testing/topbar.php [5ms]
2023-03-24 14:48:46.503 [info] > git show --textconv :Testing/userdetails.html [12ms]
2023-03-24 14:48:46.508 [info] > git ls-files --stage -- /web/users/projects/202223/quicknotes/Testing/userdetails.html [5ms]
2023-03-24 14:48:49.914 [info] > git config --get commit.template [8ms]
2023-03-24 14:48:49.916 [info] > git for-each-ref --format=%(refname)%00%(upstream:short)%00%(objectname)%00%(upstream:track)%00%(upstream:remotename)%00%(upstream:remoteref) refs/heads/main refs/remotes/main [2ms]
2023-03-24 14:48:49.964 [info] > git status -z -uall [42ms]
2023-03-24 14:48:54.999 [info] > git config --get commit.template [9ms]
2023-03-24 14:48:55.001 [info] > git for-each-ref --format=%(refname)%00%(upstream:short)%00%(objectname)%00%(upstream:track)%00%(upstream:remotename)%00%(upstream:remoteref) refs/heads/main refs/remotes/main [2ms]
2023-03-24 14:48:55.048 [info] > git status -z -uall [41ms]
2023-03-24 14:50:28.216 [info] > git config --get commit.template [51ms]
2023-03-24 14:50:28.219 [info] > git for-each-ref --format=%(refname)%00%(upstream:short)%00%(objectname)%00%(upstream:track)%00%(upstream:remotename)%00%(upstream:remoteref) refs/heads/main refs/remotes/main [37ms]
2023-03-24 14:50:28.282 [info] > git status -z -uall [52ms]
2023-03-24 14:50:33.362 [info] > git config --get commit.template [20ms]
2023-03-24 14:50:33.394 [info] > git for-each-ref --format=%(refname)%00%(upstream:short)%00%(objectname)%00%(upstream:track)%00%(upstream:remotename)%00%(upstream:remoteref) refs/heads/main refs/remotes/main [38ms]
2023-03-24 14:50:33.465 [info] > git status -z -uall [57ms]
2023-03-24 14:50:38.560 [info] > git config --get commit.template [24ms]
2023-03-24 14:50:38.571 [info] > git for-each-ref --format=%(refname)%00%(upstream:short)%00%(objectname)%00%(upstream:track)%00%(upstream:remotename)%00%(upstream:remoteref) refs/heads/main refs/remotes/main [12ms]
2023-03-24 14:50:38.644 [info] > git status -z -uall [66ms]
2023-03-24 14:50:38.722 [info] > git show --textconv :Testing/styles.css [10ms]
2023-03-24 14:50:38.726 [info] > git ls-files --stage -- /web/users/projects/202223/quicknotes/Testing/styles.css [8ms]
2023-03-24 14:50:43.681 [info] > git config --get commit.template [13ms]
2023-03-24 14:50:43.683 [info] > git for-each-ref --format=%(refname)%00%(upstream:short)%00%(objectname)%00%(upstream:track)%00%(upstream:remotename)%00%(upstream:remoteref) refs/heads/main refs/remotes/main [6ms]
2023-03-24 14:50:43.735 [info] > git status -z -uall [45ms]
2023-03-24 14:50:48.775 [info] > git config --get commit.template [9ms]
2023-03-24 14:50:48.776 [info] > git for-each-ref --format=%(refname)%00%(upstream:short)%00%(objectname)%00%(upstream:track)%00%(upstream:remotename)%00%(upstream:remoteref) refs/heads/main refs/remotes/main [2ms]
2023-03-24 14:50:48.826 [info] > git status -z -uall [43ms]
2023-03-24 14:51:58.142 [info] > git config --get commit.template [8ms]
2023-03-24 14:51:58.144 [info] > git for-each-ref --format=%(refname)%00%(upstream:short)%00%(objectname)%00%(upstream:track)%00%(upstream:remotename)%00%(upstream:remoteref) refs/heads/main refs/remotes/main [2ms]
2023-03-24 14:51:58.193 [info] > git status -z -uall [44ms]
2023-03-24 14:52:03.231 [info] > git config --get commit.template [8ms]
2023-03-24 14:52:03.233 [info] > git for-each-ref --format=%(refname)%00%(upstream:short)%00%(objectname)%00%(upstream:track)%00%(upstream:remotename)%00%(upstream:remoteref) refs/heads/main refs/remotes/main [3ms]
2023-03-24 14:52:03.282 [info] > git status -z -uall [43ms]
2023-03-24 14:55:11.830 [info] > git config --get commit.template [8ms]
2023-03-24 14:55:11.832 [info] > git for-each-ref --format=%(refname)%00%(upstream:short)%00%(objectname)%00%(upstream:track)%00%(upstream:remotename)%00%(upstream:remoteref) refs/heads/main refs/remotes/main [2ms]
2023-03-24 14:55:11.880 [info] > git status -z -uall [42ms]
2023-03-24 14:55:16.916 [info] > git config --get commit.template [9ms]
2023-03-24 14:55:16.918 [info] > git for-each-ref --format=%(refname)%00%(upstream:short)%00%(objectname)%00%(upstream:track)%00%(upstream:remotename)%00%(upstream:remoteref) refs/heads/main refs/remotes/main [3ms]
2023-03-24 14:55:16.963 [info] > git status -z -uall [41ms]
2023-03-24 14:55:20.569 [info] > git show --textconv :Testing/styles1.css [15ms]
2023-03-24 14:55:20.579 [info] > git ls-files --stage -- /web/users/projects/202223/quicknotes/Testing/styles1.css [12ms]
2023-03-24 14:55:20.689 [info] > git check-ignore -v -z --stdin [33ms]
2023-03-24 14:55:21.997 [info] > git config --get commit.template [7ms]
2023-03-24 14:55:21.999 [info] > git for-each-ref --format=%(refname)%00%(upstream:short)%00%(objectname)%00%(upstream:track)%00%(upstream:remotename)%00%(upstream:remoteref) refs/heads/main refs/remotes/main [3ms]
2023-03-24 14:55:22.043 [info] > git status -z -uall [40ms]
2023-03-24 14:55:27.074 [info] > git config --get commit.template [7ms]
2023-03-24 14:55:27.075 [info] > git for-each-ref --format=%(refname)%00%(upstream:short)%00%(objectname)%00%(upstream:track)%00%(upstream:remotename)%00%(upstream:remoteref) refs/heads/main refs/remotes/main [2ms]
2023-03-24 14:55:27.120 [info] > git status -z -uall [40ms]
2023-03-24 14:55:30.600 [info] > git show --textconv :Testing/styles.css [12ms]
2023-03-24 14:55:30.606 [info] > git ls-files --stage -- /web/users/projects/202223/quicknotes/Testing/styles.css [6ms]
2023-03-24 14:55:32.154 [info] > git config --get commit.template [9ms]
2023-03-24 14:55:32.156 [info] > git for-each-ref --format=%(refname)%00%(upstream:short)%00%(objectname)%00%(upstream:track)%00%(upstream:remotename)%00%(upstream:remoteref) refs/heads/main refs/remotes/main [2ms]
2023-03-24 14:55:32.206 [info] > git status -z -uall [44ms]
2023-03-24 14:55:44.006 [info] > git config --get commit.template [12ms]
2023-03-24 14:55:44.008 [info] > git for-each-ref --format=%(refname)%00%(upstream:short)%00%(objectname)%00%(upstream:track)%00%(upstream:remotename)%00%(upstream:remoteref) refs/heads/main refs/remotes/main [5ms]
2023-03-24 14:55:44.060 [info] > git status -z -uall [46ms]
2023-03-24 14:55:49.096 [info] > git config --get commit.template [9ms]
2023-03-24 14:55:49.098 [info] > git for-each-ref --format=%(refname)%00%(upstream:short)%00%(objectname)%00%(upstream:track)%00%(upstream:remotename)%00%(upstream:remoteref) refs/heads/main refs/remotes/main [3ms]
2023-03-24 14:55:49.152 [info] > git status -z -uall [47ms]
2023-03-24 14:56:00.522 [info] > git config --get commit.template [9ms]
2023-03-24 14:56:00.524 [info] > git for-each-ref --format=%(refname)%00%(upstream:short)%00%(objectname)%00%(upstream:track)%00%(upstream:remotename)%00%(upstream:remoteref) refs/heads/main refs/remotes/main [2ms]
2023-03-24 14:56:00.574 [info] > git status -z -uall [45ms]
2023-03-24 14:56:04.923 [info] > git show --textconv :Testing/topbar.php [12ms]
2023-03-24 14:56:04.928 [info] > git ls-files --stage -- /web/users/projects/202223/quicknotes/Testing/topbar.php [6ms]
2023-03-24 14:56:05.640 [info] > git config --get commit.template [36ms]
2023-03-24 14:56:05.678 [info] > git show --textconv :Testing/userdetails.html [19ms]
2023-03-24 14:56:05.679 [info] > git for-each-ref --format=%(refname)%00%(upstream:short)%00%(objectname)%00%(upstream:track)%00%(upstream:remotename)%00%(upstream:remoteref) refs/heads/main refs/remotes/main [46ms]
2023-03-24 14:56:05.696 [info] > git ls-files --stage -- /web/users/projects/202223/quicknotes/Testing/userdetails.html [19ms]
2023-03-24 14:56:05.795 [info] > git status -z -uall [99ms]
2023-03-24 14:56:10.843 [info] > git config --get commit.template [9ms]
2023-03-24 14:56:10.844 [info] > git for-each-ref --format=%(refname)%00%(upstream:short)%00%(objectname)%00%(upstream:track)%00%(upstream:remotename)%00%(upstream:remoteref) refs/heads/main refs/remotes/main [2ms]
2023-03-24 14:56:10.893 [info] > git status -z -uall [43ms]
2023-03-24 14:56:24.730 [info] > git config --get commit.template [8ms]
2023-03-24 14:56:24.733 [info] > git for-each-ref --format=%(refname)%00%(upstream:short)%00%(objectname)%00%(upstream:track)%00%(upstream:remotename)%00%(upstream:remoteref) refs/heads/main refs/remotes/main [3ms]
2023-03-24 14:56:24.792 [info] > git status -z -uall [48ms]
2023-03-24 14:56:29.837 [info] > git config --get commit.template [17ms]
2023-03-24 14:56:29.841 [info] > git for-each-ref --format=%(refname)%00%(upstream:short)%00%(objectname)%00%(upstream:track)%00%(upstream:remotename)%00%(upstream:remoteref) refs/heads/main refs/remotes/main [5ms]
2023-03-24 14:56:29.938 [info] > git status -z -uall [83ms]
2023-03-24 14:56:34.983 [info] > git config --get commit.template [9ms]
2023-03-24 14:56:34.985 [info] > git for-each-ref --format=%(refname)%00%(upstream:short)%00%(objectname)%00%(upstream:track)%00%(upstream:remotename)%00%(upstream:remoteref) refs/heads/main refs/remotes/main [2ms]
2023-03-24 14:56:35.032 [info] > git status -z -uall [42ms]
2023-03-24 14:56:40.075 [info] > git config --get commit.template [9ms]
2023-03-24 14:56:40.078 [info] > git for-each-ref --format=%(refname)%00%(upstream:short)%00%(objectname)%00%(upstream:track)%00%(upstream:remotename)%00%(upstream:remoteref) refs/heads/main refs/remotes/main [2ms]
2023-03-24 14:56:40.164 [info] > git status -z -uall [81ms]
2023-03-24 14:56:45.243 [info] > git config --get commit.template [8ms]
2023-03-24 14:56:45.245 [info] > git for-each-ref --format=%(refname)%00%(upstream:short)%00%(objectname)%00%(upstream:track)%00%(upstream:remotename)%00%(upstream:remoteref) refs/heads/main refs/remotes/main [2ms]
2023-03-24 14:56:45.293 [info] > git status -z -uall [42ms]
2023-03-24 14:56:54.583 [info] > git config --get commit.template [9ms]
2023-03-24 14:56:54.586 [info] > git for-each-ref --format=%(refname)%00%(upstream:short)%00%(objectname)%00%(upstream:track)%00%(upstream:remotename)%00%(upstream:remoteref) refs/heads/main refs/remotes/main [4ms]
2023-03-24 14:56:54.637 [info] > git status -z -uall [46ms]
2023-03-24 14:56:59.679 [info] > git config --get commit.template [9ms]
2023-03-24 14:56:59.681 [info] > git for-each-ref --format=%(refname)%00%(upstream:short)%00%(objectname)%00%(upstream:track)%00%(upstream:remotename)%00%(upstream:remoteref) refs/heads/main refs/remotes/main [3ms]
2023-03-24 14:56:59.729 [info] > git status -z -uall [42ms]
2023-03-24 14:57:04.760 [info] > git config --get commit.template [6ms]
2023-03-24 14:57:04.761 [info] > git for-each-ref --format=%(refname)%00%(upstream:short)%00%(objectname)%00%(upstream:track)%00%(upstream:remotename)%00%(upstream:remoteref) refs/heads/main refs/remotes/main [2ms]
2023-03-24 14:57:04.807 [info] > git status -z -uall [41ms]
2023-03-24 14:57:05.343 [info] > git show --textconv :Testing/styles1.css [11ms]
2023-03-24 14:57:05.347 [info] > git ls-files --stage -- /web/users/projects/202223/quicknotes/Testing/styles1.css [5ms]
2023-03-24 14:57:09.841 [info] > git config --get commit.template [8ms]
2023-03-24 14:57:09.843 [info] > git for-each-ref --format=%(refname)%00%(upstream:short)%00%(objectname)%00%(upstream:track)%00%(upstream:remotename)%00%(upstream:remoteref) refs/heads/main refs/remotes/main [3ms]
2023-03-24 14:57:09.909 [info] > git status -z -uall [62ms]
2023-03-24 14:57:10.291 [info] > git show --textconv :Testing/styles.css [11ms]
2023-03-24 14:57:10.295 [info] > git ls-files --stage -- /web/users/projects/202223/quicknotes/Testing/styles.css [5ms]
2023-03-24 14:57:16.984 [info] > git config --get commit.template [8ms]
2023-03-24 14:57:16.986 [info] > git for-each-ref --format=%(refname)%00%(upstream:short)%00%(objectname)%00%(upstream:track)%00%(upstream:remotename)%00%(upstream:remoteref) refs/heads/main refs/remotes/main [2ms]
2023-03-24 14:57:17.038 [info] > git status -z -uall [46ms]
2023-03-24 14:57:22.072 [info] > git config --get commit.template [10ms]
2023-03-24 14:57:22.074 [info] > git for-each-ref --format=%(refname)%00%(upstream:short)%00%(objectname)%00%(upstream:track)%00%(upstream:remotename)%00%(upstream:remoteref) refs/heads/main refs/remotes/main [3ms]
2023-03-24 14:57:22.125 [info] > git status -z -uall [45ms]
2023-03-24 14:57:27.159 [info] > git config --get commit.template [9ms]
2023-03-24 14:57:27.162 [info] > git for-each-ref --format=%(refname)%00%(upstream:short)%00%(objectname)%00%(upstream:track)%00%(upstream:remotename)%00%(upstream:remoteref) refs/heads/main refs/remotes/main [4ms]
2023-03-24 14:57:27.211 [info] > git status -z -uall [43ms]
2023-03-24 14:57:32.245 [info] > git config --get commit.template [9ms]
2023-03-24 14:57:32.248 [info] > git for-each-ref --format=%(refname)%00%(upstream:short)%00%(objectname)%00%(upstream:track)%00%(upstream:remotename)%00%(upstream:remoteref) refs/heads/main refs/remotes/main [3ms]
2023-03-24 14:57:32.297 [info] > git status -z -uall [42ms]
2023-03-24 14:57:37.337 [info] > git config --get commit.template [9ms]
2023-03-24 14:57:37.339 [info] > git for-each-ref --format=%(refname)%00%(upstream:short)%00%(objectname)%00%(upstream:track)%00%(upstream:remotename)%00%(upstream:remoteref) refs/heads/main refs/remotes/main [3ms]
2023-03-24 14:57:37.388 [info] > git status -z -uall [42ms]
2023-03-24 14:57:42.423 [info] > git config --get commit.template [9ms]
2023-03-24 14:57:42.425 [info] > git for-each-ref --format=%(refname)%00%(upstream:short)%00%(objectname)%00%(upstream:track)%00%(upstream:remotename)%00%(upstream:remoteref) refs/heads/main refs/remotes/main [2ms]
2023-03-24 14:57:42.474 [info] > git status -z -uall [41ms]
2023-03-24 14:57:45.113 [info] > git ls-files --stage -- /web/users/projects/202223/quicknotes/QN/footer.php [12ms]
2023-03-24 14:57:45.140 [info] > git show --textconv :QN/footer.php [63ms]
2023-03-24 14:57:45.141 [info] > git cat-file -s 0df0485a873607dddf96c166ec2ae1903aae9ca4 [13ms]
2023-03-24 14:57:46.037 [info] > git ls-files --stage -- /web/users/projects/202223/quicknotes/QN/create_account.php [5ms]
2023-03-24 14:57:46.064 [info] > git show --textconv :QN/create_account.php [42ms]
2023-03-24 14:57:46.067 [info] > git cat-file -s 663c921727c59926535aae09fc15dabdc53ce94c [24ms]
2023-03-24 14:57:47.507 [info] > git config --get commit.template [9ms]
2023-03-24 14:57:47.510 [info] > git for-each-ref --format=%(refname)%00%(upstream:short)%00%(objectname)%00%(upstream:track)%00%(upstream:remotename)%00%(upstream:remoteref) refs/heads/main refs/remotes/main [3ms]
2023-03-24 14:57:47.557 [info] > git status -z -uall [41ms]
2023-03-24 14:57:48.062 [info] > git show --textconv :QN/connection.php [14ms]
2023-03-24 14:57:48.065 [info] > git ls-files --stage -- /web/users/projects/202223/quicknotes/QN/connection.php [6ms]
2023-03-24 14:57:48.073 [info] > git cat-file -s 19414bdb773a91cfdffe2b46a20e38232bb0122f [1ms]
2023-03-24 14:57:48.608 [info] > git ls-files --stage -- /web/users/projects/202223/quicknotes/QN/header.php [4ms]
2023-03-24 14:57:48.615 [info] > git show --textconv :QN/header.php [24ms]
2023-03-24 14:57:48.618 [info] > git cat-file -s 787c6c7ffac78cb834e3f0172dfe8f8546c66fb1 [3ms]
2023-03-24 14:57:50.007 [info] > git ls-files --stage -- /web/users/projects/202223/quicknotes/QN/leftcoloumn.php [4ms]
2023-03-24 14:57:50.015 [info] > git show --textconv :QN/leftcoloumn.php [23ms]
2023-03-24 14:57:50.018 [info] > git cat-file -s b0bfec5e61d458d791af33514b815b6b0d0799fa [3ms]
2023-03-24 14:57:51.072 [info] > git ls-files --stage -- /web/users/projects/202223/quicknotes/QN/login.php [4ms]
2023-03-24 14:57:51.080 [info] > git show --textconv :QN/login.php [23ms]
2023-03-24 14:57:51.083 [info] > git cat-file -s d4ed97b6ad75114b87b3560fd30ce41227d497f1 [2ms]
2023-03-24 14:57:52.366 [info] > git ls-files --stage -- /web/users/projects/202223/quicknotes/QN/logintest1.php [5ms]
2023-03-24 14:57:52.384 [info] > git show --textconv :QN/logintest1.php [34ms]
2023-03-24 14:57:52.393 [info] > git cat-file -s dc60f537f671a559a4291cb99833a2cab94194cd [20ms]
2023-03-24 14:57:52.591 [info] > git config --get commit.template [10ms]
2023-03-24 14:57:52.593 [info] > git for-each-ref --format=%(refname)%00%(upstream:short)%00%(objectname)%00%(upstream:track)%00%(upstream:remotename)%00%(upstream:remoteref) refs/heads/main refs/remotes/main [3ms]
2023-03-24 14:57:52.640 [info] > git status -z -uall [41ms]
2023-03-24 14:57:56.122 [info] > git ls-files --stage -- /web/users/projects/202223/quicknotes/QN/practice.php [5ms]
2023-03-24 14:57:56.134 [info] > git show --textconv :QN/practice.php [27ms]
2023-03-24 14:57:56.136 [info] > git cat-file -s 6a4594a4ae9722bb4125e97aa61336c12c5ffd32 [7ms]
2023-03-24 14:57:57.675 [info] > git config --get commit.template [8ms]
2023-03-24 14:57:57.677 [info] > git for-each-ref --format=%(refname)%00%(upstream:short)%00%(objectname)%00%(upstream:track)%00%(upstream:remotename)%00%(upstream:remoteref) refs/heads/main refs/remotes/main [3ms]
2023-03-24 14:57:57.723 [info] > git status -z -uall [40ms]
2023-03-24 14:58:00.158 [info] > git ls-files --stage -- /web/users/projects/202223/quicknotes/QN/rightcoloumn.php [5ms]
2023-03-24 14:58:00.166 [info] > git show --textconv :QN/rightcoloumn.php [24ms]
2023-03-24 14:58:00.168 [info] > git cat-file -s e69de29bb2d1d6434b8b29ae775ad8c2e48c5391 [3ms]
2023-03-24 14:58:02.758 [info] > git config --get commit.template [9ms]
2023-03-24 14:58:02.760 [info] > git for-each-ref --format=%(refname)%00%(upstream:short)%00%(objectname)%00%(upstream:track)%00%(upstream:remotename)%00%(upstream:remoteref) refs/heads/main refs/remotes/main [2ms]
2023-03-24 14:58:02.809 [info] > git status -z -uall [42ms]
2023-03-24 14:58:03.284 [info] > git show --textconv :QN/style.css [11ms]
2023-03-24 14:58:03.288 [info] > git ls-files --stage -- /web/users/projects/202223/quicknotes/QN/style.css [5ms]
2023-03-24 14:58:07.844 [info] > git config --get commit.template [9ms]
2023-03-24 14:58:07.847 [info] > git for-each-ref --format=%(refname)%00%(upstream:short)%00%(objectname)%00%(upstream:track)%00%(upstream:remotename)%00%(upstream:remoteref) refs/heads/main refs/remotes/main [2ms]
2023-03-24 14:58:07.895 [info] > git status -z -uall [41ms]
2023-03-24 14:58:12.114 [info] > git ls-files --stage -- /web/users/projects/202223/quicknotes/QN/contactpage.php [5ms]
2023-03-24 14:58:12.147 [info] > git show --textconv :QN/contactpage.php [49ms]
2023-03-24 14:58:12.150 [info] > git cat-file -s 52ec28c6d862394f58202985603b9f09533b59f2 [29ms]
2023-03-24 14:58:12.933 [info] > git config --get commit.template [8ms]
2023-03-24 14:58:12.935 [info] > git for-each-ref --format=%(refname)%00%(upstream:short)%00%(objectname)%00%(upstream:track)%00%(upstream:remotename)%00%(upstream:remoteref) refs/heads/main refs/remotes/main [2ms]
2023-03-24 14:58:12.991 [info] > git status -z -uall [50ms]
2023-03-24 14:58:18.026 [info] > git config --get commit.template [10ms]
2023-03-24 14:58:18.028 [info] > git for-each-ref --format=%(refname)%00%(upstream:short)%00%(objectname)%00%(upstream:track)%00%(upstream:remotename)%00%(upstream:remoteref) refs/heads/main refs/remotes/main [2ms]
2023-03-24 14:58:18.078 [info] > git status -z -uall [43ms]
2023-03-24 14:58:23.115 [info] > git config --get commit.template [10ms]
2023-03-24 14:58:23.117 [info] > git for-each-ref --format=%(refname)%00%(upstream:short)%00%(objectname)%00%(upstream:track)%00%(upstream:remotename)%00%(upstream:remoteref) refs/heads/main refs/remotes/main [3ms]
2023-03-24 14:58:23.171 [info] > git status -z -uall [48ms]
2023-03-24 14:58:27.796 [info] > git ls-files --stage -- /web/users/projects/202223/quicknotes/QN/TeamPage.php [5ms]
2023-03-24 14:58:27.814 [info] > git show --textconv :QN/TeamPage.php [35ms]
2023-03-24 14:58:27.816 [info] > git cat-file -s 3d8b0029639a99498d8d27f8e6c34de5a3f86d27 [13ms]
2023-03-24 14:58:28.207 [info] > git config --get commit.template [10ms]
2023-03-24 14:58:28.209 [info] > git for-each-ref --format=%(refname)%00%(upstream:short)%00%(objectname)%00%(upstream:track)%00%(upstream:remotename)%00%(upstream:remoteref) refs/heads/main refs/remotes/main [3ms]
2023-03-24 14:58:28.268 [info] > git status -z -uall [53ms]
2023-03-24 14:58:33.317 [info] > git config --get commit.template [12ms]
2023-03-24 14:58:33.322 [info] > git for-each-ref --format=%(refname)%00%(upstream:short)%00%(objectname)%00%(upstream:track)%00%(upstream:remotename)%00%(upstream:remoteref) refs/heads/main refs/remotes/main [6ms]
2023-03-24 14:58:33.418 [info] > git status -z -uall [83ms]
2023-03-24 14:58:38.460 [info] > git config --get commit.template [9ms]
2023-03-24 14:58:38.462 [info] > git for-each-ref --format=%(refname)%00%(upstream:short)%00%(objectname)%00%(upstream:track)%00%(upstream:remotename)%00%(upstream:remoteref) refs/heads/main refs/remotes/main [3ms]
2023-03-24 14:58:38.511 [info] > git status -z -uall [42ms]
2023-03-24 14:58:43.551 [info] > git config --get commit.template [13ms]
2023-03-24 14:58:43.556 [info] > git for-each-ref --format=%(refname)%00%(upstream:short)%00%(objectname)%00%(upstream:track)%00%(upstream:remotename)%00%(upstream:remoteref) refs/heads/main refs/remotes/main [6ms]
2023-03-24 14:58:43.652 [info] > git status -z -uall [84ms]
2023-03-24 14:58:48.710 [info] > git config --get commit.template [10ms]
2023-03-24 14:58:48.712 [info] > git for-each-ref --format=%(refname)%00%(upstream:short)%00%(objectname)%00%(upstream:track)%00%(upstream:remotename)%00%(upstream:remoteref) refs/heads/main refs/remotes/main [3ms]
2023-03-24 14:58:48.764 [info] > git status -z -uall [46ms]
2023-03-24 14:58:53.796 [info] > git config --get commit.template [8ms]
2023-03-24 14:58:53.798 [info] > git for-each-ref --format=%(refname)%00%(upstream:short)%00%(objectname)%00%(upstream:track)%00%(upstream:remotename)%00%(upstream:remoteref) refs/heads/main refs/remotes/main [3ms]
2023-03-24 14:58:53.845 [info] > git status -z -uall [41ms]
2023-03-24 14:58:58.878 [info] > git config --get commit.template [9ms]
2023-03-24 14:58:58.880 [info] > git for-each-ref --format=%(refname)%00%(upstream:short)%00%(objectname)%00%(upstream:track)%00%(upstream:remotename)%00%(upstream:remoteref) refs/heads/main refs/remotes/main [3ms]
2023-03-24 14:58:58.925 [info] > git status -z -uall [40ms]
2023-03-24 14:59:14.579 [info] > git config --get commit.template [10ms]
2023-03-24 14:59:14.581 [info] > git for-each-ref --format=%(refname)%00%(upstream:short)%00%(objectname)%00%(upstream:track)%00%(upstream:remotename)%00%(upstream:remoteref) refs/heads/main refs/remotes/main [2ms]
2023-03-24 14:59:14.629 [info] > git status -z -uall [42ms]
2023-03-24 14:59:19.664 [info] > git config --get commit.template [9ms]
2023-03-24 14:59:19.666 [info] > git for-each-ref --format=%(refname)%00%(upstream:short)%00%(objectname)%00%(upstream:track)%00%(upstream:remotename)%00%(upstream:remoteref) refs/heads/main refs/remotes/main [2ms]
2023-03-24 14:59:19.723 [info] > git status -z -uall [50ms]
2023-03-24 14:59:24.757 [info] > git config --get commit.template [10ms]
2023-03-24 14:59:24.759 [info] > git for-each-ref --format=%(refname)%00%(upstream:short)%00%(objectname)%00%(upstream:track)%00%(upstream:remotename)%00%(upstream:remoteref) refs/heads/main refs/remotes/main [3ms]
2023-03-24 14:59:24.863 [info] > git status -z -uall [91ms]
2023-03-24 14:59:29.926 [info] > git config --get commit.template [10ms]
2023-03-24 14:59:29.928 [info] > git for-each-ref --format=%(refname)%00%(upstream:short)%00%(objectname)%00%(upstream:track)%00%(upstream:remotename)%00%(upstream:remoteref) refs/heads/main refs/remotes/main [3ms]
2023-03-24 14:59:29.976 [info] > git status -z -uall [41ms]
2023-03-24 14:59:35.012 [info] > git config --get commit.template [11ms]
2023-03-24 14:59:35.014 [info] > git for-each-ref --format=%(refname)%00%(upstream:short)%00%(objectname)%00%(upstream:track)%00%(upstream:remotename)%00%(upstream:remoteref) refs/heads/main refs/remotes/main [3ms]
2023-03-24 14:59:35.062 [info] > git status -z -uall [42ms]
2023-03-24 14:59:40.120 [info] > git config --get commit.template [19ms]
2023-03-24 14:59:40.124 [info] > git for-each-ref --format=%(refname)%00%(upstream:short)%00%(objectname)%00%(upstream:track)%00%(upstream:remotename)%00%(upstream:remoteref) refs/heads/main refs/remotes/main [5ms]
2023-03-24 14:59:40.236 [info] > git status -z -uall [97ms]
2023-03-24 14:59:45.279 [info] > git config --get commit.template [10ms]
2023-03-24 14:59:45.282 [info] > git for-each-ref --format=%(refname)%00%(upstream:short)%00%(objectname)%00%(upstream:track)%00%(upstream:remotename)%00%(upstream:remoteref) refs/heads/main refs/remotes/main [3ms]
2023-03-24 14:59:45.345 [info] > git status -z -uall [56ms]
2023-03-24 14:59:50.381 [info] > git config --get commit.template [11ms]
2023-03-24 14:59:50.383 [info] > git for-each-ref --format=%(refname)%00%(upstream:short)%00%(objectname)%00%(upstream:track)%00%(upstream:remotename)%00%(upstream:remoteref) refs/heads/main refs/remotes/main [4ms]
2023-03-24 14:59:50.434 [info] > git status -z -uall [41ms]
2023-03-24 14:59:55.476 [info] > git config --get commit.template [9ms]
2023-03-24 14:59:55.478 [info] > git for-each-ref --format=%(refname)%00%(upstream:short)%00%(objectname)%00%(upstream:track)%00%(upstream:remotename)%00%(upstream:remoteref) refs/heads/main refs/remotes/main [3ms]
2023-03-24 14:59:55.551 [info] > git status -z -uall [67ms]
2023-03-24 15:00:00.627 [info] > git config --get commit.template [10ms]
2023-03-24 15:00:00.629 [info] > git for-each-ref --format=%(refname)%00%(upstream:short)%00%(objectname)%00%(upstream:track)%00%(upstream:remotename)%00%(upstream:remoteref) refs/heads/main refs/remotes/main [3ms]
2023-03-24 15:00:00.677 [info] > git status -z -uall [42ms]
2023-03-24 15:00:05.712 [info] > git config --get commit.template [9ms]
2023-03-24 15:00:05.714 [info] > git for-each-ref --format=%(refname)%00%(upstream:short)%00%(objectname)%00%(upstream:track)%00%(upstream:remotename)%00%(upstream:remoteref) refs/heads/main refs/remotes/main [3ms]
2023-03-24 15:00:05.763 [info] > git status -z -uall [43ms]
2023-03-24 15:00:10.796 [info] > git config --get commit.template [9ms]
2023-03-24 15:00:10.798 [info] > git for-each-ref --format=%(refname)%00%(upstream:short)%00%(objectname)%00%(upstream:track)%00%(upstream:remotename)%00%(upstream:remoteref) refs/heads/main refs/remotes/main [3ms]
2023-03-24 15:00:10.849 [info] > git status -z -uall [44ms]
2023-03-24 15:00:15.889 [info] > git config --get commit.template [17ms]
2023-03-24 15:00:15.895 [info] > git for-each-ref --format=%(refname)%00%(upstream:short)%00%(objectname)%00%(upstream:track)%00%(upstream:remotename)%00%(upstream:remoteref) refs/heads/main refs/remotes/main [6ms]
2023-03-24 15:00:16.012 [info] > git status -z -uall [105ms]
2023-03-24 15:00:21.060 [info] > git config --get commit.template [13ms]
2023-03-24 15:00:21.064 [info] > git for-each-ref --format=%(refname)%00%(upstream:short)%00%(objectname)%00%(upstream:track)%00%(upstream:remotename)%00%(upstream:remoteref) refs/heads/main refs/remotes/main [4ms]
2023-03-24 15:00:21.128 [info] > git status -z -uall [57ms]
2023-03-24 15:00:23.963 [info] > git check-ignore -v -z --stdin [10ms]
2023-03-24 15:00:26.170 [info] > git config --get commit.template [17ms]
2023-03-24 15:00:26.172 [info] > git for-each-ref --format=%(refname)%00%(upstream:short)%00%(objectname)%00%(upstream:track)%00%(upstream:remotename)%00%(upstream:remoteref) refs/heads/main refs/remotes/main [2ms]
2023-03-24 15:00:26.270 [info] > git status -z -uall [84ms]
2023-03-24 15:00:26.579 [info] > git check-ignore -v -z --stdin [48ms]
2023-03-24 15:00:31.316 [info] > git config --get commit.template [9ms]
2023-03-24 15:00:31.321 [info] > git for-each-ref --format=%(refname)%00%(upstream:short)%00%(objectname)%00%(upstream:track)%00%(upstream:remotename)%00%(upstream:remoteref) refs/heads/main refs/remotes/main [4ms]
2023-03-24 15:00:31.371 [info] > git status -z -uall [44ms]
2023-03-24 15:00:31.854 [info] > git -c user.useConfigOnly=true commit --quiet --allow-empty-message --file - [83ms]
2023-03-24 15:00:31.854 [info] 
*** Please tell me who you are.

Run

  git config --global user.email "you@example.com"
  git config --global user.name "Your Name"

to set your account's default identity.
Omit --global to set the identity only in this repository.

fatal: no email was given and auto-detection is disabled
2023-03-24 15:00:31.865 [info] > git config --get-all user.name [2ms]
2023-03-24 15:00:31.878 [info] > git config --get commit.template [6ms]
2023-03-24 15:00:31.880 [info] > git for-each-ref --format=%(refname)%00%(upstream:short)%00%(objectname)%00%(upstream:track)%00%(upstream:remotename)%00%(upstream:remoteref) refs/heads/main refs/remotes/main [1ms]
2023-03-24 15:00:31.925 [info] > git status -z -uall [40ms]
2023-03-24 15:00:33.692 [info] > git ls-files --stage -- /web/users/projects/202223/quicknotes/Testing/styles.css [10ms]
2023-03-24 15:00:33.693 [info] > git ls-files --stage -- /web/users/projects/202223/quicknotes/Testing/userdetails.html [19ms]
2023-03-24 15:00:33.693 [info] > git ls-files --stage -- /web/users/projects/202223/quicknotes/Testing/style2.css [31ms]
2023-03-24 15:00:33.702 [info] > git ls-files --stage -- /web/users/projects/202223/quicknotes/QN/TeamPage.php [11ms]
2023-03-24 15:00:33.709 [info] > git cat-file -s 13aa6fac6f3faf597ffb777264b643e70e4c217a [7ms]
2023-03-24 15:00:33.711 [info] > git cat-file -s 3d8b0029639a99498d8d27f8e6c34de5a3f86d27 [3ms]
2023-03-24 15:00:33.800 [info] > git show --textconv :Testing/styles.css [32ms]
2023-03-24 15:00:33.801 [info] > git show --textconv :Testing/userdetails.html [19ms]
2023-03-24 15:00:33.818 [info] > git show --textconv :Testing/style2.css [9ms]
2023-03-24 15:00:33.824 [info] > git show --textconv :QN/TeamPage.php [7ms]
2023-03-24 15:00:36.422 [info] > git config --get commit.template [20ms]
2023-03-24 15:00:36.423 [info] > git for-each-ref --format=%(refname)%00%(upstream:short)%00%(objectname)%00%(upstream:track)%00%(upstream:remotename)%00%(upstream:remoteref) refs/heads/main refs/remotes/main [2ms]
2023-03-24 15:00:36.522 [info] > git status -z -uall [86ms]
2023-03-24 15:00:41.575 [info] > git config --get commit.template [24ms]
2023-03-24 15:00:41.579 [info] > git for-each-ref --format=%(refname)%00%(upstream:short)%00%(objectname)%00%(upstream:track)%00%(upstream:remotename)%00%(upstream:remoteref) refs/heads/main refs/remotes/main [7ms]
2023-03-24 15:00:41.687 [info] > git status -z -uall [93ms]
2023-03-24 15:00:46.736 [info] > git config --get commit.template [8ms]
2023-03-24 15:00:46.738 [info] > git for-each-ref --format=%(refname)%00%(upstream:short)%00%(objectname)%00%(upstream:track)%00%(upstream:remotename)%00%(upstream:remoteref) refs/heads/main refs/remotes/main [3ms]
2023-03-24 15:00:46.783 [info] > git status -z -uall [40ms]
2023-03-24 15:00:51.818 [info] > git config --get commit.template [11ms]
2023-03-24 15:00:51.819 [info] > git for-each-ref --format=%(refname)%00%(upstream:short)%00%(objectname)%00%(upstream:track)%00%(upstream:remotename)%00%(upstream:remoteref) refs/heads/main refs/remotes/main [2ms]
2023-03-24 15:00:51.866 [info] > git status -z -uall [41ms]
2023-03-24 15:00:56.908 [info] > git config --get commit.template [9ms]
2023-03-24 15:00:56.910 [info] > git for-each-ref --format=%(refname)%00%(upstream:short)%00%(objectname)%00%(upstream:track)%00%(upstream:remotename)%00%(upstream:remoteref) refs/heads/main refs/remotes/main [3ms]
2023-03-24 15:00:56.957 [info] > git status -z -uall [41ms]
2023-03-24 16:07:52.818 [info] > git config --get commit.template [6ms]
2023-03-24 16:07:52.820 [info] > git for-each-ref --format=%(refname)%00%(upstream:short)%00%(objectname)%00%(upstream:track)%00%(upstream:remotename)%00%(upstream:remoteref) refs/heads/main refs/remotes/main [2ms]
2023-03-24 16:07:52.866 [info] > git status -z -uall [42ms]
2023-03-24 16:08:22.260 [info] > git config --get commit.template [9ms]
2023-03-24 16:08:22.262 [info] > git for-each-ref --format=%(refname)%00%(upstream:short)%00%(objectname)%00%(upstream:track)%00%(upstream:remotename)%00%(upstream:remoteref) refs/heads/main refs/remotes/main [3ms]
2023-03-24 16:08:22.310 [info] > git status -z -uall [43ms]
2023-03-24 16:12:37.586 [info] > git config --get commit.template [11ms]
2023-03-24 16:12:37.589 [info] > git for-each-ref --format=%(refname)%00%(upstream:short)%00%(objectname)%00%(upstream:track)%00%(upstream:remotename)%00%(upstream:remoteref) refs/heads/main refs/remotes/main [3ms]
2023-03-24 16:12:37.640 [info] > git status -z -uall [44ms]
2023-03-24 16:12:42.679 [info] > git config --get commit.template [8ms]
2023-03-24 16:12:42.680 [info] > git for-each-ref --format=%(refname)%00%(upstream:short)%00%(objectname)%00%(upstream:track)%00%(upstream:remotename)%00%(upstream:remoteref) refs/heads/main refs/remotes/main [2ms]
2023-03-24 16:12:42.732 [info] > git status -z -uall [46ms]
2023-03-24 16:12:47.779 [info] > git config --get commit.template [9ms]
2023-03-24 16:12:47.781 [info] > git for-each-ref --format=%(refname)%00%(upstream:short)%00%(objectname)%00%(upstream:track)%00%(upstream:remotename)%00%(upstream:remoteref) refs/heads/main refs/remotes/main [3ms]
2023-03-24 16:12:47.830 [info] > git status -z -uall [43ms]
2023-03-24 16:12:52.894 [info] > git config --get commit.template [18ms]
2023-03-24 16:12:52.895 [info] > git for-each-ref --format=%(refname)%00%(upstream:short)%00%(objectname)%00%(upstream:track)%00%(upstream:remotename)%00%(upstream:remoteref) refs/heads/main refs/remotes/main [2ms]
2023-03-24 16:12:52.988 [info] > git status -z -uall [82ms]
2023-03-24 16:12:58.046 [info] > git config --get commit.template [16ms]
2023-03-24 16:12:58.048 [info] > git for-each-ref --format=%(refname)%00%(upstream:short)%00%(objectname)%00%(upstream:track)%00%(upstream:remotename)%00%(upstream:remoteref) refs/heads/main refs/remotes/main [3ms]
2023-03-24 16:12:58.142 [info] > git status -z -uall [81ms]
2023-03-24 16:13:03.186 [info] > git config --get commit.template [9ms]
2023-03-24 16:13:03.187 [info] > git for-each-ref --format=%(refname)%00%(upstream:short)%00%(objectname)%00%(upstream:track)%00%(upstream:remotename)%00%(upstream:remoteref) refs/heads/main refs/remotes/main [2ms]
2023-03-24 16:13:03.235 [info] > git status -z -uall [42ms]
2023-03-24 16:13:08.271 [info] > git config --get commit.template [7ms]
2023-03-24 16:13:08.273 [info] > git for-each-ref --format=%(refname)%00%(upstream:short)%00%(objectname)%00%(upstream:track)%00%(upstream:remotename)%00%(upstream:remoteref) refs/heads/main refs/remotes/main [2ms]
2023-03-24 16:13:08.321 [info] > git status -z -uall [43ms]
2023-03-24 16:13:13.356 [info] > git config --get commit.template [11ms]
2023-03-24 16:13:13.363 [info] > git for-each-ref --format=%(refname)%00%(upstream:short)%00%(objectname)%00%(upstream:track)%00%(upstream:remotename)%00%(upstream:remoteref) refs/heads/main refs/remotes/main [6ms]
2023-03-24 16:13:13.465 [info] > git status -z -uall [93ms]
2023-03-24 16:13:18.514 [info] > git config --get commit.template [8ms]
2023-03-24 16:13:18.515 [info] > git for-each-ref --format=%(refname)%00%(upstream:short)%00%(objectname)%00%(upstream:track)%00%(upstream:remotename)%00%(upstream:remoteref) refs/heads/main refs/remotes/main [2ms]
2023-03-24 16:13:18.560 [info] > git status -z -uall [40ms]
2023-03-24 16:13:23.603 [info] > git config --get commit.template [10ms]
2023-03-24 16:13:23.605 [info] > git for-each-ref --format=%(refname)%00%(upstream:short)%00%(objectname)%00%(upstream:track)%00%(upstream:remotename)%00%(upstream:remoteref) refs/heads/main refs/remotes/main [2ms]
2023-03-24 16:13:23.653 [info] > git status -z -uall [42ms]
2023-03-24 16:13:28.690 [info] > git config --get commit.template [10ms]
2023-03-24 16:13:28.692 [info] > git for-each-ref --format=%(refname)%00%(upstream:short)%00%(objectname)%00%(upstream:track)%00%(upstream:remotename)%00%(upstream:remoteref) refs/heads/main refs/remotes/main [3ms]
2023-03-24 16:13:28.741 [info] > git status -z -uall [43ms]
2023-03-24 16:13:33.775 [info] > git config --get commit.template [9ms]
2023-03-24 16:13:33.777 [info] > git for-each-ref --format=%(refname)%00%(upstream:short)%00%(objectname)%00%(upstream:track)%00%(upstream:remotename)%00%(upstream:remoteref) refs/heads/main refs/remotes/main [3ms]
2023-03-24 16:13:33.826 [info] > git status -z -uall [43ms]
2023-03-24 16:13:38.861 [info] > git config --get commit.template [9ms]
2023-03-24 16:13:38.863 [info] > git for-each-ref --format=%(refname)%00%(upstream:short)%00%(objectname)%00%(upstream:track)%00%(upstream:remotename)%00%(upstream:remoteref) refs/heads/main refs/remotes/main [2ms]
2023-03-24 16:13:38.911 [info] > git status -z -uall [41ms]
2023-03-24 16:13:43.947 [info] > git config --get commit.template [9ms]
2023-03-24 16:13:43.949 [info] > git for-each-ref --format=%(refname)%00%(upstream:short)%00%(objectname)%00%(upstream:track)%00%(upstream:remotename)%00%(upstream:remoteref) refs/heads/main refs/remotes/main [3ms]
2023-03-24 16:13:43.997 [info] > git status -z -uall [41ms]
2023-03-24 16:13:49.032 [info] > git config --get commit.template [9ms]
2023-03-24 16:13:49.035 [info] > git for-each-ref --format=%(refname)%00%(upstream:short)%00%(objectname)%00%(upstream:track)%00%(upstream:remotename)%00%(upstream:remoteref) refs/heads/main refs/remotes/main [2ms]
2023-03-24 16:13:49.086 [info] > git status -z -uall [45ms]
2023-03-24 16:13:54.122 [info] > git config --get commit.template [10ms]
2023-03-24 16:13:54.124 [info] > git for-each-ref --format=%(refname)%00%(upstream:short)%00%(objectname)%00%(upstream:track)%00%(upstream:remotename)%00%(upstream:remoteref) refs/heads/main refs/remotes/main [3ms]
2023-03-24 16:13:54.172 [info] > git status -z -uall [41ms]
2023-03-24 16:13:59.214 [info] > git config --get commit.template [9ms]
2023-03-24 16:13:59.217 [info] > git for-each-ref --format=%(refname)%00%(upstream:short)%00%(objectname)%00%(upstream:track)%00%(upstream:remotename)%00%(upstream:remoteref) refs/heads/main refs/remotes/main [3ms]
2023-03-24 16:13:59.265 [info] > git status -z -uall [42ms]
2023-03-24 16:14:04.299 [info] > git config --get commit.template [9ms]
2023-03-24 16:14:04.302 [info] > git for-each-ref --format=%(refname)%00%(upstream:short)%00%(objectname)%00%(upstream:track)%00%(upstream:remotename)%00%(upstream:remoteref) refs/heads/main refs/remotes/main [3ms]
2023-03-24 16:14:04.350 [info] > git status -z -uall [42ms]
2023-03-24 16:14:09.382 [info] > git config --get commit.template [7ms]
2023-03-24 16:14:09.383 [info] > git for-each-ref --format=%(refname)%00%(upstream:short)%00%(objectname)%00%(upstream:track)%00%(upstream:remotename)%00%(upstream:remoteref) refs/heads/main refs/remotes/main [2ms]
2023-03-24 16:14:09.429 [info] > git status -z -uall [39ms]
2023-03-24 16:14:14.466 [info] > git config --get commit.template [9ms]
2023-03-24 16:14:14.468 [info] > git for-each-ref --format=%(refname)%00%(upstream:short)%00%(objectname)%00%(upstream:track)%00%(upstream:remotename)%00%(upstream:remoteref) refs/heads/main refs/remotes/main [2ms]
2023-03-24 16:14:14.516 [info] > git status -z -uall [42ms]
2023-03-24 16:14:19.550 [info] > git config --get commit.template [10ms]
2023-03-24 16:14:19.551 [info] > git for-each-ref --format=%(refname)%00%(upstream:short)%00%(objectname)%00%(upstream:track)%00%(upstream:remotename)%00%(upstream:remoteref) refs/heads/main refs/remotes/main [2ms]
2023-03-24 16:14:19.599 [info] > git status -z -uall [42ms]
2023-03-24 16:14:37.664 [info] > git config --get commit.template [10ms]
2023-03-24 16:14:37.666 [info] > git for-each-ref --format=%(refname)%00%(upstream:short)%00%(objectname)%00%(upstream:track)%00%(upstream:remotename)%00%(upstream:remoteref) refs/heads/main refs/remotes/main [3ms]
2023-03-24 16:14:37.717 [info] > git status -z -uall [45ms]
2023-03-24 16:16:56.582 [info] > git config --get commit.template [9ms]
2023-03-24 16:16:56.584 [info] > git for-each-ref --format=%(refname)%00%(upstream:short)%00%(objectname)%00%(upstream:track)%00%(upstream:remotename)%00%(upstream:remoteref) refs/heads/main refs/remotes/main [2ms]
2023-03-24 16:16:56.636 [info] > git status -z -uall [46ms]
2023-03-24 16:19:21.336 [info] > git config --get commit.template [10ms]
2023-03-24 16:19:21.338 [info] > git for-each-ref --format=%(refname)%00%(upstream:short)%00%(objectname)%00%(upstream:track)%00%(upstream:remotename)%00%(upstream:remoteref) refs/heads/main refs/remotes/main [3ms]
2023-03-24 16:19:21.390 [info] > git status -z -uall [45ms]
2023-03-24 16:19:54.958 [info] > git config --get commit.template [12ms]
2023-03-24 16:19:54.962 [info] > git for-each-ref --format=%(refname)%00%(upstream:short)%00%(objectname)%00%(upstream:track)%00%(upstream:remotename)%00%(upstream:remoteref) refs/heads/main refs/remotes/main [5ms]
2023-03-24 16:19:55.066 [info] > git status -z -uall [89ms]
2023-03-24 16:20:00.132 [info] > git config --get commit.template [9ms]
2023-03-24 16:20:00.135 [info] > git for-each-ref --format=%(refname)%00%(upstream:short)%00%(objectname)%00%(upstream:track)%00%(upstream:remotename)%00%(upstream:remoteref) refs/heads/main refs/remotes/main [4ms]
2023-03-24 16:20:00.190 [info] > git status -z -uall [47ms]
2023-03-24 16:20:05.231 [info] > git config --get commit.template [9ms]
2023-03-24 16:20:05.232 [info] > git for-each-ref --format=%(refname)%00%(upstream:short)%00%(objectname)%00%(upstream:track)%00%(upstream:remotename)%00%(upstream:remoteref) refs/heads/main refs/remotes/main [2ms]
2023-03-24 16:20:05.370 [info] > git status -z -uall [132ms]
2023-03-24 16:20:10.402 [info] > git config --get commit.template [9ms]
2023-03-24 16:20:10.403 [info] > git for-each-ref --format=%(refname)%00%(upstream:short)%00%(objectname)%00%(upstream:track)%00%(upstream:remotename)%00%(upstream:remoteref) refs/heads/main refs/remotes/main [2ms]
2023-03-24 16:20:10.457 [info] > git status -z -uall [48ms]
2023-03-24 16:20:15.492 [info] > git config --get commit.template [9ms]
2023-03-24 16:20:15.494 [info] > git for-each-ref --format=%(refname)%00%(upstream:short)%00%(objectname)%00%(upstream:track)%00%(upstream:remotename)%00%(upstream:remoteref) refs/heads/main refs/remotes/main [3ms]
2023-03-24 16:20:15.538 [info] > git status -z -uall [39ms]
2023-03-24 16:20:20.581 [info] > git config --get commit.template [13ms]
2023-03-24 16:20:20.585 [info] > git for-each-ref --format=%(refname)%00%(upstream:short)%00%(objectname)%00%(upstream:track)%00%(upstream:remotename)%00%(upstream:remoteref) refs/heads/main refs/remotes/main [6ms]
2023-03-24 16:20:20.680 [info] > git status -z -uall [84ms]
2023-03-24 16:20:25.727 [info] > git config --get commit.template [7ms]
2023-03-24 16:20:25.729 [info] > git for-each-ref --format=%(refname)%00%(upstream:short)%00%(objectname)%00%(upstream:track)%00%(upstream:remotename)%00%(upstream:remoteref) refs/heads/main refs/remotes/main [3ms]
2023-03-24 16:20:25.773 [info] > git status -z -uall [39ms]
2023-03-24 16:20:30.810 [info] > git config --get commit.template [9ms]
2023-03-24 16:20:30.812 [info] > git for-each-ref --format=%(refname)%00%(upstream:short)%00%(objectname)%00%(upstream:track)%00%(upstream:remotename)%00%(upstream:remoteref) refs/heads/main refs/remotes/main [3ms]
2023-03-24 16:20:30.860 [info] > git status -z -uall [42ms]
2023-03-24 16:20:35.894 [info] > git config --get commit.template [10ms]
2023-03-24 16:20:35.896 [info] > git for-each-ref --format=%(refname)%00%(upstream:short)%00%(objectname)%00%(upstream:track)%00%(upstream:remotename)%00%(upstream:remoteref) refs/heads/main refs/remotes/main [2ms]
2023-03-24 16:20:35.943 [info] > git status -z -uall [41ms]
2023-03-24 16:20:40.978 [info] > git config --get commit.template [10ms]
2023-03-24 16:20:40.980 [info] > git for-each-ref --format=%(refname)%00%(upstream:short)%00%(objectname)%00%(upstream:track)%00%(upstream:remotename)%00%(upstream:remoteref) refs/heads/main refs/remotes/main [2ms]
2023-03-24 16:20:41.027 [info] > git status -z -uall [41ms]
2023-03-24 16:20:46.064 [info] > git config --get commit.template [9ms]
2023-03-24 16:20:46.066 [info] > git for-each-ref --format=%(refname)%00%(upstream:short)%00%(objectname)%00%(upstream:track)%00%(upstream:remotename)%00%(upstream:remoteref) refs/heads/main refs/remotes/main [3ms]
2023-03-24 16:20:46.116 [info] > git status -z -uall [42ms]
2023-03-24 16:20:58.458 [info] > git config --get commit.template [9ms]
2023-03-24 16:20:58.460 [info] > git for-each-ref --format=%(refname)%00%(upstream:short)%00%(objectname)%00%(upstream:track)%00%(upstream:remotename)%00%(upstream:remoteref) refs/heads/main refs/remotes/main [2ms]
2023-03-24 16:20:58.509 [info] > git status -z -uall [42ms]
2023-03-24 16:21:20.846 [info] > git config --get commit.template [9ms]
2023-03-24 16:21:20.848 [info] > git for-each-ref --format=%(refname)%00%(upstream:short)%00%(objectname)%00%(upstream:track)%00%(upstream:remotename)%00%(upstream:remoteref) refs/heads/main refs/remotes/main [3ms]
2023-03-24 16:21:20.898 [info] > git status -z -uall [43ms]
2023-03-24 16:22:36.799 [info] > git config --get commit.template [8ms]
2023-03-24 16:22:36.802 [info] > git for-each-ref --format=%(refname)%00%(upstream:short)%00%(objectname)%00%(upstream:track)%00%(upstream:remotename)%00%(upstream:remoteref) refs/heads/main refs/remotes/main [6ms]
2023-03-24 16:22:36.851 [info] > git status -z -uall [43ms]
2023-03-24 16:27:36.104 [info] > git config --get commit.template [7ms]
2023-03-24 16:27:36.107 [info] > git for-each-ref --format=%(refname)%00%(upstream:short)%00%(objectname)%00%(upstream:track)%00%(upstream:remotename)%00%(upstream:remoteref) refs/heads/main refs/remotes/main [3ms]
2023-03-24 16:27:36.154 [info] > git status -z -uall [43ms]
2023-03-24 16:27:54.795 [info] > git config --get commit.template [9ms]
2023-03-24 16:27:54.796 [info] > git for-each-ref --format=%(refname)%00%(upstream:short)%00%(objectname)%00%(upstream:track)%00%(upstream:remotename)%00%(upstream:remoteref) refs/heads/main refs/remotes/main [2ms]
2023-03-24 16:27:54.848 [info] > git status -z -uall [45ms]
2023-03-24 16:27:59.889 [info] > git config --get commit.template [9ms]
2023-03-24 16:27:59.891 [info] > git for-each-ref --format=%(refname)%00%(upstream:short)%00%(objectname)%00%(upstream:track)%00%(upstream:remotename)%00%(upstream:remoteref) refs/heads/main refs/remotes/main [2ms]
2023-03-24 16:27:59.938 [info] > git status -z -uall [42ms]
2023-03-24 16:28:04.974 [info] > git config --get commit.template [9ms]
2023-03-24 16:28:04.976 [info] > git for-each-ref --format=%(refname)%00%(upstream:short)%00%(objectname)%00%(upstream:track)%00%(upstream:remotename)%00%(upstream:remoteref) refs/heads/main refs/remotes/main [2ms]
2023-03-24 16:28:05.050 [info] > git status -z -uall [68ms]
2023-03-24 16:28:10.129 [info] > git config --get commit.template [9ms]
2023-03-24 16:28:10.131 [info] > git for-each-ref --format=%(refname)%00%(upstream:short)%00%(objectname)%00%(upstream:track)%00%(upstream:remotename)%00%(upstream:remoteref) refs/heads/main refs/remotes/main [3ms]
2023-03-24 16:28:10.178 [info] > git status -z -uall [42ms]
2023-03-24 16:28:15.216 [info] > git config --get commit.template [8ms]
2023-03-24 16:28:15.218 [info] > git for-each-ref --format=%(refname)%00%(upstream:short)%00%(objectname)%00%(upstream:track)%00%(upstream:remotename)%00%(upstream:remoteref) refs/heads/main refs/remotes/main [3ms]
2023-03-24 16:28:15.267 [info] > git status -z -uall [43ms]
