2023-03-15 14:09:52.457 [info] Log level: Info
2023-03-15 14:09:52.458 [info] Validating found git in: "git"
2023-03-15 14:09:52.458 [info] Using git "2.25.1" from "git"
2023-03-15 14:09:52.459 [info] > git rev-parse --show-toplevel [10ms]
2023-03-15 14:09:52.460 [info] fatal: not a git repository (or any parent up to mount point /web/users)
Stopping at filesystem boundary (GIT_DISCOVERY_ACROSS_FILESYSTEM not set).
2023-03-15 14:09:52.461 [info] > git rev-parse --show-toplevel [2ms]
2023-03-15 14:09:52.461 [info] fatal: not a git repository (or any parent up to mount point /web/users)
Stopping at filesystem boundary (GIT_DISCOVERY_ACROSS_FILESYSTEM not set).
2023-03-15 14:09:52.462 [info] > git rev-parse --show-toplevel [1ms]
2023-03-15 14:09:52.462 [info] fatal: not a git repository (or any parent up to mount point /web/users)
Stopping at filesystem boundary (GIT_DISCOVERY_ACROSS_FILESYSTEM not set).
2023-03-15 14:09:52.463 [info] > git rev-parse --show-toplevel [1ms]
2023-03-15 14:09:52.463 [info] fatal: not a git repository (or any parent up to mount point /web/users)
Stopping at filesystem boundary (GIT_DISCOVERY_ACROSS_FILESYSTEM not set).
2023-03-15 14:09:52.463 [info] > git rev-parse --show-toplevel [1ms]
2023-03-15 14:09:52.463 [info] fatal: not a git repository (or any parent up to mount point /web/users)
Stopping at filesystem boundary (GIT_DISCOVERY_ACROSS_FILESYSTEM not set).
2023-03-15 14:10:01.744 [info] > git rev-parse --show-toplevel [16ms]
2023-03-15 14:10:01.745 [info] fatal: not a git repository (or any parent up to mount point /web/users)
Stopping at filesystem boundary (GIT_DISCOVERY_ACROSS_FILESYSTEM not set).
2023-03-15 14:11:19.049 [info] > git rev-parse --show-toplevel [6ms]
2023-03-15 14:11:19.049 [info] fatal: not a git repository (or any parent up to mount point /web/users)
Stopping at filesystem boundary (GIT_DISCOVERY_ACROSS_FILESYSTEM not set).
2023-03-15 14:11:29.001 [info] > git rev-parse --show-toplevel [8ms]
2023-03-15 14:11:29.002 [info] fatal: not a git repository (or any parent up to mount point /web/users)
Stopping at filesystem boundary (GIT_DISCOVERY_ACROSS_FILESYSTEM not set).
2023-03-15 14:11:32.679 [info] > git rev-parse --show-toplevel [8ms]
2023-03-15 14:11:32.679 [info] fatal: not a git repository (or any parent up to mount point /web/users)
Stopping at filesystem boundary (GIT_DISCOVERY_ACROSS_FILESYSTEM not set).
2023-03-15 14:17:21.772 [info] > git rev-parse --show-toplevel [5ms]
2023-03-15 14:17:21.772 [info] fatal: not a git repository (or any parent up to mount point /web/users)
Stopping at filesystem boundary (GIT_DISCOVERY_ACROSS_FILESYSTEM not set).
2023-03-15 14:25:43.223 [info] > git rev-parse --show-toplevel [4ms]
2023-03-15 14:25:43.223 [info] fatal: not a git repository (or any parent up to mount point /web/users)
Stopping at filesystem boundary (GIT_DISCOVERY_ACROSS_FILESYSTEM not set).
2023-03-15 14:30:29.741 [info] > git rev-parse --show-toplevel [62ms]
2023-03-15 14:30:29.742 [info] fatal: not a git repository (or any parent up to mount point /web/users)
Stopping at filesystem boundary (GIT_DISCOVERY_ACROSS_FILESYSTEM not set).
2023-03-15 14:30:37.163 [info] > git rev-parse --show-toplevel [38ms]
2023-03-15 14:30:37.163 [info] fatal: not a git repository (or any parent up to mount point /web/users)
Stopping at filesystem boundary (GIT_DISCOVERY_ACROSS_FILESYSTEM not set).
2023-03-15 14:36:37.782 [info] > git rev-parse --show-toplevel [3ms]
2023-03-15 14:36:37.782 [info] fatal: not a git repository (or any parent up to mount point /web/users)
Stopping at filesystem boundary (GIT_DISCOVERY_ACROSS_FILESYSTEM not set).
2023-03-15 14:46:37.415 [info] > git rev-parse --show-toplevel [11ms]
2023-03-15 14:46:37.415 [info] fatal: not a git repository (or any parent up to mount point /web/users)
Stopping at filesystem boundary (GIT_DISCOVERY_ACROSS_FILESYSTEM not set).
2023-03-15 14:46:38.100 [info] > git rev-parse --show-toplevel [2ms]
2023-03-15 14:46:38.100 [info] fatal: not a git repository (or any parent up to mount point /web/users)
Stopping at filesystem boundary (GIT_DISCOVERY_ACROSS_FILESYSTEM not set).
2023-03-15 14:46:43.235 [info] > git rev-parse --show-toplevel [6ms]
2023-03-15 14:46:43.236 [info] fatal: not a git repository (or any parent up to mount point /web/users)
Stopping at filesystem boundary (GIT_DISCOVERY_ACROSS_FILESYSTEM not set).
2023-03-15 14:46:44.024 [info] > git rev-parse --show-toplevel [4ms]
2023-03-15 14:46:44.025 [info] fatal: not a git repository (or any parent up to mount point /web/users)
Stopping at filesystem boundary (GIT_DISCOVERY_ACROSS_FILESYSTEM not set).
2023-03-15 14:46:45.452 [info] > git rev-parse --show-toplevel [7ms]
2023-03-15 14:46:45.452 [info] fatal: not a git repository (or any parent up to mount point /web/users)
Stopping at filesystem boundary (GIT_DISCOVERY_ACROSS_FILESYSTEM not set).
2023-03-15 15:12:34.599 [info] > git rev-parse --show-toplevel [8ms]
2023-03-15 15:12:34.599 [info] fatal: not a git repository (or any parent up to mount point /web/users)
Stopping at filesystem boundary (GIT_DISCOVERY_ACROSS_FILESYSTEM not set).
2023-03-15 15:31:15.632 [info] > git rev-parse --show-toplevel [20ms]
2023-03-15 15:31:15.636 [info] fatal: not a git repository (or any parent up to mount point /web/users)
Stopping at filesystem boundary (GIT_DISCOVERY_ACROSS_FILESYSTEM not set).
