2023-03-21 10:49:37.383 [info] Log level: Info
2023-03-21 10:49:37.383 [info] Validating found git in: "git"
2023-03-21 10:49:37.383 [info] Using git "2.25.1" from "git"
2023-03-21 10:49:37.383 [info] > git rev-parse --show-toplevel [360ms]
2023-03-21 10:49:37.383 [info] > git rev-parse --git-dir --git-common-dir [16ms]
2023-03-21 10:49:37.384 [info] Open repository: /web/users/projects/202223/quicknotes
2023-03-21 10:49:37.384 [info] > git rev-parse --show-toplevel [22ms]
2023-03-21 10:49:37.384 [info] > git config --get commit.template [32ms]
2023-03-21 10:49:37.384 [info] > git rev-parse --show-toplevel [24ms]
2023-03-21 10:49:37.384 [info] > git for-each-ref --format=%(refname)%00%(upstream:short)%00%(objectname)%00%(upstream:track)%00%(upstream:remotename)%00%(upstream:remoteref) refs/heads/main refs/remotes/main [5ms]
2023-03-21 10:49:37.384 [info] > git rev-parse --show-toplevel [78ms]
2023-03-21 10:49:37.385 [info] > git rev-parse --show-toplevel [15ms]
2023-03-21 10:49:37.385 [info] > git rev-parse --show-toplevel [2ms]
2023-03-21 10:49:37.385 [info] > git status -z -uall [137ms]
2023-03-21 10:49:37.385 [info] > git rev-parse --show-toplevel [101ms]
2023-03-21 10:49:37.385 [info] > git config --get commit.template [18ms]
2023-03-21 10:49:37.385 [info] > git rev-parse --show-toplevel [23ms]
2023-03-21 10:49:37.385 [info] > git rev-parse --show-toplevel [36ms]
2023-03-21 10:49:37.386 [info] > git for-each-ref --format=%(refname)%00%(upstream:short)%00%(objectname)%00%(upstream:track)%00%(upstream:remotename)%00%(upstream:remoteref) refs/heads/main refs/remotes/main [7ms]
2023-03-21 10:49:37.386 [info] > git rev-parse --show-toplevel [7ms]
2023-03-21 10:49:37.386 [info] > git status -z -uall [125ms]
2023-03-21 10:49:37.386 [info] > git check-ignore -v -z --stdin [77ms]
2023-03-21 10:49:37.386 [info] > git show --textconv :Testing/signup.php [15ms]
2023-03-21 10:49:37.386 [info] > git ls-files --stage -- /web/users/projects/202223/quicknotes/Testing/signup.php [21ms]
2023-03-21 10:49:38.931 [info] > git check-ignore -v -z --stdin [6ms]
2023-03-21 10:49:44.071 [info] > git show --textconv :Testing/index.html [13ms]
2023-03-21 10:49:44.077 [info] > git ls-files --stage -- /web/users/projects/202223/quicknotes/Testing/index.html [6ms]
2023-03-21 10:52:50.612 [info] > git config --get commit.template [8ms]
2023-03-21 10:52:50.617 [info] > git for-each-ref --format=%(refname)%00%(upstream:short)%00%(objectname)%00%(upstream:track)%00%(upstream:remotename)%00%(upstream:remoteref) refs/heads/main refs/remotes/main [6ms]
2023-03-21 10:52:50.666 [info] > git status -z -uall [44ms]
2023-03-21 10:52:55.701 [info] > git config --get commit.template [8ms]
2023-03-21 10:52:55.705 [info] > git for-each-ref --format=%(refname)%00%(upstream:short)%00%(objectname)%00%(upstream:track)%00%(upstream:remotename)%00%(upstream:remoteref) refs/heads/main refs/remotes/main [4ms]
2023-03-21 10:52:55.755 [info] > git status -z -uall [45ms]
2023-03-21 10:53:55.719 [info] > git config --get commit.template [8ms]
2023-03-21 10:53:55.722 [info] > git for-each-ref --format=%(refname)%00%(upstream:short)%00%(objectname)%00%(upstream:track)%00%(upstream:remotename)%00%(upstream:remoteref) refs/heads/main refs/remotes/main [4ms]
2023-03-21 10:53:55.768 [info] > git status -z -uall [41ms]
2023-03-21 10:54:00.800 [info] > git for-each-ref --format=%(refname)%00%(upstream:short)%00%(objectname)%00%(upstream:track)%00%(upstream:remotename)%00%(upstream:remoteref) refs/heads/main refs/remotes/main [1ms]
2023-03-21 10:54:00.801 [info] > git config --get commit.template [11ms]
2023-03-21 10:54:00.848 [info] > git status -z -uall [42ms]
2023-03-21 10:54:05.876 [info] > git config --get commit.template [8ms]
2023-03-21 10:54:05.880 [info] > git for-each-ref --format=%(refname)%00%(upstream:short)%00%(objectname)%00%(upstream:track)%00%(upstream:remotename)%00%(upstream:remoteref) refs/heads/main refs/remotes/main [3ms]
2023-03-21 10:54:05.925 [info] > git status -z -uall [40ms]
2023-03-21 10:54:10.954 [info] > git config --get commit.template [7ms]
2023-03-21 10:54:10.956 [info] > git for-each-ref --format=%(refname)%00%(upstream:short)%00%(objectname)%00%(upstream:track)%00%(upstream:remotename)%00%(upstream:remoteref) refs/heads/main refs/remotes/main [3ms]
2023-03-21 10:54:11.002 [info] > git status -z -uall [42ms]
2023-03-21 10:54:16.038 [info] > git config --get commit.template [8ms]
2023-03-21 10:54:16.040 [info] > git for-each-ref --format=%(refname)%00%(upstream:short)%00%(objectname)%00%(upstream:track)%00%(upstream:remotename)%00%(upstream:remoteref) refs/heads/main refs/remotes/main [3ms]
2023-03-21 10:54:16.086 [info] > git status -z -uall [41ms]
2023-03-21 10:54:21.127 [info] > git config --get commit.template [9ms]
2023-03-21 10:54:21.129 [info] > git for-each-ref --format=%(refname)%00%(upstream:short)%00%(objectname)%00%(upstream:track)%00%(upstream:remotename)%00%(upstream:remoteref) refs/heads/main refs/remotes/main [3ms]
2023-03-21 10:54:21.181 [info] > git status -z -uall [47ms]
2023-03-21 10:54:26.209 [info] > git config --get commit.template [8ms]
2023-03-21 10:54:26.211 [info] > git for-each-ref --format=%(refname)%00%(upstream:short)%00%(objectname)%00%(upstream:track)%00%(upstream:remotename)%00%(upstream:remoteref) refs/heads/main refs/remotes/main [2ms]
2023-03-21 10:54:26.258 [info] > git status -z -uall [42ms]
2023-03-21 10:54:31.285 [info] > git config --get commit.template [8ms]
2023-03-21 10:54:31.287 [info] > git for-each-ref --format=%(refname)%00%(upstream:short)%00%(objectname)%00%(upstream:track)%00%(upstream:remotename)%00%(upstream:remoteref) refs/heads/main refs/remotes/main [3ms]
2023-03-21 10:54:31.333 [info] > git status -z -uall [41ms]
2023-03-21 10:54:36.361 [info] > git config --get commit.template [8ms]
2023-03-21 10:54:36.363 [info] > git for-each-ref --format=%(refname)%00%(upstream:short)%00%(objectname)%00%(upstream:track)%00%(upstream:remotename)%00%(upstream:remoteref) refs/heads/main refs/remotes/main [2ms]
2023-03-21 10:54:36.410 [info] > git status -z -uall [42ms]
2023-03-21 10:54:41.435 [info] > git config --get commit.template [8ms]
2023-03-21 10:54:41.437 [info] > git for-each-ref --format=%(refname)%00%(upstream:short)%00%(objectname)%00%(upstream:track)%00%(upstream:remotename)%00%(upstream:remoteref) refs/heads/main refs/remotes/main [3ms]
2023-03-21 10:54:41.484 [info] > git status -z -uall [42ms]
2023-03-21 10:58:46.899 [info] > git config --get commit.template [7ms]
2023-03-21 10:58:46.902 [info] > git for-each-ref --format=%(refname)%00%(upstream:short)%00%(objectname)%00%(upstream:track)%00%(upstream:remotename)%00%(upstream:remoteref) refs/heads/main refs/remotes/main [3ms]
2023-03-21 10:58:46.951 [info] > git status -z -uall [45ms]
2023-03-21 10:59:06.459 [info] > git config --get commit.template [5ms]
2023-03-21 10:59:06.469 [info] > git for-each-ref --format=%(refname)%00%(upstream:short)%00%(objectname)%00%(upstream:track)%00%(upstream:remotename)%00%(upstream:remoteref) refs/heads/main refs/remotes/main [10ms]
2023-03-21 10:59:06.516 [info] > git status -z -uall [41ms]
2023-03-21 10:59:11.556 [info] > git config --get commit.template [7ms]
2023-03-21 10:59:11.559 [info] > git for-each-ref --format=%(refname)%00%(upstream:short)%00%(objectname)%00%(upstream:track)%00%(upstream:remotename)%00%(upstream:remoteref) refs/heads/main refs/remotes/main [4ms]
2023-03-21 10:59:11.609 [info] > git status -z -uall [45ms]
2023-03-21 10:59:16.634 [info] > git config --get commit.template [9ms]
2023-03-21 10:59:16.636 [info] > git for-each-ref --format=%(refname)%00%(upstream:short)%00%(objectname)%00%(upstream:track)%00%(upstream:remotename)%00%(upstream:remoteref) refs/heads/main refs/remotes/main [3ms]
2023-03-21 10:59:16.683 [info] > git status -z -uall [42ms]
2023-03-21 10:59:21.711 [info] > git config --get commit.template [8ms]
2023-03-21 10:59:21.714 [info] > git for-each-ref --format=%(refname)%00%(upstream:short)%00%(objectname)%00%(upstream:track)%00%(upstream:remotename)%00%(upstream:remoteref) refs/heads/main refs/remotes/main [4ms]
2023-03-21 10:59:21.759 [info] > git status -z -uall [40ms]
2023-03-21 10:59:26.793 [info] > git config --get commit.template [9ms]
2023-03-21 10:59:26.796 [info] > git for-each-ref --format=%(refname)%00%(upstream:short)%00%(objectname)%00%(upstream:track)%00%(upstream:remotename)%00%(upstream:remoteref) refs/heads/main refs/remotes/main [3ms]
2023-03-21 10:59:26.845 [info] > git status -z -uall [44ms]
2023-03-21 10:59:31.873 [info] > git config --get commit.template [8ms]
2023-03-21 10:59:31.875 [info] > git for-each-ref --format=%(refname)%00%(upstream:short)%00%(objectname)%00%(upstream:track)%00%(upstream:remotename)%00%(upstream:remoteref) refs/heads/main refs/remotes/main [3ms]
2023-03-21 10:59:31.921 [info] > git status -z -uall [41ms]
2023-03-21 10:59:36.947 [info] > git config --get commit.template [7ms]
2023-03-21 10:59:36.950 [info] > git for-each-ref --format=%(refname)%00%(upstream:short)%00%(objectname)%00%(upstream:track)%00%(upstream:remotename)%00%(upstream:remoteref) refs/heads/main refs/remotes/main [3ms]
2023-03-21 10:59:36.999 [info] > git status -z -uall [43ms]
2023-03-21 10:59:42.024 [info] > git config --get commit.template [8ms]
2023-03-21 10:59:42.027 [info] > git for-each-ref --format=%(refname)%00%(upstream:short)%00%(objectname)%00%(upstream:track)%00%(upstream:remotename)%00%(upstream:remoteref) refs/heads/main refs/remotes/main [4ms]
2023-03-21 10:59:42.072 [info] > git status -z -uall [41ms]
2023-03-21 10:59:47.101 [info] > git config --get commit.template [9ms]
2023-03-21 10:59:47.103 [info] > git for-each-ref --format=%(refname)%00%(upstream:short)%00%(objectname)%00%(upstream:track)%00%(upstream:remotename)%00%(upstream:remoteref) refs/heads/main refs/remotes/main [3ms]
2023-03-21 10:59:47.151 [info] > git status -z -uall [44ms]
2023-03-21 11:00:37.983 [info] > git config --get commit.template [6ms]
2023-03-21 11:00:37.992 [info] > git for-each-ref --format=%(refname)%00%(upstream:short)%00%(objectname)%00%(upstream:track)%00%(upstream:remotename)%00%(upstream:remoteref) refs/heads/main refs/remotes/main [3ms]
2023-03-21 11:00:38.037 [info] > git status -z -uall [41ms]
2023-03-21 11:00:38.689 [info] > git show --textconv :Testing/styles.css [7ms]
2023-03-21 11:00:38.694 [info] > git ls-files --stage -- /web/users/projects/202223/quicknotes/Testing/styles.css [5ms]
2023-03-21 11:01:16.079 [info] > git config --get commit.template [8ms]
2023-03-21 11:01:16.081 [info] > git for-each-ref --format=%(refname)%00%(upstream:short)%00%(objectname)%00%(upstream:track)%00%(upstream:remotename)%00%(upstream:remoteref) refs/heads/main refs/remotes/main [2ms]
2023-03-21 11:01:16.130 [info] > git status -z -uall [44ms]
2023-03-21 11:01:56.509 [info] > git config --get commit.template [8ms]
2023-03-21 11:01:56.512 [info] > git for-each-ref --format=%(refname)%00%(upstream:short)%00%(objectname)%00%(upstream:track)%00%(upstream:remotename)%00%(upstream:remoteref) refs/heads/main refs/remotes/main [2ms]
2023-03-21 11:01:56.560 [info] > git status -z -uall [43ms]
2023-03-21 11:02:17.609 [info] > git config --get commit.template [9ms]
2023-03-21 11:02:17.611 [info] > git for-each-ref --format=%(refname)%00%(upstream:short)%00%(objectname)%00%(upstream:track)%00%(upstream:remotename)%00%(upstream:remoteref) refs/heads/main refs/remotes/main [2ms]
2023-03-21 11:02:17.659 [info] > git status -z -uall [43ms]
2023-03-21 11:02:22.689 [info] > git config --get commit.template [9ms]
2023-03-21 11:02:22.692 [info] > git for-each-ref --format=%(refname)%00%(upstream:short)%00%(objectname)%00%(upstream:track)%00%(upstream:remotename)%00%(upstream:remoteref) refs/heads/main refs/remotes/main [4ms]
2023-03-21 11:02:22.737 [info] > git status -z -uall [41ms]
2023-03-21 11:02:27.761 [info] > git config --get commit.template [7ms]
2023-03-21 11:02:27.763 [info] > git for-each-ref --format=%(refname)%00%(upstream:short)%00%(objectname)%00%(upstream:track)%00%(upstream:remotename)%00%(upstream:remoteref) refs/heads/main refs/remotes/main [2ms]
2023-03-21 11:02:27.808 [info] > git status -z -uall [40ms]
2023-03-21 11:02:32.836 [info] > git config --get commit.template [7ms]
2023-03-21 11:02:32.839 [info] > git for-each-ref --format=%(refname)%00%(upstream:short)%00%(objectname)%00%(upstream:track)%00%(upstream:remotename)%00%(upstream:remoteref) refs/heads/main refs/remotes/main [4ms]
2023-03-21 11:02:32.882 [info] > git status -z -uall [40ms]
2023-03-21 11:02:37.914 [info] > git config --get commit.template [9ms]
2023-03-21 11:02:37.916 [info] > git for-each-ref --format=%(refname)%00%(upstream:short)%00%(objectname)%00%(upstream:track)%00%(upstream:remotename)%00%(upstream:remoteref) refs/heads/main refs/remotes/main [3ms]
2023-03-21 11:02:37.960 [info] > git status -z -uall [40ms]
2023-03-21 11:03:27.458 [info] > git config --get commit.template [8ms]
2023-03-21 11:03:27.461 [info] > git for-each-ref --format=%(refname)%00%(upstream:short)%00%(objectname)%00%(upstream:track)%00%(upstream:remotename)%00%(upstream:remoteref) refs/heads/main refs/remotes/main [4ms]
2023-03-21 11:03:27.510 [info] > git status -z -uall [42ms]
2023-03-21 11:03:28.069 [info] > git show --textconv :Testing/login.php [11ms]
2023-03-21 11:03:28.073 [info] > git ls-files --stage -- /web/users/projects/202223/quicknotes/Testing/login.php [6ms]
2023-03-21 11:03:32.539 [info] > git config --get commit.template [9ms]
2023-03-21 11:03:32.541 [info] > git for-each-ref --format=%(refname)%00%(upstream:short)%00%(objectname)%00%(upstream:track)%00%(upstream:remotename)%00%(upstream:remoteref) refs/heads/main refs/remotes/main [3ms]
2023-03-21 11:03:32.590 [info] > git status -z -uall [42ms]
2023-03-21 11:03:37.615 [info] > git config --get commit.template [8ms]
2023-03-21 11:03:37.617 [info] > git for-each-ref --format=%(refname)%00%(upstream:short)%00%(objectname)%00%(upstream:track)%00%(upstream:remotename)%00%(upstream:remoteref) refs/heads/main refs/remotes/main [3ms]
2023-03-21 11:03:37.668 [info] > git status -z -uall [43ms]
2023-03-21 11:03:42.701 [info] > git config --get commit.template [16ms]
2023-03-21 11:03:42.703 [info] > git for-each-ref --format=%(refname)%00%(upstream:short)%00%(objectname)%00%(upstream:track)%00%(upstream:remotename)%00%(upstream:remoteref) refs/heads/main refs/remotes/main [8ms]
2023-03-21 11:03:42.749 [info] > git status -z -uall [41ms]
2023-03-21 11:03:47.775 [info] > git config --get commit.template [8ms]
2023-03-21 11:03:47.778 [info] > git for-each-ref --format=%(refname)%00%(upstream:short)%00%(objectname)%00%(upstream:track)%00%(upstream:remotename)%00%(upstream:remoteref) refs/heads/main refs/remotes/main [4ms]
2023-03-21 11:03:47.823 [info] > git status -z -uall [40ms]
2023-03-21 11:03:52.849 [info] > git config --get commit.template [9ms]
2023-03-21 11:03:52.852 [info] > git for-each-ref --format=%(refname)%00%(upstream:short)%00%(objectname)%00%(upstream:track)%00%(upstream:remotename)%00%(upstream:remoteref) refs/heads/main refs/remotes/main [4ms]
2023-03-21 11:03:52.899 [info] > git status -z -uall [41ms]
2023-03-21 11:03:57.925 [info] > git config --get commit.template [9ms]
2023-03-21 11:03:57.928 [info] > git for-each-ref --format=%(refname)%00%(upstream:short)%00%(objectname)%00%(upstream:track)%00%(upstream:remotename)%00%(upstream:remoteref) refs/heads/main refs/remotes/main [3ms]
2023-03-21 11:03:57.974 [info] > git status -z -uall [41ms]
2023-03-21 11:04:03.004 [info] > git config --get commit.template [14ms]
2023-03-21 11:04:03.007 [info] > git for-each-ref --format=%(refname)%00%(upstream:short)%00%(objectname)%00%(upstream:track)%00%(upstream:remotename)%00%(upstream:remoteref) refs/heads/main refs/remotes/main [2ms]
2023-03-21 11:04:03.053 [info] > git status -z -uall [42ms]
2023-03-21 11:04:08.082 [info] > git config --get commit.template [9ms]
2023-03-21 11:04:08.085 [info] > git for-each-ref --format=%(refname)%00%(upstream:short)%00%(objectname)%00%(upstream:track)%00%(upstream:remotename)%00%(upstream:remoteref) refs/heads/main refs/remotes/main [3ms]
2023-03-21 11:04:08.131 [info] > git status -z -uall [40ms]
2023-03-21 11:04:13.158 [info] > git config --get commit.template [8ms]
2023-03-21 11:04:13.160 [info] > git for-each-ref --format=%(refname)%00%(upstream:short)%00%(objectname)%00%(upstream:track)%00%(upstream:remotename)%00%(upstream:remoteref) refs/heads/main refs/remotes/main [2ms]
2023-03-21 11:04:13.208 [info] > git status -z -uall [42ms]
2023-03-21 11:04:18.235 [info] > git config --get commit.template [8ms]
2023-03-21 11:04:18.237 [info] > git for-each-ref --format=%(refname)%00%(upstream:short)%00%(objectname)%00%(upstream:track)%00%(upstream:remotename)%00%(upstream:remoteref) refs/heads/main refs/remotes/main [5ms]
2023-03-21 11:04:18.285 [info] > git status -z -uall [43ms]
2023-03-21 11:05:01.001 [info] > git config --get commit.template [9ms]
2023-03-21 11:05:01.004 [info] > git for-each-ref --format=%(refname)%00%(upstream:short)%00%(objectname)%00%(upstream:track)%00%(upstream:remotename)%00%(upstream:remoteref) refs/heads/main refs/remotes/main [2ms]
2023-03-21 11:05:01.054 [info] > git status -z -uall [45ms]
2023-03-21 11:05:33.826 [info] > git config --get commit.template [8ms]
2023-03-21 11:05:33.829 [info] > git for-each-ref --format=%(refname)%00%(upstream:short)%00%(objectname)%00%(upstream:track)%00%(upstream:remotename)%00%(upstream:remoteref) refs/heads/main refs/remotes/main [2ms]
2023-03-21 11:05:33.877 [info] > git status -z -uall [44ms]
2023-03-21 11:05:38.906 [info] > git config --get commit.template [10ms]
2023-03-21 11:05:38.908 [info] > git for-each-ref --format=%(refname)%00%(upstream:short)%00%(objectname)%00%(upstream:track)%00%(upstream:remotename)%00%(upstream:remoteref) refs/heads/main refs/remotes/main [3ms]
2023-03-21 11:05:38.955 [info] > git status -z -uall [42ms]
2023-03-21 11:05:43.982 [info] > git config --get commit.template [11ms]
2023-03-21 11:05:43.985 [info] > git for-each-ref --format=%(refname)%00%(upstream:short)%00%(objectname)%00%(upstream:track)%00%(upstream:remotename)%00%(upstream:remoteref) refs/heads/main refs/remotes/main [3ms]
2023-03-21 11:05:44.042 [info] > git status -z -uall [49ms]
2023-03-21 11:05:49.068 [info] > git config --get commit.template [8ms]
2023-03-21 11:05:49.071 [info] > git for-each-ref --format=%(refname)%00%(upstream:short)%00%(objectname)%00%(upstream:track)%00%(upstream:remotename)%00%(upstream:remoteref) refs/heads/main refs/remotes/main [4ms]
2023-03-21 11:05:49.116 [info] > git status -z -uall [41ms]
2023-03-21 11:05:54.144 [info] > git config --get commit.template [8ms]
2023-03-21 11:05:54.146 [info] > git for-each-ref --format=%(refname)%00%(upstream:short)%00%(objectname)%00%(upstream:track)%00%(upstream:remotename)%00%(upstream:remoteref) refs/heads/main refs/remotes/main [2ms]
2023-03-21 11:05:54.192 [info] > git status -z -uall [41ms]
2023-03-21 11:05:59.219 [info] > git config --get commit.template [8ms]
2023-03-21 11:05:59.222 [info] > git for-each-ref --format=%(refname)%00%(upstream:short)%00%(objectname)%00%(upstream:track)%00%(upstream:remotename)%00%(upstream:remoteref) refs/heads/main refs/remotes/main [3ms]
2023-03-21 11:05:59.267 [info] > git status -z -uall [41ms]
2023-03-21 11:06:04.293 [info] > git config --get commit.template [9ms]
2023-03-21 11:06:04.295 [info] > git for-each-ref --format=%(refname)%00%(upstream:short)%00%(objectname)%00%(upstream:track)%00%(upstream:remotename)%00%(upstream:remoteref) refs/heads/main refs/remotes/main [3ms]
2023-03-21 11:06:04.369 [info] > git status -z -uall [69ms]
2023-03-21 11:06:09.423 [info] > git config --get commit.template [7ms]
2023-03-21 11:06:09.425 [info] > git for-each-ref --format=%(refname)%00%(upstream:short)%00%(objectname)%00%(upstream:track)%00%(upstream:remotename)%00%(upstream:remoteref) refs/heads/main refs/remotes/main [3ms]
2023-03-21 11:06:09.470 [info] > git status -z -uall [40ms]
2023-03-21 11:06:14.495 [info] > git config --get commit.template [8ms]
2023-03-21 11:06:14.498 [info] > git for-each-ref --format=%(refname)%00%(upstream:short)%00%(objectname)%00%(upstream:track)%00%(upstream:remotename)%00%(upstream:remoteref) refs/heads/main refs/remotes/main [3ms]
2023-03-21 11:06:14.542 [info] > git status -z -uall [40ms]
2023-03-21 11:06:19.568 [info] > git config --get commit.template [8ms]
2023-03-21 11:06:19.570 [info] > git for-each-ref --format=%(refname)%00%(upstream:short)%00%(objectname)%00%(upstream:track)%00%(upstream:remotename)%00%(upstream:remoteref) refs/heads/main refs/remotes/main [2ms]
2023-03-21 11:06:19.616 [info] > git status -z -uall [42ms]
2023-03-21 11:06:24.641 [info] > git config --get commit.template [8ms]
2023-03-21 11:06:24.643 [info] > git for-each-ref --format=%(refname)%00%(upstream:short)%00%(objectname)%00%(upstream:track)%00%(upstream:remotename)%00%(upstream:remoteref) refs/heads/main refs/remotes/main [2ms]
2023-03-21 11:06:24.685 [info] > git status -z -uall [39ms]
2023-03-21 11:06:29.711 [info] > git config --get commit.template [8ms]
2023-03-21 11:06:29.713 [info] > git for-each-ref --format=%(refname)%00%(upstream:short)%00%(objectname)%00%(upstream:track)%00%(upstream:remotename)%00%(upstream:remoteref) refs/heads/main refs/remotes/main [3ms]
2023-03-21 11:06:29.761 [info] > git status -z -uall [43ms]
2023-03-21 11:06:34.795 [info] > git config --get commit.template [7ms]
2023-03-21 11:06:34.798 [info] > git for-each-ref --format=%(refname)%00%(upstream:short)%00%(objectname)%00%(upstream:track)%00%(upstream:remotename)%00%(upstream:remoteref) refs/heads/main refs/remotes/main [4ms]
2023-03-21 11:06:34.843 [info] > git status -z -uall [40ms]
2023-03-21 11:06:39.880 [info] > git config --get commit.template [17ms]
2023-03-21 11:06:39.893 [info] > git for-each-ref --format=%(refname)%00%(upstream:short)%00%(objectname)%00%(upstream:track)%00%(upstream:remotename)%00%(upstream:remoteref) refs/heads/main refs/remotes/main [17ms]
2023-03-21 11:06:40.010 [info] > git status -z -uall [90ms]
2023-03-21 11:06:45.034 [info] > git config --get commit.template [9ms]
2023-03-21 11:06:45.038 [info] > git for-each-ref --format=%(refname)%00%(upstream:short)%00%(objectname)%00%(upstream:track)%00%(upstream:remotename)%00%(upstream:remoteref) refs/heads/main refs/remotes/main [4ms]
2023-03-21 11:06:45.087 [info] > git status -z -uall [44ms]
2023-03-21 11:06:50.116 [info] > git config --get commit.template [9ms]
2023-03-21 11:06:50.118 [info] > git for-each-ref --format=%(refname)%00%(upstream:short)%00%(objectname)%00%(upstream:track)%00%(upstream:remotename)%00%(upstream:remoteref) refs/heads/main refs/remotes/main [3ms]
2023-03-21 11:06:50.164 [info] > git status -z -uall [41ms]
2023-03-21 11:06:55.193 [info] > git config --get commit.template [9ms]
2023-03-21 11:06:55.195 [info] > git for-each-ref --format=%(refname)%00%(upstream:short)%00%(objectname)%00%(upstream:track)%00%(upstream:remotename)%00%(upstream:remoteref) refs/heads/main refs/remotes/main [2ms]
2023-03-21 11:06:55.248 [info] > git status -z -uall [46ms]
2023-03-21 11:07:00.275 [info] > git config --get commit.template [8ms]
2023-03-21 11:07:00.278 [info] > git for-each-ref --format=%(refname)%00%(upstream:short)%00%(objectname)%00%(upstream:track)%00%(upstream:remotename)%00%(upstream:remoteref) refs/heads/main refs/remotes/main [4ms]
2023-03-21 11:07:00.324 [info] > git status -z -uall [41ms]
2023-03-21 11:07:22.445 [info] > git config --get commit.template [7ms]
2023-03-21 11:07:22.446 [info] > git for-each-ref --format=%(refname)%00%(upstream:short)%00%(objectname)%00%(upstream:track)%00%(upstream:remotename)%00%(upstream:remoteref) refs/heads/main refs/remotes/main [2ms]
2023-03-21 11:07:22.493 [info] > git status -z -uall [41ms]
2023-03-21 11:09:44.454 [info] > git config --get commit.template [8ms]
2023-03-21 11:09:44.457 [info] > git for-each-ref --format=%(refname)%00%(upstream:short)%00%(objectname)%00%(upstream:track)%00%(upstream:remotename)%00%(upstream:remoteref) refs/heads/main refs/remotes/main [3ms]
2023-03-21 11:09:44.507 [info] > git status -z -uall [46ms]
2023-03-21 11:09:49.537 [info] > git config --get commit.template [9ms]
2023-03-21 11:09:49.539 [info] > git for-each-ref --format=%(refname)%00%(upstream:short)%00%(objectname)%00%(upstream:track)%00%(upstream:remotename)%00%(upstream:remoteref) refs/heads/main refs/remotes/main [3ms]
2023-03-21 11:09:49.585 [info] > git status -z -uall [41ms]
2023-03-21 11:10:10.165 [info] > git config --get commit.template [8ms]
2023-03-21 11:10:10.167 [info] > git for-each-ref --format=%(refname)%00%(upstream:short)%00%(objectname)%00%(upstream:track)%00%(upstream:remotename)%00%(upstream:remoteref) refs/heads/main refs/remotes/main [2ms]
2023-03-21 11:10:10.215 [info] > git status -z -uall [43ms]
2023-03-21 11:10:15.254 [info] > git config --get commit.template [22ms]
2023-03-21 11:10:15.258 [info] > git for-each-ref --format=%(refname)%00%(upstream:short)%00%(objectname)%00%(upstream:track)%00%(upstream:remotename)%00%(upstream:remoteref) refs/heads/main refs/remotes/main [5ms]
2023-03-21 11:10:15.363 [info] > git status -z -uall [96ms]
2023-03-21 11:10:20.390 [info] > git config --get commit.template [8ms]
2023-03-21 11:10:20.392 [info] > git for-each-ref --format=%(refname)%00%(upstream:short)%00%(objectname)%00%(upstream:track)%00%(upstream:remotename)%00%(upstream:remoteref) refs/heads/main refs/remotes/main [3ms]
2023-03-21 11:10:20.468 [info] > git status -z -uall [70ms]
2023-03-21 11:10:34.571 [info] > git config --get commit.template [9ms]
2023-03-21 11:10:34.573 [info] > git for-each-ref --format=%(refname)%00%(upstream:short)%00%(objectname)%00%(upstream:track)%00%(upstream:remotename)%00%(upstream:remoteref) refs/heads/main refs/remotes/main [2ms]
2023-03-21 11:10:34.623 [info] > git status -z -uall [44ms]
2023-03-21 11:10:39.654 [info] > git config --get commit.template [8ms]
2023-03-21 11:10:39.657 [info] > git for-each-ref --format=%(refname)%00%(upstream:short)%00%(objectname)%00%(upstream:track)%00%(upstream:remotename)%00%(upstream:remoteref) refs/heads/main refs/remotes/main [3ms]
2023-03-21 11:10:39.711 [info] > git status -z -uall [49ms]
2023-03-21 11:10:44.742 [info] > git config --get commit.template [9ms]
2023-03-21 11:10:44.744 [info] > git for-each-ref --format=%(refname)%00%(upstream:short)%00%(objectname)%00%(upstream:track)%00%(upstream:remotename)%00%(upstream:remoteref) refs/heads/main refs/remotes/main [3ms]
2023-03-21 11:10:44.792 [info] > git status -z -uall [43ms]
2023-03-21 11:10:49.819 [info] > git config --get commit.template [8ms]
2023-03-21 11:10:49.821 [info] > git for-each-ref --format=%(refname)%00%(upstream:short)%00%(objectname)%00%(upstream:track)%00%(upstream:remotename)%00%(upstream:remoteref) refs/heads/main refs/remotes/main [3ms]
2023-03-21 11:10:49.866 [info] > git status -z -uall [40ms]
2023-03-21 11:10:54.894 [info] > git config --get commit.template [7ms]
2023-03-21 11:10:54.897 [info] > git for-each-ref --format=%(refname)%00%(upstream:short)%00%(objectname)%00%(upstream:track)%00%(upstream:remotename)%00%(upstream:remoteref) refs/heads/main refs/remotes/main [3ms]
2023-03-21 11:10:54.943 [info] > git status -z -uall [42ms]
2023-03-21 11:10:59.985 [info] > git config --get commit.template [10ms]
2023-03-21 11:10:59.990 [info] > git for-each-ref --format=%(refname)%00%(upstream:short)%00%(objectname)%00%(upstream:track)%00%(upstream:remotename)%00%(upstream:remoteref) refs/heads/main refs/remotes/main [8ms]
2023-03-21 11:11:00.039 [info] > git status -z -uall [45ms]
2023-03-21 11:11:05.066 [info] > git config --get commit.template [9ms]
2023-03-21 11:11:05.069 [info] > git for-each-ref --format=%(refname)%00%(upstream:short)%00%(objectname)%00%(upstream:track)%00%(upstream:remotename)%00%(upstream:remoteref) refs/heads/main refs/remotes/main [2ms]
2023-03-21 11:11:05.114 [info] > git status -z -uall [40ms]
2023-03-21 11:11:10.140 [info] > git config --get commit.template [8ms]
2023-03-21 11:11:10.142 [info] > git for-each-ref --format=%(refname)%00%(upstream:short)%00%(objectname)%00%(upstream:track)%00%(upstream:remotename)%00%(upstream:remoteref) refs/heads/main refs/remotes/main [3ms]
2023-03-21 11:11:10.185 [info] > git status -z -uall [39ms]
2023-03-21 11:11:15.213 [info] > git config --get commit.template [9ms]
2023-03-21 11:11:15.216 [info] > git for-each-ref --format=%(refname)%00%(upstream:short)%00%(objectname)%00%(upstream:track)%00%(upstream:remotename)%00%(upstream:remoteref) refs/heads/main refs/remotes/main [5ms]
2023-03-21 11:11:15.262 [info] > git status -z -uall [41ms]
2023-03-21 11:11:20.290 [info] > git config --get commit.template [8ms]
2023-03-21 11:11:20.292 [info] > git for-each-ref --format=%(refname)%00%(upstream:short)%00%(objectname)%00%(upstream:track)%00%(upstream:remotename)%00%(upstream:remoteref) refs/heads/main refs/remotes/main [2ms]
2023-03-21 11:11:20.338 [info] > git status -z -uall [42ms]
2023-03-21 11:11:25.369 [info] > git config --get commit.template [12ms]
2023-03-21 11:11:25.373 [info] > git for-each-ref --format=%(refname)%00%(upstream:short)%00%(objectname)%00%(upstream:track)%00%(upstream:remotename)%00%(upstream:remoteref) refs/heads/main refs/remotes/main [9ms]
2023-03-21 11:11:25.417 [info] > git status -z -uall [40ms]
2023-03-21 11:11:30.443 [info] > git config --get commit.template [8ms]
2023-03-21 11:11:30.445 [info] > git for-each-ref --format=%(refname)%00%(upstream:short)%00%(objectname)%00%(upstream:track)%00%(upstream:remotename)%00%(upstream:remoteref) refs/heads/main refs/remotes/main [2ms]
2023-03-21 11:11:30.491 [info] > git status -z -uall [41ms]
2023-03-21 11:11:36.289 [info] > git config --get commit.template [8ms]
2023-03-21 11:11:36.291 [info] > git for-each-ref --format=%(refname)%00%(upstream:short)%00%(objectname)%00%(upstream:track)%00%(upstream:remotename)%00%(upstream:remoteref) refs/heads/main refs/remotes/main [2ms]
2023-03-21 11:11:36.340 [info] > git status -z -uall [43ms]
2023-03-21 11:11:41.368 [info] > git config --get commit.template [9ms]
2023-03-21 11:11:41.370 [info] > git for-each-ref --format=%(refname)%00%(upstream:short)%00%(objectname)%00%(upstream:track)%00%(upstream:remotename)%00%(upstream:remoteref) refs/heads/main refs/remotes/main [3ms]
2023-03-21 11:11:41.415 [info] > git status -z -uall [40ms]
2023-03-21 11:11:46.442 [info] > git config --get commit.template [10ms]
2023-03-21 11:11:46.444 [info] > git for-each-ref --format=%(refname)%00%(upstream:short)%00%(objectname)%00%(upstream:track)%00%(upstream:remotename)%00%(upstream:remoteref) refs/heads/main refs/remotes/main [3ms]
2023-03-21 11:11:46.487 [info] > git status -z -uall [39ms]
2023-03-21 11:11:51.509 [info] > git config --get commit.template [7ms]
2023-03-21 11:11:51.511 [info] > git for-each-ref --format=%(refname)%00%(upstream:short)%00%(objectname)%00%(upstream:track)%00%(upstream:remotename)%00%(upstream:remoteref) refs/heads/main refs/remotes/main [3ms]
2023-03-21 11:11:51.555 [info] > git status -z -uall [39ms]
2023-03-21 11:11:56.579 [info] > git config --get commit.template [8ms]
2023-03-21 11:11:56.581 [info] > git for-each-ref --format=%(refname)%00%(upstream:short)%00%(objectname)%00%(upstream:track)%00%(upstream:remotename)%00%(upstream:remoteref) refs/heads/main refs/remotes/main [3ms]
2023-03-21 11:11:56.628 [info] > git status -z -uall [42ms]
2023-03-21 11:12:42.267 [info] > git config --get commit.template [10ms]
2023-03-21 11:12:42.270 [info] > git for-each-ref --format=%(refname)%00%(upstream:short)%00%(objectname)%00%(upstream:track)%00%(upstream:remotename)%00%(upstream:remoteref) refs/heads/main refs/remotes/main [4ms]
2023-03-21 11:12:42.318 [info] > git status -z -uall [42ms]
2023-03-21 11:12:47.344 [info] > git config --get commit.template [8ms]
2023-03-21 11:12:47.347 [info] > git for-each-ref --format=%(refname)%00%(upstream:short)%00%(objectname)%00%(upstream:track)%00%(upstream:remotename)%00%(upstream:remoteref) refs/heads/main refs/remotes/main [4ms]
2023-03-21 11:12:47.392 [info] > git status -z -uall [41ms]
2023-03-21 11:12:51.575 [info] > git ls-files --stage -- /web/users/projects/202223/quicknotes/Testing/main.php [9ms]
2023-03-21 11:12:51.613 [info] > git show --textconv :Testing/main.php [62ms]
2023-03-21 11:12:51.615 [info] > git cat-file -s f7290c62baa0f0d5664df608175667b68dc17611 [31ms]
2023-03-21 11:12:52.426 [info] > git config --get commit.template [8ms]
2023-03-21 11:12:52.429 [info] > git for-each-ref --format=%(refname)%00%(upstream:short)%00%(objectname)%00%(upstream:track)%00%(upstream:remotename)%00%(upstream:remoteref) refs/heads/main refs/remotes/main [3ms]
2023-03-21 11:12:52.474 [info] > git status -z -uall [41ms]
2023-03-21 11:12:57.502 [info] > git config --get commit.template [9ms]
2023-03-21 11:12:57.504 [info] > git for-each-ref --format=%(refname)%00%(upstream:short)%00%(objectname)%00%(upstream:track)%00%(upstream:remotename)%00%(upstream:remoteref) refs/heads/main refs/remotes/main [3ms]
2023-03-21 11:12:57.552 [info] > git status -z -uall [43ms]
2023-03-21 11:13:25.997 [info] > git config --get commit.template [8ms]
2023-03-21 11:13:25.999 [info] > git for-each-ref --format=%(refname)%00%(upstream:short)%00%(objectname)%00%(upstream:track)%00%(upstream:remotename)%00%(upstream:remoteref) refs/heads/main refs/remotes/main [2ms]
2023-03-21 11:13:26.046 [info] > git status -z -uall [42ms]
2023-03-21 11:13:31.072 [info] > git config --get commit.template [7ms]
2023-03-21 11:13:31.074 [info] > git for-each-ref --format=%(refname)%00%(upstream:short)%00%(objectname)%00%(upstream:track)%00%(upstream:remotename)%00%(upstream:remoteref) refs/heads/main refs/remotes/main [3ms]
2023-03-21 11:13:31.120 [info] > git status -z -uall [42ms]
2023-03-21 11:14:18.430 [info] > git config --get commit.template [9ms]
2023-03-21 11:14:18.432 [info] > git for-each-ref --format=%(refname)%00%(upstream:short)%00%(objectname)%00%(upstream:track)%00%(upstream:remotename)%00%(upstream:remoteref) refs/heads/main refs/remotes/main [2ms]
2023-03-21 11:14:18.480 [info] > git status -z -uall [44ms]
2023-03-21 11:14:19.030 [info] > git ls-files --stage -- /web/users/projects/202223/quicknotes/Testing/leftcolumn2.php [6ms]
2023-03-21 11:14:19.070 [info] > git show --textconv :Testing/leftcolumn2.php [56ms]
2023-03-21 11:14:19.075 [info] > git cat-file -s 496b8aba0e478802056880c9b8ce6bde7e015991 [40ms]
2023-03-21 11:14:23.509 [info] > git config --get commit.template [7ms]
2023-03-21 11:14:23.511 [info] > git for-each-ref --format=%(refname)%00%(upstream:short)%00%(objectname)%00%(upstream:track)%00%(upstream:remotename)%00%(upstream:remoteref) refs/heads/main refs/remotes/main [3ms]
2023-03-21 11:14:23.557 [info] > git status -z -uall [40ms]
2023-03-21 11:14:28.584 [info] > git config --get commit.template [7ms]
2023-03-21 11:14:28.586 [info] > git for-each-ref --format=%(refname)%00%(upstream:short)%00%(objectname)%00%(upstream:track)%00%(upstream:remotename)%00%(upstream:remoteref) refs/heads/main refs/remotes/main [3ms]
2023-03-21 11:14:28.632 [info] > git status -z -uall [41ms]
2023-03-21 11:14:33.660 [info] > git config --get commit.template [7ms]
2023-03-21 11:14:33.663 [info] > git for-each-ref --format=%(refname)%00%(upstream:short)%00%(objectname)%00%(upstream:track)%00%(upstream:remotename)%00%(upstream:remoteref) refs/heads/main refs/remotes/main [3ms]
2023-03-21 11:14:33.709 [info] > git status -z -uall [42ms]
2023-03-21 11:14:38.736 [info] > git config --get commit.template [7ms]
2023-03-21 11:14:38.739 [info] > git for-each-ref --format=%(refname)%00%(upstream:short)%00%(objectname)%00%(upstream:track)%00%(upstream:remotename)%00%(upstream:remoteref) refs/heads/main refs/remotes/main [4ms]
2023-03-21 11:14:38.787 [info] > git status -z -uall [44ms]
2023-03-21 11:14:43.813 [info] > git config --get commit.template [8ms]
2023-03-21 11:14:43.816 [info] > git for-each-ref --format=%(refname)%00%(upstream:short)%00%(objectname)%00%(upstream:track)%00%(upstream:remotename)%00%(upstream:remoteref) refs/heads/main refs/remotes/main [4ms]
2023-03-21 11:14:43.862 [info] > git status -z -uall [41ms]
2023-03-21 11:14:48.890 [info] > git config --get commit.template [8ms]
2023-03-21 11:14:48.893 [info] > git for-each-ref --format=%(refname)%00%(upstream:short)%00%(objectname)%00%(upstream:track)%00%(upstream:remotename)%00%(upstream:remoteref) refs/heads/main refs/remotes/main [3ms]
2023-03-21 11:14:48.940 [info] > git status -z -uall [42ms]
2023-03-21 11:14:53.970 [info] > git config --get commit.template [9ms]
2023-03-21 11:14:53.972 [info] > git for-each-ref --format=%(refname)%00%(upstream:short)%00%(objectname)%00%(upstream:track)%00%(upstream:remotename)%00%(upstream:remoteref) refs/heads/main refs/remotes/main [3ms]
2023-03-21 11:14:54.018 [info] > git status -z -uall [41ms]
2023-03-21 11:14:59.072 [info] > git config --get commit.template [38ms]
2023-03-21 11:14:59.093 [info] > git for-each-ref --format=%(refname)%00%(upstream:short)%00%(objectname)%00%(upstream:track)%00%(upstream:remotename)%00%(upstream:remoteref) refs/heads/main refs/remotes/main [22ms]
2023-03-21 11:14:59.172 [info] > git status -z -uall [61ms]
2023-03-21 11:15:04.203 [info] > git config --get commit.template [8ms]
2023-03-21 11:15:04.205 [info] > git for-each-ref --format=%(refname)%00%(upstream:short)%00%(objectname)%00%(upstream:track)%00%(upstream:remotename)%00%(upstream:remoteref) refs/heads/main refs/remotes/main [3ms]
2023-03-21 11:15:04.251 [info] > git status -z -uall [41ms]
2023-03-21 11:15:09.277 [info] > git config --get commit.template [7ms]
2023-03-21 11:15:09.279 [info] > git for-each-ref --format=%(refname)%00%(upstream:short)%00%(objectname)%00%(upstream:track)%00%(upstream:remotename)%00%(upstream:remoteref) refs/heads/main refs/remotes/main [3ms]
2023-03-21 11:15:09.326 [info] > git status -z -uall [42ms]
2023-03-21 11:15:14.352 [info] > git config --get commit.template [8ms]
2023-03-21 11:15:14.355 [info] > git for-each-ref --format=%(refname)%00%(upstream:short)%00%(objectname)%00%(upstream:track)%00%(upstream:remotename)%00%(upstream:remoteref) refs/heads/main refs/remotes/main [3ms]
2023-03-21 11:15:14.401 [info] > git status -z -uall [41ms]
2023-03-21 11:15:19.429 [info] > git config --get commit.template [8ms]
2023-03-21 11:15:19.431 [info] > git for-each-ref --format=%(refname)%00%(upstream:short)%00%(objectname)%00%(upstream:track)%00%(upstream:remotename)%00%(upstream:remoteref) refs/heads/main refs/remotes/main [3ms]
2023-03-21 11:15:19.477 [info] > git status -z -uall [40ms]
2023-03-21 11:15:24.501 [info] > git config --get commit.template [6ms]
2023-03-21 11:15:24.503 [info] > git for-each-ref --format=%(refname)%00%(upstream:short)%00%(objectname)%00%(upstream:track)%00%(upstream:remotename)%00%(upstream:remoteref) refs/heads/main refs/remotes/main [2ms]
2023-03-21 11:15:24.547 [info] > git status -z -uall [40ms]
2023-03-21 11:15:29.577 [info] > git config --get commit.template [6ms]
2023-03-21 11:15:29.579 [info] > git for-each-ref --format=%(refname)%00%(upstream:short)%00%(objectname)%00%(upstream:track)%00%(upstream:remotename)%00%(upstream:remoteref) refs/heads/main refs/remotes/main [5ms]
2023-03-21 11:15:29.622 [info] > git status -z -uall [39ms]
2023-03-21 11:17:27.899 [info] > git config --get commit.template [8ms]
2023-03-21 11:17:27.901 [info] > git for-each-ref --format=%(refname)%00%(upstream:short)%00%(objectname)%00%(upstream:track)%00%(upstream:remotename)%00%(upstream:remoteref) refs/heads/main refs/remotes/main [3ms]
2023-03-21 11:17:27.950 [info] > git status -z -uall [43ms]
2023-03-21 11:18:26.890 [info] > git config --get commit.template [8ms]
2023-03-21 11:18:26.892 [info] > git for-each-ref --format=%(refname)%00%(upstream:short)%00%(objectname)%00%(upstream:track)%00%(upstream:remotename)%00%(upstream:remoteref) refs/heads/main refs/remotes/main [2ms]
2023-03-21 11:18:26.939 [info] > git status -z -uall [42ms]
2023-03-21 11:18:31.964 [info] > git config --get commit.template [10ms]
2023-03-21 11:18:31.970 [info] > git for-each-ref --format=%(refname)%00%(upstream:short)%00%(objectname)%00%(upstream:track)%00%(upstream:remotename)%00%(upstream:remoteref) refs/heads/main refs/remotes/main [7ms]
2023-03-21 11:18:32.057 [info] > git status -z -uall [80ms]
2023-03-21 11:18:37.306 [info] > git config --get commit.template [8ms]
2023-03-21 11:18:37.308 [info] > git for-each-ref --format=%(refname)%00%(upstream:short)%00%(objectname)%00%(upstream:track)%00%(upstream:remotename)%00%(upstream:remoteref) refs/heads/main refs/remotes/main [3ms]
2023-03-21 11:18:37.356 [info] > git status -z -uall [43ms]
2023-03-21 11:18:42.389 [info] > git config --get commit.template [7ms]
2023-03-21 11:18:42.391 [info] > git for-each-ref --format=%(refname)%00%(upstream:short)%00%(objectname)%00%(upstream:track)%00%(upstream:remotename)%00%(upstream:remoteref) refs/heads/main refs/remotes/main [3ms]
2023-03-21 11:18:42.437 [info] > git status -z -uall [41ms]
2023-03-21 11:18:47.465 [info] > git config --get commit.template [12ms]
2023-03-21 11:18:47.467 [info] > git for-each-ref --format=%(refname)%00%(upstream:short)%00%(objectname)%00%(upstream:track)%00%(upstream:remotename)%00%(upstream:remoteref) refs/heads/main refs/remotes/main [5ms]
2023-03-21 11:18:47.553 [info] > git status -z -uall [79ms]
2023-03-21 11:18:51.030 [info] > git show --textconv :Testing/index.php [13ms]
2023-03-21 11:18:51.034 [info] > git ls-files --stage -- /web/users/projects/202223/quicknotes/Testing/index.php [5ms]
2023-03-21 11:18:51.153 [info] > git check-ignore -v -z --stdin [7ms]
2023-03-21 11:18:52.587 [info] > git config --get commit.template [7ms]
2023-03-21 11:18:52.589 [info] > git for-each-ref --format=%(refname)%00%(upstream:short)%00%(objectname)%00%(upstream:track)%00%(upstream:remotename)%00%(upstream:remoteref) refs/heads/main refs/remotes/main [2ms]
2023-03-21 11:18:52.651 [info] > git status -z -uall [56ms]
2023-03-21 11:19:31.618 [info] > git config --get commit.template [8ms]
2023-03-21 11:19:31.619 [info] > git for-each-ref --format=%(refname)%00%(upstream:short)%00%(objectname)%00%(upstream:track)%00%(upstream:remotename)%00%(upstream:remoteref) refs/heads/main refs/remotes/main [2ms]
2023-03-21 11:19:31.669 [info] > git status -z -uall [45ms]
2023-03-21 11:19:36.695 [info] > git config --get commit.template [7ms]
2023-03-21 11:19:36.698 [info] > git for-each-ref --format=%(refname)%00%(upstream:short)%00%(objectname)%00%(upstream:track)%00%(upstream:remotename)%00%(upstream:remoteref) refs/heads/main refs/remotes/main [3ms]
2023-03-21 11:19:36.747 [info] > git status -z -uall [44ms]
2023-03-21 11:19:38.549 [info] > git show --textconv :Testing/index.html [8ms]
2023-03-21 11:19:38.555 [info] > git ls-files --stage -- /web/users/projects/202223/quicknotes/Testing/index.html [6ms]
2023-03-21 11:20:01.348 [info] > git config --get commit.template [8ms]
2023-03-21 11:20:01.350 [info] > git for-each-ref --format=%(refname)%00%(upstream:short)%00%(objectname)%00%(upstream:track)%00%(upstream:remotename)%00%(upstream:remoteref) refs/heads/main refs/remotes/main [3ms]
2023-03-21 11:20:01.400 [info] > git status -z -uall [42ms]
2023-03-21 11:20:03.584 [info] > git ls-files --stage -- /web/users/projects/202223/quicknotes/Testing/style2.css [8ms]
2023-03-21 11:20:03.610 [info] > git show --textconv :Testing/style2.css [44ms]
2023-03-21 11:20:03.613 [info] > git cat-file -s 13aa6fac6f3faf597ffb777264b643e70e4c217a [21ms]
2023-03-21 11:20:06.427 [info] > git config --get commit.template [7ms]
2023-03-21 11:20:06.429 [info] > git for-each-ref --format=%(refname)%00%(upstream:short)%00%(objectname)%00%(upstream:track)%00%(upstream:remotename)%00%(upstream:remoteref) refs/heads/main refs/remotes/main [3ms]
2023-03-21 11:20:06.482 [info] > git status -z -uall [46ms]
2023-03-21 11:20:11.510 [info] > git config --get commit.template [8ms]
2023-03-21 11:20:11.513 [info] > git for-each-ref --format=%(refname)%00%(upstream:short)%00%(objectname)%00%(upstream:track)%00%(upstream:remotename)%00%(upstream:remoteref) refs/heads/main refs/remotes/main [3ms]
2023-03-21 11:20:11.558 [info] > git status -z -uall [40ms]
2023-03-21 11:20:16.583 [info] > git config --get commit.template [8ms]
2023-03-21 11:20:16.585 [info] > git for-each-ref --format=%(refname)%00%(upstream:short)%00%(objectname)%00%(upstream:track)%00%(upstream:remotename)%00%(upstream:remoteref) refs/heads/main refs/remotes/main [2ms]
2023-03-21 11:20:16.633 [info] > git status -z -uall [43ms]
2023-03-21 11:20:21.668 [info] > git config --get commit.template [11ms]
2023-03-21 11:20:21.670 [info] > git for-each-ref --format=%(refname)%00%(upstream:short)%00%(objectname)%00%(upstream:track)%00%(upstream:remotename)%00%(upstream:remoteref) refs/heads/main refs/remotes/main [5ms]
2023-03-21 11:20:21.718 [info] > git status -z -uall [42ms]
2023-03-21 11:20:26.746 [info] > git config --get commit.template [9ms]
2023-03-21 11:20:26.748 [info] > git for-each-ref --format=%(refname)%00%(upstream:short)%00%(objectname)%00%(upstream:track)%00%(upstream:remotename)%00%(upstream:remoteref) refs/heads/main refs/remotes/main [3ms]
2023-03-21 11:20:26.795 [info] > git status -z -uall [41ms]
2023-03-21 11:20:31.827 [info] > git config --get commit.template [10ms]
2023-03-21 11:20:31.829 [info] > git for-each-ref --format=%(refname)%00%(upstream:short)%00%(objectname)%00%(upstream:track)%00%(upstream:remotename)%00%(upstream:remoteref) refs/heads/main refs/remotes/main [3ms]
2023-03-21 11:20:31.876 [info] > git status -z -uall [42ms]
2023-03-21 11:38:11.079 [info] > git config --get commit.template [7ms]
2023-03-21 11:38:11.083 [info] > git for-each-ref --format=%(refname)%00%(upstream:short)%00%(objectname)%00%(upstream:track)%00%(upstream:remotename)%00%(upstream:remoteref) refs/heads/main refs/remotes/main [2ms]
2023-03-21 11:38:11.142 [info] > git status -z -uall [43ms]
2023-03-21 11:38:34.779 [info] > git config --get commit.template [8ms]
2023-03-21 11:38:34.782 [info] > git for-each-ref --format=%(refname)%00%(upstream:short)%00%(objectname)%00%(upstream:track)%00%(upstream:remotename)%00%(upstream:remoteref) refs/heads/main refs/remotes/main [3ms]
2023-03-21 11:38:34.833 [info] > git status -z -uall [43ms]
2023-03-21 11:38:39.862 [info] > git config --get commit.template [7ms]
2023-03-21 11:38:39.864 [info] > git for-each-ref --format=%(refname)%00%(upstream:short)%00%(objectname)%00%(upstream:track)%00%(upstream:remotename)%00%(upstream:remoteref) refs/heads/main refs/remotes/main [3ms]
2023-03-21 11:38:39.913 [info] > git status -z -uall [44ms]
2023-03-21 11:38:44.938 [info] > git config --get commit.template [7ms]
2023-03-21 11:38:44.940 [info] > git for-each-ref --format=%(refname)%00%(upstream:short)%00%(objectname)%00%(upstream:track)%00%(upstream:remotename)%00%(upstream:remoteref) refs/heads/main refs/remotes/main [2ms]
2023-03-21 11:38:45.013 [info] > git status -z -uall [68ms]
2023-03-21 11:40:12.137 [info] > git config --get commit.template [10ms]
2023-03-21 11:40:12.139 [info] > git for-each-ref --format=%(refname)%00%(upstream:short)%00%(objectname)%00%(upstream:track)%00%(upstream:remotename)%00%(upstream:remoteref) refs/heads/main refs/remotes/main [3ms]
2023-03-21 11:40:12.186 [info] > git status -z -uall [42ms]
2023-03-21 11:40:17.212 [info] > git config --get commit.template [8ms]
2023-03-21 11:40:17.214 [info] > git for-each-ref --format=%(refname)%00%(upstream:short)%00%(objectname)%00%(upstream:track)%00%(upstream:remotename)%00%(upstream:remoteref) refs/heads/main refs/remotes/main [2ms]
2023-03-21 11:40:17.262 [info] > git status -z -uall [42ms]
2023-03-21 11:40:22.292 [info] > git config --get commit.template [9ms]
2023-03-21 11:40:22.295 [info] > git for-each-ref --format=%(refname)%00%(upstream:short)%00%(objectname)%00%(upstream:track)%00%(upstream:remotename)%00%(upstream:remoteref) refs/heads/main refs/remotes/main [4ms]
2023-03-21 11:40:22.339 [info] > git status -z -uall [40ms]
2023-03-21 11:40:27.367 [info] > git config --get commit.template [8ms]
2023-03-21 11:40:27.370 [info] > git for-each-ref --format=%(refname)%00%(upstream:short)%00%(objectname)%00%(upstream:track)%00%(upstream:remotename)%00%(upstream:remoteref) refs/heads/main refs/remotes/main [4ms]
2023-03-21 11:40:27.418 [info] > git status -z -uall [43ms]
2023-03-21 11:40:32.438 [info] > git config --get commit.template [6ms]
2023-03-21 11:40:32.440 [info] > git for-each-ref --format=%(refname)%00%(upstream:short)%00%(objectname)%00%(upstream:track)%00%(upstream:remotename)%00%(upstream:remoteref) refs/heads/main refs/remotes/main [2ms]
2023-03-21 11:40:32.484 [info] > git status -z -uall [40ms]
2023-03-21 11:40:37.509 [info] > git config --get commit.template [6ms]
2023-03-21 11:40:37.511 [info] > git for-each-ref --format=%(refname)%00%(upstream:short)%00%(objectname)%00%(upstream:track)%00%(upstream:remotename)%00%(upstream:remoteref) refs/heads/main refs/remotes/main [3ms]
2023-03-21 11:40:37.555 [info] > git status -z -uall [40ms]
2023-03-21 11:40:44.326 [info] > git config --get commit.template [7ms]
2023-03-21 11:40:44.328 [info] > git for-each-ref --format=%(refname)%00%(upstream:short)%00%(objectname)%00%(upstream:track)%00%(upstream:remotename)%00%(upstream:remoteref) refs/heads/main refs/remotes/main [2ms]
2023-03-21 11:40:44.377 [info] > git status -z -uall [44ms]
2023-03-21 11:40:49.410 [info] > git config --get commit.template [9ms]
2023-03-21 11:40:49.413 [info] > git for-each-ref --format=%(refname)%00%(upstream:short)%00%(objectname)%00%(upstream:track)%00%(upstream:remotename)%00%(upstream:remoteref) refs/heads/main refs/remotes/main [4ms]
2023-03-21 11:40:49.462 [info] > git status -z -uall [44ms]
2023-03-21 11:40:54.488 [info] > git config --get commit.template [7ms]
2023-03-21 11:40:54.490 [info] > git for-each-ref --format=%(refname)%00%(upstream:short)%00%(objectname)%00%(upstream:track)%00%(upstream:remotename)%00%(upstream:remoteref) refs/heads/main refs/remotes/main [3ms]
2023-03-21 11:40:54.537 [info] > git status -z -uall [43ms]
2023-03-21 11:41:02.204 [info] > git config --get commit.template [8ms]
2023-03-21 11:41:02.207 [info] > git for-each-ref --format=%(refname)%00%(upstream:short)%00%(objectname)%00%(upstream:track)%00%(upstream:remotename)%00%(upstream:remoteref) refs/heads/main refs/remotes/main [3ms]
2023-03-21 11:41:02.255 [info] > git status -z -uall [42ms]
2023-03-21 11:41:07.284 [info] > git config --get commit.template [12ms]
2023-03-21 11:41:07.309 [info] > git for-each-ref --format=%(refname)%00%(upstream:short)%00%(objectname)%00%(upstream:track)%00%(upstream:remotename)%00%(upstream:remoteref) refs/heads/main refs/remotes/main [25ms]
2023-03-21 11:41:07.428 [info] > git status -z -uall [105ms]
2023-03-21 11:42:06.833 [info] > git config --get commit.template [9ms]
2023-03-21 11:42:06.835 [info] > git for-each-ref --format=%(refname)%00%(upstream:short)%00%(objectname)%00%(upstream:track)%00%(upstream:remotename)%00%(upstream:remoteref) refs/heads/main refs/remotes/main [3ms]
2023-03-21 11:42:06.890 [info] > git status -z -uall [48ms]
2023-03-21 11:42:11.918 [info] > git config --get commit.template [9ms]
2023-03-21 11:42:11.920 [info] > git for-each-ref --format=%(refname)%00%(upstream:short)%00%(objectname)%00%(upstream:track)%00%(upstream:remotename)%00%(upstream:remoteref) refs/heads/main refs/remotes/main [3ms]
2023-03-21 11:42:11.967 [info] > git status -z -uall [41ms]
2023-03-21 11:42:16.997 [info] > git config --get commit.template [9ms]
2023-03-21 11:42:17.000 [info] > git for-each-ref --format=%(refname)%00%(upstream:short)%00%(objectname)%00%(upstream:track)%00%(upstream:remotename)%00%(upstream:remoteref) refs/heads/main refs/remotes/main [3ms]
2023-03-21 11:42:17.046 [info] > git status -z -uall [41ms]
2023-03-21 11:42:22.075 [info] > git config --get commit.template [8ms]
2023-03-21 11:42:22.077 [info] > git for-each-ref --format=%(refname)%00%(upstream:short)%00%(objectname)%00%(upstream:track)%00%(upstream:remotename)%00%(upstream:remoteref) refs/heads/main refs/remotes/main [3ms]
2023-03-21 11:42:22.126 [info] > git status -z -uall [45ms]
2023-03-21 11:42:27.157 [info] > git config --get commit.template [7ms]
2023-03-21 11:42:27.159 [info] > git for-each-ref --format=%(refname)%00%(upstream:short)%00%(objectname)%00%(upstream:track)%00%(upstream:remotename)%00%(upstream:remoteref) refs/heads/main refs/remotes/main [2ms]
2023-03-21 11:42:27.204 [info] > git status -z -uall [40ms]
2023-03-21 11:42:48.565 [info] > git config --get commit.template [7ms]
2023-03-21 11:42:48.566 [info] > git for-each-ref --format=%(refname)%00%(upstream:short)%00%(objectname)%00%(upstream:track)%00%(upstream:remotename)%00%(upstream:remoteref) refs/heads/main refs/remotes/main [2ms]
2023-03-21 11:42:48.615 [info] > git status -z -uall [43ms]
2023-03-21 11:44:11.919 [info] > git config --get commit.template [6ms]
2023-03-21 11:44:11.921 [info] > git for-each-ref --format=%(refname)%00%(upstream:short)%00%(objectname)%00%(upstream:track)%00%(upstream:remotename)%00%(upstream:remoteref) refs/heads/main refs/remotes/main [2ms]
2023-03-21 11:44:11.968 [info] > git status -z -uall [42ms]
2023-03-21 11:44:16.994 [info] > git config --get commit.template [7ms]
2023-03-21 11:44:16.996 [info] > git for-each-ref --format=%(refname)%00%(upstream:short)%00%(objectname)%00%(upstream:track)%00%(upstream:remotename)%00%(upstream:remoteref) refs/heads/main refs/remotes/main [2ms]
2023-03-21 11:44:17.040 [info] > git status -z -uall [40ms]
2023-03-21 11:44:22.069 [info] > git config --get commit.template [8ms]
2023-03-21 11:44:22.072 [info] > git for-each-ref --format=%(refname)%00%(upstream:short)%00%(objectname)%00%(upstream:track)%00%(upstream:remotename)%00%(upstream:remoteref) refs/heads/main refs/remotes/main [4ms]
2023-03-21 11:44:22.117 [info] > git status -z -uall [40ms]
2023-03-21 11:44:27.148 [info] > git config --get commit.template [9ms]
2023-03-21 11:44:27.151 [info] > git for-each-ref --format=%(refname)%00%(upstream:short)%00%(objectname)%00%(upstream:track)%00%(upstream:remotename)%00%(upstream:remoteref) refs/heads/main refs/remotes/main [4ms]
2023-03-21 11:44:27.197 [info] > git status -z -uall [41ms]
2023-03-21 11:44:30.979 [info] > git show --textconv :Testing/resetpassword.html [11ms]
2023-03-21 11:44:30.985 [info] > git ls-files --stage -- /web/users/projects/202223/quicknotes/Testing/resetpassword.html [6ms]
2023-03-21 11:44:31.185 [info] > git check-ignore -v -z --stdin [6ms]
2023-03-21 11:44:32.226 [info] > git config --get commit.template [8ms]
2023-03-21 11:44:32.228 [info] > git for-each-ref --format=%(refname)%00%(upstream:short)%00%(objectname)%00%(upstream:track)%00%(upstream:remotename)%00%(upstream:remoteref) refs/heads/main refs/remotes/main [2ms]
2023-03-21 11:44:32.275 [info] > git status -z -uall [43ms]
2023-03-21 11:44:37.307 [info] > git config --get commit.template [7ms]
2023-03-21 11:44:37.310 [info] > git for-each-ref --format=%(refname)%00%(upstream:short)%00%(objectname)%00%(upstream:track)%00%(upstream:remotename)%00%(upstream:remoteref) refs/heads/main refs/remotes/main [3ms]
2023-03-21 11:44:37.358 [info] > git status -z -uall [44ms]
2023-03-21 11:44:42.937 [info] > git config --get commit.template [10ms]
2023-03-21 11:44:42.938 [info] > git for-each-ref --format=%(refname)%00%(upstream:short)%00%(objectname)%00%(upstream:track)%00%(upstream:remotename)%00%(upstream:remoteref) refs/heads/main refs/remotes/main [2ms]
2023-03-21 11:44:42.986 [info] > git status -z -uall [42ms]
2023-03-21 11:44:53.648 [info] > git config --get commit.template [9ms]
2023-03-21 11:44:53.650 [info] > git for-each-ref --format=%(refname)%00%(upstream:short)%00%(objectname)%00%(upstream:track)%00%(upstream:remotename)%00%(upstream:remoteref) refs/heads/main refs/remotes/main [2ms]
2023-03-21 11:44:53.698 [info] > git status -z -uall [44ms]
2023-03-21 11:45:36.186 [info] > git config --get commit.template [10ms]
2023-03-21 11:45:36.188 [info] > git for-each-ref --format=%(refname)%00%(upstream:short)%00%(objectname)%00%(upstream:track)%00%(upstream:remotename)%00%(upstream:remoteref) refs/heads/main refs/remotes/main [3ms]
2023-03-21 11:45:36.234 [info] > git status -z -uall [42ms]
2023-03-21 11:45:41.263 [info] > git config --get commit.template [8ms]
2023-03-21 11:45:41.265 [info] > git for-each-ref --format=%(refname)%00%(upstream:short)%00%(objectname)%00%(upstream:track)%00%(upstream:remotename)%00%(upstream:remoteref) refs/heads/main refs/remotes/main [3ms]
2023-03-21 11:45:41.312 [info] > git status -z -uall [42ms]
2023-03-21 11:45:46.339 [info] > git config --get commit.template [8ms]
2023-03-21 11:45:46.342 [info] > git for-each-ref --format=%(refname)%00%(upstream:short)%00%(objectname)%00%(upstream:track)%00%(upstream:remotename)%00%(upstream:remoteref) refs/heads/main refs/remotes/main [4ms]
2023-03-21 11:45:46.388 [info] > git status -z -uall [41ms]
2023-03-21 11:45:51.414 [info] > git config --get commit.template [7ms]
2023-03-21 11:45:51.416 [info] > git for-each-ref --format=%(refname)%00%(upstream:short)%00%(objectname)%00%(upstream:track)%00%(upstream:remotename)%00%(upstream:remoteref) refs/heads/main refs/remotes/main [3ms]
2023-03-21 11:45:51.465 [info] > git status -z -uall [44ms]
2023-03-21 11:47:22.580 [info] > git config --get commit.template [8ms]
2023-03-21 11:47:22.583 [info] > git for-each-ref --format=%(refname)%00%(upstream:short)%00%(objectname)%00%(upstream:track)%00%(upstream:remotename)%00%(upstream:remoteref) refs/heads/main refs/remotes/main [4ms]
2023-03-21 11:47:22.631 [info] > git status -z -uall [43ms]
2023-03-21 11:47:27.662 [info] > git config --get commit.template [8ms]
2023-03-21 11:47:27.664 [info] > git for-each-ref --format=%(refname)%00%(upstream:short)%00%(objectname)%00%(upstream:track)%00%(upstream:remotename)%00%(upstream:remoteref) refs/heads/main refs/remotes/main [3ms]
2023-03-21 11:47:27.712 [info] > git status -z -uall [43ms]
2023-03-21 11:47:28.506 [info] > git show --textconv :Testing/firbase.js [40ms]
2023-03-21 11:47:28.509 [info] > git ls-files --stage -- /web/users/projects/202223/quicknotes/Testing/firbase.js [25ms]
2023-03-21 11:47:28.526 [info] > git check-ignore -v -z --stdin [22ms]
2023-03-21 11:47:34.027 [info] > git config --get commit.template [7ms]
2023-03-21 11:47:34.030 [info] > git for-each-ref --format=%(refname)%00%(upstream:short)%00%(objectname)%00%(upstream:track)%00%(upstream:remotename)%00%(upstream:remoteref) refs/heads/main refs/remotes/main [4ms]
2023-03-21 11:47:34.079 [info] > git status -z -uall [44ms]
2023-03-21 11:47:39.105 [info] > git config --get commit.template [8ms]
2023-03-21 11:47:39.107 [info] > git for-each-ref --format=%(refname)%00%(upstream:short)%00%(objectname)%00%(upstream:track)%00%(upstream:remotename)%00%(upstream:remoteref) refs/heads/main refs/remotes/main [3ms]
2023-03-21 11:47:39.151 [info] > git status -z -uall [40ms]
2023-03-21 11:47:44.179 [info] > git config --get commit.template [11ms]
2023-03-21 11:47:44.184 [info] > git for-each-ref --format=%(refname)%00%(upstream:short)%00%(objectname)%00%(upstream:track)%00%(upstream:remotename)%00%(upstream:remoteref) refs/heads/main refs/remotes/main [5ms]
2023-03-21 11:47:44.238 [info] > git status -z -uall [42ms]
2023-03-21 11:47:49.263 [info] > git config --get commit.template [6ms]
2023-03-21 11:47:49.266 [info] > git for-each-ref --format=%(refname)%00%(upstream:short)%00%(objectname)%00%(upstream:track)%00%(upstream:remotename)%00%(upstream:remoteref) refs/heads/main refs/remotes/main [3ms]
2023-03-21 11:47:49.312 [info] > git status -z -uall [41ms]
2023-03-21 11:47:54.353 [info] > git config --get commit.template [12ms]
2023-03-21 11:47:54.363 [info] > git for-each-ref --format=%(refname)%00%(upstream:short)%00%(objectname)%00%(upstream:track)%00%(upstream:remotename)%00%(upstream:remoteref) refs/heads/main refs/remotes/main [11ms]
2023-03-21 11:47:54.430 [info] > git status -z -uall [54ms]
2023-03-21 11:47:59.457 [info] > git config --get commit.template [9ms]
2023-03-21 11:47:59.460 [info] > git for-each-ref --format=%(refname)%00%(upstream:short)%00%(objectname)%00%(upstream:track)%00%(upstream:remotename)%00%(upstream:remoteref) refs/heads/main refs/remotes/main [3ms]
2023-03-21 11:47:59.509 [info] > git status -z -uall [42ms]
2023-03-21 11:48:04.535 [info] > git config --get commit.template [8ms]
2023-03-21 11:48:04.537 [info] > git for-each-ref --format=%(refname)%00%(upstream:short)%00%(objectname)%00%(upstream:track)%00%(upstream:remotename)%00%(upstream:remoteref) refs/heads/main refs/remotes/main [3ms]
2023-03-21 11:48:04.585 [info] > git status -z -uall [43ms]
2023-03-21 11:48:24.847 [info] > git config --get commit.template [8ms]
2023-03-21 11:48:24.849 [info] > git for-each-ref --format=%(refname)%00%(upstream:short)%00%(objectname)%00%(upstream:track)%00%(upstream:remotename)%00%(upstream:remoteref) refs/heads/main refs/remotes/main [3ms]
2023-03-21 11:48:24.901 [info] > git status -z -uall [47ms]
2023-03-21 11:50:29.561 [info] > git config --get commit.template [9ms]
2023-03-21 11:50:29.564 [info] > git for-each-ref --format=%(refname)%00%(upstream:short)%00%(objectname)%00%(upstream:track)%00%(upstream:remotename)%00%(upstream:remoteref) refs/heads/main refs/remotes/main [4ms]
2023-03-21 11:50:29.625 [info] > git status -z -uall [52ms]
2023-03-21 11:50:34.654 [info] > git config --get commit.template [10ms]
2023-03-21 11:50:34.656 [info] > git for-each-ref --format=%(refname)%00%(upstream:short)%00%(objectname)%00%(upstream:track)%00%(upstream:remotename)%00%(upstream:remoteref) refs/heads/main refs/remotes/main [3ms]
2023-03-21 11:50:34.703 [info] > git status -z -uall [42ms]
2023-03-21 11:50:39.735 [info] > git config --get commit.template [10ms]
2023-03-21 11:50:39.737 [info] > git for-each-ref --format=%(refname)%00%(upstream:short)%00%(objectname)%00%(upstream:track)%00%(upstream:remotename)%00%(upstream:remoteref) refs/heads/main refs/remotes/main [3ms]
2023-03-21 11:50:39.784 [info] > git status -z -uall [41ms]
2023-03-21 11:50:44.819 [info] > git config --get commit.template [8ms]
2023-03-21 11:50:44.821 [info] > git for-each-ref --format=%(refname)%00%(upstream:short)%00%(objectname)%00%(upstream:track)%00%(upstream:remotename)%00%(upstream:remoteref) refs/heads/main refs/remotes/main [3ms]
2023-03-21 11:50:44.868 [info] > git status -z -uall [42ms]
2023-03-21 11:51:01.765 [info] > git config --get commit.template [10ms]
2023-03-21 11:51:01.768 [info] > git for-each-ref --format=%(refname)%00%(upstream:short)%00%(objectname)%00%(upstream:track)%00%(upstream:remotename)%00%(upstream:remoteref) refs/heads/main refs/remotes/main [4ms]
2023-03-21 11:51:01.816 [info] > git status -z -uall [42ms]
2023-03-21 11:51:06.844 [info] > git config --get commit.template [9ms]
2023-03-21 11:51:06.846 [info] > git for-each-ref --format=%(refname)%00%(upstream:short)%00%(objectname)%00%(upstream:track)%00%(upstream:remotename)%00%(upstream:remoteref) refs/heads/main refs/remotes/main [3ms]
2023-03-21 11:51:06.893 [info] > git status -z -uall [42ms]
2023-03-21 11:51:13.363 [info] > git config --get commit.template [11ms]
2023-03-21 11:51:13.365 [info] > git for-each-ref --format=%(refname)%00%(upstream:short)%00%(objectname)%00%(upstream:track)%00%(upstream:remotename)%00%(upstream:remoteref) refs/heads/main refs/remotes/main [3ms]
2023-03-21 11:51:13.417 [info] > git status -z -uall [47ms]
2023-03-21 11:51:18.461 [info] > git config --get commit.template [6ms]
2023-03-21 11:51:18.463 [info] > git for-each-ref --format=%(refname)%00%(upstream:short)%00%(objectname)%00%(upstream:track)%00%(upstream:remotename)%00%(upstream:remoteref) refs/heads/main refs/remotes/main [2ms]
2023-03-21 11:51:18.508 [info] > git status -z -uall [41ms]
2023-03-21 11:51:23.536 [info] > git config --get commit.template [9ms]
2023-03-21 11:51:23.539 [info] > git for-each-ref --format=%(refname)%00%(upstream:short)%00%(objectname)%00%(upstream:track)%00%(upstream:remotename)%00%(upstream:remoteref) refs/heads/main refs/remotes/main [4ms]
2023-03-21 11:51:23.583 [info] > git status -z -uall [39ms]
2023-03-21 11:51:29.175 [info] > git config --get commit.template [6ms]
2023-03-21 11:51:29.177 [info] > git for-each-ref --format=%(refname)%00%(upstream:short)%00%(objectname)%00%(upstream:track)%00%(upstream:remotename)%00%(upstream:remoteref) refs/heads/main refs/remotes/main [3ms]
2023-03-21 11:51:29.225 [info] > git status -z -uall [43ms]
2023-03-21 11:51:34.253 [info] > git config --get commit.template [9ms]
2023-03-21 11:51:34.255 [info] > git for-each-ref --format=%(refname)%00%(upstream:short)%00%(objectname)%00%(upstream:track)%00%(upstream:remotename)%00%(upstream:remoteref) refs/heads/main refs/remotes/main [3ms]
2023-03-21 11:51:34.301 [info] > git status -z -uall [41ms]
2023-03-21 11:51:41.085 [info] > git for-each-ref --format=%(refname)%00%(upstream:short)%00%(objectname)%00%(upstream:track)%00%(upstream:remotename)%00%(upstream:remoteref) refs/heads/main refs/remotes/main [1ms]
2023-03-21 11:51:41.086 [info] > git config --get commit.template [12ms]
2023-03-21 11:51:41.134 [info] > git status -z -uall [42ms]
2023-03-21 11:51:49.278 [info] > git config --get commit.template [9ms]
2023-03-21 11:51:49.280 [info] > git for-each-ref --format=%(refname)%00%(upstream:short)%00%(objectname)%00%(upstream:track)%00%(upstream:remotename)%00%(upstream:remoteref) refs/heads/main refs/remotes/main [2ms]
2023-03-21 11:51:49.330 [info] > git status -z -uall [43ms]
2023-03-21 11:51:56.927 [info] > git config --get commit.template [9ms]
2023-03-21 11:51:56.929 [info] > git for-each-ref --format=%(refname)%00%(upstream:short)%00%(objectname)%00%(upstream:track)%00%(upstream:remotename)%00%(upstream:remoteref) refs/heads/main refs/remotes/main [3ms]
2023-03-21 11:51:56.977 [info] > git status -z -uall [43ms]
2023-03-21 11:52:04.173 [info] > git config --get commit.template [9ms]
2023-03-21 11:52:04.175 [info] > git for-each-ref --format=%(refname)%00%(upstream:short)%00%(objectname)%00%(upstream:track)%00%(upstream:remotename)%00%(upstream:remoteref) refs/heads/main refs/remotes/main [3ms]
2023-03-21 11:52:04.224 [info] > git status -z -uall [43ms]
2023-03-21 11:52:12.134 [info] > git config --get commit.template [10ms]
2023-03-21 11:52:12.137 [info] > git for-each-ref --format=%(refname)%00%(upstream:short)%00%(objectname)%00%(upstream:track)%00%(upstream:remotename)%00%(upstream:remoteref) refs/heads/main refs/remotes/main [4ms]
2023-03-21 11:52:12.187 [info] > git status -z -uall [45ms]
2023-03-21 11:52:19.029 [info] > git config --get commit.template [8ms]
2023-03-21 11:52:19.031 [info] > git for-each-ref --format=%(refname)%00%(upstream:short)%00%(objectname)%00%(upstream:track)%00%(upstream:remotename)%00%(upstream:remoteref) refs/heads/main refs/remotes/main [3ms]
2023-03-21 11:52:19.078 [info] > git status -z -uall [43ms]
2023-03-21 11:52:24.113 [info] > git config --get commit.template [10ms]
2023-03-21 11:52:24.121 [info] > git for-each-ref --format=%(refname)%00%(upstream:short)%00%(objectname)%00%(upstream:track)%00%(upstream:remotename)%00%(upstream:remoteref) refs/heads/main refs/remotes/main [7ms]
2023-03-21 11:52:24.181 [info] > git status -z -uall [51ms]
2023-03-21 11:52:29.208 [info] > git config --get commit.template [9ms]
2023-03-21 11:52:29.211 [info] > git for-each-ref --format=%(refname)%00%(upstream:short)%00%(objectname)%00%(upstream:track)%00%(upstream:remotename)%00%(upstream:remoteref) refs/heads/main refs/remotes/main [3ms]
2023-03-21 11:52:29.258 [info] > git status -z -uall [42ms]
2023-03-21 11:52:34.286 [info] > git config --get commit.template [9ms]
2023-03-21 11:52:34.288 [info] > git for-each-ref --format=%(refname)%00%(upstream:short)%00%(objectname)%00%(upstream:track)%00%(upstream:remotename)%00%(upstream:remoteref) refs/heads/main refs/remotes/main [3ms]
2023-03-21 11:52:34.342 [info] > git status -z -uall [48ms]
2023-03-21 11:52:58.330 [info] > git config --get commit.template [7ms]
2023-03-21 11:52:58.334 [info] > git for-each-ref --format=%(refname)%00%(upstream:short)%00%(objectname)%00%(upstream:track)%00%(upstream:remotename)%00%(upstream:remoteref) refs/heads/main refs/remotes/main [4ms]
2023-03-21 11:52:58.387 [info] > git status -z -uall [43ms]
2023-03-21 11:53:03.415 [info] > git config --get commit.template [7ms]
2023-03-21 11:53:03.418 [info] > git for-each-ref --format=%(refname)%00%(upstream:short)%00%(objectname)%00%(upstream:track)%00%(upstream:remotename)%00%(upstream:remoteref) refs/heads/main refs/remotes/main [3ms]
2023-03-21 11:53:03.469 [info] > git status -z -uall [46ms]
2023-03-21 11:53:08.495 [info] > git config --get commit.template [6ms]
2023-03-21 11:53:08.497 [info] > git for-each-ref --format=%(refname)%00%(upstream:short)%00%(objectname)%00%(upstream:track)%00%(upstream:remotename)%00%(upstream:remoteref) refs/heads/main refs/remotes/main [2ms]
2023-03-21 11:53:08.542 [info] > git status -z -uall [41ms]
2023-03-21 11:54:02.415 [info] > git config --get commit.template [8ms]
2023-03-21 11:54:02.418 [info] > git for-each-ref --format=%(refname)%00%(upstream:short)%00%(objectname)%00%(upstream:track)%00%(upstream:remotename)%00%(upstream:remoteref) refs/heads/main refs/remotes/main [4ms]
2023-03-21 11:54:02.466 [info] > git status -z -uall [43ms]
2023-03-21 11:54:07.497 [info] > git config --get commit.template [10ms]
2023-03-21 11:54:07.499 [info] > git for-each-ref --format=%(refname)%00%(upstream:short)%00%(objectname)%00%(upstream:track)%00%(upstream:remotename)%00%(upstream:remoteref) refs/heads/main refs/remotes/main [3ms]
2023-03-21 11:54:07.545 [info] > git status -z -uall [41ms]
2023-03-21 11:54:12.572 [info] > git config --get commit.template [9ms]
2023-03-21 11:54:12.574 [info] > git for-each-ref --format=%(refname)%00%(upstream:short)%00%(objectname)%00%(upstream:track)%00%(upstream:remotename)%00%(upstream:remoteref) refs/heads/main refs/remotes/main [3ms]
2023-03-21 11:54:12.621 [info] > git status -z -uall [42ms]
2023-03-21 11:54:17.655 [info] > git config --get commit.template [11ms]
2023-03-21 11:54:17.660 [info] > git for-each-ref --format=%(refname)%00%(upstream:short)%00%(objectname)%00%(upstream:track)%00%(upstream:remotename)%00%(upstream:remoteref) refs/heads/main refs/remotes/main [10ms]
2023-03-21 11:54:17.710 [info] > git status -z -uall [44ms]
2023-03-21 11:54:26.318 [info] > git config --get commit.template [9ms]
2023-03-21 11:54:26.320 [info] > git for-each-ref --format=%(refname)%00%(upstream:short)%00%(objectname)%00%(upstream:track)%00%(upstream:remotename)%00%(upstream:remoteref) refs/heads/main refs/remotes/main [3ms]
2023-03-21 11:54:26.370 [info] > git status -z -uall [44ms]
2023-03-21 11:54:37.478 [info] > git config --get commit.template [7ms]
2023-03-21 11:54:37.480 [info] > git for-each-ref --format=%(refname)%00%(upstream:short)%00%(objectname)%00%(upstream:track)%00%(upstream:remotename)%00%(upstream:remoteref) refs/heads/main refs/remotes/main [3ms]
2023-03-21 11:54:37.531 [info] > git status -z -uall [45ms]
2023-03-21 11:54:42.558 [info] > git config --get commit.template [8ms]
2023-03-21 11:54:42.561 [info] > git for-each-ref --format=%(refname)%00%(upstream:short)%00%(objectname)%00%(upstream:track)%00%(upstream:remotename)%00%(upstream:remoteref) refs/heads/main refs/remotes/main [3ms]
2023-03-21 11:54:42.609 [info] > git status -z -uall [42ms]
2023-03-21 11:54:49.818 [info] > git config --get commit.template [10ms]
2023-03-21 11:54:49.821 [info] > git for-each-ref --format=%(refname)%00%(upstream:short)%00%(objectname)%00%(upstream:track)%00%(upstream:remotename)%00%(upstream:remoteref) refs/heads/main refs/remotes/main [4ms]
2023-03-21 11:54:49.872 [info] > git status -z -uall [44ms]
2023-03-21 11:55:04.435 [info] > git config --get commit.template [9ms]
2023-03-21 11:55:04.437 [info] > git for-each-ref --format=%(refname)%00%(upstream:short)%00%(objectname)%00%(upstream:track)%00%(upstream:remotename)%00%(upstream:remoteref) refs/heads/main refs/remotes/main [3ms]
2023-03-21 11:55:04.486 [info] > git status -z -uall [44ms]
2023-03-21 11:55:09.520 [info] > git config --get commit.template [14ms]
2023-03-21 11:55:09.524 [info] > git for-each-ref --format=%(refname)%00%(upstream:short)%00%(objectname)%00%(upstream:track)%00%(upstream:remotename)%00%(upstream:remoteref) refs/heads/main refs/remotes/main [5ms]
2023-03-21 11:55:09.571 [info] > git status -z -uall [41ms]
2023-03-21 11:55:14.599 [info] > git config --get commit.template [7ms]
2023-03-21 11:55:14.602 [info] > git for-each-ref --format=%(refname)%00%(upstream:short)%00%(objectname)%00%(upstream:track)%00%(upstream:remotename)%00%(upstream:remoteref) refs/heads/main refs/remotes/main [3ms]
2023-03-21 11:55:14.655 [info] > git status -z -uall [48ms]
2023-03-21 11:55:23.681 [info] > git config --get commit.template [15ms]
2023-03-21 11:55:23.685 [info] > git for-each-ref --format=%(refname)%00%(upstream:short)%00%(objectname)%00%(upstream:track)%00%(upstream:remotename)%00%(upstream:remoteref) refs/heads/main refs/remotes/main [9ms]
2023-03-21 11:55:23.734 [info] > git status -z -uall [44ms]
2023-03-21 11:55:28.761 [info] > git config --get commit.template [7ms]
2023-03-21 11:55:28.763 [info] > git for-each-ref --format=%(refname)%00%(upstream:short)%00%(objectname)%00%(upstream:track)%00%(upstream:remotename)%00%(upstream:remoteref) refs/heads/main refs/remotes/main [3ms]
2023-03-21 11:55:28.810 [info] > git status -z -uall [41ms]
2023-03-21 11:55:33.836 [info] > git config --get commit.template [7ms]
2023-03-21 11:55:33.838 [info] > git for-each-ref --format=%(refname)%00%(upstream:short)%00%(objectname)%00%(upstream:track)%00%(upstream:remotename)%00%(upstream:remoteref) refs/heads/main refs/remotes/main [2ms]
2023-03-21 11:55:33.885 [info] > git status -z -uall [42ms]
2023-03-21 11:55:38.911 [info] > git config --get commit.template [7ms]
2023-03-21 11:55:38.914 [info] > git for-each-ref --format=%(refname)%00%(upstream:short)%00%(objectname)%00%(upstream:track)%00%(upstream:remotename)%00%(upstream:remoteref) refs/heads/main refs/remotes/main [3ms]
2023-03-21 11:55:38.985 [info] > git status -z -uall [67ms]
2023-03-21 11:55:58.285 [info] > git config --get commit.template [10ms]
2023-03-21 11:55:58.288 [info] > git for-each-ref --format=%(refname)%00%(upstream:short)%00%(objectname)%00%(upstream:track)%00%(upstream:remotename)%00%(upstream:remoteref) refs/heads/main refs/remotes/main [3ms]
2023-03-21 11:55:58.343 [info] > git status -z -uall [50ms]
2023-03-21 11:56:35.763 [info] > git config --get commit.template [8ms]
2023-03-21 11:56:35.766 [info] > git for-each-ref --format=%(refname)%00%(upstream:short)%00%(objectname)%00%(upstream:track)%00%(upstream:remotename)%00%(upstream:remoteref) refs/heads/main refs/remotes/main [3ms]
2023-03-21 11:56:35.814 [info] > git status -z -uall [42ms]
2023-03-21 11:56:40.839 [info] > git config --get commit.template [7ms]
2023-03-21 11:56:40.842 [info] > git for-each-ref --format=%(refname)%00%(upstream:short)%00%(objectname)%00%(upstream:track)%00%(upstream:remotename)%00%(upstream:remoteref) refs/heads/main refs/remotes/main [4ms]
2023-03-21 11:56:40.886 [info] > git status -z -uall [40ms]
2023-03-21 11:56:45.924 [info] > git config --get commit.template [17ms]
2023-03-21 11:56:45.933 [info] > git for-each-ref --format=%(refname)%00%(upstream:short)%00%(objectname)%00%(upstream:track)%00%(upstream:remotename)%00%(upstream:remoteref) refs/heads/main refs/remotes/main [10ms]
2023-03-21 11:56:46.090 [info] > git status -z -uall [146ms]
2023-03-21 11:56:51.146 [info] > git config --get commit.template [14ms]
2023-03-21 11:56:51.153 [info] > git for-each-ref --format=%(refname)%00%(upstream:short)%00%(objectname)%00%(upstream:track)%00%(upstream:remotename)%00%(upstream:remoteref) refs/heads/main refs/remotes/main [7ms]
2023-03-21 11:56:51.208 [info] > git status -z -uall [45ms]
2023-03-21 11:56:56.228 [info] > git config --get commit.template [6ms]
2023-03-21 11:56:56.231 [info] > git for-each-ref --format=%(refname)%00%(upstream:short)%00%(objectname)%00%(upstream:track)%00%(upstream:remotename)%00%(upstream:remoteref) refs/heads/main refs/remotes/main [3ms]
2023-03-21 11:56:56.285 [info] > git status -z -uall [49ms]
2023-03-21 11:57:01.312 [info] > git config --get commit.template [7ms]
2023-03-21 11:57:01.318 [info] > git for-each-ref --format=%(refname)%00%(upstream:short)%00%(objectname)%00%(upstream:track)%00%(upstream:remotename)%00%(upstream:remoteref) refs/heads/main refs/remotes/main [7ms]
2023-03-21 11:57:01.364 [info] > git status -z -uall [41ms]
2023-03-21 11:57:06.387 [info] > git config --get commit.template [8ms]
2023-03-21 11:57:06.391 [info] > git for-each-ref --format=%(refname)%00%(upstream:short)%00%(objectname)%00%(upstream:track)%00%(upstream:remotename)%00%(upstream:remoteref) refs/heads/main refs/remotes/main [5ms]
2023-03-21 11:57:06.483 [info] > git status -z -uall [76ms]
2023-03-21 11:57:11.510 [info] > git config --get commit.template [8ms]
2023-03-21 11:57:11.512 [info] > git for-each-ref --format=%(refname)%00%(upstream:short)%00%(objectname)%00%(upstream:track)%00%(upstream:remotename)%00%(upstream:remoteref) refs/heads/main refs/remotes/main [3ms]
2023-03-21 11:57:11.559 [info] > git status -z -uall [42ms]
2023-03-21 11:59:00.110 [info] > git config --get commit.template [8ms]
2023-03-21 11:59:00.112 [info] > git for-each-ref --format=%(refname)%00%(upstream:short)%00%(objectname)%00%(upstream:track)%00%(upstream:remotename)%00%(upstream:remoteref) refs/heads/main refs/remotes/main [3ms]
2023-03-21 11:59:00.166 [info] > git status -z -uall [48ms]
2023-03-21 12:00:18.779 [info] > git config --get commit.template [8ms]
2023-03-21 12:00:18.781 [info] > git for-each-ref --format=%(refname)%00%(upstream:short)%00%(objectname)%00%(upstream:track)%00%(upstream:remotename)%00%(upstream:remoteref) refs/heads/main refs/remotes/main [2ms]
2023-03-21 12:00:18.827 [info] > git status -z -uall [42ms]
2023-03-21 12:00:23.854 [info] > git config --get commit.template [8ms]
2023-03-21 12:00:23.856 [info] > git for-each-ref --format=%(refname)%00%(upstream:short)%00%(objectname)%00%(upstream:track)%00%(upstream:remotename)%00%(upstream:remoteref) refs/heads/main refs/remotes/main [3ms]
2023-03-21 12:00:23.903 [info] > git status -z -uall [43ms]
2023-03-21 12:00:32.571 [info] > git config --get commit.template [7ms]
2023-03-21 12:00:32.575 [info] > git for-each-ref --format=%(refname)%00%(upstream:short)%00%(objectname)%00%(upstream:track)%00%(upstream:remotename)%00%(upstream:remoteref) refs/heads/main refs/remotes/main [4ms]
2023-03-21 12:00:32.624 [info] > git status -z -uall [43ms]
2023-03-21 12:00:37.653 [info] > git config --get commit.template [8ms]
2023-03-21 12:00:37.655 [info] > git for-each-ref --format=%(refname)%00%(upstream:short)%00%(objectname)%00%(upstream:track)%00%(upstream:remotename)%00%(upstream:remoteref) refs/heads/main refs/remotes/main [3ms]
2023-03-21 12:00:37.702 [info] > git status -z -uall [41ms]
2023-03-21 12:00:42.757 [info] > git config --get commit.template [25ms]
2023-03-21 12:00:42.772 [info] > git for-each-ref --format=%(refname)%00%(upstream:short)%00%(objectname)%00%(upstream:track)%00%(upstream:remotename)%00%(upstream:remoteref) refs/heads/main refs/remotes/main [1ms]
2023-03-21 12:00:42.844 [info] > git status -z -uall [54ms]
2023-03-21 12:00:47.872 [info] > git config --get commit.template [9ms]
2023-03-21 12:00:47.875 [info] > git for-each-ref --format=%(refname)%00%(upstream:short)%00%(objectname)%00%(upstream:track)%00%(upstream:remotename)%00%(upstream:remoteref) refs/heads/main refs/remotes/main [4ms]
2023-03-21 12:00:47.922 [info] > git status -z -uall [41ms]
2023-03-21 12:01:15.574 [info] > git config --get commit.template [11ms]
2023-03-21 12:01:15.578 [info] > git for-each-ref --format=%(refname)%00%(upstream:short)%00%(objectname)%00%(upstream:track)%00%(upstream:remotename)%00%(upstream:remoteref) refs/heads/main refs/remotes/main [4ms]
2023-03-21 12:01:15.632 [info] > git status -z -uall [48ms]
2023-03-21 12:01:20.669 [info] > git config --get commit.template [9ms]
2023-03-21 12:01:20.674 [info] > git for-each-ref --format=%(refname)%00%(upstream:short)%00%(objectname)%00%(upstream:track)%00%(upstream:remotename)%00%(upstream:remoteref) refs/heads/main refs/remotes/main [5ms]
2023-03-21 12:01:20.726 [info] > git status -z -uall [43ms]
2023-03-21 12:01:25.754 [info] > git config --get commit.template [9ms]
2023-03-21 12:01:25.756 [info] > git for-each-ref --format=%(refname)%00%(upstream:short)%00%(objectname)%00%(upstream:track)%00%(upstream:remotename)%00%(upstream:remoteref) refs/heads/main refs/remotes/main [3ms]
2023-03-21 12:01:25.804 [info] > git status -z -uall [41ms]
2023-03-21 12:01:38.299 [info] > git config --get commit.template [8ms]
2023-03-21 12:01:38.301 [info] > git for-each-ref --format=%(refname)%00%(upstream:short)%00%(objectname)%00%(upstream:track)%00%(upstream:remotename)%00%(upstream:remoteref) refs/heads/main refs/remotes/main [3ms]
2023-03-21 12:01:38.348 [info] > git status -z -uall [41ms]
2023-03-21 12:01:43.377 [info] > git config --get commit.template [8ms]
2023-03-21 12:01:43.379 [info] > git for-each-ref --format=%(refname)%00%(upstream:short)%00%(objectname)%00%(upstream:track)%00%(upstream:remotename)%00%(upstream:remoteref) refs/heads/main refs/remotes/main [2ms]
2023-03-21 12:01:43.426 [info] > git status -z -uall [41ms]
2023-03-21 12:03:06.969 [info] > git config --get commit.template [8ms]
2023-03-21 12:03:06.971 [info] > git for-each-ref --format=%(refname)%00%(upstream:short)%00%(objectname)%00%(upstream:track)%00%(upstream:remotename)%00%(upstream:remoteref) refs/heads/main refs/remotes/main [3ms]
2023-03-21 12:03:07.030 [info] > git status -z -uall [51ms]
2023-03-21 12:03:12.058 [info] > git config --get commit.template [8ms]
2023-03-21 12:03:12.060 [info] > git for-each-ref --format=%(refname)%00%(upstream:short)%00%(objectname)%00%(upstream:track)%00%(upstream:remotename)%00%(upstream:remoteref) refs/heads/main refs/remotes/main [3ms]
2023-03-21 12:03:12.104 [info] > git status -z -uall [40ms]
2023-03-21 12:03:17.130 [info] > git config --get commit.template [9ms]
2023-03-21 12:03:17.134 [info] > git for-each-ref --format=%(refname)%00%(upstream:short)%00%(objectname)%00%(upstream:track)%00%(upstream:remotename)%00%(upstream:remoteref) refs/heads/main refs/remotes/main [4ms]
2023-03-21 12:03:17.225 [info] > git status -z -uall [80ms]
2023-03-21 12:03:22.254 [info] > git config --get commit.template [7ms]
2023-03-21 12:03:22.257 [info] > git for-each-ref --format=%(refname)%00%(upstream:short)%00%(objectname)%00%(upstream:track)%00%(upstream:remotename)%00%(upstream:remoteref) refs/heads/main refs/remotes/main [4ms]
2023-03-21 12:03:22.306 [info] > git status -z -uall [44ms]
2023-03-21 12:03:27.332 [info] > git config --get commit.template [8ms]
2023-03-21 12:03:27.334 [info] > git for-each-ref --format=%(refname)%00%(upstream:short)%00%(objectname)%00%(upstream:track)%00%(upstream:remotename)%00%(upstream:remoteref) refs/heads/main refs/remotes/main [3ms]
2023-03-21 12:03:27.382 [info] > git status -z -uall [42ms]
2023-03-21 12:03:40.123 [info] > git config --get commit.template [9ms]
2023-03-21 12:03:40.125 [info] > git for-each-ref --format=%(refname)%00%(upstream:short)%00%(objectname)%00%(upstream:track)%00%(upstream:remotename)%00%(upstream:remoteref) refs/heads/main refs/remotes/main [3ms]
2023-03-21 12:03:40.173 [info] > git status -z -uall [43ms]
2023-03-21 12:03:45.199 [info] > git config --get commit.template [7ms]
2023-03-21 12:03:45.201 [info] > git for-each-ref --format=%(refname)%00%(upstream:short)%00%(objectname)%00%(upstream:track)%00%(upstream:remotename)%00%(upstream:remoteref) refs/heads/main refs/remotes/main [3ms]
2023-03-21 12:03:45.244 [info] > git status -z -uall [38ms]
2023-03-21 12:05:05.436 [info] > git config --get commit.template [8ms]
2023-03-21 12:05:05.438 [info] > git for-each-ref --format=%(refname)%00%(upstream:short)%00%(objectname)%00%(upstream:track)%00%(upstream:remotename)%00%(upstream:remoteref) refs/heads/main refs/remotes/main [3ms]
2023-03-21 12:05:05.487 [info] > git status -z -uall [44ms]
2023-03-21 12:05:10.514 [info] > git config --get commit.template [8ms]
2023-03-21 12:05:10.517 [info] > git for-each-ref --format=%(refname)%00%(upstream:short)%00%(objectname)%00%(upstream:track)%00%(upstream:remotename)%00%(upstream:remoteref) refs/heads/main refs/remotes/main [3ms]
2023-03-21 12:05:10.566 [info] > git status -z -uall [43ms]
2023-03-21 12:05:15.596 [info] > git config --get commit.template [8ms]
2023-03-21 12:05:15.598 [info] > git for-each-ref --format=%(refname)%00%(upstream:short)%00%(objectname)%00%(upstream:track)%00%(upstream:remotename)%00%(upstream:remoteref) refs/heads/main refs/remotes/main [3ms]
2023-03-21 12:05:15.645 [info] > git status -z -uall [40ms]
2023-03-21 12:05:25.805 [info] > git config --get commit.template [9ms]
2023-03-21 12:05:25.807 [info] > git for-each-ref --format=%(refname)%00%(upstream:short)%00%(objectname)%00%(upstream:track)%00%(upstream:remotename)%00%(upstream:remoteref) refs/heads/main refs/remotes/main [3ms]
2023-03-21 12:05:25.864 [info] > git status -z -uall [52ms]
2023-03-21 12:05:30.895 [info] > git config --get commit.template [10ms]
2023-03-21 12:05:30.898 [info] > git for-each-ref --format=%(refname)%00%(upstream:short)%00%(objectname)%00%(upstream:track)%00%(upstream:remotename)%00%(upstream:remoteref) refs/heads/main refs/remotes/main [4ms]
2023-03-21 12:05:30.944 [info] > git status -z -uall [41ms]
2023-03-21 12:06:06.173 [info] > git config --get commit.template [9ms]
2023-03-21 12:06:06.175 [info] > git for-each-ref --format=%(refname)%00%(upstream:short)%00%(objectname)%00%(upstream:track)%00%(upstream:remotename)%00%(upstream:remoteref) refs/heads/main refs/remotes/main [2ms]
2023-03-21 12:06:06.223 [info] > git status -z -uall [43ms]
