2023-03-25 05:56:56.426 [info] Log level: Info
2023-03-25 05:56:56.426 [info] Validating found git in: "git"
2023-03-25 05:56:56.426 [info] Using git "2.25.1" from "git"
2023-03-25 05:56:56.426 [info] > git rev-parse --show-toplevel [716ms]
2023-03-25 05:56:56.426 [info] > git rev-parse --git-dir --git-common-dir [37ms]
2023-03-25 05:56:56.426 [info] Open repository: /web/users/projects/202223/quicknotes
2023-03-25 05:56:56.427 [info] > git rev-parse --show-toplevel [43ms]
2023-03-25 05:56:56.427 [info] > git rev-parse --show-toplevel [1ms]
2023-03-25 05:56:56.427 [info] > git config --get commit.template [118ms]
2023-03-25 05:56:56.427 [info] > git rev-parse --show-toplevel [19ms]
2023-03-25 05:56:56.427 [info] > git rev-parse --show-toplevel [2ms]
2023-03-25 05:56:56.427 [info] > git rev-parse --show-toplevel [40ms]
2023-03-25 05:56:56.427 [info] > git for-each-ref --format=%(refname)%00%(upstream:short)%00%(objectname)%00%(upstream:track)%00%(upstream:remotename)%00%(upstream:remoteref) refs/heads/main refs/remotes/main [104ms]
2023-03-25 05:56:56.427 [info] > git rev-parse --show-toplevel [29ms]
2023-03-25 05:56:56.427 [info] > git rev-parse --show-toplevel [33ms]
2023-03-25 05:56:56.427 [info] > git rev-parse --show-toplevel [45ms]
2023-03-25 05:56:56.427 [info] > git rev-parse --show-toplevel [40ms]
2023-03-25 05:56:56.427 [info] > git rev-parse --show-toplevel [106ms]
2023-03-25 05:56:56.428 [info] > git status -z -uall [703ms]
2023-03-25 05:56:56.428 [info] > git config --get commit.template [250ms]
2023-03-25 05:56:56.428 [info] > git for-each-ref --format=%(refname)%00%(upstream:short)%00%(objectname)%00%(upstream:track)%00%(upstream:remotename)%00%(upstream:remoteref) refs/heads/main refs/remotes/main [40ms]
2023-03-25 05:56:56.478 [info] > git status -z -uall [221ms]
2023-03-25 05:56:57.026 [info] > git check-ignore -v -z --stdin [442ms]
2023-03-25 05:56:57.148 [info] > git show --textconv :QN/otp.html [76ms]
2023-03-25 05:56:57.148 [info] > git show --textconv :Testing/login.php [55ms]
2023-03-25 05:56:57.148 [info] > git ls-files --stage -- /web/users/projects/202223/quicknotes/QN/otp.html [29ms]
2023-03-25 05:56:57.161 [info] > git ls-files --stage -- /web/users/projects/202223/quicknotes/Testing/login.php [14ms]
2023-03-25 05:57:06.490 [info] > git config --get commit.template [10ms]
2023-03-25 05:57:06.505 [info] > git for-each-ref --format=%(refname)%00%(upstream:short)%00%(objectname)%00%(upstream:track)%00%(upstream:remotename)%00%(upstream:remoteref) refs/heads/main refs/remotes/main [17ms]
2023-03-25 05:57:06.615 [info] > git status -z -uall [101ms]
2023-03-25 05:57:11.678 [info] > git config --get commit.template [20ms]
2023-03-25 05:57:11.681 [info] > git for-each-ref --format=%(refname)%00%(upstream:short)%00%(objectname)%00%(upstream:track)%00%(upstream:remotename)%00%(upstream:remoteref) refs/heads/main refs/remotes/main [4ms]
2023-03-25 05:57:11.741 [info] > git status -z -uall [53ms]
2023-03-25 05:57:16.715 [info] > git show --textconv :Testing/resetpassword.html [12ms]
2023-03-25 05:57:16.720 [info] > git ls-files --stage -- /web/users/projects/202223/quicknotes/Testing/resetpassword.html [6ms]
2023-03-25 05:57:16.789 [info] > git config --get commit.template [9ms]
2023-03-25 05:57:16.791 [info] > git for-each-ref --format=%(refname)%00%(upstream:short)%00%(objectname)%00%(upstream:track)%00%(upstream:remotename)%00%(upstream:remoteref) refs/heads/main refs/remotes/main [3ms]
2023-03-25 05:57:16.843 [info] > git status -z -uall [46ms]
2023-03-25 05:57:21.882 [info] > git config --get commit.template [10ms]
2023-03-25 05:57:21.884 [info] > git for-each-ref --format=%(refname)%00%(upstream:short)%00%(objectname)%00%(upstream:track)%00%(upstream:remotename)%00%(upstream:remoteref) refs/heads/main refs/remotes/main [3ms]
2023-03-25 05:57:21.933 [info] > git status -z -uall [43ms]
2023-03-25 05:57:26.980 [info] > git config --get commit.template [19ms]
2023-03-25 05:57:26.985 [info] > git for-each-ref --format=%(refname)%00%(upstream:short)%00%(objectname)%00%(upstream:track)%00%(upstream:remotename)%00%(upstream:remoteref) refs/heads/main refs/remotes/main [6ms]
2023-03-25 05:57:27.040 [info] > git status -z -uall [43ms]
2023-03-25 05:57:32.073 [info] > git config --get commit.template [9ms]
2023-03-25 05:57:32.075 [info] > git for-each-ref --format=%(refname)%00%(upstream:short)%00%(objectname)%00%(upstream:track)%00%(upstream:remotename)%00%(upstream:remoteref) refs/heads/main refs/remotes/main [3ms]
2023-03-25 05:57:32.128 [info] > git status -z -uall [48ms]
2023-03-25 05:57:36.418 [info] > git show --textconv :Testing/index.html [9ms]
2023-03-25 05:57:36.423 [info] > git ls-files --stage -- /web/users/projects/202223/quicknotes/Testing/index.html [5ms]
2023-03-25 05:57:37.182 [info] > git config --get commit.template [7ms]
2023-03-25 05:57:37.184 [info] > git for-each-ref --format=%(refname)%00%(upstream:short)%00%(objectname)%00%(upstream:track)%00%(upstream:remotename)%00%(upstream:remoteref) refs/heads/main refs/remotes/main [3ms]
2023-03-25 05:57:37.233 [info] > git status -z -uall [44ms]
2023-03-25 05:57:42.279 [info] > git config --get commit.template [9ms]
2023-03-25 05:57:42.281 [info] > git for-each-ref --format=%(refname)%00%(upstream:short)%00%(objectname)%00%(upstream:track)%00%(upstream:remotename)%00%(upstream:remoteref) refs/heads/main refs/remotes/main [2ms]
2023-03-25 05:57:42.334 [info] > git status -z -uall [46ms]
2023-03-25 05:58:04.122 [info] > git config --get commit.template [9ms]
2023-03-25 05:58:04.124 [info] > git for-each-ref --format=%(refname)%00%(upstream:short)%00%(objectname)%00%(upstream:track)%00%(upstream:remotename)%00%(upstream:remoteref) refs/heads/main refs/remotes/main [2ms]
2023-03-25 05:58:04.180 [info] > git status -z -uall [49ms]
2023-03-25 05:58:09.214 [info] > git config --get commit.template [9ms]
2023-03-25 05:58:09.216 [info] > git for-each-ref --format=%(refname)%00%(upstream:short)%00%(objectname)%00%(upstream:track)%00%(upstream:remotename)%00%(upstream:remoteref) refs/heads/main refs/remotes/main [3ms]
2023-03-25 05:58:09.265 [info] > git status -z -uall [43ms]
2023-03-25 05:58:14.302 [info] > git config --get commit.template [10ms]
2023-03-25 05:58:14.304 [info] > git for-each-ref --format=%(refname)%00%(upstream:short)%00%(objectname)%00%(upstream:track)%00%(upstream:remotename)%00%(upstream:remoteref) refs/heads/main refs/remotes/main [3ms]
2023-03-25 05:58:14.355 [info] > git status -z -uall [45ms]
2023-03-25 05:58:19.184 [info] > git ls-files --stage -- /web/users/projects/202223/quicknotes/Testing/login.php [16ms]
2023-03-25 05:58:19.187 [info] > git ls-files --stage -- /web/users/projects/202223/quicknotes/QN/otp.html [30ms]
2023-03-25 05:58:19.189 [info] > git ls-files --stage -- /web/users/projects/202223/quicknotes/Testing/resetpassword.html [14ms]
2023-03-25 05:58:19.192 [info] > git ls-files --stage -- /web/users/projects/202223/quicknotes/Testing/index.html [9ms]
2023-03-25 05:58:19.363 [info] > git show --textconv :Testing/login.php [20ms]
2023-03-25 05:58:19.363 [info] > git show --textconv :QN/otp.html [9ms]
2023-03-25 05:58:19.375 [info] > git show --textconv :Testing/resetpassword.html [12ms]
2023-03-25 05:58:19.379 [info] > git show --textconv :Testing/index.html [5ms]
2023-03-25 05:58:19.686 [info] > git config --get commit.template [9ms]
2023-03-25 05:58:19.688 [info] > git for-each-ref --format=%(refname)%00%(upstream:short)%00%(objectname)%00%(upstream:track)%00%(upstream:remotename)%00%(upstream:remoteref) refs/heads/main refs/remotes/main [2ms]
2023-03-25 05:58:19.739 [info] > git status -z -uall [44ms]
2023-03-25 05:58:24.782 [info] > git config --get commit.template [12ms]
2023-03-25 05:58:24.784 [info] > git for-each-ref --format=%(refname)%00%(upstream:short)%00%(objectname)%00%(upstream:track)%00%(upstream:remotename)%00%(upstream:remoteref) refs/heads/main refs/remotes/main [3ms]
2023-03-25 05:58:24.835 [info] > git status -z -uall [44ms]
2023-03-25 05:58:29.870 [info] > git for-each-ref --format=%(refname)%00%(upstream:short)%00%(objectname)%00%(upstream:track)%00%(upstream:remotename)%00%(upstream:remoteref) refs/heads/main refs/remotes/main [1ms]
2023-03-25 05:58:29.872 [info] > git config --get commit.template [11ms]
2023-03-25 05:58:29.920 [info] > git status -z -uall [41ms]
2023-03-25 05:58:34.962 [info] > git config --get commit.template [9ms]
2023-03-25 05:58:34.965 [info] > git for-each-ref --format=%(refname)%00%(upstream:short)%00%(objectname)%00%(upstream:track)%00%(upstream:remotename)%00%(upstream:remoteref) refs/heads/main refs/remotes/main [3ms]
2023-03-25 05:58:35.013 [info] > git status -z -uall [42ms]
2023-03-25 05:58:40.048 [info] > git config --get commit.template [9ms]
2023-03-25 05:58:40.050 [info] > git for-each-ref --format=%(refname)%00%(upstream:short)%00%(objectname)%00%(upstream:track)%00%(upstream:remotename)%00%(upstream:remoteref) refs/heads/main refs/remotes/main [3ms]
2023-03-25 05:58:40.103 [info] > git status -z -uall [46ms]
2023-03-25 05:58:43.232 [info] > git check-ignore -v -z --stdin [10ms]
2023-03-25 05:58:45.096 [info] > git check-ignore -v -z --stdin [8ms]
2023-03-25 05:58:45.152 [info] > git config --get commit.template [9ms]
2023-03-25 05:58:45.154 [info] > git for-each-ref --format=%(refname)%00%(upstream:short)%00%(objectname)%00%(upstream:track)%00%(upstream:remotename)%00%(upstream:remoteref) refs/heads/main refs/remotes/main [3ms]
2023-03-25 05:58:45.205 [info] > git status -z -uall [43ms]
2023-03-25 05:58:50.240 [info] > git config --get commit.template [8ms]
2023-03-25 05:58:50.243 [info] > git for-each-ref --format=%(refname)%00%(upstream:short)%00%(objectname)%00%(upstream:track)%00%(upstream:remotename)%00%(upstream:remoteref) refs/heads/main refs/remotes/main [3ms]
2023-03-25 05:58:50.291 [info] > git status -z -uall [42ms]
2023-03-25 05:58:54.650 [info] > git check-ignore -v -z --stdin [6ms]
2023-03-25 05:58:54.856 [info] > git show --textconv :QN/style.css [16ms]
2023-03-25 05:58:54.869 [info] > git ls-files --stage -- /web/users/projects/202223/quicknotes/QN/style.css [13ms]
2023-03-25 05:58:56.704 [info] > git config --get commit.template [9ms]
2023-03-25 05:58:56.706 [info] > git for-each-ref --format=%(refname)%00%(upstream:short)%00%(objectname)%00%(upstream:track)%00%(upstream:remotename)%00%(upstream:remoteref) refs/heads/main refs/remotes/main [2ms]
2023-03-25 05:58:56.756 [info] > git status -z -uall [42ms]
2023-03-25 05:59:01.790 [info] > git config --get commit.template [9ms]
2023-03-25 05:59:01.792 [info] > git for-each-ref --format=%(refname)%00%(upstream:short)%00%(objectname)%00%(upstream:track)%00%(upstream:remotename)%00%(upstream:remoteref) refs/heads/main refs/remotes/main [3ms]
2023-03-25 05:59:01.877 [info] > git status -z -uall [79ms]
2023-03-25 05:59:06.938 [info] > git config --get commit.template [10ms]
2023-03-25 05:59:06.940 [info] > git for-each-ref --format=%(refname)%00%(upstream:short)%00%(objectname)%00%(upstream:track)%00%(upstream:remotename)%00%(upstream:remoteref) refs/heads/main refs/remotes/main [3ms]
2023-03-25 05:59:06.988 [info] > git status -z -uall [42ms]
2023-03-25 05:59:12.020 [info] > git config --get commit.template [8ms]
2023-03-25 05:59:12.022 [info] > git for-each-ref --format=%(refname)%00%(upstream:short)%00%(objectname)%00%(upstream:track)%00%(upstream:remotename)%00%(upstream:remoteref) refs/heads/main refs/remotes/main [2ms]
2023-03-25 05:59:12.070 [info] > git status -z -uall [43ms]
2023-03-25 05:59:15.783 [info] > git log --format=%H%n%aN%n%aE%n%at%n%ct%n%P%n%D%n%B -z -n120 -- /web/users/projects/202223/quicknotes/Testing/index.html [114ms]
2023-03-25 05:59:17.101 [info] > git config --get commit.template [8ms]
2023-03-25 05:59:17.103 [info] > git for-each-ref --format=%(refname)%00%(upstream:short)%00%(objectname)%00%(upstream:track)%00%(upstream:remotename)%00%(upstream:remoteref) refs/heads/main refs/remotes/main [3ms]
2023-03-25 05:59:17.149 [info] > git status -z -uall [41ms]
2023-03-25 05:59:22.182 [info] > git config --get commit.template [9ms]
2023-03-25 05:59:22.184 [info] > git for-each-ref --format=%(refname)%00%(upstream:short)%00%(objectname)%00%(upstream:track)%00%(upstream:remotename)%00%(upstream:remoteref) refs/heads/main refs/remotes/main [3ms]
2023-03-25 05:59:22.230 [info] > git status -z -uall [41ms]
2023-03-25 05:59:27.262 [info] > git config --get commit.template [8ms]
2023-03-25 05:59:27.264 [info] > git for-each-ref --format=%(refname)%00%(upstream:short)%00%(objectname)%00%(upstream:track)%00%(upstream:remotename)%00%(upstream:remoteref) refs/heads/main refs/remotes/main [2ms]
2023-03-25 05:59:27.345 [info] > git status -z -uall [76ms]
2023-03-25 05:59:32.416 [info] > git config --get commit.template [9ms]
2023-03-25 05:59:32.418 [info] > git for-each-ref --format=%(refname)%00%(upstream:short)%00%(objectname)%00%(upstream:track)%00%(upstream:remotename)%00%(upstream:remoteref) refs/heads/main refs/remotes/main [3ms]
2023-03-25 05:59:32.466 [info] > git status -z -uall [42ms]
2023-03-25 05:59:37.511 [info] > git config --get commit.template [19ms]
2023-03-25 05:59:37.518 [info] > git for-each-ref --format=%(refname)%00%(upstream:short)%00%(objectname)%00%(upstream:track)%00%(upstream:remotename)%00%(upstream:remoteref) refs/heads/main refs/remotes/main [8ms]
2023-03-25 05:59:37.614 [info] > git status -z -uall [86ms]
2023-03-25 05:59:42.661 [info] > git config --get commit.template [12ms]
2023-03-25 05:59:42.664 [info] > git for-each-ref --format=%(refname)%00%(upstream:short)%00%(objectname)%00%(upstream:track)%00%(upstream:remotename)%00%(upstream:remoteref) refs/heads/main refs/remotes/main [3ms]
2023-03-25 05:59:42.713 [info] > git status -z -uall [43ms]
2023-03-25 05:59:47.751 [info] > git config --get commit.template [11ms]
2023-03-25 05:59:47.752 [info] > git for-each-ref --format=%(refname)%00%(upstream:short)%00%(objectname)%00%(upstream:track)%00%(upstream:remotename)%00%(upstream:remoteref) refs/heads/main refs/remotes/main [2ms]
2023-03-25 05:59:47.803 [info] > git status -z -uall [44ms]
2023-03-25 05:59:52.840 [info] > git config --get commit.template [11ms]
2023-03-25 05:59:52.842 [info] > git for-each-ref --format=%(refname)%00%(upstream:short)%00%(objectname)%00%(upstream:track)%00%(upstream:remotename)%00%(upstream:remoteref) refs/heads/main refs/remotes/main [3ms]
2023-03-25 05:59:52.891 [info] > git status -z -uall [42ms]
2023-03-25 05:59:57.926 [info] > git config --get commit.template [9ms]
2023-03-25 05:59:57.928 [info] > git for-each-ref --format=%(refname)%00%(upstream:short)%00%(objectname)%00%(upstream:track)%00%(upstream:remotename)%00%(upstream:remoteref) refs/heads/main refs/remotes/main [3ms]
2023-03-25 05:59:57.977 [info] > git status -z -uall [43ms]
2023-03-25 06:00:03.023 [info] > git config --get commit.template [10ms]
2023-03-25 06:00:03.025 [info] > git for-each-ref --format=%(refname)%00%(upstream:short)%00%(objectname)%00%(upstream:track)%00%(upstream:remotename)%00%(upstream:remoteref) refs/heads/main refs/remotes/main [2ms]
2023-03-25 06:00:03.073 [info] > git status -z -uall [42ms]
2023-03-25 06:00:08.107 [info] > git config --get commit.template [9ms]
2023-03-25 06:00:08.109 [info] > git for-each-ref --format=%(refname)%00%(upstream:short)%00%(objectname)%00%(upstream:track)%00%(upstream:remotename)%00%(upstream:remoteref) refs/heads/main refs/remotes/main [2ms]
2023-03-25 06:00:08.157 [info] > git status -z -uall [41ms]
2023-03-25 06:00:13.192 [info] > git config --get commit.template [10ms]
2023-03-25 06:00:13.194 [info] > git for-each-ref --format=%(refname)%00%(upstream:short)%00%(objectname)%00%(upstream:track)%00%(upstream:remotename)%00%(upstream:remoteref) refs/heads/main refs/remotes/main [3ms]
2023-03-25 06:00:13.245 [info] > git status -z -uall [45ms]
2023-03-25 06:01:22.584 [info] > git config --get commit.template [7ms]
2023-03-25 06:01:22.586 [info] > git for-each-ref --format=%(refname)%00%(upstream:short)%00%(objectname)%00%(upstream:track)%00%(upstream:remotename)%00%(upstream:remoteref) refs/heads/main refs/remotes/main [2ms]
2023-03-25 06:01:22.632 [info] > git status -z -uall [42ms]
2023-03-25 06:01:27.667 [info] > git config --get commit.template [8ms]
2023-03-25 06:01:27.669 [info] > git for-each-ref --format=%(refname)%00%(upstream:short)%00%(objectname)%00%(upstream:track)%00%(upstream:remotename)%00%(upstream:remoteref) refs/heads/main refs/remotes/main [2ms]
2023-03-25 06:01:27.713 [info] > git status -z -uall [40ms]
2023-03-25 06:01:32.746 [info] > git config --get commit.template [6ms]
2023-03-25 06:01:32.747 [info] > git for-each-ref --format=%(refname)%00%(upstream:short)%00%(objectname)%00%(upstream:track)%00%(upstream:remotename)%00%(upstream:remoteref) refs/heads/main refs/remotes/main [2ms]
2023-03-25 06:01:32.792 [info] > git status -z -uall [40ms]
2023-03-25 06:01:37.826 [info] > git config --get commit.template [9ms]
2023-03-25 06:01:37.828 [info] > git for-each-ref --format=%(refname)%00%(upstream:short)%00%(objectname)%00%(upstream:track)%00%(upstream:remotename)%00%(upstream:remoteref) refs/heads/main refs/remotes/main [2ms]
2023-03-25 06:01:37.871 [info] > git status -z -uall [39ms]
2023-03-25 06:01:42.921 [info] > git config --get commit.template [7ms]
2023-03-25 06:01:42.923 [info] > git for-each-ref --format=%(refname)%00%(upstream:short)%00%(objectname)%00%(upstream:track)%00%(upstream:remotename)%00%(upstream:remoteref) refs/heads/main refs/remotes/main [3ms]
2023-03-25 06:01:42.967 [info] > git status -z -uall [40ms]
2023-03-25 06:01:46.917 [info] > git log --format=%H%n%aN%n%aE%n%at%n%ct%n%P%n%D%n%B -z -n120 -- /web/users/projects/202223/quicknotes/Testing/index.html [4ms]
2023-03-25 06:01:47.998 [info] > git config --get commit.template [8ms]
2023-03-25 06:01:47.999 [info] > git for-each-ref --format=%(refname)%00%(upstream:short)%00%(objectname)%00%(upstream:track)%00%(upstream:remotename)%00%(upstream:remoteref) refs/heads/main refs/remotes/main [2ms]
2023-03-25 06:01:48.044 [info] > git status -z -uall [40ms]
2023-03-25 06:01:53.076 [info] > git config --get commit.template [7ms]
2023-03-25 06:01:53.078 [info] > git for-each-ref --format=%(refname)%00%(upstream:short)%00%(objectname)%00%(upstream:track)%00%(upstream:remotename)%00%(upstream:remoteref) refs/heads/main refs/remotes/main [3ms]
2023-03-25 06:01:53.126 [info] > git status -z -uall [43ms]
2023-03-25 06:01:58.160 [info] > git config --get commit.template [9ms]
2023-03-25 06:01:58.162 [info] > git for-each-ref --format=%(refname)%00%(upstream:short)%00%(objectname)%00%(upstream:track)%00%(upstream:remotename)%00%(upstream:remoteref) refs/heads/main refs/remotes/main [3ms]
2023-03-25 06:01:58.210 [info] > git status -z -uall [42ms]
2023-03-25 06:02:01.064 [info] > git log --format=%H%n%aN%n%aE%n%at%n%ct%n%P%n%D%n%B -z -n120 -- /web/users/projects/202223/quicknotes/Testing/index.html [5ms]
2023-03-25 06:02:03.245 [info] > git config --get commit.template [9ms]
2023-03-25 06:02:03.251 [info] > git for-each-ref --format=%(refname)%00%(upstream:short)%00%(objectname)%00%(upstream:track)%00%(upstream:remotename)%00%(upstream:remoteref) refs/heads/main refs/remotes/main [6ms]
2023-03-25 06:02:03.298 [info] > git status -z -uall [41ms]
2023-03-25 06:02:08.341 [info] > git for-each-ref --format=%(refname)%00%(upstream:short)%00%(objectname)%00%(upstream:track)%00%(upstream:remotename)%00%(upstream:remoteref) refs/heads/main refs/remotes/main [1ms]
2023-03-25 06:02:08.342 [info] > git config --get commit.template [12ms]
2023-03-25 06:02:08.391 [info] > git status -z -uall [43ms]
2023-03-25 06:02:13.425 [info] > git config --get commit.template [9ms]
2023-03-25 06:02:13.427 [info] > git for-each-ref --format=%(refname)%00%(upstream:short)%00%(objectname)%00%(upstream:track)%00%(upstream:remotename)%00%(upstream:remoteref) refs/heads/main refs/remotes/main [3ms]
2023-03-25 06:02:13.474 [info] > git status -z -uall [41ms]
2023-03-25 06:02:15.285 [info] > git log --format=%H%n%aN%n%aE%n%at%n%ct%n%P%n%D%n%B -z -n120 -- /web/users/projects/202223/quicknotes/Testing/resetpassword.html [7ms]
2023-03-25 06:02:18.508 [info] > git config --get commit.template [9ms]
2023-03-25 06:02:18.510 [info] > git for-each-ref --format=%(refname)%00%(upstream:short)%00%(objectname)%00%(upstream:track)%00%(upstream:remotename)%00%(upstream:remoteref) refs/heads/main refs/remotes/main [3ms]
2023-03-25 06:02:18.571 [info] > git status -z -uall [43ms]
2023-03-25 06:02:23.607 [info] > git config --get commit.template [10ms]
2023-03-25 06:02:23.610 [info] > git for-each-ref --format=%(refname)%00%(upstream:short)%00%(objectname)%00%(upstream:track)%00%(upstream:remotename)%00%(upstream:remoteref) refs/heads/main refs/remotes/main [4ms]
2023-03-25 06:02:23.659 [info] > git status -z -uall [42ms]
2023-03-25 06:02:28.692 [info] > git config --get commit.template [8ms]
2023-03-25 06:02:28.694 [info] > git for-each-ref --format=%(refname)%00%(upstream:short)%00%(objectname)%00%(upstream:track)%00%(upstream:remotename)%00%(upstream:remoteref) refs/heads/main refs/remotes/main [2ms]
2023-03-25 06:02:28.740 [info] > git status -z -uall [41ms]
2023-03-25 06:02:30.246 [info] > git log --format=%H%n%aN%n%aE%n%at%n%ct%n%P%n%D%n%B -z -n120 -- /web/users/projects/202223/quicknotes/Testing/index.html [6ms]
2023-03-25 06:02:33.778 [info] > git config --get commit.template [9ms]
2023-03-25 06:02:33.780 [info] > git for-each-ref --format=%(refname)%00%(upstream:short)%00%(objectname)%00%(upstream:track)%00%(upstream:remotename)%00%(upstream:remoteref) refs/heads/main refs/remotes/main [3ms]
2023-03-25 06:02:33.829 [info] > git status -z -uall [43ms]
2023-03-25 06:02:34.625 [info] > git log --format=%H%n%aN%n%aE%n%at%n%ct%n%P%n%D%n%B -z -n120 -- /web/users/projects/202223/quicknotes/Testing/resetpassword.html [12ms]
2023-03-25 06:02:34.839 [info] > git show --textconv :Testing/resetpassword.html [12ms]
2023-03-25 06:02:34.846 [info] > git ls-files --stage -- /web/users/projects/202223/quicknotes/Testing/resetpassword.html [7ms]
2023-03-25 06:02:38.871 [info] > git config --get commit.template [11ms]
2023-03-25 06:02:38.873 [info] > git for-each-ref --format=%(refname)%00%(upstream:short)%00%(objectname)%00%(upstream:track)%00%(upstream:remotename)%00%(upstream:remoteref) refs/heads/main refs/remotes/main [2ms]
2023-03-25 06:02:38.926 [info] > git status -z -uall [48ms]
2023-03-25 06:02:43.969 [info] > git config --get commit.template [9ms]
2023-03-25 06:02:43.971 [info] > git for-each-ref --format=%(refname)%00%(upstream:short)%00%(objectname)%00%(upstream:track)%00%(upstream:remotename)%00%(upstream:remoteref) refs/heads/main refs/remotes/main [2ms]
2023-03-25 06:02:44.019 [info] > git status -z -uall [42ms]
2023-03-25 06:02:49.052 [info] > git config --get commit.template [10ms]
2023-03-25 06:02:49.054 [info] > git for-each-ref --format=%(refname)%00%(upstream:short)%00%(objectname)%00%(upstream:track)%00%(upstream:remotename)%00%(upstream:remoteref) refs/heads/main refs/remotes/main [2ms]
2023-03-25 06:02:49.101 [info] > git status -z -uall [41ms]
2023-03-25 06:02:54.135 [info] > git config --get commit.template [7ms]
2023-03-25 06:02:54.136 [info] > git for-each-ref --format=%(refname)%00%(upstream:short)%00%(objectname)%00%(upstream:track)%00%(upstream:remotename)%00%(upstream:remoteref) refs/heads/main refs/remotes/main [2ms]
2023-03-25 06:02:54.185 [info] > git status -z -uall [44ms]
2023-03-25 06:02:59.218 [info] > git config --get commit.template [7ms]
2023-03-25 06:02:59.221 [info] > git for-each-ref --format=%(refname)%00%(upstream:short)%00%(objectname)%00%(upstream:track)%00%(upstream:remotename)%00%(upstream:remoteref) refs/heads/main refs/remotes/main [2ms]
2023-03-25 06:02:59.267 [info] > git status -z -uall [40ms]
2023-03-25 06:03:04.302 [info] > git config --get commit.template [8ms]
2023-03-25 06:03:04.304 [info] > git for-each-ref --format=%(refname)%00%(upstream:short)%00%(objectname)%00%(upstream:track)%00%(upstream:remotename)%00%(upstream:remoteref) refs/heads/main refs/remotes/main [3ms]
2023-03-25 06:03:04.350 [info] > git status -z -uall [40ms]
2023-03-25 06:03:09.386 [info] > git config --get commit.template [10ms]
2023-03-25 06:03:09.388 [info] > git for-each-ref --format=%(refname)%00%(upstream:short)%00%(objectname)%00%(upstream:track)%00%(upstream:remotename)%00%(upstream:remoteref) refs/heads/main refs/remotes/main [3ms]
2023-03-25 06:03:09.434 [info] > git status -z -uall [40ms]
2023-03-25 06:03:14.474 [info] > git config --get commit.template [10ms]
2023-03-25 06:03:14.476 [info] > git for-each-ref --format=%(refname)%00%(upstream:short)%00%(objectname)%00%(upstream:track)%00%(upstream:remotename)%00%(upstream:remoteref) refs/heads/main refs/remotes/main [3ms]
2023-03-25 06:03:14.524 [info] > git status -z -uall [41ms]
2023-03-25 06:03:19.560 [info] > git config --get commit.template [9ms]
2023-03-25 06:03:19.562 [info] > git for-each-ref --format=%(refname)%00%(upstream:short)%00%(objectname)%00%(upstream:track)%00%(upstream:remotename)%00%(upstream:remoteref) refs/heads/main refs/remotes/main [3ms]
2023-03-25 06:03:19.609 [info] > git status -z -uall [41ms]
2023-03-25 06:03:24.644 [info] > git config --get commit.template [8ms]
2023-03-25 06:03:24.646 [info] > git for-each-ref --format=%(refname)%00%(upstream:short)%00%(objectname)%00%(upstream:track)%00%(upstream:remotename)%00%(upstream:remoteref) refs/heads/main refs/remotes/main [3ms]
2023-03-25 06:03:24.694 [info] > git status -z -uall [42ms]
2023-03-25 06:03:29.737 [info] > git config --get commit.template [9ms]
2023-03-25 06:03:29.739 [info] > git for-each-ref --format=%(refname)%00%(upstream:short)%00%(objectname)%00%(upstream:track)%00%(upstream:remotename)%00%(upstream:remoteref) refs/heads/main refs/remotes/main [3ms]
2023-03-25 06:03:29.787 [info] > git status -z -uall [42ms]
2023-03-25 06:03:34.823 [info] > git config --get commit.template [9ms]
2023-03-25 06:03:34.826 [info] > git for-each-ref --format=%(refname)%00%(upstream:short)%00%(objectname)%00%(upstream:track)%00%(upstream:remotename)%00%(upstream:remoteref) refs/heads/main refs/remotes/main [3ms]
2023-03-25 06:03:34.873 [info] > git status -z -uall [41ms]
2023-03-25 06:03:39.911 [info] > git config --get commit.template [9ms]
2023-03-25 06:03:39.913 [info] > git for-each-ref --format=%(refname)%00%(upstream:short)%00%(objectname)%00%(upstream:track)%00%(upstream:remotename)%00%(upstream:remoteref) refs/heads/main refs/remotes/main [3ms]
2023-03-25 06:03:39.960 [info] > git status -z -uall [42ms]
2023-03-25 06:03:44.996 [info] > git config --get commit.template [8ms]
2023-03-25 06:03:44.999 [info] > git for-each-ref --format=%(refname)%00%(upstream:short)%00%(objectname)%00%(upstream:track)%00%(upstream:remotename)%00%(upstream:remoteref) refs/heads/main refs/remotes/main [3ms]
2023-03-25 06:03:45.047 [info] > git status -z -uall [41ms]
2023-03-25 06:03:50.080 [info] > git config --get commit.template [8ms]
2023-03-25 06:03:50.083 [info] > git for-each-ref --format=%(refname)%00%(upstream:short)%00%(objectname)%00%(upstream:track)%00%(upstream:remotename)%00%(upstream:remoteref) refs/heads/main refs/remotes/main [3ms]
2023-03-25 06:03:50.130 [info] > git status -z -uall [41ms]
2023-03-25 06:03:55.165 [info] > git config --get commit.template [9ms]
2023-03-25 06:03:55.168 [info] > git for-each-ref --format=%(refname)%00%(upstream:short)%00%(objectname)%00%(upstream:track)%00%(upstream:remotename)%00%(upstream:remoteref) refs/heads/main refs/remotes/main [4ms]
2023-03-25 06:03:55.215 [info] > git status -z -uall [41ms]
2023-03-25 06:04:00.249 [info] > git config --get commit.template [8ms]
2023-03-25 06:04:00.251 [info] > git for-each-ref --format=%(refname)%00%(upstream:short)%00%(objectname)%00%(upstream:track)%00%(upstream:remotename)%00%(upstream:remoteref) refs/heads/main refs/remotes/main [3ms]
2023-03-25 06:04:00.299 [info] > git status -z -uall [43ms]
2023-03-25 06:04:05.354 [info] > git config --get commit.template [10ms]
2023-03-25 06:04:05.356 [info] > git for-each-ref --format=%(refname)%00%(upstream:short)%00%(objectname)%00%(upstream:track)%00%(upstream:remotename)%00%(upstream:remoteref) refs/heads/main refs/remotes/main [3ms]
2023-03-25 06:04:05.405 [info] > git status -z -uall [43ms]
