2023-03-20 09:46:27.166 [info] Log level: Info
2023-03-20 09:46:27.167 [info] Validating found git in: "git"
2023-03-20 09:46:27.167 [info] Using git "2.25.1" from "git"
2023-03-20 09:46:27.168 [info] > git rev-parse --show-toplevel [32ms]
2023-03-20 09:46:27.168 [info] > git rev-parse --git-dir --git-common-dir [42ms]
2023-03-20 09:46:27.168 [info] Open repository: /web/users/projects/202223/quicknotes
2023-03-20 09:46:27.168 [info] > git rev-parse --show-toplevel [48ms]
2023-03-20 09:46:27.169 [info] > git for-each-ref --format=%(refname)%00%(upstream:short)%00%(objectname)%00%(upstream:track)%00%(upstream:remotename)%00%(upstream:remoteref) refs/heads/main refs/remotes/main [30ms]
2023-03-20 09:46:27.169 [info] > git rev-parse --show-toplevel [55ms]
2023-03-20 09:46:27.170 [info] > git rev-parse --show-toplevel [6ms]
2023-03-20 09:46:27.170 [info] > git rev-parse --show-toplevel [5ms]
2023-03-20 09:46:27.170 [info] > git status -z -uall [162ms]
2023-03-20 09:46:27.170 [info] > git rev-parse --show-toplevel [93ms]
2023-03-20 09:46:27.171 [info] > git rev-parse --show-toplevel [13ms]
2023-03-20 09:46:27.171 [info] > git rev-parse --show-toplevel [14ms]
2023-03-20 09:46:27.171 [info] > git for-each-ref --format=%(refname)%00%(upstream:short)%00%(objectname)%00%(upstream:track)%00%(upstream:remotename)%00%(upstream:remoteref) refs/heads/main refs/remotes/main [14ms]
2023-03-20 09:46:27.172 [info] > git rev-parse --show-toplevel [6ms]
2023-03-20 09:46:27.172 [info] > git rev-parse --show-toplevel [94ms]
2023-03-20 09:46:27.172 [info] > git status -z -uall [108ms]
2023-03-20 09:46:27.249 [info] > git check-ignore -v -z --stdin [34ms]
2023-03-20 09:46:27.466 [info] > git show --textconv :Testing/main.php [9ms]
2023-03-20 09:46:27.472 [info] > git ls-files --stage -- /web/users/projects/202223/quicknotes/Testing/main.php [7ms]
2023-03-20 09:46:27.480 [info] > git cat-file -s ce3410328dec40a61ec965eb77b74327433d216e [1ms]
2023-03-20 09:48:47.442 [info] > git check-ignore -v -z --stdin [9ms]
2023-03-20 09:49:10.640 [info] > git show --textconv :Testing/stylecoulmn2.css [13ms]
2023-03-20 09:49:10.653 [info] > git ls-files --stage -- /web/users/projects/202223/quicknotes/Testing/stylecoulmn2.css [13ms]
2023-03-20 09:49:10.658 [info] > git cat-file -s 580a9e21dcda83895e74a09b7e800bbc22a6bcf9 [1ms]
2023-03-20 09:49:23.652 [info] > git show --textconv :Testing/search.php [18ms]
2023-03-20 09:49:23.653 [info] > git ls-files --stage -- /web/users/projects/202223/quicknotes/Testing/search.php [7ms]
2023-03-20 09:49:23.669 [info] > git cat-file -s 49dd22d3ae7c8fc4f40ae5d263e5a2c0827cd735 [5ms]
2023-03-20 09:49:34.933 [info] > git show --textconv :Testing/sidebar.php [15ms]
2023-03-20 09:49:34.936 [info] > git ls-files --stage -- /web/users/projects/202223/quicknotes/Testing/sidebar.php [7ms]
2023-03-20 09:49:34.943 [info] > git cat-file -s b0bfec5e61d458d791af33514b815b6b0d0799fa [2ms]
2023-03-20 09:51:02.892 [info] > git show --textconv :Testing/sidebar.php [14ms]
2023-03-20 09:51:02.894 [info] > git ls-files --stage -- /web/users/projects/202223/quicknotes/Testing/sidebar.php [8ms]
2023-03-20 09:51:02.901 [info] > git cat-file -s b0bfec5e61d458d791af33514b815b6b0d0799fa [1ms]
2023-03-20 09:51:27.673 [info] > git show --textconv :Testing/leftcolumn2.php [15ms]
2023-03-20 09:51:27.675 [info] > git ls-files --stage -- /web/users/projects/202223/quicknotes/Testing/leftcolumn2.php [10ms]
2023-03-20 09:51:27.682 [info] > git cat-file -s 496b8aba0e478802056880c9b8ce6bde7e015991 [1ms]
2023-03-20 09:51:36.341 [info] > git show --textconv :Testing/sidebar.php [10ms]
2023-03-20 09:51:36.347 [info] > git ls-files --stage -- /web/users/projects/202223/quicknotes/Testing/sidebar.php [6ms]
2023-03-20 09:51:36.361 [info] > git cat-file -s b0bfec5e61d458d791af33514b815b6b0d0799fa [8ms]
2023-03-20 09:51:53.591 [info] > git show --textconv :Testing/sidebar.php [11ms]
2023-03-20 09:51:53.596 [info] > git ls-files --stage -- /web/users/projects/202223/quicknotes/Testing/sidebar.php [7ms]
2023-03-20 09:51:53.604 [info] > git cat-file -s b0bfec5e61d458d791af33514b815b6b0d0799fa [3ms]
2023-03-20 09:52:22.121 [info] > git show --textconv :Testing/index2.php [11ms]
2023-03-20 09:52:22.127 [info] > git ls-files --stage -- /web/users/projects/202223/quicknotes/Testing/index2.php [7ms]
2023-03-20 09:52:22.135 [info] > git cat-file -s bb2f3b0ce5133ee26a2b5ec53b34a4a74f3228f3 [3ms]
2023-03-20 09:54:12.461 [info] > git for-each-ref --format=%(refname)%00%(upstream:short)%00%(objectname)%00%(upstream:track)%00%(upstream:remotename)%00%(upstream:remoteref) refs/heads/main refs/remotes/main [3ms]
2023-03-20 09:54:12.510 [info] > git status -z -uall [44ms]
2023-03-20 09:54:17.555 [info] > git for-each-ref --format=%(refname)%00%(upstream:short)%00%(objectname)%00%(upstream:track)%00%(upstream:remotename)%00%(upstream:remoteref) refs/heads/main refs/remotes/main [15ms]
2023-03-20 09:54:17.735 [info] > git status -z -uall [168ms]
2023-03-20 10:00:02.255 [info] > git show --textconv :Testing/stylecolumn.css [11ms]
2023-03-20 10:00:02.261 [info] > git ls-files --stage -- /web/users/projects/202223/quicknotes/Testing/stylecolumn.css [6ms]
2023-03-20 10:00:02.267 [info] > git cat-file -s 00171f334c8216d6b6f3c4589aa77919f427cf22 [2ms]
2023-03-20 10:00:05.085 [info] > git show --textconv :Testing/style2.css [10ms]
2023-03-20 10:00:05.090 [info] > git ls-files --stage -- /web/users/projects/202223/quicknotes/Testing/style2.css [6ms]
2023-03-20 10:00:05.097 [info] > git cat-file -s 13aa6fac6f3faf597ffb777264b643e70e4c217a [2ms]
2023-03-20 10:23:00.133 [info] > git check-ignore -v -z --stdin [10ms]
2023-03-20 10:28:39.857 [info] > git ls-files --stage -- /web/users/projects/202223/quicknotes/Testing/stylecolumn.css [9ms]
2023-03-20 10:28:39.864 [info] > git ls-files --stage -- /web/users/projects/202223/quicknotes/Testing/index2.php [24ms]
2023-03-20 10:28:39.870 [info] > git ls-files --stage -- /web/users/projects/202223/quicknotes/Testing/leftcolumn2.php [37ms]
2023-03-20 10:28:39.874 [info] > git ls-files --stage -- /web/users/projects/202223/quicknotes/Testing/search.php [49ms]
2023-03-20 10:28:39.879 [info] > git ls-files --stage -- /web/users/projects/202223/quicknotes/Testing/stylecoulmn2.css [62ms]
2023-03-20 10:28:39.884 [info] > git ls-files --stage -- /web/users/projects/202223/quicknotes/Testing/main.php [77ms]
2023-03-20 10:28:39.889 [info] > git cat-file -s 580a9e21dcda83895e74a09b7e800bbc22a6bcf9 [6ms]
2023-03-20 10:28:39.890 [info] > git cat-file -s 49dd22d3ae7c8fc4f40ae5d263e5a2c0827cd735 [11ms]
2023-03-20 10:28:39.890 [info] > git cat-file -s 496b8aba0e478802056880c9b8ce6bde7e015991 [16ms]
2023-03-20 10:28:39.891 [info] > git cat-file -s bb2f3b0ce5133ee26a2b5ec53b34a4a74f3228f3 [22ms]
2023-03-20 10:28:39.891 [info] > git cat-file -s 00171f334c8216d6b6f3c4589aa77919f427cf22 [27ms]
2023-03-20 10:28:39.892 [info] > git ls-files --stage -- /web/users/projects/202223/quicknotes/Testing/style2.css [35ms]
2023-03-20 10:28:39.898 [info] > git cat-file -s ce3410328dec40a61ec965eb77b74327433d216e [9ms]
2023-03-20 10:28:39.900 [info] > git cat-file -s 13aa6fac6f3faf597ffb777264b643e70e4c217a [3ms]
2023-03-20 10:28:39.938 [info] > git show --textconv :Testing/stylecoulmn2.css [27ms]
2023-03-20 10:28:39.938 [info] > git show --textconv :Testing/search.php [21ms]
2023-03-20 10:28:39.939 [info] > git show --textconv :Testing/leftcolumn2.php [13ms]
2023-03-20 10:28:39.943 [info] > git show --textconv :Testing/index2.php [12ms]
2023-03-20 10:28:39.958 [info] > git show --textconv :Testing/stylecolumn.css [21ms]
2023-03-20 10:28:39.960 [info] > git show --textconv :Testing/main.php [9ms]
2023-03-20 10:28:39.964 [info] > git show --textconv :Testing/style2.css [7ms]
2023-03-20 10:28:40.227 [info] > git for-each-ref --format=%(refname)%00%(upstream:short)%00%(objectname)%00%(upstream:track)%00%(upstream:remotename)%00%(upstream:remoteref) refs/heads/main refs/remotes/main [3ms]
2023-03-20 10:28:40.273 [info] > git status -z -uall [39ms]
2023-03-20 10:28:45.292 [info] > git for-each-ref --format=%(refname)%00%(upstream:short)%00%(objectname)%00%(upstream:track)%00%(upstream:remotename)%00%(upstream:remoteref) refs/heads/main refs/remotes/main [3ms]
2023-03-20 10:28:45.345 [info] > git status -z -uall [46ms]
2023-03-20 10:28:50.365 [info] > git for-each-ref --format=%(refname)%00%(upstream:short)%00%(objectname)%00%(upstream:track)%00%(upstream:remotename)%00%(upstream:remoteref) refs/heads/main refs/remotes/main [5ms]
2023-03-20 10:28:50.461 [info] > git status -z -uall [91ms]
2023-03-20 10:28:55.482 [info] > git for-each-ref --format=%(refname)%00%(upstream:short)%00%(objectname)%00%(upstream:track)%00%(upstream:remotename)%00%(upstream:remoteref) refs/heads/main refs/remotes/main [3ms]
2023-03-20 10:28:55.574 [info] > git status -z -uall [87ms]
2023-03-20 10:29:00.596 [info] > git for-each-ref --format=%(refname)%00%(upstream:short)%00%(objectname)%00%(upstream:track)%00%(upstream:remotename)%00%(upstream:remoteref) refs/heads/main refs/remotes/main [2ms]
2023-03-20 10:29:00.651 [info] > git status -z -uall [49ms]
2023-03-20 10:29:05.669 [info] > git for-each-ref --format=%(refname)%00%(upstream:short)%00%(objectname)%00%(upstream:track)%00%(upstream:remotename)%00%(upstream:remoteref) refs/heads/main refs/remotes/main [4ms]
2023-03-20 10:29:05.714 [info] > git status -z -uall [41ms]
2023-03-20 10:29:10.735 [info] > git for-each-ref --format=%(refname)%00%(upstream:short)%00%(objectname)%00%(upstream:track)%00%(upstream:remotename)%00%(upstream:remoteref) refs/heads/main refs/remotes/main [2ms]
2023-03-20 10:29:10.780 [info] > git status -z -uall [41ms]
2023-03-20 10:29:15.798 [info] > git for-each-ref --format=%(refname)%00%(upstream:short)%00%(objectname)%00%(upstream:track)%00%(upstream:remotename)%00%(upstream:remoteref) refs/heads/main refs/remotes/main [3ms]
2023-03-20 10:29:15.851 [info] > git status -z -uall [48ms]
2023-03-20 10:29:20.933 [info] > git for-each-ref --format=%(refname)%00%(upstream:short)%00%(objectname)%00%(upstream:track)%00%(upstream:remotename)%00%(upstream:remoteref) refs/heads/main refs/remotes/main [19ms]
2023-03-20 10:29:21.011 [info] > git status -z -uall [70ms]
2023-03-20 10:29:26.033 [info] > git for-each-ref --format=%(refname)%00%(upstream:short)%00%(objectname)%00%(upstream:track)%00%(upstream:remotename)%00%(upstream:remoteref) refs/heads/main refs/remotes/main [4ms]
2023-03-20 10:29:26.081 [info] > git status -z -uall [42ms]
2023-03-20 10:29:31.099 [info] > git for-each-ref --format=%(refname)%00%(upstream:short)%00%(objectname)%00%(upstream:track)%00%(upstream:remotename)%00%(upstream:remoteref) refs/heads/main refs/remotes/main [4ms]
2023-03-20 10:29:31.149 [info] > git status -z -uall [44ms]
2023-03-20 10:29:36.170 [info] > git for-each-ref --format=%(refname)%00%(upstream:short)%00%(objectname)%00%(upstream:track)%00%(upstream:remotename)%00%(upstream:remoteref) refs/heads/main refs/remotes/main [3ms]
2023-03-20 10:29:36.221 [info] > git status -z -uall [45ms]
2023-03-20 10:29:41.239 [info] > git for-each-ref --format=%(refname)%00%(upstream:short)%00%(objectname)%00%(upstream:track)%00%(upstream:remotename)%00%(upstream:remoteref) refs/heads/main refs/remotes/main [4ms]
2023-03-20 10:29:41.289 [info] > git status -z -uall [44ms]
2023-03-20 10:29:46.310 [info] > git for-each-ref --format=%(refname)%00%(upstream:short)%00%(objectname)%00%(upstream:track)%00%(upstream:remotename)%00%(upstream:remoteref) refs/heads/main refs/remotes/main [2ms]
2023-03-20 10:29:46.358 [info] > git status -z -uall [43ms]
2023-03-20 10:29:51.379 [info] > git for-each-ref --format=%(refname)%00%(upstream:short)%00%(objectname)%00%(upstream:track)%00%(upstream:remotename)%00%(upstream:remoteref) refs/heads/main refs/remotes/main [2ms]
2023-03-20 10:29:51.426 [info] > git status -z -uall [41ms]
2023-03-20 10:29:56.445 [info] > git for-each-ref --format=%(refname)%00%(upstream:short)%00%(objectname)%00%(upstream:track)%00%(upstream:remotename)%00%(upstream:remoteref) refs/heads/main refs/remotes/main [4ms]
2023-03-20 10:29:56.494 [info] > git status -z -uall [43ms]
2023-03-20 10:30:01.516 [info] > git for-each-ref --format=%(refname)%00%(upstream:short)%00%(objectname)%00%(upstream:track)%00%(upstream:remotename)%00%(upstream:remoteref) refs/heads/main refs/remotes/main [4ms]
2023-03-20 10:30:01.564 [info] > git status -z -uall [42ms]
2023-03-20 10:30:06.583 [info] > git for-each-ref --format=%(refname)%00%(upstream:short)%00%(objectname)%00%(upstream:track)%00%(upstream:remotename)%00%(upstream:remoteref) refs/heads/main refs/remotes/main [3ms]
2023-03-20 10:30:06.630 [info] > git status -z -uall [42ms]
2023-03-20 10:30:11.651 [info] > git for-each-ref --format=%(refname)%00%(upstream:short)%00%(objectname)%00%(upstream:track)%00%(upstream:remotename)%00%(upstream:remoteref) refs/heads/main refs/remotes/main [3ms]
2023-03-20 10:30:11.699 [info] > git status -z -uall [42ms]
2023-03-20 10:30:16.720 [info] > git for-each-ref --format=%(refname)%00%(upstream:short)%00%(objectname)%00%(upstream:track)%00%(upstream:remotename)%00%(upstream:remoteref) refs/heads/main refs/remotes/main [4ms]
2023-03-20 10:30:16.768 [info] > git status -z -uall [42ms]
2023-03-20 10:30:21.792 [info] > git for-each-ref --format=%(refname)%00%(upstream:short)%00%(objectname)%00%(upstream:track)%00%(upstream:remotename)%00%(upstream:remoteref) refs/heads/main refs/remotes/main [3ms]
2023-03-20 10:30:21.839 [info] > git status -z -uall [41ms]
2023-03-20 10:30:26.860 [info] > git for-each-ref --format=%(refname)%00%(upstream:short)%00%(objectname)%00%(upstream:track)%00%(upstream:remotename)%00%(upstream:remoteref) refs/heads/main refs/remotes/main [3ms]
2023-03-20 10:30:26.909 [info] > git status -z -uall [42ms]
2023-03-20 10:30:31.928 [info] > git for-each-ref --format=%(refname)%00%(upstream:short)%00%(objectname)%00%(upstream:track)%00%(upstream:remotename)%00%(upstream:remoteref) refs/heads/main refs/remotes/main [3ms]
2023-03-20 10:30:31.976 [info] > git status -z -uall [42ms]
2023-03-20 10:30:36.998 [info] > git for-each-ref --format=%(refname)%00%(upstream:short)%00%(objectname)%00%(upstream:track)%00%(upstream:remotename)%00%(upstream:remoteref) refs/heads/main refs/remotes/main [3ms]
2023-03-20 10:30:37.045 [info] > git status -z -uall [42ms]
2023-03-20 10:30:42.069 [info] > git for-each-ref --format=%(refname)%00%(upstream:short)%00%(objectname)%00%(upstream:track)%00%(upstream:remotename)%00%(upstream:remoteref) refs/heads/main refs/remotes/main [3ms]
2023-03-20 10:30:42.117 [info] > git status -z -uall [42ms]
2023-03-20 10:30:47.137 [info] > git for-each-ref --format=%(refname)%00%(upstream:short)%00%(objectname)%00%(upstream:track)%00%(upstream:remotename)%00%(upstream:remoteref) refs/heads/main refs/remotes/main [3ms]
2023-03-20 10:30:47.267 [info] > git status -z -uall [124ms]
2023-03-20 10:30:52.292 [info] > git for-each-ref --format=%(refname)%00%(upstream:short)%00%(objectname)%00%(upstream:track)%00%(upstream:remotename)%00%(upstream:remoteref) refs/heads/main refs/remotes/main [4ms]
2023-03-20 10:30:52.338 [info] > git status -z -uall [42ms]
2023-03-20 10:30:57.357 [info] > git for-each-ref --format=%(refname)%00%(upstream:short)%00%(objectname)%00%(upstream:track)%00%(upstream:remotename)%00%(upstream:remoteref) refs/heads/main refs/remotes/main [2ms]
2023-03-20 10:30:57.402 [info] > git status -z -uall [41ms]
2023-03-20 10:31:02.420 [info] > git for-each-ref --format=%(refname)%00%(upstream:short)%00%(objectname)%00%(upstream:track)%00%(upstream:remotename)%00%(upstream:remoteref) refs/heads/main refs/remotes/main [3ms]
2023-03-20 10:31:02.467 [info] > git status -z -uall [42ms]
2023-03-20 10:31:07.488 [info] > git for-each-ref --format=%(refname)%00%(upstream:short)%00%(objectname)%00%(upstream:track)%00%(upstream:remotename)%00%(upstream:remoteref) refs/heads/main refs/remotes/main [4ms]
2023-03-20 10:31:07.536 [info] > git status -z -uall [42ms]
2023-03-20 10:31:12.558 [info] > git for-each-ref --format=%(refname)%00%(upstream:short)%00%(objectname)%00%(upstream:track)%00%(upstream:remotename)%00%(upstream:remoteref) refs/heads/main refs/remotes/main [3ms]
2023-03-20 10:31:12.605 [info] > git status -z -uall [42ms]
2023-03-20 10:31:17.624 [info] > git for-each-ref --format=%(refname)%00%(upstream:short)%00%(objectname)%00%(upstream:track)%00%(upstream:remotename)%00%(upstream:remoteref) refs/heads/main refs/remotes/main [3ms]
2023-03-20 10:31:17.673 [info] > git status -z -uall [42ms]
2023-03-20 10:31:22.688 [info] > git for-each-ref --format=%(refname)%00%(upstream:short)%00%(objectname)%00%(upstream:track)%00%(upstream:remotename)%00%(upstream:remoteref) refs/heads/main refs/remotes/main [3ms]
2023-03-20 10:31:22.760 [info] > git status -z -uall [66ms]
2023-03-20 10:31:27.779 [info] > git for-each-ref --format=%(refname)%00%(upstream:short)%00%(objectname)%00%(upstream:track)%00%(upstream:remotename)%00%(upstream:remoteref) refs/heads/main refs/remotes/main [3ms]
2023-03-20 10:31:27.830 [info] > git status -z -uall [45ms]
2023-03-20 10:31:32.851 [info] > git for-each-ref --format=%(refname)%00%(upstream:short)%00%(objectname)%00%(upstream:track)%00%(upstream:remotename)%00%(upstream:remoteref) refs/heads/main refs/remotes/main [3ms]
2023-03-20 10:31:32.899 [info] > git status -z -uall [42ms]
2023-03-20 10:31:37.918 [info] > git for-each-ref --format=%(refname)%00%(upstream:short)%00%(objectname)%00%(upstream:track)%00%(upstream:remotename)%00%(upstream:remoteref) refs/heads/main refs/remotes/main [2ms]
2023-03-20 10:31:37.966 [info] > git status -z -uall [42ms]
2023-03-20 10:31:42.992 [info] > git for-each-ref --format=%(refname)%00%(upstream:short)%00%(objectname)%00%(upstream:track)%00%(upstream:remotename)%00%(upstream:remoteref) refs/heads/main refs/remotes/main [2ms]
2023-03-20 10:31:43.039 [info] > git status -z -uall [42ms]
2023-03-20 10:31:48.058 [info] > git for-each-ref --format=%(refname)%00%(upstream:short)%00%(objectname)%00%(upstream:track)%00%(upstream:remotename)%00%(upstream:remoteref) refs/heads/main refs/remotes/main [3ms]
2023-03-20 10:31:48.106 [info] > git status -z -uall [42ms]
2023-03-20 10:31:53.129 [info] > git for-each-ref --format=%(refname)%00%(upstream:short)%00%(objectname)%00%(upstream:track)%00%(upstream:remotename)%00%(upstream:remoteref) refs/heads/main refs/remotes/main [5ms]
2023-03-20 10:31:53.231 [info] > git status -z -uall [91ms]
2023-03-20 10:31:58.257 [info] > git for-each-ref --format=%(refname)%00%(upstream:short)%00%(objectname)%00%(upstream:track)%00%(upstream:remotename)%00%(upstream:remoteref) refs/heads/main refs/remotes/main [5ms]
2023-03-20 10:31:58.308 [info] > git status -z -uall [45ms]
2023-03-20 10:32:03.328 [info] > git for-each-ref --format=%(refname)%00%(upstream:short)%00%(objectname)%00%(upstream:track)%00%(upstream:remotename)%00%(upstream:remoteref) refs/heads/main refs/remotes/main [3ms]
2023-03-20 10:32:03.376 [info] > git status -z -uall [42ms]
2023-03-20 10:32:08.394 [info] > git for-each-ref --format=%(refname)%00%(upstream:short)%00%(objectname)%00%(upstream:track)%00%(upstream:remotename)%00%(upstream:remoteref) refs/heads/main refs/remotes/main [4ms]
2023-03-20 10:32:08.444 [info] > git status -z -uall [44ms]
2023-03-20 10:32:13.469 [info] > git for-each-ref --format=%(refname)%00%(upstream:short)%00%(objectname)%00%(upstream:track)%00%(upstream:remotename)%00%(upstream:remoteref) refs/heads/main refs/remotes/main [7ms]
2023-03-20 10:32:13.560 [info] > git status -z -uall [84ms]
2023-03-20 10:32:18.589 [info] > git for-each-ref --format=%(refname)%00%(upstream:short)%00%(objectname)%00%(upstream:track)%00%(upstream:remotename)%00%(upstream:remoteref) refs/heads/main refs/remotes/main [6ms]
2023-03-20 10:32:18.689 [info] > git status -z -uall [88ms]
2023-03-20 10:32:23.714 [info] > git for-each-ref --format=%(refname)%00%(upstream:short)%00%(objectname)%00%(upstream:track)%00%(upstream:remotename)%00%(upstream:remoteref) refs/heads/main refs/remotes/main [4ms]
2023-03-20 10:32:23.804 [info] > git status -z -uall [80ms]
2023-03-20 10:32:28.822 [info] > git for-each-ref --format=%(refname)%00%(upstream:short)%00%(objectname)%00%(upstream:track)%00%(upstream:remotename)%00%(upstream:remoteref) refs/heads/main refs/remotes/main [3ms]
2023-03-20 10:32:28.869 [info] > git status -z -uall [42ms]
2023-03-20 10:32:49.858 [info] > git for-each-ref --format=%(refname)%00%(upstream:short)%00%(objectname)%00%(upstream:track)%00%(upstream:remotename)%00%(upstream:remoteref) refs/heads/main refs/remotes/main [3ms]
2023-03-20 10:32:49.916 [info] > git status -z -uall [52ms]
2023-03-20 10:32:54.941 [info] > git for-each-ref --format=%(refname)%00%(upstream:short)%00%(objectname)%00%(upstream:track)%00%(upstream:remotename)%00%(upstream:remoteref) refs/heads/main refs/remotes/main [3ms]
2023-03-20 10:32:54.989 [info] > git status -z -uall [42ms]
2023-03-20 10:33:00.013 [info] > git for-each-ref --format=%(refname)%00%(upstream:short)%00%(objectname)%00%(upstream:track)%00%(upstream:remotename)%00%(upstream:remoteref) refs/heads/main refs/remotes/main [5ms]
2023-03-20 10:33:00.065 [info] > git status -z -uall [43ms]
2023-03-20 10:33:21.828 [info] > git for-each-ref --format=%(refname)%00%(upstream:short)%00%(objectname)%00%(upstream:track)%00%(upstream:remotename)%00%(upstream:remoteref) refs/heads/main refs/remotes/main [2ms]
2023-03-20 10:33:21.875 [info] > git status -z -uall [43ms]
2023-03-20 10:33:26.894 [info] > git for-each-ref --format=%(refname)%00%(upstream:short)%00%(objectname)%00%(upstream:track)%00%(upstream:remotename)%00%(upstream:remoteref) refs/heads/main refs/remotes/main [3ms]
2023-03-20 10:33:26.942 [info] > git status -z -uall [42ms]
2023-03-20 10:33:31.961 [info] > git for-each-ref --format=%(refname)%00%(upstream:short)%00%(objectname)%00%(upstream:track)%00%(upstream:remotename)%00%(upstream:remoteref) refs/heads/main refs/remotes/main [2ms]
2023-03-20 10:33:32.009 [info] > git status -z -uall [42ms]
2023-03-20 10:34:32.491 [info] > git for-each-ref --format=%(refname)%00%(upstream:short)%00%(objectname)%00%(upstream:track)%00%(upstream:remotename)%00%(upstream:remoteref) refs/heads/main refs/remotes/main [4ms]
2023-03-20 10:34:32.539 [info] > git status -z -uall [43ms]
2023-03-20 10:34:37.551 [info] > git for-each-ref --format=%(refname)%00%(upstream:short)%00%(objectname)%00%(upstream:track)%00%(upstream:remotename)%00%(upstream:remoteref) refs/heads/main refs/remotes/main [2ms]
2023-03-20 10:34:37.597 [info] > git status -z -uall [40ms]
2023-03-20 10:34:42.623 [info] > git for-each-ref --format=%(refname)%00%(upstream:short)%00%(objectname)%00%(upstream:track)%00%(upstream:remotename)%00%(upstream:remoteref) refs/heads/main refs/remotes/main [3ms]
2023-03-20 10:34:42.682 [info] > git status -z -uall [53ms]
2023-03-20 10:34:47.706 [info] > git for-each-ref --format=%(refname)%00%(upstream:short)%00%(objectname)%00%(upstream:track)%00%(upstream:remotename)%00%(upstream:remoteref) refs/heads/main refs/remotes/main [6ms]
2023-03-20 10:34:47.756 [info] > git status -z -uall [44ms]
2023-03-20 10:34:52.786 [info] > git for-each-ref --format=%(refname)%00%(upstream:short)%00%(objectname)%00%(upstream:track)%00%(upstream:remotename)%00%(upstream:remoteref) refs/heads/main refs/remotes/main [6ms]
2023-03-20 10:34:52.835 [info] > git status -z -uall [43ms]
2023-03-20 10:34:57.858 [info] > git for-each-ref --format=%(refname)%00%(upstream:short)%00%(objectname)%00%(upstream:track)%00%(upstream:remotename)%00%(upstream:remoteref) refs/heads/main refs/remotes/main [3ms]
2023-03-20 10:34:57.910 [info] > git status -z -uall [46ms]
2023-03-20 10:36:46.193 [info] > git for-each-ref --format=%(refname)%00%(upstream:short)%00%(objectname)%00%(upstream:track)%00%(upstream:remotename)%00%(upstream:remoteref) refs/heads/main refs/remotes/main [6ms]
2023-03-20 10:36:46.301 [info] > git status -z -uall [97ms]
2023-03-20 10:36:51.322 [info] > git for-each-ref --format=%(refname)%00%(upstream:short)%00%(objectname)%00%(upstream:track)%00%(upstream:remotename)%00%(upstream:remoteref) refs/heads/main refs/remotes/main [4ms]
2023-03-20 10:36:51.372 [info] > git status -z -uall [43ms]
2023-03-20 10:37:37.606 [info] > git for-each-ref --format=%(refname)%00%(upstream:short)%00%(objectname)%00%(upstream:track)%00%(upstream:remotename)%00%(upstream:remoteref) refs/heads/main refs/remotes/main [3ms]
2023-03-20 10:37:37.656 [info] > git status -z -uall [45ms]
2023-03-20 10:37:42.678 [info] > git for-each-ref --format=%(refname)%00%(upstream:short)%00%(objectname)%00%(upstream:track)%00%(upstream:remotename)%00%(upstream:remoteref) refs/heads/main refs/remotes/main [3ms]
2023-03-20 10:37:42.725 [info] > git status -z -uall [41ms]
2023-03-20 10:38:14.621 [info] > git for-each-ref --format=%(refname)%00%(upstream:short)%00%(objectname)%00%(upstream:track)%00%(upstream:remotename)%00%(upstream:remoteref) refs/heads/main refs/remotes/main [3ms]
2023-03-20 10:38:14.670 [info] > git status -z -uall [42ms]
