2023-03-20 07:19:50.183 [info] Extension host with pid 822828 started
2023-03-20 07:19:50.220 [info] Lock '/web/users/projects/202223/quicknotes/.vscode-server/data/User/workspaceStorage/3766c4dc35d12b40439d04be46705902/vscode.lock': Lock acquired.
2023-03-20 07:19:50.396 [info] ExtensionService#_doActivateExtension vscode.emmet, startup: false, activationEvent: 'onLanguage'
2023-03-20 07:19:50.397 [info] ExtensionService#_doActivateExtension vscode.css-language-features, startup: false, activationEvent: 'onLanguage:css'
2023-03-20 07:19:50.398 [info] ExtensionService#_doActivateExtension vscode.git-base, startup: true, activationEvent: '*', root cause: vscode.git
2023-03-20 07:19:51.183 [info] ExtensionService#_doActivateExtension vscode.git, startup: true, activationEvent: '*'
2023-03-20 07:19:51.183 [info] ExtensionService#_doActivateExtension vscode.github, startup: true, activationEvent: '*'
2023-03-20 07:19:51.814 [info] Eager extensions activated
2023-03-20 07:19:51.822 [info] ExtensionService#_doActivateExtension vscode.debug-auto-launch, startup: false, activationEvent: 'onStartupFinished'
2023-03-20 07:19:51.824 [info] ExtensionService#_doActivateExtension vscode.merge-conflict, startup: false, activationEvent: 'onStartupFinished'
2023-03-20 07:19:57.457 [info] ExtensionService#_doActivateExtension Blackboxapp.blackbox, startup: false, activationEvent: '*'
2023-03-20 07:21:15.425 [info] ExtensionService#_doActivateExtension vscode.php-language-features, startup: false, activationEvent: 'onLanguage:php'
2023-03-20 07:21:35.902 [error] ReferenceError: fireEvent is not defined
	at /web/users/projects/202223/quicknotes/.vscode-server/extensions/blackboxapp.blackbox-0.10.44/out/extension.js:2496:5
	at f.invoke (/web/users/projects/202223/quicknotes/.vscode-server/bin/5e805b79fcb6ba4c2d23712967df89a089da575b/out/vs/workbench/api/node/extensionHostProcess.js:63:145)
	at m.deliver (/web/users/projects/202223/quicknotes/.vscode-server/bin/5e805b79fcb6ba4c2d23712967df89a089da575b/out/vs/workbench/api/node/extensionHostProcess.js:63:2066)
	at d.fire (/web/users/projects/202223/quicknotes/.vscode-server/bin/5e805b79fcb6ba4c2d23712967df89a089da575b/out/vs/workbench/api/node/extensionHostProcess.js:63:1704)
	at s.dispose (/web/users/projects/202223/quicknotes/.vscode-server/bin/5e805b79fcb6ba4c2d23712967df89a089da575b/out/vs/workbench/api/node/extensionHostProcess.js:98:173040)
	at r.$onDidDisposeWebviewPanel (/web/users/projects/202223/quicknotes/.vscode-server/bin/5e805b79fcb6ba4c2d23712967df89a089da575b/out/vs/workbench/api/node/extensionHostProcess.js:98:175446)
	at a.N (/web/users/projects/202223/quicknotes/.vscode-server/bin/5e805b79fcb6ba4c2d23712967df89a089da575b/out/vs/workbench/api/node/extensionHostProcess.js:106:11223)
	at a.M (/web/users/projects/202223/quicknotes/.vscode-server/bin/5e805b79fcb6ba4c2d23712967df89a089da575b/out/vs/workbench/api/node/extensionHostProcess.js:106:10941)
	at a.H (/web/users/projects/202223/quicknotes/.vscode-server/bin/5e805b79fcb6ba4c2d23712967df89a089da575b/out/vs/workbench/api/node/extensionHostProcess.js:106:10034)
	at a.G (/web/users/projects/202223/quicknotes/.vscode-server/bin/5e805b79fcb6ba4c2d23712967df89a089da575b/out/vs/workbench/api/node/extensionHostProcess.js:106:9015)
	at /web/users/projects/202223/quicknotes/.vscode-server/bin/5e805b79fcb6ba4c2d23712967df89a089da575b/out/vs/workbench/api/node/extensionHostProcess.js:106:7803
	at f.invoke (/web/users/projects/202223/quicknotes/.vscode-server/bin/5e805b79fcb6ba4c2d23712967df89a089da575b/out/vs/workbench/api/node/extensionHostProcess.js:63:145)
	at m.deliver (/web/users/projects/202223/quicknotes/.vscode-server/bin/5e805b79fcb6ba4c2d23712967df89a089da575b/out/vs/workbench/api/node/extensionHostProcess.js:63:2066)
	at d.fire (/web/users/projects/202223/quicknotes/.vscode-server/bin/5e805b79fcb6ba4c2d23712967df89a089da575b/out/vs/workbench/api/node/extensionHostProcess.js:63:1704)
	at p.fire (/web/users/projects/202223/quicknotes/.vscode-server/bin/5e805b79fcb6ba4c2d23712967df89a089da575b/out/vs/workbench/api/node/extensionHostProcess.js:72:14907)
	at /web/users/projects/202223/quicknotes/.vscode-server/bin/5e805b79fcb6ba4c2d23712967df89a089da575b/out/vs/workbench/api/node/extensionHostProcess.js:122:16556
	at f.invoke (/web/users/projects/202223/quicknotes/.vscode-server/bin/5e805b79fcb6ba4c2d23712967df89a089da575b/out/vs/workbench/api/node/extensionHostProcess.js:63:145)
	at m.deliver (/web/users/projects/202223/quicknotes/.vscode-server/bin/5e805b79fcb6ba4c2d23712967df89a089da575b/out/vs/workbench/api/node/extensionHostProcess.js:63:2066)
	at d.fire (/web/users/projects/202223/quicknotes/.vscode-server/bin/5e805b79fcb6ba4c2d23712967df89a089da575b/out/vs/workbench/api/node/extensionHostProcess.js:63:1704)
	at p.fire (/web/users/projects/202223/quicknotes/.vscode-server/bin/5e805b79fcb6ba4c2d23712967df89a089da575b/out/vs/workbench/api/node/extensionHostProcess.js:72:14907)
	at t.E (/web/users/projects/202223/quicknotes/.vscode-server/bin/5e805b79fcb6ba4c2d23712967df89a089da575b/out/vs/workbench/api/node/extensionHostProcess.js:72:18973)
	at /web/users/projects/202223/quicknotes/.vscode-server/bin/5e805b79fcb6ba4c2d23712967df89a089da575b/out/vs/workbench/api/node/extensionHostProcess.js:72:16961
	at f.invoke (/web/users/projects/202223/quicknotes/.vscode-server/bin/5e805b79fcb6ba4c2d23712967df89a089da575b/out/vs/workbench/api/node/extensionHostProcess.js:63:145)
	at m.deliver (/web/users/projects/202223/quicknotes/.vscode-server/bin/5e805b79fcb6ba4c2d23712967df89a089da575b/out/vs/workbench/api/node/extensionHostProcess.js:63:2066)
	at d.fire (/web/users/projects/202223/quicknotes/.vscode-server/bin/5e805b79fcb6ba4c2d23712967df89a089da575b/out/vs/workbench/api/node/extensionHostProcess.js:63:1704)
	at u.acceptChunk (/web/users/projects/202223/quicknotes/.vscode-server/bin/5e805b79fcb6ba4c2d23712967df89a089da575b/out/vs/workbench/api/node/extensionHostProcess.js:72:12638)
	at /web/users/projects/202223/quicknotes/.vscode-server/bin/5e805b79fcb6ba4c2d23712967df89a089da575b/out/vs/workbench/api/node/extensionHostProcess.js:72:11925
	at f.invoke (/web/users/projects/202223/quicknotes/.vscode-server/bin/5e805b79fcb6ba4c2d23712967df89a089da575b/out/vs/workbench/api/node/extensionHostProcess.js:63:145)
	at m.deliver (/web/users/projects/202223/quicknotes/.vscode-server/bin/5e805b79fcb6ba4c2d23712967df89a089da575b/out/vs/workbench/api/node/extensionHostProcess.js:63:2066)
	at d.fire (/web/users/projects/202223/quicknotes/.vscode-server/bin/5e805b79fcb6ba4c2d23712967df89a089da575b/out/vs/workbench/api/node/extensionHostProcess.js:63:1704)
	at d.u (/web/users/projects/202223/quicknotes/.vscode-server/bin/5e805b79fcb6ba4c2d23712967df89a089da575b/out/vs/workbench/api/node/extensionHostProcess.js:72:28891)
2023-03-20 07:24:47.673 [warning] [Decorations] CAPPING events from decorations provider vscode.git 7844
2023-03-20 07:24:49.502 [warning] [Decorations] CAPPING events from decorations provider vscode.git 7844
2023-03-20 07:25:22.879 [warning] [Decorations] CAPPING events from decorations provider vscode.git 7844
2023-03-20 07:25:23.911 [error] {"message":"Failed to execute git","stdout":"","stderr":"","exitCode":1,"gitErrorCode":"NoUserNameConfigured","gitCommand":"config","gitArgs":["config","--get-all","user.name"]}
2023-03-20 07:25:31.124 [warning] [Decorations] CAPPING events from decorations provider vscode.git 7844
2023-03-20 07:25:36.331 [warning] [Decorations] CAPPING events from decorations provider vscode.git 7844
2023-03-20 07:26:17.269 [warning] [Decorations] CAPPING events from decorations provider vscode.git 7844
2023-03-20 07:26:22.467 [warning] [Decorations] CAPPING events from decorations provider vscode.git 7844
2023-03-20 07:26:27.664 [warning] [Decorations] CAPPING events from decorations provider vscode.git 7844
2023-03-20 07:26:32.862 [warning] [Decorations] CAPPING events from decorations provider vscode.git 7844
2023-03-20 07:26:36.296 [info] ExtensionService#_doActivateExtension vscode.npm, startup: false, activationEvent: 'onTerminalQuickFixRequest:ms-vscode.npm-command'
2023-03-20 07:26:38.094 [warning] [Decorations] CAPPING events from decorations provider vscode.git 7844
2023-03-20 07:26:43.296 [warning] [Decorations] CAPPING events from decorations provider vscode.git 7844
2023-03-20 07:26:48.488 [warning] [Decorations] CAPPING events from decorations provider vscode.git 7844
2023-03-20 07:26:57.014 [warning] [Decorations] CAPPING events from decorations provider vscode.git 7844
2023-03-20 07:27:02.199 [warning] [Decorations] CAPPING events from decorations provider vscode.git 7844
2023-03-20 07:27:10.416 [warning] [Decorations] CAPPING events from decorations provider vscode.git 7844
2023-03-20 07:27:15.603 [warning] [Decorations] CAPPING events from decorations provider vscode.git 7844
2023-03-20 07:27:20.800 [warning] [Decorations] CAPPING events from decorations provider vscode.git 7844
2023-03-20 07:27:25.990 [warning] [Decorations] CAPPING events from decorations provider vscode.git 7844
2023-03-20 07:27:58.251 [warning] [Decorations] CAPPING events from decorations provider vscode.git 7844
2023-03-20 07:28:03.452 [warning] [Decorations] CAPPING events from decorations provider vscode.git 7844
2023-03-20 07:28:08.648 [warning] [Decorations] CAPPING events from decorations provider vscode.git 7844
2023-03-20 07:28:21.008 [warning] [Decorations] CAPPING events from decorations provider vscode.git 7844
2023-03-20 07:28:26.204 [warning] [Decorations] CAPPING events from decorations provider vscode.git 7844
2023-03-20 07:28:31.332 [warning] [Decorations] CAPPING events from decorations provider vscode.git 7844
2023-03-20 07:38:17.664 [error] [Blackboxapp.blackbox] provider FAILED
2023-03-20 07:38:17.665 [error] TypeError: Cannot read properties of undefined (reading 'command')
	at /web/users/projects/202223/quicknotes/.vscode-server/bin/5e805b79fcb6ba4c2d23712967df89a089da575b/out/vs/workbench/api/node/extensionHostProcess.js:98:48189
	at Array.map (<anonymous>)
	at ge.provideInlineCompletions (/web/users/projects/202223/quicknotes/.vscode-server/bin/5e805b79fcb6ba4c2d23712967df89a089da575b/out/vs/workbench/api/node/extensionHostProcess.js:98:48165)
	at runMicrotasks (<anonymous>)
	at processTicksAndRejections (node:internal/process/task_queues:96:5)
2023-03-20 07:38:43.207 [error] [Blackboxapp.blackbox] provider FAILED
2023-03-20 07:38:43.208 [error] TypeError: Cannot read properties of undefined (reading 'command')
	at /web/users/projects/202223/quicknotes/.vscode-server/bin/5e805b79fcb6ba4c2d23712967df89a089da575b/out/vs/workbench/api/node/extensionHostProcess.js:98:48189
	at Array.map (<anonymous>)
	at ge.provideInlineCompletions (/web/users/projects/202223/quicknotes/.vscode-server/bin/5e805b79fcb6ba4c2d23712967df89a089da575b/out/vs/workbench/api/node/extensionHostProcess.js:98:48165)
	at runMicrotasks (<anonymous>)
	at processTicksAndRejections (node:internal/process/task_queues:96:5)
2023-03-20 08:22:11.254 [info] ExtensionService#_doActivateExtension vscode.configuration-editing, startup: false, activationEvent: 'onLanguage:jsonc'
2023-03-20 08:22:11.256 [info] ExtensionService#_doActivateExtension vscode.json-language-features, startup: false, activationEvent: 'onLanguage:jsonc'
2023-03-20 08:22:11.257 [info] ExtensionService#_doActivateExtension vscode.typescript-language-features, startup: false, activationEvent: 'onLanguage:jsonc'
2023-03-20 08:23:06.534 [info] Extension host terminating: received terminate message from renderer
2023-03-20 08:23:06.535 [info] Lock '/web/users/projects/202223/quicknotes/.vscode-server/data/User/workspaceStorage/3766c4dc35d12b40439d04be46705902/vscode.lock': Marking the lockfile as scheduled to be released in 6000 ms.
2023-03-20 08:23:06.576 [error] Canceled: Canceled
	at new l (/web/users/projects/202223/quicknotes/.vscode-server/bin/5e805b79fcb6ba4c2d23712967df89a089da575b/out/vs/workbench/api/node/extensionHostProcess.js:96:88793)
	at a.O (/web/users/projects/202223/quicknotes/.vscode-server/bin/5e805b79fcb6ba4c2d23712967df89a089da575b/out/vs/workbench/api/node/extensionHostProcess.js:106:11260)
	at Proxy.V.<computed>.Q.charCodeAt.V.<computed> (/web/users/projects/202223/quicknotes/.vscode-server/bin/5e805b79fcb6ba4c2d23712967df89a089da575b/out/vs/workbench/api/node/extensionHostProcess.js:106:8550)
	at c.g (/web/users/projects/202223/quicknotes/.vscode-server/bin/5e805b79fcb6ba4c2d23712967df89a089da575b/out/vs/workbench/api/node/extensionHostProcess.js:96:108198)
	at c.executeCommand (/web/users/projects/202223/quicknotes/.vscode-server/bin/5e805b79fcb6ba4c2d23712967df89a089da575b/out/vs/workbench/api/node/extensionHostProcess.js:96:107574)
	at N.registerCommand.description (/web/users/projects/202223/quicknotes/.vscode-server/bin/5e805b79fcb6ba4c2d23712967df89a089da575b/out/vs/workbench/api/node/extensionHostProcess.js:96:106867)
	at c.h (/web/users/projects/202223/quicknotes/.vscode-server/bin/5e805b79fcb6ba4c2d23712967df89a089da575b/out/vs/workbench/api/node/extensionHostProcess.js:96:108784)
	at c.g (/web/users/projects/202223/quicknotes/.vscode-server/bin/5e805b79fcb6ba4c2d23712967df89a089da575b/out/vs/workbench/api/node/extensionHostProcess.js:96:107674)
	at c.executeCommand (/web/users/projects/202223/quicknotes/.vscode-server/bin/5e805b79fcb6ba4c2d23712967df89a089da575b/out/vs/workbench/api/node/extensionHostProcess.js:96:107574)
	at Object.executeCommand (/web/users/projects/202223/quicknotes/.vscode-server/bin/5e805b79fcb6ba4c2d23712967df89a089da575b/out/vs/workbench/api/node/extensionHostProcess.js:117:30781)
	at D (/web/users/projects/202223/quicknotes/.vscode-server/bin/5e805b79fcb6ba4c2d23712967df89a089da575b/extensions/git/dist/main.js:2:1467127)
	at f.invoke (/web/users/projects/202223/quicknotes/.vscode-server/bin/5e805b79fcb6ba4c2d23712967df89a089da575b/out/vs/workbench/api/node/extensionHostProcess.js:63:145)
	at m.deliver (/web/users/projects/202223/quicknotes/.vscode-server/bin/5e805b79fcb6ba4c2d23712967df89a089da575b/out/vs/workbench/api/node/extensionHostProcess.js:63:2066)
	at d.fire (/web/users/projects/202223/quicknotes/.vscode-server/bin/5e805b79fcb6ba4c2d23712967df89a089da575b/out/vs/workbench/api/node/extensionHostProcess.js:63:1704)
	at Object.m [as dispose] (/web/users/projects/202223/quicknotes/.vscode-server/bin/5e805b79fcb6ba4c2d23712967df89a089da575b/extensions/git/dist/main.js:2:1481856)
	at /web/users/projects/202223/quicknotes/.vscode-server/bin/5e805b79fcb6ba4c2d23712967df89a089da575b/extensions/git/dist/main.js:2:1485923
	at Array.forEach (<anonymous>)
	at g.dispose (/web/users/projects/202223/quicknotes/.vscode-server/bin/5e805b79fcb6ba4c2d23712967df89a089da575b/extensions/git/dist/main.js:2:1485909)
	at D.<anonymous> (/web/users/projects/202223/quicknotes/.vscode-server/bin/5e805b79fcb6ba4c2d23712967df89a089da575b/out/vs/workbench/api/node/extensionHostProcess.js:94:12431)
	at D.dispose (/web/users/projects/202223/quicknotes/.vscode-server/bin/5e805b79fcb6ba4c2d23712967df89a089da575b/out/vs/workbench/api/node/extensionHostProcess.js:94:12566)
	at D.<anonymous> (/web/users/projects/202223/quicknotes/.vscode-server/bin/5e805b79fcb6ba4c2d23712967df89a089da575b/extensions/git/dist/main.js:2:1469257)
	at D.dispose (/web/users/projects/202223/quicknotes/.vscode-server/bin/5e805b79fcb6ba4c2d23712967df89a089da575b/out/vs/workbench/api/node/extensionHostProcess.js:94:12566)
	at k (/web/users/projects/202223/quicknotes/.vscode-server/bin/5e805b79fcb6ba4c2d23712967df89a089da575b/out/vs/workbench/api/node/extensionHostProcess.js:10:12074)
	at f.X (/web/users/projects/202223/quicknotes/.vscode-server/bin/5e805b79fcb6ba4c2d23712967df89a089da575b/out/vs/workbench/api/node/extensionHostProcess.js:108:11284)
	at /web/users/projects/202223/quicknotes/.vscode-server/bin/5e805b79fcb6ba4c2d23712967df89a089da575b/out/vs/workbench/api/node/extensionHostProcess.js:108:9088
	at Array.map (<anonymous>)
	at f.Q (/web/users/projects/202223/quicknotes/.vscode-server/bin/5e805b79fcb6ba4c2d23712967df89a089da575b/out/vs/workbench/api/node/extensionHostProcess.js:108:9075)
	at f.terminate (/web/users/projects/202223/quicknotes/.vscode-server/bin/5e805b79fcb6ba4c2d23712967df89a089da575b/out/vs/workbench/api/node/extensionHostProcess.js:108:9347)
	at u.terminate (/web/users/projects/202223/quicknotes/.vscode-server/bin/5e805b79fcb6ba4c2d23712967df89a089da575b/out/vs/workbench/api/node/extensionHostProcess.js:112:1397)
	at p (/web/users/projects/202223/quicknotes/.vscode-server/bin/5e805b79fcb6ba4c2d23712967df89a089da575b/out/vs/workbench/api/node/extensionHostProcess.js:122:18592)
	at /web/users/projects/202223/quicknotes/.vscode-server/bin/5e805b79fcb6ba4c2d23712967df89a089da575b/out/vs/workbench/api/node/extensionHostProcess.js:122:16502
	at f.invoke (/web/users/projects/202223/quicknotes/.vscode-server/bin/5e805b79fcb6ba4c2d23712967df89a089da575b/out/vs/workbench/api/node/extensionHostProcess.js:63:145)
	at m.deliver (/web/users/projects/202223/quicknotes/.vscode-server/bin/5e805b79fcb6ba4c2d23712967df89a089da575b/out/vs/workbench/api/node/extensionHostProcess.js:63:2066)
	at d.fire (/web/users/projects/202223/quicknotes/.vscode-server/bin/5e805b79fcb6ba4c2d23712967df89a089da575b/out/vs/workbench/api/node/extensionHostProcess.js:63:1704)
	at p.fire (/web/users/projects/202223/quicknotes/.vscode-server/bin/5e805b79fcb6ba4c2d23712967df89a089da575b/out/vs/workbench/api/node/extensionHostProcess.js:72:14907)
	at t.E (/web/users/projects/202223/quicknotes/.vscode-server/bin/5e805b79fcb6ba4c2d23712967df89a089da575b/out/vs/workbench/api/node/extensionHostProcess.js:72:18973)
	at /web/users/projects/202223/quicknotes/.vscode-server/bin/5e805b79fcb6ba4c2d23712967df89a089da575b/out/vs/workbench/api/node/extensionHostProcess.js:72:18152
	at f.invoke (/web/users/projects/202223/quicknotes/.vscode-server/bin/5e805b79fcb6ba4c2d23712967df89a089da575b/out/vs/workbench/api/node/extensionHostProcess.js:63:145)
	at m.deliver (/web/users/projects/202223/quicknotes/.vscode-server/bin/5e805b79fcb6ba4c2d23712967df89a089da575b/out/vs/workbench/api/node/extensionHostProcess.js:63:2066)
	at d.fire (/web/users/projects/202223/quicknotes/.vscode-server/bin/5e805b79fcb6ba4c2d23712967df89a089da575b/out/vs/workbench/api/node/extensionHostProcess.js:63:1704)
	at u.acceptChunk (/web/users/projects/202223/quicknotes/.vscode-server/bin/5e805b79fcb6ba4c2d23712967df89a089da575b/out/vs/workbench/api/node/extensionHostProcess.js:72:12638)
	at /web/users/projects/202223/quicknotes/.vscode-server/bin/5e805b79fcb6ba4c2d23712967df89a089da575b/out/vs/workbench/api/node/extensionHostProcess.js:72:11925
	at f.invoke (/web/users/projects/202223/quicknotes/.vscode-server/bin/5e805b79fcb6ba4c2d23712967df89a089da575b/out/vs/workbench/api/node/extensionHostProcess.js:63:145)
	at m.deliver (/web/users/projects/202223/quicknotes/.vscode-server/bin/5e805b79fcb6ba4c2d23712967df89a089da575b/out/vs/workbench/api/node/extensionHostProcess.js:63:2066)
	at d.fire (/web/users/projects/202223/quicknotes/.vscode-server/bin/5e805b79fcb6ba4c2d23712967df89a089da575b/out/vs/workbench/api/node/extensionHostProcess.js:63:1704)
	at d.u (/web/users/projects/202223/quicknotes/.vscode-server/bin/5e805b79fcb6ba4c2d23712967df89a089da575b/out/vs/workbench/api/node/extensionHostProcess.js:72:28891) setContext undefined
2023-03-20 08:23:06.593 [info] Extension host with pid 822828 exiting with code 0
