2023-03-20 07:19:54.089 [info] Log level: Info
2023-03-20 07:19:54.089 [info] Validating found git in: "git"
2023-03-20 07:19:54.089 [info] Using git "2.25.1" from "git"
2023-03-20 07:19:54.089 [info] > git rev-parse --show-toplevel [130ms]
2023-03-20 07:19:54.089 [info] fatal: not a git repository (or any parent up to mount point /web/users)
Stopping at filesystem boundary (GIT_DISCOVERY_ACROSS_FILESYSTEM not set).
2023-03-20 07:19:54.089 [info] > git rev-parse --show-toplevel [4ms]
2023-03-20 07:19:54.090 [info] fatal: not a git repository (or any parent up to mount point /web/users)
Stopping at filesystem boundary (GIT_DISCOVERY_ACROSS_FILESYSTEM not set).
2023-03-20 07:19:54.090 [info] > git rev-parse --show-toplevel [7ms]
2023-03-20 07:19:54.090 [info] fatal: not a git repository (or any parent up to mount point /web/users)
Stopping at filesystem boundary (GIT_DISCOVERY_ACROSS_FILESYSTEM not set).
2023-03-20 07:19:54.090 [info] > git rev-parse --show-toplevel [46ms]
2023-03-20 07:19:54.090 [info] fatal: not a git repository (or any parent up to mount point /web/users)
Stopping at filesystem boundary (GIT_DISCOVERY_ACROSS_FILESYSTEM not set).
2023-03-20 07:19:54.090 [info] > git rev-parse --show-toplevel [10ms]
2023-03-20 07:19:54.090 [info] fatal: not a git repository (or any parent up to mount point /web/users)
Stopping at filesystem boundary (GIT_DISCOVERY_ACROSS_FILESYSTEM not set).
2023-03-20 07:19:54.090 [info] > git rev-parse --show-toplevel [0ms]
2023-03-20 07:19:54.090 [info] fatal: not a git repository (or any parent up to mount point /web/users)
Stopping at filesystem boundary (GIT_DISCOVERY_ACROSS_FILESYSTEM not set).
2023-03-20 07:19:54.090 [info] > git rev-parse --show-toplevel [12ms]
2023-03-20 07:19:54.090 [info] fatal: not a git repository (or any parent up to mount point /web/users)
Stopping at filesystem boundary (GIT_DISCOVERY_ACROSS_FILESYSTEM not set).
2023-03-20 07:19:54.090 [info] > git rev-parse --show-toplevel [16ms]
2023-03-20 07:19:54.090 [info] fatal: not a git repository (or any parent up to mount point /web/users)
Stopping at filesystem boundary (GIT_DISCOVERY_ACROSS_FILESYSTEM not set).
2023-03-20 07:19:54.090 [info] > git rev-parse --show-toplevel [17ms]
2023-03-20 07:19:54.090 [info] fatal: not a git repository (or any parent up to mount point /web/users)
Stopping at filesystem boundary (GIT_DISCOVERY_ACROSS_FILESYSTEM not set).
2023-03-20 07:19:54.090 [info] > git rev-parse --show-toplevel [4ms]
2023-03-20 07:19:54.090 [info] fatal: not a git repository (or any parent up to mount point /web/users)
Stopping at filesystem boundary (GIT_DISCOVERY_ACROSS_FILESYSTEM not set).
2023-03-20 07:21:15.481 [info] > git rev-parse --show-toplevel [47ms]
2023-03-20 07:21:15.481 [info] fatal: not a git repository (or any parent up to mount point /web/users)
Stopping at filesystem boundary (GIT_DISCOVERY_ACROSS_FILESYSTEM not set).
2023-03-20 07:21:19.866 [info] > git rev-parse --show-toplevel [7ms]
2023-03-20 07:21:19.866 [info] fatal: not a git repository (or any parent up to mount point /web/users)
Stopping at filesystem boundary (GIT_DISCOVERY_ACROSS_FILESYSTEM not set).
2023-03-20 07:21:21.292 [info] > git rev-parse --show-toplevel [6ms]
2023-03-20 07:21:21.292 [info] fatal: not a git repository (or any parent up to mount point /web/users)
Stopping at filesystem boundary (GIT_DISCOVERY_ACROSS_FILESYSTEM not set).
2023-03-20 07:21:26.229 [info] > git rev-parse --show-toplevel [9ms]
2023-03-20 07:21:26.229 [info] fatal: not a git repository (or any parent up to mount point /web/users)
Stopping at filesystem boundary (GIT_DISCOVERY_ACROSS_FILESYSTEM not set).
2023-03-20 07:21:29.142 [info] > git rev-parse --show-toplevel [11ms]
2023-03-20 07:21:29.143 [info] fatal: not a git repository (or any parent up to mount point /web/users)
Stopping at filesystem boundary (GIT_DISCOVERY_ACROSS_FILESYSTEM not set).
2023-03-20 07:22:27.933 [info] > git rev-parse --show-toplevel [12ms]
2023-03-20 07:22:27.933 [info] fatal: not a git repository (or any parent up to mount point /web/users)
Stopping at filesystem boundary (GIT_DISCOVERY_ACROSS_FILESYSTEM not set).
2023-03-20 07:22:36.749 [info] > git rev-parse --show-toplevel [7ms]
2023-03-20 07:22:36.749 [info] fatal: not a git repository (or any parent up to mount point /web/users)
Stopping at filesystem boundary (GIT_DISCOVERY_ACROSS_FILESYSTEM not set).
2023-03-20 07:24:45.670 [info] > git init [260ms]
2023-03-20 07:24:45.680 [info] > git rev-parse --show-toplevel [1ms]
2023-03-20 07:24:45.686 [info] > git rev-parse --git-dir --git-common-dir [2ms]
2023-03-20 07:24:45.696 [info] Open repository: /web/users/projects/202223/quicknotes
2023-03-20 07:24:45.718 [info] No remotes found in the git config file.
2023-03-20 07:24:45.720 [info] > git for-each-ref --format=%(refname)%00%(upstream:short)%00%(objectname)%00%(upstream:track)%00%(upstream:remotename)%00%(upstream:remoteref) refs/heads/master refs/remotes/master [3ms]
2023-03-20 07:24:45.728 [info] > git config --get commit.template [15ms]
2023-03-20 07:24:46.063 [info] > git rev-parse --show-toplevel [3ms]
2023-03-20 07:24:46.273 [info] > git show --textconv :QN/index2.php [60ms]
2023-03-20 07:24:46.273 [info] > git show --textconv :QN/loginx.php [54ms]
2023-03-20 07:24:46.274 [info] > git show --textconv :QN/leftcoloumn.php [48ms]
2023-03-20 07:24:46.274 [info] > git show --textconv :QN/stylecoulmn2.css [43ms]
2023-03-20 07:24:46.274 [info] > git show --textconv :QN/style2.css [38ms]
2023-03-20 07:24:46.274 [info] > git show --textconv :Testing/main.php [33ms]
2023-03-20 07:24:46.274 [info] > git ls-files --stage -- /web/users/projects/202223/quicknotes/QN/style2.css [7ms]
2023-03-20 07:24:46.275 [info] > git ls-files --stage -- /web/users/projects/202223/quicknotes/QN/stylecoulmn2.css [12ms]
2023-03-20 07:24:46.277 [info] > git ls-files --stage -- /web/users/projects/202223/quicknotes/QN/leftcoloumn.php [19ms]
2023-03-20 07:24:46.277 [info] > git ls-files --stage -- /web/users/projects/202223/quicknotes/QN/loginx.php [25ms]
2023-03-20 07:24:46.278 [info] > git ls-files --stage -- /web/users/projects/202223/quicknotes/QN/index2.php [32ms]
2023-03-20 07:24:46.281 [info] > git ls-files --stage -- /web/users/projects/202223/quicknotes/Testing/main.php [10ms]
2023-03-20 07:24:46.438 [info] > git check-ignore -v -z --stdin [18ms]
2023-03-20 07:24:47.165 [info] > git ls-files --stage -- /web/users/projects/202223/quicknotes/QN/style2.css [6ms]
2023-03-20 07:24:47.165 [info] > git ls-files --stage -- /web/users/projects/202223/quicknotes/QN/stylecoulmn2.css [11ms]
2023-03-20 07:24:47.166 [info] > git ls-files --stage -- /web/users/projects/202223/quicknotes/QN/leftcoloumn.php [18ms]
2023-03-20 07:24:47.166 [info] > git ls-files --stage -- /web/users/projects/202223/quicknotes/QN/loginx.php [24ms]
2023-03-20 07:24:47.167 [info] > git ls-files --stage -- /web/users/projects/202223/quicknotes/QN/index2.php [33ms]
2023-03-20 07:24:47.169 [info] > git ls-files --stage -- /web/users/projects/202223/quicknotes/Testing/main.php [6ms]
2023-03-20 07:24:47.314 [info] > git show --textconv :QN/style2.css [26ms]
2023-03-20 07:24:47.314 [info] > git show --textconv :QN/stylecoulmn2.css [18ms]
2023-03-20 07:24:47.314 [info] > git show --textconv :QN/leftcoloumn.php [12ms]
2023-03-20 07:24:47.314 [info] > git show --textconv :QN/loginx.php [6ms]
2023-03-20 07:24:47.322 [info] > git show --textconv :QN/index2.php [9ms]
2023-03-20 07:24:47.325 [info] > git show --textconv :Testing/main.php [3ms]
2023-03-20 07:24:47.396 [info] > git status -z -uall [1664ms]
2023-03-20 07:24:49.123 [info] > git config --get commit.template [50ms]
2023-03-20 07:24:49.158 [info] No remotes found in the git config file.
2023-03-20 07:24:49.192 [info] > git for-each-ref --format=%(refname)%00%(upstream:short)%00%(objectname)%00%(upstream:track)%00%(upstream:remotename)%00%(upstream:remoteref) refs/heads/master refs/remotes/master [35ms]
2023-03-20 07:24:49.368 [info] > git status -z -uall [153ms]
2023-03-20 07:25:22.388 [info] > git add -A -- . [36685ms]
2023-03-20 07:25:22.576 [info] > git -c user.useConfigOnly=true commit --quiet --allow-empty-message --file - --allow-empty-message [169ms]
2023-03-20 07:25:22.576 [info] 
*** Please tell me who you are.

Run

  git config --global user.email "you@example.com"
  git config --global user.name "Your Name"

to set your account's default identity.
Omit --global to set the identity only in this repository.

fatal: no email was given and auto-detection is disabled
2023-03-20 07:25:22.585 [info] > git config --get-all user.name [1ms]
2023-03-20 07:25:22.599 [info] No remotes found in the git config file.
2023-03-20 07:25:22.599 [info] > git config --get commit.template [7ms]
2023-03-20 07:25:22.600 [info] > git for-each-ref --format=%(refname)%00%(upstream:short)%00%(objectname)%00%(upstream:track)%00%(upstream:remotename)%00%(upstream:remoteref) refs/heads/master refs/remotes/master [1ms]
2023-03-20 07:25:22.661 [info] > git status -z -uall [55ms]
2023-03-20 07:25:24.676 [info] > git ls-files --stage -- /web/users/projects/202223/quicknotes/QN/style2.css [10ms]
2023-03-20 07:25:24.685 [info] > git ls-files --stage -- /web/users/projects/202223/quicknotes/QN/stylecoulmn2.css [29ms]
2023-03-20 07:25:24.692 [info] > git ls-files --stage -- /web/users/projects/202223/quicknotes/QN/leftcoloumn.php [44ms]
2023-03-20 07:25:24.698 [info] > git ls-files --stage -- /web/users/projects/202223/quicknotes/QN/loginx.php [60ms]
2023-03-20 07:25:24.705 [info] > git ls-files --stage -- /web/users/projects/202223/quicknotes/QN/index2.php [82ms]
2023-03-20 07:25:24.711 [info] > git cat-file -s b8c15a74ae5d0e3996c6bb66de3d7e4c46effc23 [7ms]
2023-03-20 07:25:24.712 [info] > git cat-file -s b0bfec5e61d458d791af33514b815b6b0d0799fa [14ms]
2023-03-20 07:25:24.712 [info] > git cat-file -s 580a9e21dcda83895e74a09b7e800bbc22a6bcf9 [21ms]
2023-03-20 07:25:24.713 [info] > git cat-file -s 4661c124ad51fe8cdb0b178b17bd643c2174f33c [28ms]
2023-03-20 07:25:24.713 [info] > git ls-files --stage -- /web/users/projects/202223/quicknotes/Testing/main.php [38ms]
2023-03-20 07:25:24.723 [info] > git cat-file -s bb2f3b0ce5133ee26a2b5ec53b34a4a74f3228f3 [13ms]
2023-03-20 07:25:24.726 [info] > git cat-file -s ed26d42b79c817dc8d9e74bcd73a7f3cb68052a1 [6ms]
2023-03-20 07:25:24.849 [info] > git show --textconv :QN/loginx.php [29ms]
2023-03-20 07:25:24.850 [info] > git show --textconv :QN/leftcoloumn.php [20ms]
2023-03-20 07:25:24.850 [info] > git show --textconv :QN/stylecoulmn2.css [12ms]
2023-03-20 07:25:24.872 [info] > git show --textconv :QN/style2.css [23ms]
2023-03-20 07:25:24.874 [info] > git show --textconv :QN/index2.php [12ms]
2023-03-20 07:25:24.878 [info] > git show --textconv :Testing/main.php [7ms]
2023-03-20 07:25:30.858 [info] No remotes found in the git config file.
2023-03-20 07:25:30.858 [info] > git config --get commit.template [10ms]
2023-03-20 07:25:30.861 [info] > git for-each-ref --format=%(refname)%00%(upstream:short)%00%(objectname)%00%(upstream:track)%00%(upstream:remotename)%00%(upstream:remoteref) refs/heads/master refs/remotes/master [4ms]
2023-03-20 07:25:30.977 [info] > git status -z -uall [110ms]
2023-03-20 07:25:30.977 [info] > git ls-files --stage -- /web/users/projects/202223/quicknotes/QN/style2.css [19ms]
2023-03-20 07:25:30.985 [info] > git ls-files --stage -- /web/users/projects/202223/quicknotes/QN/stylecoulmn2.css [36ms]
2023-03-20 07:25:30.993 [info] > git ls-files --stage -- /web/users/projects/202223/quicknotes/QN/leftcoloumn.php [53ms]
2023-03-20 07:25:30.999 [info] > git ls-files --stage -- /web/users/projects/202223/quicknotes/QN/loginx.php [69ms]
2023-03-20 07:25:31.005 [info] > git ls-files --stage -- /web/users/projects/202223/quicknotes/QN/index2.php [92ms]
2023-03-20 07:25:31.012 [info] > git cat-file -s b8c15a74ae5d0e3996c6bb66de3d7e4c46effc23 [7ms]
2023-03-20 07:25:31.013 [info] > git cat-file -s b0bfec5e61d458d791af33514b815b6b0d0799fa [15ms]
2023-03-20 07:25:31.013 [info] > git cat-file -s 580a9e21dcda83895e74a09b7e800bbc22a6bcf9 [21ms]
2023-03-20 07:25:31.014 [info] > git cat-file -s 4661c124ad51fe8cdb0b178b17bd643c2174f33c [30ms]
2023-03-20 07:25:31.014 [info] > git ls-files --stage -- /web/users/projects/202223/quicknotes/Testing/main.php [46ms]
2023-03-20 07:25:31.154 [info] > git cat-file -s ed26d42b79c817dc8d9e74bcd73a7f3cb68052a1 [133ms]
2023-03-20 07:25:31.155 [info] > git cat-file -s bb2f3b0ce5133ee26a2b5ec53b34a4a74f3228f3 [144ms]
2023-03-20 07:25:32.219 [info] > git show --textconv :QN/loginx.php [33ms]
2023-03-20 07:25:32.219 [info] > git show --textconv :QN/leftcoloumn.php [22ms]
2023-03-20 07:25:32.219 [info] > git show --textconv :QN/stylecoulmn2.css [11ms]
2023-03-20 07:25:32.260 [info] > git show --textconv :QN/style2.css [42ms]
2023-03-20 07:25:32.260 [info] > git show --textconv :Testing/main.php [16ms]
2023-03-20 07:25:32.277 [info] > git show --textconv :QN/index2.php [20ms]
2023-03-20 07:25:36.175 [info] No remotes found in the git config file.
2023-03-20 07:25:36.175 [info] > git config --get commit.template [11ms]
2023-03-20 07:25:36.177 [info] > git for-each-ref --format=%(refname)%00%(upstream:short)%00%(objectname)%00%(upstream:track)%00%(upstream:remotename)%00%(upstream:remoteref) refs/heads/master refs/remotes/master [3ms]
2023-03-20 07:25:36.239 [info] > git status -z -uall [54ms]
2023-03-20 07:26:17.097 [info] No remotes found in the git config file.
2023-03-20 07:26:17.099 [info] > git config --get commit.template [9ms]
2023-03-20 07:26:17.100 [info] > git for-each-ref --format=%(refname)%00%(upstream:short)%00%(objectname)%00%(upstream:track)%00%(upstream:remotename)%00%(upstream:remoteref) refs/heads/master refs/remotes/master [3ms]
2023-03-20 07:26:17.169 [info] > git status -z -uall [64ms]
2023-03-20 07:26:22.313 [info] No remotes found in the git config file.
2023-03-20 07:26:22.314 [info] > git config --get commit.template [12ms]
2023-03-20 07:26:22.316 [info] > git for-each-ref --format=%(refname)%00%(upstream:short)%00%(objectname)%00%(upstream:track)%00%(upstream:remotename)%00%(upstream:remoteref) refs/heads/master refs/remotes/master [3ms]
2023-03-20 07:26:22.384 [info] > git status -z -uall [61ms]
2023-03-20 07:26:27.519 [info] No remotes found in the git config file.
2023-03-20 07:26:27.520 [info] > git config --get commit.template [13ms]
2023-03-20 07:26:27.522 [info] > git for-each-ref --format=%(refname)%00%(upstream:short)%00%(objectname)%00%(upstream:track)%00%(upstream:remotename)%00%(upstream:remoteref) refs/heads/master refs/remotes/master [4ms]
2023-03-20 07:26:27.583 [info] > git status -z -uall [53ms]
2023-03-20 07:26:32.715 [info] No remotes found in the git config file.
2023-03-20 07:26:32.716 [info] > git config --get commit.template [12ms]
2023-03-20 07:26:32.717 [info] > git for-each-ref --format=%(refname)%00%(upstream:short)%00%(objectname)%00%(upstream:track)%00%(upstream:remotename)%00%(upstream:remoteref) refs/heads/master refs/remotes/master [2ms]
2023-03-20 07:26:32.777 [info] > git status -z -uall [51ms]
2023-03-20 07:26:37.565 [info] > git ls-files --stage -- /web/users/projects/202223/quicknotes/QN/style2.css [16ms]
2023-03-20 07:26:37.579 [info] > git ls-files --stage -- /web/users/projects/202223/quicknotes/QN/stylecoulmn2.css [44ms]
2023-03-20 07:26:37.590 [info] > git ls-files --stage -- /web/users/projects/202223/quicknotes/QN/leftcoloumn.php [70ms]
2023-03-20 07:26:37.600 [info] > git ls-files --stage -- /web/users/projects/202223/quicknotes/QN/loginx.php [94ms]
2023-03-20 07:26:37.609 [info] > git ls-files --stage -- /web/users/projects/202223/quicknotes/QN/index2.php [118ms]
2023-03-20 07:26:37.619 [info] > git cat-file -s b8c15a74ae5d0e3996c6bb66de3d7e4c46effc23 [10ms]
2023-03-20 07:26:37.620 [info] > git cat-file -s b0bfec5e61d458d791af33514b815b6b0d0799fa [21ms]
2023-03-20 07:26:37.620 [info] > git cat-file -s 580a9e21dcda83895e74a09b7e800bbc22a6bcf9 [30ms]
2023-03-20 07:26:37.621 [info] > git cat-file -s 4661c124ad51fe8cdb0b178b17bd643c2174f33c [42ms]
2023-03-20 07:26:37.621 [info] > git ls-files --stage -- /web/users/projects/202223/quicknotes/Testing/main.php [60ms]
2023-03-20 07:26:37.631 [info] > git cat-file -s bb2f3b0ce5133ee26a2b5ec53b34a4a74f3228f3 [13ms]
2023-03-20 07:26:37.634 [info] > git cat-file -s ed26d42b79c817dc8d9e74bcd73a7f3cb68052a1 [3ms]
2023-03-20 07:26:37.720 [info] > git show --textconv :QN/loginx.php [38ms]
2023-03-20 07:26:37.720 [info] > git show --textconv :QN/leftcoloumn.php [25ms]
2023-03-20 07:26:37.720 [info] > git show --textconv :QN/stylecoulmn2.css [13ms]
2023-03-20 07:26:37.735 [info] > git show --textconv :QN/style2.css [16ms]
2023-03-20 07:26:37.749 [info] > git show --textconv :QN/index2.php [14ms]
2023-03-20 07:26:37.754 [info] > git show --textconv :Testing/main.php [5ms]
2023-03-20 07:26:37.923 [info] > git config --get commit.template [13ms]
2023-03-20 07:26:37.926 [info] > git for-each-ref --format=%(refname)%00%(upstream:short)%00%(objectname)%00%(upstream:track)%00%(upstream:remotename)%00%(upstream:remoteref) refs/heads/master refs/remotes/master [3ms]
2023-03-20 07:26:37.986 [info] > git status -z -uall [49ms]
2023-03-20 07:26:43.144 [info] > git config --get commit.template [15ms]
2023-03-20 07:26:43.146 [info] > git for-each-ref --format=%(refname)%00%(upstream:short)%00%(objectname)%00%(upstream:track)%00%(upstream:remotename)%00%(upstream:remoteref) refs/heads/master refs/remotes/master [3ms]
2023-03-20 07:26:43.217 [info] > git status -z -uall [60ms]
2023-03-20 07:26:48.351 [info] > git config --get commit.template [13ms]
2023-03-20 07:26:48.353 [info] > git for-each-ref --format=%(refname)%00%(upstream:short)%00%(objectname)%00%(upstream:track)%00%(upstream:remotename)%00%(upstream:remoteref) refs/heads/master refs/remotes/master [2ms]
2023-03-20 07:26:48.414 [info] > git status -z -uall [50ms]
2023-03-20 07:26:56.862 [info] > git config --get commit.template [15ms]
2023-03-20 07:26:56.864 [info] > git for-each-ref --format=%(refname)%00%(upstream:short)%00%(objectname)%00%(upstream:track)%00%(upstream:remotename)%00%(upstream:remoteref) refs/heads/master refs/remotes/master [2ms]
2023-03-20 07:26:56.931 [info] > git status -z -uall [53ms]
2023-03-20 07:27:02.057 [info] > git config --get commit.template [13ms]
2023-03-20 07:27:02.059 [info] > git for-each-ref --format=%(refname)%00%(upstream:short)%00%(objectname)%00%(upstream:track)%00%(upstream:remotename)%00%(upstream:remoteref) refs/heads/master refs/remotes/master [2ms]
2023-03-20 07:27:02.118 [info] > git status -z -uall [49ms]
2023-03-20 07:27:10.275 [info] > git config --get commit.template [13ms]
2023-03-20 07:27:10.277 [info] > git for-each-ref --format=%(refname)%00%(upstream:short)%00%(objectname)%00%(upstream:track)%00%(upstream:remotename)%00%(upstream:remoteref) refs/heads/master refs/remotes/master [3ms]
2023-03-20 07:27:10.342 [info] > git status -z -uall [54ms]
2023-03-20 07:27:15.467 [info] > git config --get commit.template [12ms]
2023-03-20 07:27:15.469 [info] > git for-each-ref --format=%(refname)%00%(upstream:short)%00%(objectname)%00%(upstream:track)%00%(upstream:remotename)%00%(upstream:remoteref) refs/heads/master refs/remotes/master [2ms]
2023-03-20 07:27:15.528 [info] > git status -z -uall [48ms]
2023-03-20 07:27:20.654 [info] > git config --get commit.template [13ms]
2023-03-20 07:27:20.655 [info] > git for-each-ref --format=%(refname)%00%(upstream:short)%00%(objectname)%00%(upstream:track)%00%(upstream:remotename)%00%(upstream:remoteref) refs/heads/master refs/remotes/master [2ms]
2023-03-20 07:27:20.715 [info] > git status -z -uall [50ms]
2023-03-20 07:27:25.854 [info] > git config --get commit.template [14ms]
2023-03-20 07:27:25.855 [info] > git for-each-ref --format=%(refname)%00%(upstream:short)%00%(objectname)%00%(upstream:track)%00%(upstream:remotename)%00%(upstream:remoteref) refs/heads/master refs/remotes/master [2ms]
2023-03-20 07:27:25.917 [info] > git status -z -uall [50ms]
2023-03-20 07:27:57.718 [info] > git config --get commit.template [23ms]
2023-03-20 07:27:57.725 [info] > git for-each-ref --format=%(refname)%00%(upstream:short)%00%(objectname)%00%(upstream:track)%00%(upstream:remotename)%00%(upstream:remoteref) refs/heads/master refs/remotes/master [8ms]
2023-03-20 07:27:57.857 [info] > git status -z -uall [106ms]
2023-03-20 07:28:03.313 [info] > git config --get commit.template [12ms]
2023-03-20 07:28:03.315 [info] > git for-each-ref --format=%(refname)%00%(upstream:short)%00%(objectname)%00%(upstream:track)%00%(upstream:remotename)%00%(upstream:remoteref) refs/heads/master refs/remotes/master [2ms]
2023-03-20 07:28:03.373 [info] > git status -z -uall [49ms]
2023-03-20 07:28:08.513 [info] > git config --get commit.template [20ms]
2023-03-20 07:28:08.515 [info] > git for-each-ref --format=%(refname)%00%(upstream:short)%00%(objectname)%00%(upstream:track)%00%(upstream:remotename)%00%(upstream:remoteref) refs/heads/master refs/remotes/master [9ms]
2023-03-20 07:28:08.575 [info] > git status -z -uall [50ms]
2023-03-20 07:28:20.858 [info] > git config --get commit.template [14ms]
2023-03-20 07:28:20.860 [info] > git for-each-ref --format=%(refname)%00%(upstream:short)%00%(objectname)%00%(upstream:track)%00%(upstream:remotename)%00%(upstream:remoteref) refs/heads/master refs/remotes/master [2ms]
2023-03-20 07:28:20.925 [info] > git status -z -uall [51ms]
2023-03-20 07:28:23.219 [info] > git ls-files --stage -- /web/users/projects/202223/quicknotes/QN/style2.css [12ms]
2023-03-20 07:28:23.230 [info] > git ls-files --stage -- /web/users/projects/202223/quicknotes/QN/stylecoulmn2.css [37ms]
2023-03-20 07:28:23.239 [info] > git ls-files --stage -- /web/users/projects/202223/quicknotes/QN/leftcoloumn.php [58ms]
2023-03-20 07:28:23.248 [info] > git ls-files --stage -- /web/users/projects/202223/quicknotes/QN/loginx.php [80ms]
2023-03-20 07:28:23.261 [info] > git ls-files --stage -- /web/users/projects/202223/quicknotes/QN/index2.php [106ms]
2023-03-20 07:28:23.276 [info] > git cat-file -s b8c15a74ae5d0e3996c6bb66de3d7e4c46effc23 [16ms]
2023-03-20 07:28:23.277 [info] > git cat-file -s b0bfec5e61d458d791af33514b815b6b0d0799fa [30ms]
2023-03-20 07:28:23.277 [info] > git cat-file -s 580a9e21dcda83895e74a09b7e800bbc22a6bcf9 [39ms]
2023-03-20 07:28:23.278 [info] > git cat-file -s 4661c124ad51fe8cdb0b178b17bd643c2174f33c [49ms]
2023-03-20 07:28:23.278 [info] > git ls-files --stage -- /web/users/projects/202223/quicknotes/Testing/main.php [61ms]
2023-03-20 07:28:23.288 [info] > git cat-file -s bb2f3b0ce5133ee26a2b5ec53b34a4a74f3228f3 [12ms]
2023-03-20 07:28:23.290 [info] > git cat-file -s ed26d42b79c817dc8d9e74bcd73a7f3cb68052a1 [3ms]
2023-03-20 07:28:23.367 [info] > git show --textconv :QN/loginx.php [36ms]
2023-03-20 07:28:23.367 [info] > git show --textconv :QN/leftcoloumn.php [23ms]
2023-03-20 07:28:23.367 [info] > git show --textconv :QN/stylecoulmn2.css [13ms]
2023-03-20 07:28:23.381 [info] > git show --textconv :QN/style2.css [15ms]
2023-03-20 07:28:23.394 [info] > git show --textconv :QN/index2.php [13ms]
2023-03-20 07:28:23.399 [info] > git show --textconv :Testing/main.php [5ms]
2023-03-20 07:28:26.051 [info] > git config --get commit.template [13ms]
2023-03-20 07:28:26.052 [info] > git for-each-ref --format=%(refname)%00%(upstream:short)%00%(objectname)%00%(upstream:track)%00%(upstream:remotename)%00%(upstream:remoteref) refs/heads/main refs/remotes/main [2ms]
2023-03-20 07:28:26.113 [info] > git status -z -uall [51ms]
