2023-03-19 22:15:07.588 [info] Log level: Info
2023-03-19 22:15:07.589 [info] Validating found git in: "git"
2023-03-19 22:15:07.589 [info] Using git "2.25.1" from "git"
2023-03-19 22:15:07.589 [info] > git rev-parse --show-toplevel [136ms]
2023-03-19 22:15:07.589 [info] fatal: not a git repository (or any parent up to mount point /web/users)
Stopping at filesystem boundary (GIT_DISCOVERY_ACROSS_FILESYSTEM not set).
2023-03-19 22:15:07.589 [info] > git rev-parse --show-toplevel [1ms]
2023-03-19 22:15:07.589 [info] fatal: not a git repository (or any parent up to mount point /web/users)
Stopping at filesystem boundary (GIT_DISCOVERY_ACROSS_FILESYSTEM not set).
2023-03-19 22:15:07.589 [info] > git rev-parse --show-toplevel [1ms]
2023-03-19 22:15:07.589 [info] fatal: not a git repository (or any parent up to mount point /web/users)
Stopping at filesystem boundary (GIT_DISCOVERY_ACROSS_FILESYSTEM not set).
2023-03-19 22:15:07.589 [info] > git rev-parse --show-toplevel [2ms]
2023-03-19 22:15:07.589 [info] fatal: not a git repository (or any parent up to mount point /web/users)
Stopping at filesystem boundary (GIT_DISCOVERY_ACROSS_FILESYSTEM not set).
2023-03-19 22:15:07.590 [info] > git rev-parse --show-toplevel [1ms]
2023-03-19 22:15:07.590 [info] fatal: not a git repository (or any parent up to mount point /web/users)
Stopping at filesystem boundary (GIT_DISCOVERY_ACROSS_FILESYSTEM not set).
2023-03-19 22:15:07.590 [info] > git rev-parse --show-toplevel [2ms]
2023-03-19 22:15:07.590 [info] fatal: not a git repository (or any parent up to mount point /web/users)
Stopping at filesystem boundary (GIT_DISCOVERY_ACROSS_FILESYSTEM not set).
2023-03-19 22:15:07.590 [info] > git rev-parse --show-toplevel [1ms]
2023-03-19 22:15:07.590 [info] fatal: not a git repository (or any parent up to mount point /web/users)
Stopping at filesystem boundary (GIT_DISCOVERY_ACROSS_FILESYSTEM not set).
2023-03-19 22:15:07.590 [info] > git rev-parse --show-toplevel [1ms]
2023-03-19 22:15:07.590 [info] fatal: not a git repository (or any parent up to mount point /web/users)
Stopping at filesystem boundary (GIT_DISCOVERY_ACROSS_FILESYSTEM not set).
2023-03-19 22:15:07.590 [info] > git rev-parse --show-toplevel [6ms]
2023-03-19 22:15:07.590 [info] fatal: not a git repository (or any parent up to mount point /web/users)
Stopping at filesystem boundary (GIT_DISCOVERY_ACROSS_FILESYSTEM not set).
2023-03-19 22:15:22.649 [info] > git rev-parse --show-toplevel [3ms]
2023-03-19 22:15:22.649 [info] fatal: not a git repository (or any parent up to mount point /web/users)
Stopping at filesystem boundary (GIT_DISCOVERY_ACROSS_FILESYSTEM not set).
2023-03-19 22:15:47.875 [info] > git rev-parse --show-toplevel [3ms]
2023-03-19 22:15:47.876 [info] fatal: not a git repository (or any parent up to mount point /web/users)
Stopping at filesystem boundary (GIT_DISCOVERY_ACROSS_FILESYSTEM not set).
2023-03-19 22:17:04.015 [info] > git rev-parse --show-toplevel [4ms]
2023-03-19 22:17:04.016 [info] fatal: not a git repository (or any parent up to mount point /web/users)
Stopping at filesystem boundary (GIT_DISCOVERY_ACROSS_FILESYSTEM not set).
2023-03-19 22:19:12.218 [info] > git rev-parse --show-toplevel [13ms]
2023-03-19 22:19:12.219 [info] fatal: not a git repository (or any parent up to mount point /web/users)
Stopping at filesystem boundary (GIT_DISCOVERY_ACROSS_FILESYSTEM not set).
2023-03-19 22:19:56.662 [info] > git rev-parse --show-toplevel [118ms]
2023-03-19 22:19:56.662 [info] fatal: not a git repository (or any parent up to mount point /web/users)
Stopping at filesystem boundary (GIT_DISCOVERY_ACROSS_FILESYSTEM not set).
2023-03-19 22:20:20.560 [info] > git rev-parse --show-toplevel [4ms]
2023-03-19 22:20:20.560 [info] fatal: not a git repository (or any parent up to mount point /web/users)
Stopping at filesystem boundary (GIT_DISCOVERY_ACROSS_FILESYSTEM not set).
2023-03-19 22:20:44.033 [info] > git rev-parse --show-toplevel [8ms]
2023-03-19 22:20:44.033 [info] fatal: not a git repository (or any parent up to mount point /web/users)
Stopping at filesystem boundary (GIT_DISCOVERY_ACROSS_FILESYSTEM not set).
2023-03-19 22:21:01.953 [info] > git rev-parse --show-toplevel [4ms]
2023-03-19 22:21:01.953 [info] fatal: not a git repository (or any parent up to mount point /web/users)
Stopping at filesystem boundary (GIT_DISCOVERY_ACROSS_FILESYSTEM not set).
2023-03-19 22:21:45.282 [info] > git rev-parse --show-toplevel [3ms]
2023-03-19 22:21:45.285 [info] fatal: not a git repository (or any parent up to mount point /web/users)
Stopping at filesystem boundary (GIT_DISCOVERY_ACROSS_FILESYSTEM not set).
2023-03-19 22:23:04.384 [info] > git rev-parse --show-toplevel [3ms]
2023-03-19 22:23:04.384 [info] fatal: not a git repository (or any parent up to mount point /web/users)
Stopping at filesystem boundary (GIT_DISCOVERY_ACROSS_FILESYSTEM not set).
2023-03-19 22:24:39.625 [info] > git rev-parse --show-toplevel [3ms]
2023-03-19 22:24:39.625 [info] fatal: not a git repository (or any parent up to mount point /web/users)
Stopping at filesystem boundary (GIT_DISCOVERY_ACROSS_FILESYSTEM not set).
2023-03-19 22:28:57.041 [info] > git rev-parse --show-toplevel [5ms]
2023-03-19 22:28:57.041 [info] fatal: not a git repository (or any parent up to mount point /web/users)
Stopping at filesystem boundary (GIT_DISCOVERY_ACROSS_FILESYSTEM not set).
2023-03-19 22:29:05.363 [info] > git rev-parse --show-toplevel [14ms]
2023-03-19 22:29:05.363 [info] fatal: not a git repository (or any parent up to mount point /web/users)
Stopping at filesystem boundary (GIT_DISCOVERY_ACROSS_FILESYSTEM not set).
2023-03-19 22:29:10.870 [info] > git rev-parse --show-toplevel [9ms]
2023-03-19 22:29:10.870 [info] fatal: not a git repository (or any parent up to mount point /web/users)
Stopping at filesystem boundary (GIT_DISCOVERY_ACROSS_FILESYSTEM not set).
2023-03-19 22:29:15.884 [info] > git rev-parse --show-toplevel [4ms]
2023-03-19 22:29:15.884 [info] fatal: not a git repository (or any parent up to mount point /web/users)
Stopping at filesystem boundary (GIT_DISCOVERY_ACROSS_FILESYSTEM not set).
2023-03-19 22:29:35.707 [info] > git rev-parse --show-toplevel [4ms]
2023-03-19 22:29:35.707 [info] fatal: not a git repository (or any parent up to mount point /web/users)
Stopping at filesystem boundary (GIT_DISCOVERY_ACROSS_FILESYSTEM not set).
2023-03-19 22:29:37.091 [info] > git rev-parse --show-toplevel [8ms]
2023-03-19 22:29:37.091 [info] fatal: not a git repository (or any parent up to mount point /web/users)
Stopping at filesystem boundary (GIT_DISCOVERY_ACROSS_FILESYSTEM not set).
2023-03-19 22:29:44.569 [info] > git rev-parse --show-toplevel [4ms]
2023-03-19 22:29:44.570 [info] fatal: not a git repository (or any parent up to mount point /web/users)
Stopping at filesystem boundary (GIT_DISCOVERY_ACROSS_FILESYSTEM not set).
2023-03-19 22:29:53.233 [info] > git rev-parse --show-toplevel [14ms]
2023-03-19 22:29:53.233 [info] fatal: not a git repository (or any parent up to mount point /web/users)
Stopping at filesystem boundary (GIT_DISCOVERY_ACROSS_FILESYSTEM not set).
2023-03-19 22:30:01.709 [info] > git rev-parse --show-toplevel [4ms]
2023-03-19 22:30:01.712 [info] fatal: not a git repository (or any parent up to mount point /web/users)
Stopping at filesystem boundary (GIT_DISCOVERY_ACROSS_FILESYSTEM not set).
2023-03-19 22:30:09.274 [info] > git rev-parse --show-toplevel [18ms]
2023-03-19 22:30:09.274 [info] fatal: not a git repository (or any parent up to mount point /web/users)
Stopping at filesystem boundary (GIT_DISCOVERY_ACROSS_FILESYSTEM not set).
2023-03-19 22:30:25.129 [info] > git rev-parse --show-toplevel [8ms]
2023-03-19 22:30:25.138 [info] fatal: not a git repository (or any parent up to mount point /web/users)
Stopping at filesystem boundary (GIT_DISCOVERY_ACROSS_FILESYSTEM not set).
2023-03-19 22:30:39.279 [info] > git rev-parse --show-toplevel [3ms]
2023-03-19 22:30:39.279 [info] fatal: not a git repository (or any parent up to mount point /web/users)
Stopping at filesystem boundary (GIT_DISCOVERY_ACROSS_FILESYSTEM not set).
2023-03-19 22:31:00.997 [info] > git rev-parse --show-toplevel [9ms]
2023-03-19 22:31:00.997 [info] fatal: not a git repository (or any parent up to mount point /web/users)
Stopping at filesystem boundary (GIT_DISCOVERY_ACROSS_FILESYSTEM not set).
2023-03-19 22:31:11.752 [info] > git rev-parse --show-toplevel [3ms]
2023-03-19 22:31:11.752 [info] fatal: not a git repository (or any parent up to mount point /web/users)
Stopping at filesystem boundary (GIT_DISCOVERY_ACROSS_FILESYSTEM not set).
2023-03-19 22:32:28.104 [info] > git rev-parse --show-toplevel [3ms]
2023-03-19 22:32:28.104 [info] fatal: not a git repository (or any parent up to mount point /web/users)
Stopping at filesystem boundary (GIT_DISCOVERY_ACROSS_FILESYSTEM not set).
2023-03-19 22:32:34.996 [info] > git rev-parse --show-toplevel [7ms]
2023-03-19 22:32:34.996 [info] fatal: not a git repository (or any parent up to mount point /web/users)
Stopping at filesystem boundary (GIT_DISCOVERY_ACROSS_FILESYSTEM not set).
2023-03-19 22:32:35.871 [info] > git rev-parse --show-toplevel [8ms]
2023-03-19 22:32:35.872 [info] fatal: not a git repository (or any parent up to mount point /web/users)
Stopping at filesystem boundary (GIT_DISCOVERY_ACROSS_FILESYSTEM not set).
2023-03-19 22:32:36.803 [info] > git rev-parse --show-toplevel [8ms]
2023-03-19 22:32:36.803 [info] fatal: not a git repository (or any parent up to mount point /web/users)
Stopping at filesystem boundary (GIT_DISCOVERY_ACROSS_FILESYSTEM not set).
2023-03-19 22:32:43.388 [info] > git rev-parse --show-toplevel [6ms]
2023-03-19 22:32:43.388 [info] fatal: not a git repository (or any parent up to mount point /web/users)
Stopping at filesystem boundary (GIT_DISCOVERY_ACROSS_FILESYSTEM not set).
2023-03-19 22:33:30.474 [info] > git rev-parse --show-toplevel [6ms]
2023-03-19 22:33:30.474 [info] fatal: not a git repository (or any parent up to mount point /web/users)
Stopping at filesystem boundary (GIT_DISCOVERY_ACROSS_FILESYSTEM not set).
2023-03-19 22:34:30.915 [info] > git rev-parse --show-toplevel [16ms]
2023-03-19 22:34:30.916 [info] fatal: not a git repository (or any parent up to mount point /web/users)
Stopping at filesystem boundary (GIT_DISCOVERY_ACROSS_FILESYSTEM not set).
2023-03-19 22:35:28.136 [info] > git rev-parse --show-toplevel [6ms]
2023-03-19 22:35:28.136 [info] fatal: not a git repository (or any parent up to mount point /web/users)
Stopping at filesystem boundary (GIT_DISCOVERY_ACROSS_FILESYSTEM not set).
2023-03-19 22:43:29.582 [info] > git rev-parse --show-toplevel [290ms]
2023-03-19 22:43:29.582 [info] fatal: not a git repository (or any parent up to mount point /web/users)
Stopping at filesystem boundary (GIT_DISCOVERY_ACROSS_FILESYSTEM not set).
2023-03-19 22:43:36.594 [info] > git rev-parse --show-toplevel [12ms]
2023-03-19 22:43:36.594 [info] fatal: not a git repository (or any parent up to mount point /web/users)
Stopping at filesystem boundary (GIT_DISCOVERY_ACROSS_FILESYSTEM not set).
2023-03-19 22:44:07.985 [info] > git rev-parse --show-toplevel [9ms]
2023-03-19 22:44:07.988 [info] fatal: not a git repository (or any parent up to mount point /web/users)
Stopping at filesystem boundary (GIT_DISCOVERY_ACROSS_FILESYSTEM not set).
2023-03-19 22:44:08.823 [info] > git rev-parse --show-toplevel [10ms]
2023-03-19 22:44:08.824 [info] fatal: not a git repository (or any parent up to mount point /web/users)
Stopping at filesystem boundary (GIT_DISCOVERY_ACROSS_FILESYSTEM not set).
