Unable to load library file:///web/users/projects/202223/quicknotes/Testing/firebase/auth.ts at /web/users/projects/202223/quicknotes/.vscode-server/bin/ee2b180d582a7f601fa6ecfdad8d9fd269ab1884/extensions/node_modules/typescript/lib/file:/web/users/projects/202223/quicknotes/Testing/firebase/auth.ts
Unable to load library file:///web/users/projects/202223/quicknotes/Testing/firebase/auth.tsx at /web/users/projects/202223/quicknotes/.vscode-server/bin/ee2b180d582a7f601fa6ecfdad8d9fd269ab1884/extensions/node_modules/typescript/lib/file:/web/users/projects/202223/quicknotes/Testing/firebase/auth.tsx
Unable to load library file:///web/users/projects/202223/quicknotes/Testing/firebase/auth.d.ts at /web/users/projects/202223/quicknotes/.vscode-server/bin/ee2b180d582a7f601fa6ecfdad8d9fd269ab1884/extensions/node_modules/typescript/lib/file:/web/users/projects/202223/quicknotes/Testing/firebase/auth.d.ts
Unable to load library file:///web/users/projects/202223/quicknotes/firebase/auth.ts at /web/users/projects/202223/quicknotes/.vscode-server/bin/ee2b180d582a7f601fa6ecfdad8d9fd269ab1884/extensions/node_modules/typescript/lib/file:/web/users/projects/202223/quicknotes/firebase/auth.ts
Unable to load library file:///web/users/projects/202223/quicknotes/firebase/auth.tsx at /web/users/projects/202223/quicknotes/.vscode-server/bin/ee2b180d582a7f601fa6ecfdad8d9fd269ab1884/extensions/node_modules/typescript/lib/file:/web/users/projects/202223/quicknotes/firebase/auth.tsx
Unable to load library file:///web/users/projects/202223/quicknotes/firebase/auth.d.ts at /web/users/projects/202223/quicknotes/.vscode-server/bin/ee2b180d582a7f601fa6ecfdad8d9fd269ab1884/extensions/node_modules/typescript/lib/file:/web/users/projects/202223/quicknotes/firebase/auth.d.ts
Unable to load library file:///web/users/projects/202223/firebase/auth.ts at /web/users/projects/202223/quicknotes/.vscode-server/bin/ee2b180d582a7f601fa6ecfdad8d9fd269ab1884/extensions/node_modules/typescript/lib/file:/web/users/projects/202223/firebase/auth.ts
Unable to load library file:///web/users/projects/202223/firebase/auth.tsx at /web/users/projects/202223/quicknotes/.vscode-server/bin/ee2b180d582a7f601fa6ecfdad8d9fd269ab1884/extensions/node_modules/typescript/lib/file:/web/users/projects/202223/firebase/auth.tsx
Unable to load library file:///web/users/projects/202223/firebase/auth.d.ts at /web/users/projects/202223/quicknotes/.vscode-server/bin/ee2b180d582a7f601fa6ecfdad8d9fd269ab1884/extensions/node_modules/typescript/lib/file:/web/users/projects/202223/firebase/auth.d.ts
Unable to load library file:///web/users/projects/firebase/auth.ts at /web/users/projects/202223/quicknotes/.vscode-server/bin/ee2b180d582a7f601fa6ecfdad8d9fd269ab1884/extensions/node_modules/typescript/lib/file:/web/users/projects/firebase/auth.ts
Unable to load library file:///web/users/projects/firebase/auth.tsx at /web/users/projects/202223/quicknotes/.vscode-server/bin/ee2b180d582a7f601fa6ecfdad8d9fd269ab1884/extensions/node_modules/typescript/lib/file:/web/users/projects/firebase/auth.tsx
Unable to load library file:///web/users/projects/firebase/auth.d.ts at /web/users/projects/202223/quicknotes/.vscode-server/bin/ee2b180d582a7f601fa6ecfdad8d9fd269ab1884/extensions/node_modules/typescript/lib/file:/web/users/projects/firebase/auth.d.ts
Unable to load library file:///web/users/firebase/auth.ts at /web/users/projects/202223/quicknotes/.vscode-server/bin/ee2b180d582a7f601fa6ecfdad8d9fd269ab1884/extensions/node_modules/typescript/lib/file:/web/users/firebase/auth.ts
Unable to load library file:///web/users/firebase/auth.tsx at /web/users/projects/202223/quicknotes/.vscode-server/bin/ee2b180d582a7f601fa6ecfdad8d9fd269ab1884/extensions/node_modules/typescript/lib/file:/web/users/firebase/auth.tsx
Unable to load library file:///web/users/firebase/auth.d.ts at /web/users/projects/202223/quicknotes/.vscode-server/bin/ee2b180d582a7f601fa6ecfdad8d9fd269ab1884/extensions/node_modules/typescript/lib/file:/web/users/firebase/auth.d.ts
Unable to load library file:///web/firebase/auth.ts at /web/users/projects/202223/quicknotes/.vscode-server/bin/ee2b180d582a7f601fa6ecfdad8d9fd269ab1884/extensions/node_modules/typescript/lib/file:/web/firebase/auth.ts
Unable to load library file:///web/firebase/auth.tsx at /web/users/projects/202223/quicknotes/.vscode-server/bin/ee2b180d582a7f601fa6ecfdad8d9fd269ab1884/extensions/node_modules/typescript/lib/file:/web/firebase/auth.tsx
Unable to load library file:///web/firebase/auth.d.ts at /web/users/projects/202223/quicknotes/.vscode-server/bin/ee2b180d582a7f601fa6ecfdad8d9fd269ab1884/extensions/node_modules/typescript/lib/file:/web/firebase/auth.d.ts
Unable to load library file:///firebase/auth.ts at /web/users/projects/202223/quicknotes/.vscode-server/bin/ee2b180d582a7f601fa6ecfdad8d9fd269ab1884/extensions/node_modules/typescript/lib/file:/firebase/auth.ts
Unable to load library file:///firebase/auth.tsx at /web/users/projects/202223/quicknotes/.vscode-server/bin/ee2b180d582a7f601fa6ecfdad8d9fd269ab1884/extensions/node_modules/typescript/lib/file:/firebase/auth.tsx
Unable to load library file:///firebase/auth.d.ts at /web/users/projects/202223/quicknotes/.vscode-server/bin/ee2b180d582a7f601fa6ecfdad8d9fd269ab1884/extensions/node_modules/typescript/lib/file:/firebase/auth.d.ts
Unable to load library file:///web/users/projects/202223/quicknotes/Testing/node_modules/@types/firebase/auth/package.json at /web/users/projects/202223/quicknotes/.vscode-server/bin/ee2b180d582a7f601fa6ecfdad8d9fd269ab1884/extensions/node_modules/typescript/lib/file:/web/users/projects/202223/quicknotes/Testing/node_modules/@types/firebase/auth/package.json
Unable to load library file:///web/users/projects/202223/quicknotes/Testing/node_modules/@types/firebase/package.json at /web/users/projects/202223/quicknotes/.vscode-server/bin/ee2b180d582a7f601fa6ecfdad8d9fd269ab1884/extensions/node_modules/typescript/lib/file:/web/users/projects/202223/quicknotes/Testing/node_modules/@types/firebase/package.json
Unable to load library file:///web/users/projects/202223/quicknotes/Testing/node_modules/@types/firebase/auth.d.ts at /web/users/projects/202223/quicknotes/.vscode-server/bin/ee2b180d582a7f601fa6ecfdad8d9fd269ab1884/extensions/node_modules/typescript/lib/file:/web/users/projects/202223/quicknotes/Testing/node_modules/@types/firebase/auth.d.ts
Unable to load library file:///web/users/projects/202223/quicknotes/Testing/node_modules/@types/firebase/auth/index.d.ts at /web/users/projects/202223/quicknotes/.vscode-server/bin/ee2b180d582a7f601fa6ecfdad8d9fd269ab1884/extensions/node_modules/typescript/lib/file:/web/users/projects/202223/quicknotes/Testing/node_modules/@types/firebase/auth/index.d.ts
Unable to load library file:///web/users/projects/202223/quicknotes/node_modules/@types/firebase/auth/package.json at /web/users/projects/202223/quicknotes/.vscode-server/bin/ee2b180d582a7f601fa6ecfdad8d9fd269ab1884/extensions/node_modules/typescript/lib/file:/web/users/projects/202223/quicknotes/node_modules/@types/firebase/auth/package.json
Unable to load library file:///web/users/projects/202223/quicknotes/node_modules/@types/firebase/package.json at /web/users/projects/202223/quicknotes/.vscode-server/bin/ee2b180d582a7f601fa6ecfdad8d9fd269ab1884/extensions/node_modules/typescript/lib/file:/web/users/projects/202223/quicknotes/node_modules/@types/firebase/package.json
Unable to load library file:///web/users/projects/202223/quicknotes/node_modules/@types/firebase/auth.d.ts at /web/users/projects/202223/quicknotes/.vscode-server/bin/ee2b180d582a7f601fa6ecfdad8d9fd269ab1884/extensions/node_modules/typescript/lib/file:/web/users/projects/202223/quicknotes/node_modules/@types/firebase/auth.d.ts
Unable to load library file:///web/users/projects/202223/quicknotes/node_modules/@types/firebase/auth/index.d.ts at /web/users/projects/202223/quicknotes/.vscode-server/bin/ee2b180d582a7f601fa6ecfdad8d9fd269ab1884/extensions/node_modules/typescript/lib/file:/web/users/projects/202223/quicknotes/node_modules/@types/firebase/auth/index.d.ts
Unable to load library file:///web/users/projects/202223/node_modules/@types/firebase/auth/package.json at /web/users/projects/202223/quicknotes/.vscode-server/bin/ee2b180d582a7f601fa6ecfdad8d9fd269ab1884/extensions/node_modules/typescript/lib/file:/web/users/projects/202223/node_modules/@types/firebase/auth/package.json
Unable to load library file:///web/users/projects/202223/node_modules/@types/firebase/package.json at /web/users/projects/202223/quicknotes/.vscode-server/bin/ee2b180d582a7f601fa6ecfdad8d9fd269ab1884/extensions/node_modules/typescript/lib/file:/web/users/projects/202223/node_modules/@types/firebase/package.json
Unable to load library file:///web/users/projects/202223/node_modules/@types/firebase/auth.d.ts at /web/users/projects/202223/quicknotes/.vscode-server/bin/ee2b180d582a7f601fa6ecfdad8d9fd269ab1884/extensions/node_modules/typescript/lib/file:/web/users/projects/202223/node_modules/@types/firebase/auth.d.ts
Unable to load library file:///web/users/projects/202223/node_modules/@types/firebase/auth/index.d.ts at /web/users/projects/202223/quicknotes/.vscode-server/bin/ee2b180d582a7f601fa6ecfdad8d9fd269ab1884/extensions/node_modules/typescript/lib/file:/web/users/projects/202223/node_modules/@types/firebase/auth/index.d.ts
Unable to load library file:///web/users/projects/node_modules/@types/firebase/auth/package.json at /web/users/projects/202223/quicknotes/.vscode-server/bin/ee2b180d582a7f601fa6ecfdad8d9fd269ab1884/extensions/node_modules/typescript/lib/file:/web/users/projects/node_modules/@types/firebase/auth/package.json
Unable to load library file:///web/users/projects/node_modules/@types/firebase/package.json at /web/users/projects/202223/quicknotes/.vscode-server/bin/ee2b180d582a7f601fa6ecfdad8d9fd269ab1884/extensions/node_modules/typescript/lib/file:/web/users/projects/node_modules/@types/firebase/package.json
Unable to load library file:///web/users/projects/node_modules/@types/firebase/auth.d.ts at /web/users/projects/202223/quicknotes/.vscode-server/bin/ee2b180d582a7f601fa6ecfdad8d9fd269ab1884/extensions/node_modules/typescript/lib/file:/web/users/projects/node_modules/@types/firebase/auth.d.ts
Unable to load library file:///web/users/projects/node_modules/@types/firebase/auth/index.d.ts at /web/users/projects/202223/quicknotes/.vscode-server/bin/ee2b180d582a7f601fa6ecfdad8d9fd269ab1884/extensions/node_modules/typescript/lib/file:/web/users/projects/node_modules/@types/firebase/auth/index.d.ts
Unable to load library file:///web/users/node_modules/@types/firebase/auth/package.json at /web/users/projects/202223/quicknotes/.vscode-server/bin/ee2b180d582a7f601fa6ecfdad8d9fd269ab1884/extensions/node_modules/typescript/lib/file:/web/users/node_modules/@types/firebase/auth/package.json
Unable to load library file:///web/users/node_modules/@types/firebase/package.json at /web/users/projects/202223/quicknotes/.vscode-server/bin/ee2b180d582a7f601fa6ecfdad8d9fd269ab1884/extensions/node_modules/typescript/lib/file:/web/users/node_modules/@types/firebase/package.json
Unable to load library file:///web/users/node_modules/@types/firebase/auth.d.ts at /web/users/projects/202223/quicknotes/.vscode-server/bin/ee2b180d582a7f601fa6ecfdad8d9fd269ab1884/extensions/node_modules/typescript/lib/file:/web/users/node_modules/@types/firebase/auth.d.ts
Unable to load library file:///web/users/node_modules/@types/firebase/auth/index.d.ts at /web/users/projects/202223/quicknotes/.vscode-server/bin/ee2b180d582a7f601fa6ecfdad8d9fd269ab1884/extensions/node_modules/typescript/lib/file:/web/users/node_modules/@types/firebase/auth/index.d.ts
Unable to load library file:///web/node_modules/@types/firebase/auth/package.json at /web/users/projects/202223/quicknotes/.vscode-server/bin/ee2b180d582a7f601fa6ecfdad8d9fd269ab1884/extensions/node_modules/typescript/lib/file:/web/node_modules/@types/firebase/auth/package.json
Unable to load library file:///web/node_modules/@types/firebase/package.json at /web/users/projects/202223/quicknotes/.vscode-server/bin/ee2b180d582a7f601fa6ecfdad8d9fd269ab1884/extensions/node_modules/typescript/lib/file:/web/node_modules/@types/firebase/package.json
Unable to load library file:///web/node_modules/@types/firebase/auth.d.ts at /web/users/projects/202223/quicknotes/.vscode-server/bin/ee2b180d582a7f601fa6ecfdad8d9fd269ab1884/extensions/node_modules/typescript/lib/file:/web/node_modules/@types/firebase/auth.d.ts
Unable to load library file:///web/node_modules/@types/firebase/auth/index.d.ts at /web/users/projects/202223/quicknotes/.vscode-server/bin/ee2b180d582a7f601fa6ecfdad8d9fd269ab1884/extensions/node_modules/typescript/lib/file:/web/node_modules/@types/firebase/auth/index.d.ts
Unable to load library file:///node_modules/@types/firebase/auth/package.json at /web/users/projects/202223/quicknotes/.vscode-server/bin/ee2b180d582a7f601fa6ecfdad8d9fd269ab1884/extensions/node_modules/typescript/lib/file:/node_modules/@types/firebase/auth/package.json
Unable to load library file:///node_modules/@types/firebase/package.json at /web/users/projects/202223/quicknotes/.vscode-server/bin/ee2b180d582a7f601fa6ecfdad8d9fd269ab1884/extensions/node_modules/typescript/lib/file:/node_modules/@types/firebase/package.json
Unable to load library file:///node_modules/@types/firebase/auth.d.ts at /web/users/projects/202223/quicknotes/.vscode-server/bin/ee2b180d582a7f601fa6ecfdad8d9fd269ab1884/extensions/node_modules/typescript/lib/file:/node_modules/@types/firebase/auth.d.ts
Unable to load library file:///node_modules/@types/firebase/auth/index.d.ts at /web/users/projects/202223/quicknotes/.vscode-server/bin/ee2b180d582a7f601fa6ecfdad8d9fd269ab1884/extensions/node_modules/typescript/lib/file:/node_modules/@types/firebase/auth/index.d.ts
Unable to load library file:///web/users/projects/202223/quicknotes/Testing/firebase/auth.js at /web/users/projects/202223/quicknotes/.vscode-server/bin/ee2b180d582a7f601fa6ecfdad8d9fd269ab1884/extensions/node_modules/typescript/lib/file:/web/users/projects/202223/quicknotes/Testing/firebase/auth.js
Unable to load library file:///web/users/projects/202223/quicknotes/Testing/firebase/auth.jsx at /web/users/projects/202223/quicknotes/.vscode-server/bin/ee2b180d582a7f601fa6ecfdad8d9fd269ab1884/extensions/node_modules/typescript/lib/file:/web/users/projects/202223/quicknotes/Testing/firebase/auth.jsx
Unable to load library file:///web/users/projects/202223/quicknotes/firebase/auth.js at /web/users/projects/202223/quicknotes/.vscode-server/bin/ee2b180d582a7f601fa6ecfdad8d9fd269ab1884/extensions/node_modules/typescript/lib/file:/web/users/projects/202223/quicknotes/firebase/auth.js
Unable to load library file:///web/users/projects/202223/quicknotes/firebase/auth.jsx at /web/users/projects/202223/quicknotes/.vscode-server/bin/ee2b180d582a7f601fa6ecfdad8d9fd269ab1884/extensions/node_modules/typescript/lib/file:/web/users/projects/202223/quicknotes/firebase/auth.jsx
Unable to load library file:///web/users/projects/202223/firebase/auth.js at /web/users/projects/202223/quicknotes/.vscode-server/bin/ee2b180d582a7f601fa6ecfdad8d9fd269ab1884/extensions/node_modules/typescript/lib/file:/web/users/projects/202223/firebase/auth.js
Unable to load library file:///web/users/projects/202223/firebase/auth.jsx at /web/users/projects/202223/quicknotes/.vscode-server/bin/ee2b180d582a7f601fa6ecfdad8d9fd269ab1884/extensions/node_modules/typescript/lib/file:/web/users/projects/202223/firebase/auth.jsx
Unable to load library file:///web/users/projects/firebase/auth.js at /web/users/projects/202223/quicknotes/.vscode-server/bin/ee2b180d582a7f601fa6ecfdad8d9fd269ab1884/extensions/node_modules/typescript/lib/file:/web/users/projects/firebase/auth.js
Unable to load library file:///web/users/projects/firebase/auth.jsx at /web/users/projects/202223/quicknotes/.vscode-server/bin/ee2b180d582a7f601fa6ecfdad8d9fd269ab1884/extensions/node_modules/typescript/lib/file:/web/users/projects/firebase/auth.jsx
Unable to load library file:///web/users/firebase/auth.js at /web/users/projects/202223/quicknotes/.vscode-server/bin/ee2b180d582a7f601fa6ecfdad8d9fd269ab1884/extensions/node_modules/typescript/lib/file:/web/users/firebase/auth.js
Unable to load library file:///web/users/firebase/auth.jsx at /web/users/projects/202223/quicknotes/.vscode-server/bin/ee2b180d582a7f601fa6ecfdad8d9fd269ab1884/extensions/node_modules/typescript/lib/file:/web/users/firebase/auth.jsx
Unable to load library file:///web/firebase/auth.js at /web/users/projects/202223/quicknotes/.vscode-server/bin/ee2b180d582a7f601fa6ecfdad8d9fd269ab1884/extensions/node_modules/typescript/lib/file:/web/firebase/auth.js
Unable to load library file:///web/firebase/auth.jsx at /web/users/projects/202223/quicknotes/.vscode-server/bin/ee2b180d582a7f601fa6ecfdad8d9fd269ab1884/extensions/node_modules/typescript/lib/file:/web/firebase/auth.jsx
Unable to load library file:///firebase/auth.js at /web/users/projects/202223/quicknotes/.vscode-server/bin/ee2b180d582a7f601fa6ecfdad8d9fd269ab1884/extensions/node_modules/typescript/lib/file:/firebase/auth.js
Unable to load library file:///firebase/auth.jsx at /web/users/projects/202223/quicknotes/.vscode-server/bin/ee2b180d582a7f601fa6ecfdad8d9fd269ab1884/extensions/node_modules/typescript/lib/file:/firebase/auth.jsx
Unable to load library file:///web/users/projects/202223/quicknotes/Testing/firebase.js.ts at /web/users/projects/202223/quicknotes/.vscode-server/bin/ee2b180d582a7f601fa6ecfdad8d9fd269ab1884/extensions/node_modules/typescript/lib/file:/web/users/projects/202223/quicknotes/Testing/firebase.js.ts
Unable to load library file:///web/users/projects/202223/quicknotes/Testing/firebase.js.tsx at /web/users/projects/202223/quicknotes/.vscode-server/bin/ee2b180d582a7f601fa6ecfdad8d9fd269ab1884/extensions/node_modules/typescript/lib/file:/web/users/projects/202223/quicknotes/Testing/firebase.js.tsx
Unable to load library file:///web/users/projects/202223/quicknotes/Testing/firebase.js.d.ts at /web/users/projects/202223/quicknotes/.vscode-server/bin/ee2b180d582a7f601fa6ecfdad8d9fd269ab1884/extensions/node_modules/typescript/lib/file:/web/users/projects/202223/quicknotes/Testing/firebase.js.d.ts
Unable to load library file:///web/users/projects/202223/quicknotes/Testing/firebase.ts at /web/users/projects/202223/quicknotes/.vscode-server/bin/ee2b180d582a7f601fa6ecfdad8d9fd269ab1884/extensions/node_modules/typescript/lib/file:/web/users/projects/202223/quicknotes/Testing/firebase.ts
Unable to load library file:///web/users/projects/202223/quicknotes/Testing/firebase.tsx at /web/users/projects/202223/quicknotes/.vscode-server/bin/ee2b180d582a7f601fa6ecfdad8d9fd269ab1884/extensions/node_modules/typescript/lib/file:/web/users/projects/202223/quicknotes/Testing/firebase.tsx
Unable to load library file:///web/users/projects/202223/quicknotes/Testing/firebase.d.ts at /web/users/projects/202223/quicknotes/.vscode-server/bin/ee2b180d582a7f601fa6ecfdad8d9fd269ab1884/extensions/node_modules/typescript/lib/file:/web/users/projects/202223/quicknotes/Testing/firebase.d.ts
Unable to load library file:///web/users/projects/202223/quicknotes/Testing/firebase.js.js at /web/users/projects/202223/quicknotes/.vscode-server/bin/ee2b180d582a7f601fa6ecfdad8d9fd269ab1884/extensions/node_modules/typescript/lib/file:/web/users/projects/202223/quicknotes/Testing/firebase.js.js
Unable to load library file:///web/users/projects/202223/quicknotes/Testing/firebase.js.jsx at /web/users/projects/202223/quicknotes/.vscode-server/bin/ee2b180d582a7f601fa6ecfdad8d9fd269ab1884/extensions/node_modules/typescript/lib/file:/web/users/projects/202223/quicknotes/Testing/firebase.js.jsx
Unable to load library file:///web/users/projects/202223/quicknotes/Testing/firebase.js at /web/users/projects/202223/quicknotes/.vscode-server/bin/ee2b180d582a7f601fa6ecfdad8d9fd269ab1884/extensions/node_modules/typescript/lib/file:/web/users/projects/202223/quicknotes/Testing/firebase.js
Unable to load library file:///web/users/projects/202223/quicknotes/Testing/firebase.jsx at /web/users/projects/202223/quicknotes/.vscode-server/bin/ee2b180d582a7f601fa6ecfdad8d9fd269ab1884/extensions/node_modules/typescript/lib/file:/web/users/projects/202223/quicknotes/Testing/firebase.jsx
Unable to load library https://www.gstatic.com/firebasejs/9.18.x/firebase-app.js.ts at /web/users/projects/202223/quicknotes/.vscode-server/bin/ee2b180d582a7f601fa6ecfdad8d9fd269ab1884/extensions/node_modules/typescript/lib/https:/www.gstatic.com/firebasejs/9.18.x/firebase-app.js.ts
Unable to load library https://www.gstatic.com/firebasejs/9.18.x/firebase-app.js.tsx at /web/users/projects/202223/quicknotes/.vscode-server/bin/ee2b180d582a7f601fa6ecfdad8d9fd269ab1884/extensions/node_modules/typescript/lib/https:/www.gstatic.com/firebasejs/9.18.x/firebase-app.js.tsx
Unable to load library https://www.gstatic.com/firebasejs/9.18.x/firebase-app.js.d.ts at /web/users/projects/202223/quicknotes/.vscode-server/bin/ee2b180d582a7f601fa6ecfdad8d9fd269ab1884/extensions/node_modules/typescript/lib/https:/www.gstatic.com/firebasejs/9.18.x/firebase-app.js.d.ts
Unable to load library https://www.gstatic.com/firebasejs/9.18.x/firebase-app.ts at /web/users/projects/202223/quicknotes/.vscode-server/bin/ee2b180d582a7f601fa6ecfdad8d9fd269ab1884/extensions/node_modules/typescript/lib/https:/www.gstatic.com/firebasejs/9.18.x/firebase-app.ts
Unable to load library https://www.gstatic.com/firebasejs/9.18.x/firebase-app.tsx at /web/users/projects/202223/quicknotes/.vscode-server/bin/ee2b180d582a7f601fa6ecfdad8d9fd269ab1884/extensions/node_modules/typescript/lib/https:/www.gstatic.com/firebasejs/9.18.x/firebase-app.tsx
Unable to load library https://www.gstatic.com/firebasejs/9.18.x/firebase-app.d.ts at /web/users/projects/202223/quicknotes/.vscode-server/bin/ee2b180d582a7f601fa6ecfdad8d9fd269ab1884/extensions/node_modules/typescript/lib/https:/www.gstatic.com/firebasejs/9.18.x/firebase-app.d.ts
Unable to load library https://www.gstatic.com/firebasejs/9.18.x/firebase-app.js/package.json at /web/users/projects/202223/quicknotes/.vscode-server/bin/ee2b180d582a7f601fa6ecfdad8d9fd269ab1884/extensions/node_modules/typescript/lib/https:/www.gstatic.com/firebasejs/9.18.x/firebase-app.js/package.json
Unable to load library file:///web/users/projects/202223/quicknotes/Testing/node_modules/@types/https:/package.json at /web/users/projects/202223/quicknotes/.vscode-server/bin/ee2b180d582a7f601fa6ecfdad8d9fd269ab1884/extensions/node_modules/typescript/lib/file:/web/users/projects/202223/quicknotes/Testing/node_modules/@types/https:/package.json
Unable to load library https://www.gstatic.com/firebasejs/9.18.x/firebase-app.js/index.d.ts at /web/users/projects/202223/quicknotes/.vscode-server/bin/ee2b180d582a7f601fa6ecfdad8d9fd269ab1884/extensions/node_modules/typescript/lib/https:/www.gstatic.com/firebasejs/9.18.x/firebase-app.js/index.d.ts
Unable to load library file:///web/users/projects/202223/quicknotes/node_modules/@types/https:/package.json at /web/users/projects/202223/quicknotes/.vscode-server/bin/ee2b180d582a7f601fa6ecfdad8d9fd269ab1884/extensions/node_modules/typescript/lib/file:/web/users/projects/202223/quicknotes/node_modules/@types/https:/package.json
Unable to load library file:///web/users/projects/202223/node_modules/@types/https:/package.json at /web/users/projects/202223/quicknotes/.vscode-server/bin/ee2b180d582a7f601fa6ecfdad8d9fd269ab1884/extensions/node_modules/typescript/lib/file:/web/users/projects/202223/node_modules/@types/https:/package.json
Unable to load library file:///web/users/projects/node_modules/@types/https:/package.json at /web/users/projects/202223/quicknotes/.vscode-server/bin/ee2b180d582a7f601fa6ecfdad8d9fd269ab1884/extensions/node_modules/typescript/lib/file:/web/users/projects/node_modules/@types/https:/package.json
Unable to load library file:///web/users/node_modules/@types/https:/package.json at /web/users/projects/202223/quicknotes/.vscode-server/bin/ee2b180d582a7f601fa6ecfdad8d9fd269ab1884/extensions/node_modules/typescript/lib/file:/web/users/node_modules/@types/https:/package.json
Unable to load library file:///web/node_modules/@types/https:/package.json at /web/users/projects/202223/quicknotes/.vscode-server/bin/ee2b180d582a7f601fa6ecfdad8d9fd269ab1884/extensions/node_modules/typescript/lib/file:/web/node_modules/@types/https:/package.json
Unable to load library file:///node_modules/@types/https:/package.json at /web/users/projects/202223/quicknotes/.vscode-server/bin/ee2b180d582a7f601fa6ecfdad8d9fd269ab1884/extensions/node_modules/typescript/lib/file:/node_modules/@types/https:/package.json
Unable to load library https://www.gstatic.com/firebasejs/9.18.x/firebase-app.js.js at /web/users/projects/202223/quicknotes/.vscode-server/bin/ee2b180d582a7f601fa6ecfdad8d9fd269ab1884/extensions/node_modules/typescript/lib/https:/www.gstatic.com/firebasejs/9.18.x/firebase-app.js.js
Unable to load library https://www.gstatic.com/firebasejs/9.18.x/firebase-app.js.jsx at /web/users/projects/202223/quicknotes/.vscode-server/bin/ee2b180d582a7f601fa6ecfdad8d9fd269ab1884/extensions/node_modules/typescript/lib/https:/www.gstatic.com/firebasejs/9.18.x/firebase-app.js.jsx
Unable to load library https://www.gstatic.com/firebasejs/9.18.x/firebase-app.js at /web/users/projects/202223/quicknotes/.vscode-server/bin/ee2b180d582a7f601fa6ecfdad8d9fd269ab1884/extensions/node_modules/typescript/lib/https:/www.gstatic.com/firebasejs/9.18.x/firebase-app.js
Unable to load library https://www.gstatic.com/firebasejs/9.18.x/firebase-app.jsx at /web/users/projects/202223/quicknotes/.vscode-server/bin/ee2b180d582a7f601fa6ecfdad8d9fd269ab1884/extensions/node_modules/typescript/lib/https:/www.gstatic.com/firebasejs/9.18.x/firebase-app.jsx
Unable to load library https://www.gstatic.com/firebasejs/9.18.x/firebase-auth.js.ts at /web/users/projects/202223/quicknotes/.vscode-server/bin/ee2b180d582a7f601fa6ecfdad8d9fd269ab1884/extensions/node_modules/typescript/lib/https:/www.gstatic.com/firebasejs/9.18.x/firebase-auth.js.ts
Unable to load library https://www.gstatic.com/firebasejs/9.18.x/firebase-auth.js.tsx at /web/users/projects/202223/quicknotes/.vscode-server/bin/ee2b180d582a7f601fa6ecfdad8d9fd269ab1884/extensions/node_modules/typescript/lib/https:/www.gstatic.com/firebasejs/9.18.x/firebase-auth.js.tsx
Unable to load library https://www.gstatic.com/firebasejs/9.18.x/firebase-auth.js.d.ts at /web/users/projects/202223/quicknotes/.vscode-server/bin/ee2b180d582a7f601fa6ecfdad8d9fd269ab1884/extensions/node_modules/typescript/lib/https:/www.gstatic.com/firebasejs/9.18.x/firebase-auth.js.d.ts
Unable to load library https://www.gstatic.com/firebasejs/9.18.x/firebase-auth.ts at /web/users/projects/202223/quicknotes/.vscode-server/bin/ee2b180d582a7f601fa6ecfdad8d9fd269ab1884/extensions/node_modules/typescript/lib/https:/www.gstatic.com/firebasejs/9.18.x/firebase-auth.ts
Unable to load library https://www.gstatic.com/firebasejs/9.18.x/firebase-auth.tsx at /web/users/projects/202223/quicknotes/.vscode-server/bin/ee2b180d582a7f601fa6ecfdad8d9fd269ab1884/extensions/node_modules/typescript/lib/https:/www.gstatic.com/firebasejs/9.18.x/firebase-auth.tsx
Unable to load library https://www.gstatic.com/firebasejs/9.18.x/firebase-auth.d.ts at /web/users/projects/202223/quicknotes/.vscode-server/bin/ee2b180d582a7f601fa6ecfdad8d9fd269ab1884/extensions/node_modules/typescript/lib/https:/www.gstatic.com/firebasejs/9.18.x/firebase-auth.d.ts
Unable to load library https://www.gstatic.com/firebasejs/9.18.x/firebase-auth.js/package.json at /web/users/projects/202223/quicknotes/.vscode-server/bin/ee2b180d582a7f601fa6ecfdad8d9fd269ab1884/extensions/node_modules/typescript/lib/https:/www.gstatic.com/firebasejs/9.18.x/firebase-auth.js/package.json
Unable to load library https://www.gstatic.com/firebasejs/9.18.x/firebase-auth.js/index.d.ts at /web/users/projects/202223/quicknotes/.vscode-server/bin/ee2b180d582a7f601fa6ecfdad8d9fd269ab1884/extensions/node_modules/typescript/lib/https:/www.gstatic.com/firebasejs/9.18.x/firebase-auth.js/index.d.ts
Unable to load library https://www.gstatic.com/firebasejs/9.18.x/firebase-auth.js.js at /web/users/projects/202223/quicknotes/.vscode-server/bin/ee2b180d582a7f601fa6ecfdad8d9fd269ab1884/extensions/node_modules/typescript/lib/https:/www.gstatic.com/firebasejs/9.18.x/firebase-auth.js.js
Unable to load library https://www.gstatic.com/firebasejs/9.18.x/firebase-auth.js.jsx at /web/users/projects/202223/quicknotes/.vscode-server/bin/ee2b180d582a7f601fa6ecfdad8d9fd269ab1884/extensions/node_modules/typescript/lib/https:/www.gstatic.com/firebasejs/9.18.x/firebase-auth.js.jsx
Unable to load library https://www.gstatic.com/firebasejs/9.18.x/firebase-auth.js at /web/users/projects/202223/quicknotes/.vscode-server/bin/ee2b180d582a7f601fa6ecfdad8d9fd269ab1884/extensions/node_modules/typescript/lib/https:/www.gstatic.com/firebasejs/9.18.x/firebase-auth.js
Unable to load library https://www.gstatic.com/firebasejs/9.18.x/firebase-auth.jsx at /web/users/projects/202223/quicknotes/.vscode-server/bin/ee2b180d582a7f601fa6ecfdad8d9fd269ab1884/extensions/node_modules/typescript/lib/https:/www.gstatic.com/firebasejs/9.18.x/firebase-auth.jsx
Unable to load library https://www.gstatic.com/firebasejs/9.18./firebase-app.js.ts at /web/users/projects/202223/quicknotes/.vscode-server/bin/ee2b180d582a7f601fa6ecfdad8d9fd269ab1884/extensions/node_modules/typescript/lib/https:/www.gstatic.com/firebasejs/9.18./firebase-app.js.ts
Unable to load library https://www.gstatic.com/firebasejs/9.18./firebase-app.js.tsx at /web/users/projects/202223/quicknotes/.vscode-server/bin/ee2b180d582a7f601fa6ecfdad8d9fd269ab1884/extensions/node_modules/typescript/lib/https:/www.gstatic.com/firebasejs/9.18./firebase-app.js.tsx
Unable to load library https://www.gstatic.com/firebasejs/9.18./firebase-app.js.d.ts at /web/users/projects/202223/quicknotes/.vscode-server/bin/ee2b180d582a7f601fa6ecfdad8d9fd269ab1884/extensions/node_modules/typescript/lib/https:/www.gstatic.com/firebasejs/9.18./firebase-app.js.d.ts
Unable to load library https://www.gstatic.com/firebasejs/9.18./firebase-app.ts at /web/users/projects/202223/quicknotes/.vscode-server/bin/ee2b180d582a7f601fa6ecfdad8d9fd269ab1884/extensions/node_modules/typescript/lib/https:/www.gstatic.com/firebasejs/9.18./firebase-app.ts
Unable to load library https://www.gstatic.com/firebasejs/9.18./firebase-app.tsx at /web/users/projects/202223/quicknotes/.vscode-server/bin/ee2b180d582a7f601fa6ecfdad8d9fd269ab1884/extensions/node_modules/typescript/lib/https:/www.gstatic.com/firebasejs/9.18./firebase-app.tsx
Unable to load library https://www.gstatic.com/firebasejs/9.18./firebase-app.d.ts at /web/users/projects/202223/quicknotes/.vscode-server/bin/ee2b180d582a7f601fa6ecfdad8d9fd269ab1884/extensions/node_modules/typescript/lib/https:/www.gstatic.com/firebasejs/9.18./firebase-app.d.ts
Unable to load library https://www.gstatic.com/firebasejs/9.18./firebase-app.js/package.json at /web/users/projects/202223/quicknotes/.vscode-server/bin/ee2b180d582a7f601fa6ecfdad8d9fd269ab1884/extensions/node_modules/typescript/lib/https:/www.gstatic.com/firebasejs/9.18./firebase-app.js/package.json
Unable to load library https://www.gstatic.com/firebasejs/9.18./firebase-app.js/index.d.ts at /web/users/projects/202223/quicknotes/.vscode-server/bin/ee2b180d582a7f601fa6ecfdad8d9fd269ab1884/extensions/node_modules/typescript/lib/https:/www.gstatic.com/firebasejs/9.18./firebase-app.js/index.d.ts
Unable to load library https://www.gstatic.com/firebasejs/9.18./firebase-app.js.js at /web/users/projects/202223/quicknotes/.vscode-server/bin/ee2b180d582a7f601fa6ecfdad8d9fd269ab1884/extensions/node_modules/typescript/lib/https:/www.gstatic.com/firebasejs/9.18./firebase-app.js.js
Unable to load library https://www.gstatic.com/firebasejs/9.18./firebase-app.js.jsx at /web/users/projects/202223/quicknotes/.vscode-server/bin/ee2b180d582a7f601fa6ecfdad8d9fd269ab1884/extensions/node_modules/typescript/lib/https:/www.gstatic.com/firebasejs/9.18./firebase-app.js.jsx
Unable to load library https://www.gstatic.com/firebasejs/9.18./firebase-app.js at /web/users/projects/202223/quicknotes/.vscode-server/bin/ee2b180d582a7f601fa6ecfdad8d9fd269ab1884/extensions/node_modules/typescript/lib/https:/www.gstatic.com/firebasejs/9.18./firebase-app.js
Unable to load library https://www.gstatic.com/firebasejs/9.18./firebase-app.jsx at /web/users/projects/202223/quicknotes/.vscode-server/bin/ee2b180d582a7f601fa6ecfdad8d9fd269ab1884/extensions/node_modules/typescript/lib/https:/www.gstatic.com/firebasejs/9.18./firebase-app.jsx
Unable to load library https://www.gstatic.com/firebasejs/9.18.0/firebase-app.js.ts at /web/users/projects/202223/quicknotes/.vscode-server/bin/ee2b180d582a7f601fa6ecfdad8d9fd269ab1884/extensions/node_modules/typescript/lib/https:/www.gstatic.com/firebasejs/9.18.0/firebase-app.js.ts
Unable to load library https://www.gstatic.com/firebasejs/9.18.0/firebase-app.js.tsx at /web/users/projects/202223/quicknotes/.vscode-server/bin/ee2b180d582a7f601fa6ecfdad8d9fd269ab1884/extensions/node_modules/typescript/lib/https:/www.gstatic.com/firebasejs/9.18.0/firebase-app.js.tsx
Unable to load library https://www.gstatic.com/firebasejs/9.18.0/firebase-app.js.d.ts at /web/users/projects/202223/quicknotes/.vscode-server/bin/ee2b180d582a7f601fa6ecfdad8d9fd269ab1884/extensions/node_modules/typescript/lib/https:/www.gstatic.com/firebasejs/9.18.0/firebase-app.js.d.ts
Unable to load library https://www.gstatic.com/firebasejs/9.18.0/firebase-app.ts at /web/users/projects/202223/quicknotes/.vscode-server/bin/ee2b180d582a7f601fa6ecfdad8d9fd269ab1884/extensions/node_modules/typescript/lib/https:/www.gstatic.com/firebasejs/9.18.0/firebase-app.ts
Unable to load library https://www.gstatic.com/firebasejs/9.18.0/firebase-app.tsx at /web/users/projects/202223/quicknotes/.vscode-server/bin/ee2b180d582a7f601fa6ecfdad8d9fd269ab1884/extensions/node_modules/typescript/lib/https:/www.gstatic.com/firebasejs/9.18.0/firebase-app.tsx
Unable to load library https://www.gstatic.com/firebasejs/9.18.0/firebase-app.d.ts at /web/users/projects/202223/quicknotes/.vscode-server/bin/ee2b180d582a7f601fa6ecfdad8d9fd269ab1884/extensions/node_modules/typescript/lib/https:/www.gstatic.com/firebasejs/9.18.0/firebase-app.d.ts
Unable to load library https://www.gstatic.com/firebasejs/9.18.0/firebase-app.js/package.json at /web/users/projects/202223/quicknotes/.vscode-server/bin/ee2b180d582a7f601fa6ecfdad8d9fd269ab1884/extensions/node_modules/typescript/lib/https:/www.gstatic.com/firebasejs/9.18.0/firebase-app.js/package.json
Unable to load library https://www.gstatic.com/firebasejs/9.18.0/firebase-app.js/index.d.ts at /web/users/projects/202223/quicknotes/.vscode-server/bin/ee2b180d582a7f601fa6ecfdad8d9fd269ab1884/extensions/node_modules/typescript/lib/https:/www.gstatic.com/firebasejs/9.18.0/firebase-app.js/index.d.ts
Unable to load library https://www.gstatic.com/firebasejs/9.18.0/firebase-app.js.js at /web/users/projects/202223/quicknotes/.vscode-server/bin/ee2b180d582a7f601fa6ecfdad8d9fd269ab1884/extensions/node_modules/typescript/lib/https:/www.gstatic.com/firebasejs/9.18.0/firebase-app.js.js
Unable to load library https://www.gstatic.com/firebasejs/9.18.0/firebase-app.js.jsx at /web/users/projects/202223/quicknotes/.vscode-server/bin/ee2b180d582a7f601fa6ecfdad8d9fd269ab1884/extensions/node_modules/typescript/lib/https:/www.gstatic.com/firebasejs/9.18.0/firebase-app.js.jsx
Unable to load library https://www.gstatic.com/firebasejs/9.18.0/firebase-app.js at /web/users/projects/202223/quicknotes/.vscode-server/bin/ee2b180d582a7f601fa6ecfdad8d9fd269ab1884/extensions/node_modules/typescript/lib/https:/www.gstatic.com/firebasejs/9.18.0/firebase-app.js
Unable to load library https://www.gstatic.com/firebasejs/9.18.0/firebase-app.jsx at /web/users/projects/202223/quicknotes/.vscode-server/bin/ee2b180d582a7f601fa6ecfdad8d9fd269ab1884/extensions/node_modules/typescript/lib/https:/www.gstatic.com/firebasejs/9.18.0/firebase-app.jsx
Unable to load library https://www.gstatic.com/firebasejs/9.18./firebase-auth.js.ts at /web/users/projects/202223/quicknotes/.vscode-server/bin/ee2b180d582a7f601fa6ecfdad8d9fd269ab1884/extensions/node_modules/typescript/lib/https:/www.gstatic.com/firebasejs/9.18./firebase-auth.js.ts
Unable to load library https://www.gstatic.com/firebasejs/9.18./firebase-auth.js.tsx at /web/users/projects/202223/quicknotes/.vscode-server/bin/ee2b180d582a7f601fa6ecfdad8d9fd269ab1884/extensions/node_modules/typescript/lib/https:/www.gstatic.com/firebasejs/9.18./firebase-auth.js.tsx
Unable to load library https://www.gstatic.com/firebasejs/9.18./firebase-auth.js.d.ts at /web/users/projects/202223/quicknotes/.vscode-server/bin/ee2b180d582a7f601fa6ecfdad8d9fd269ab1884/extensions/node_modules/typescript/lib/https:/www.gstatic.com/firebasejs/9.18./firebase-auth.js.d.ts
Unable to load library https://www.gstatic.com/firebasejs/9.18./firebase-auth.ts at /web/users/projects/202223/quicknotes/.vscode-server/bin/ee2b180d582a7f601fa6ecfdad8d9fd269ab1884/extensions/node_modules/typescript/lib/https:/www.gstatic.com/firebasejs/9.18./firebase-auth.ts
Unable to load library https://www.gstatic.com/firebasejs/9.18./firebase-auth.tsx at /web/users/projects/202223/quicknotes/.vscode-server/bin/ee2b180d582a7f601fa6ecfdad8d9fd269ab1884/extensions/node_modules/typescript/lib/https:/www.gstatic.com/firebasejs/9.18./firebase-auth.tsx
Unable to load library https://www.gstatic.com/firebasejs/9.18./firebase-auth.d.ts at /web/users/projects/202223/quicknotes/.vscode-server/bin/ee2b180d582a7f601fa6ecfdad8d9fd269ab1884/extensions/node_modules/typescript/lib/https:/www.gstatic.com/firebasejs/9.18./firebase-auth.d.ts
Unable to load library https://www.gstatic.com/firebasejs/9.18./firebase-auth.js/package.json at /web/users/projects/202223/quicknotes/.vscode-server/bin/ee2b180d582a7f601fa6ecfdad8d9fd269ab1884/extensions/node_modules/typescript/lib/https:/www.gstatic.com/firebasejs/9.18./firebase-auth.js/package.json
Unable to load library https://www.gstatic.com/firebasejs/9.18./firebase-auth.js/index.d.ts at /web/users/projects/202223/quicknotes/.vscode-server/bin/ee2b180d582a7f601fa6ecfdad8d9fd269ab1884/extensions/node_modules/typescript/lib/https:/www.gstatic.com/firebasejs/9.18./firebase-auth.js/index.d.ts
Unable to load library https://www.gstatic.com/firebasejs/9.18./firebase-auth.js.js at /web/users/projects/202223/quicknotes/.vscode-server/bin/ee2b180d582a7f601fa6ecfdad8d9fd269ab1884/extensions/node_modules/typescript/lib/https:/www.gstatic.com/firebasejs/9.18./firebase-auth.js.js
Unable to load library https://www.gstatic.com/firebasejs/9.18./firebase-auth.js.jsx at /web/users/projects/202223/quicknotes/.vscode-server/bin/ee2b180d582a7f601fa6ecfdad8d9fd269ab1884/extensions/node_modules/typescript/lib/https:/www.gstatic.com/firebasejs/9.18./firebase-auth.js.jsx
Unable to load library https://www.gstatic.com/firebasejs/9.18./firebase-auth.js at /web/users/projects/202223/quicknotes/.vscode-server/bin/ee2b180d582a7f601fa6ecfdad8d9fd269ab1884/extensions/node_modules/typescript/lib/https:/www.gstatic.com/firebasejs/9.18./firebase-auth.js
Unable to load library https://www.gstatic.com/firebasejs/9.18./firebase-auth.jsx at /web/users/projects/202223/quicknotes/.vscode-server/bin/ee2b180d582a7f601fa6ecfdad8d9fd269ab1884/extensions/node_modules/typescript/lib/https:/www.gstatic.com/firebasejs/9.18./firebase-auth.jsx
Unable to load library https://www.gstatic.com/firebasejs/9.18.0/firebase-auth.js.ts at /web/users/projects/202223/quicknotes/.vscode-server/bin/ee2b180d582a7f601fa6ecfdad8d9fd269ab1884/extensions/node_modules/typescript/lib/https:/www.gstatic.com/firebasejs/9.18.0/firebase-auth.js.ts
Unable to load library https://www.gstatic.com/firebasejs/9.18.0/firebase-auth.js.tsx at /web/users/projects/202223/quicknotes/.vscode-server/bin/ee2b180d582a7f601fa6ecfdad8d9fd269ab1884/extensions/node_modules/typescript/lib/https:/www.gstatic.com/firebasejs/9.18.0/firebase-auth.js.tsx
Unable to load library https://www.gstatic.com/firebasejs/9.18.0/firebase-auth.js.d.ts at /web/users/projects/202223/quicknotes/.vscode-server/bin/ee2b180d582a7f601fa6ecfdad8d9fd269ab1884/extensions/node_modules/typescript/lib/https:/www.gstatic.com/firebasejs/9.18.0/firebase-auth.js.d.ts
Unable to load library https://www.gstatic.com/firebasejs/9.18.0/firebase-auth.ts at /web/users/projects/202223/quicknotes/.vscode-server/bin/ee2b180d582a7f601fa6ecfdad8d9fd269ab1884/extensions/node_modules/typescript/lib/https:/www.gstatic.com/firebasejs/9.18.0/firebase-auth.ts
Unable to load library https://www.gstatic.com/firebasejs/9.18.0/firebase-auth.tsx at /web/users/projects/202223/quicknotes/.vscode-server/bin/ee2b180d582a7f601fa6ecfdad8d9fd269ab1884/extensions/node_modules/typescript/lib/https:/www.gstatic.com/firebasejs/9.18.0/firebase-auth.tsx
Unable to load library https://www.gstatic.com/firebasejs/9.18.0/firebase-auth.d.ts at /web/users/projects/202223/quicknotes/.vscode-server/bin/ee2b180d582a7f601fa6ecfdad8d9fd269ab1884/extensions/node_modules/typescript/lib/https:/www.gstatic.com/firebasejs/9.18.0/firebase-auth.d.ts
Unable to load library https://www.gstatic.com/firebasejs/9.18.0/firebase-auth.js/package.json at /web/users/projects/202223/quicknotes/.vscode-server/bin/ee2b180d582a7f601fa6ecfdad8d9fd269ab1884/extensions/node_modules/typescript/lib/https:/www.gstatic.com/firebasejs/9.18.0/firebase-auth.js/package.json
Unable to load library https://www.gstatic.com/firebasejs/9.18.0/firebase-auth.js/index.d.ts at /web/users/projects/202223/quicknotes/.vscode-server/bin/ee2b180d582a7f601fa6ecfdad8d9fd269ab1884/extensions/node_modules/typescript/lib/https:/www.gstatic.com/firebasejs/9.18.0/firebase-auth.js/index.d.ts
Unable to load library https://www.gstatic.com/firebasejs/9.18.0/firebase-auth.js.js at /web/users/projects/202223/quicknotes/.vscode-server/bin/ee2b180d582a7f601fa6ecfdad8d9fd269ab1884/extensions/node_modules/typescript/lib/https:/www.gstatic.com/firebasejs/9.18.0/firebase-auth.js.js
Unable to load library https://www.gstatic.com/firebasejs/9.18.0/firebase-auth.js.jsx at /web/users/projects/202223/quicknotes/.vscode-server/bin/ee2b180d582a7f601fa6ecfdad8d9fd269ab1884/extensions/node_modules/typescript/lib/https:/www.gstatic.com/firebasejs/9.18.0/firebase-auth.js.jsx
Unable to load library https://www.gstatic.com/firebasejs/9.18.0/firebase-auth.js at /web/users/projects/202223/quicknotes/.vscode-server/bin/ee2b180d582a7f601fa6ecfdad8d9fd269ab1884/extensions/node_modules/typescript/lib/https:/www.gstatic.com/firebasejs/9.18.0/firebase-auth.js
Unable to load library https://www.gstatic.com/firebasejs/9.18.0/firebase-auth.jsx at /web/users/projects/202223/quicknotes/.vscode-server/bin/ee2b180d582a7f601fa6ecfdad8d9fd269ab1884/extensions/node_modules/typescript/lib/https:/www.gstatic.com/firebasejs/9.18.0/firebase-auth.jsx
Unable to load library file:///web/users/projects/202223/quicknotes/Testing/firebase/app.ts at /web/users/projects/202223/quicknotes/.vscode-server/bin/ee2b180d582a7f601fa6ecfdad8d9fd269ab1884/extensions/node_modules/typescript/lib/file:/web/users/projects/202223/quicknotes/Testing/firebase/app.ts
Unable to load library file:///web/users/projects/202223/quicknotes/Testing/firebase/app.tsx at /web/users/projects/202223/quicknotes/.vscode-server/bin/ee2b180d582a7f601fa6ecfdad8d9fd269ab1884/extensions/node_modules/typescript/lib/file:/web/users/projects/202223/quicknotes/Testing/firebase/app.tsx
Unable to load library file:///web/users/projects/202223/quicknotes/Testing/firebase/app.d.ts at /web/users/projects/202223/quicknotes/.vscode-server/bin/ee2b180d582a7f601fa6ecfdad8d9fd269ab1884/extensions/node_modules/typescript/lib/file:/web/users/projects/202223/quicknotes/Testing/firebase/app.d.ts
Unable to load library file:///web/users/projects/202223/quicknotes/firebase/app.ts at /web/users/projects/202223/quicknotes/.vscode-server/bin/ee2b180d582a7f601fa6ecfdad8d9fd269ab1884/extensions/node_modules/typescript/lib/file:/web/users/projects/202223/quicknotes/firebase/app.ts
Unable to load library file:///web/users/projects/202223/quicknotes/firebase/app.tsx at /web/users/projects/202223/quicknotes/.vscode-server/bin/ee2b180d582a7f601fa6ecfdad8d9fd269ab1884/extensions/node_modules/typescript/lib/file:/web/users/projects/202223/quicknotes/firebase/app.tsx
Unable to load library file:///web/users/projects/202223/quicknotes/firebase/app.d.ts at /web/users/projects/202223/quicknotes/.vscode-server/bin/ee2b180d582a7f601fa6ecfdad8d9fd269ab1884/extensions/node_modules/typescript/lib/file:/web/users/projects/202223/quicknotes/firebase/app.d.ts
Unable to load library file:///web/users/projects/202223/firebase/app.ts at /web/users/projects/202223/quicknotes/.vscode-server/bin/ee2b180d582a7f601fa6ecfdad8d9fd269ab1884/extensions/node_modules/typescript/lib/file:/web/users/projects/202223/firebase/app.ts
Unable to load library file:///web/users/projects/202223/firebase/app.tsx at /web/users/projects/202223/quicknotes/.vscode-server/bin/ee2b180d582a7f601fa6ecfdad8d9fd269ab1884/extensions/node_modules/typescript/lib/file:/web/users/projects/202223/firebase/app.tsx
Unable to load library file:///web/users/projects/202223/firebase/app.d.ts at /web/users/projects/202223/quicknotes/.vscode-server/bin/ee2b180d582a7f601fa6ecfdad8d9fd269ab1884/extensions/node_modules/typescript/lib/file:/web/users/projects/202223/firebase/app.d.ts
Unable to load library file:///web/users/projects/firebase/app.ts at /web/users/projects/202223/quicknotes/.vscode-server/bin/ee2b180d582a7f601fa6ecfdad8d9fd269ab1884/extensions/node_modules/typescript/lib/file:/web/users/projects/firebase/app.ts
Unable to load library file:///web/users/projects/firebase/app.tsx at /web/users/projects/202223/quicknotes/.vscode-server/bin/ee2b180d582a7f601fa6ecfdad8d9fd269ab1884/extensions/node_modules/typescript/lib/file:/web/users/projects/firebase/app.tsx
Unable to load library file:///web/users/projects/firebase/app.d.ts at /web/users/projects/202223/quicknotes/.vscode-server/bin/ee2b180d582a7f601fa6ecfdad8d9fd269ab1884/extensions/node_modules/typescript/lib/file:/web/users/projects/firebase/app.d.ts
Unable to load library file:///web/users/firebase/app.ts at /web/users/projects/202223/quicknotes/.vscode-server/bin/ee2b180d582a7f601fa6ecfdad8d9fd269ab1884/extensions/node_modules/typescript/lib/file:/web/users/firebase/app.ts
Unable to load library file:///web/users/firebase/app.tsx at /web/users/projects/202223/quicknotes/.vscode-server/bin/ee2b180d582a7f601fa6ecfdad8d9fd269ab1884/extensions/node_modules/typescript/lib/file:/web/users/firebase/app.tsx
Unable to load library file:///web/users/firebase/app.d.ts at /web/users/projects/202223/quicknotes/.vscode-server/bin/ee2b180d582a7f601fa6ecfdad8d9fd269ab1884/extensions/node_modules/typescript/lib/file:/web/users/firebase/app.d.ts
Unable to load library file:///web/firebase/app.ts at /web/users/projects/202223/quicknotes/.vscode-server/bin/ee2b180d582a7f601fa6ecfdad8d9fd269ab1884/extensions/node_modules/typescript/lib/file:/web/firebase/app.ts
Unable to load library file:///web/firebase/app.tsx at /web/users/projects/202223/quicknotes/.vscode-server/bin/ee2b180d582a7f601fa6ecfdad8d9fd269ab1884/extensions/node_modules/typescript/lib/file:/web/firebase/app.tsx
Unable to load library file:///web/firebase/app.d.ts at /web/users/projects/202223/quicknotes/.vscode-server/bin/ee2b180d582a7f601fa6ecfdad8d9fd269ab1884/extensions/node_modules/typescript/lib/file:/web/firebase/app.d.ts
Unable to load library file:///firebase/app.ts at /web/users/projects/202223/quicknotes/.vscode-server/bin/ee2b180d582a7f601fa6ecfdad8d9fd269ab1884/extensions/node_modules/typescript/lib/file:/firebase/app.ts
Unable to load library file:///firebase/app.tsx at /web/users/projects/202223/quicknotes/.vscode-server/bin/ee2b180d582a7f601fa6ecfdad8d9fd269ab1884/extensions/node_modules/typescript/lib/file:/firebase/app.tsx
Unable to load library file:///firebase/app.d.ts at /web/users/projects/202223/quicknotes/.vscode-server/bin/ee2b180d582a7f601fa6ecfdad8d9fd269ab1884/extensions/node_modules/typescript/lib/file:/firebase/app.d.ts
Unable to load library file:///web/users/projects/202223/quicknotes/Testing/node_modules/@types/firebase/app/package.json at /web/users/projects/202223/quicknotes/.vscode-server/bin/ee2b180d582a7f601fa6ecfdad8d9fd269ab1884/extensions/node_modules/typescript/lib/file:/web/users/projects/202223/quicknotes/Testing/node_modules/@types/firebase/app/package.json
Unable to load library file:///web/users/projects/202223/quicknotes/Testing/node_modules/@types/firebase/app.d.ts at /web/users/projects/202223/quicknotes/.vscode-server/bin/ee2b180d582a7f601fa6ecfdad8d9fd269ab1884/extensions/node_modules/typescript/lib/file:/web/users/projects/202223/quicknotes/Testing/node_modules/@types/firebase/app.d.ts
Unable to load library file:///web/users/projects/202223/quicknotes/Testing/node_modules/@types/firebase/app/index.d.ts at /web/users/projects/202223/quicknotes/.vscode-server/bin/ee2b180d582a7f601fa6ecfdad8d9fd269ab1884/extensions/node_modules/typescript/lib/file:/web/users/projects/202223/quicknotes/Testing/node_modules/@types/firebase/app/index.d.ts
Unable to load library file:///web/users/projects/202223/quicknotes/node_modules/@types/firebase/app/package.json at /web/users/projects/202223/quicknotes/.vscode-server/bin/ee2b180d582a7f601fa6ecfdad8d9fd269ab1884/extensions/node_modules/typescript/lib/file:/web/users/projects/202223/quicknotes/node_modules/@types/firebase/app/package.json
Unable to load library file:///web/users/projects/202223/quicknotes/node_modules/@types/firebase/app.d.ts at /web/users/projects/202223/quicknotes/.vscode-server/bin/ee2b180d582a7f601fa6ecfdad8d9fd269ab1884/extensions/node_modules/typescript/lib/file:/web/users/projects/202223/quicknotes/node_modules/@types/firebase/app.d.ts
Unable to load library file:///web/users/projects/202223/quicknotes/node_modules/@types/firebase/app/index.d.ts at /web/users/projects/202223/quicknotes/.vscode-server/bin/ee2b180d582a7f601fa6ecfdad8d9fd269ab1884/extensions/node_modules/typescript/lib/file:/web/users/projects/202223/quicknotes/node_modules/@types/firebase/app/index.d.ts
Unable to load library file:///web/users/projects/202223/node_modules/@types/firebase/app/package.json at /web/users/projects/202223/quicknotes/.vscode-server/bin/ee2b180d582a7f601fa6ecfdad8d9fd269ab1884/extensions/node_modules/typescript/lib/file:/web/users/projects/202223/node_modules/@types/firebase/app/package.json
Unable to load library file:///web/users/projects/202223/node_modules/@types/firebase/app.d.ts at /web/users/projects/202223/quicknotes/.vscode-server/bin/ee2b180d582a7f601fa6ecfdad8d9fd269ab1884/extensions/node_modules/typescript/lib/file:/web/users/projects/202223/node_modules/@types/firebase/app.d.ts
Unable to load library file:///web/users/projects/202223/node_modules/@types/firebase/app/index.d.ts at /web/users/projects/202223/quicknotes/.vscode-server/bin/ee2b180d582a7f601fa6ecfdad8d9fd269ab1884/extensions/node_modules/typescript/lib/file:/web/users/projects/202223/node_modules/@types/firebase/app/index.d.ts
Unable to load library file:///web/users/projects/node_modules/@types/firebase/app/package.json at /web/users/projects/202223/quicknotes/.vscode-server/bin/ee2b180d582a7f601fa6ecfdad8d9fd269ab1884/extensions/node_modules/typescript/lib/file:/web/users/projects/node_modules/@types/firebase/app/package.json
Unable to load library file:///web/users/projects/node_modules/@types/firebase/app.d.ts at /web/users/projects/202223/quicknotes/.vscode-server/bin/ee2b180d582a7f601fa6ecfdad8d9fd269ab1884/extensions/node_modules/typescript/lib/file:/web/users/projects/node_modules/@types/firebase/app.d.ts
Unable to load library file:///web/users/projects/node_modules/@types/firebase/app/index.d.ts at /web/users/projects/202223/quicknotes/.vscode-server/bin/ee2b180d582a7f601fa6ecfdad8d9fd269ab1884/extensions/node_modules/typescript/lib/file:/web/users/projects/node_modules/@types/firebase/app/index.d.ts
Unable to load library file:///web/users/node_modules/@types/firebase/app/package.json at /web/users/projects/202223/quicknotes/.vscode-server/bin/ee2b180d582a7f601fa6ecfdad8d9fd269ab1884/extensions/node_modules/typescript/lib/file:/web/users/node_modules/@types/firebase/app/package.json
Unable to load library file:///web/users/node_modules/@types/firebase/app.d.ts at /web/users/projects/202223/quicknotes/.vscode-server/bin/ee2b180d582a7f601fa6ecfdad8d9fd269ab1884/extensions/node_modules/typescript/lib/file:/web/users/node_modules/@types/firebase/app.d.ts
Unable to load library file:///web/users/node_modules/@types/firebase/app/index.d.ts at /web/users/projects/202223/quicknotes/.vscode-server/bin/ee2b180d582a7f601fa6ecfdad8d9fd269ab1884/extensions/node_modules/typescript/lib/file:/web/users/node_modules/@types/firebase/app/index.d.ts
Unable to load library file:///web/node_modules/@types/firebase/app/package.json at /web/users/projects/202223/quicknotes/.vscode-server/bin/ee2b180d582a7f601fa6ecfdad8d9fd269ab1884/extensions/node_modules/typescript/lib/file:/web/node_modules/@types/firebase/app/package.json
Unable to load library file:///web/node_modules/@types/firebase/app.d.ts at /web/users/projects/202223/quicknotes/.vscode-server/bin/ee2b180d582a7f601fa6ecfdad8d9fd269ab1884/extensions/node_modules/typescript/lib/file:/web/node_modules/@types/firebase/app.d.ts
Unable to load library file:///web/node_modules/@types/firebase/app/index.d.ts at /web/users/projects/202223/quicknotes/.vscode-server/bin/ee2b180d582a7f601fa6ecfdad8d9fd269ab1884/extensions/node_modules/typescript/lib/file:/web/node_modules/@types/firebase/app/index.d.ts
Unable to load library file:///node_modules/@types/firebase/app/package.json at /web/users/projects/202223/quicknotes/.vscode-server/bin/ee2b180d582a7f601fa6ecfdad8d9fd269ab1884/extensions/node_modules/typescript/lib/file:/node_modules/@types/firebase/app/package.json
Unable to load library file:///node_modules/@types/firebase/app.d.ts at /web/users/projects/202223/quicknotes/.vscode-server/bin/ee2b180d582a7f601fa6ecfdad8d9fd269ab1884/extensions/node_modules/typescript/lib/file:/node_modules/@types/firebase/app.d.ts
Unable to load library file:///node_modules/@types/firebase/app/index.d.ts at /web/users/projects/202223/quicknotes/.vscode-server/bin/ee2b180d582a7f601fa6ecfdad8d9fd269ab1884/extensions/node_modules/typescript/lib/file:/node_modules/@types/firebase/app/index.d.ts
Unable to load library file:///web/users/projects/202223/quicknotes/Testing/firebase/app.js at /web/users/projects/202223/quicknotes/.vscode-server/bin/ee2b180d582a7f601fa6ecfdad8d9fd269ab1884/extensions/node_modules/typescript/lib/file:/web/users/projects/202223/quicknotes/Testing/firebase/app.js
Unable to load library file:///web/users/projects/202223/quicknotes/Testing/firebase/app.jsx at /web/users/projects/202223/quicknotes/.vscode-server/bin/ee2b180d582a7f601fa6ecfdad8d9fd269ab1884/extensions/node_modules/typescript/lib/file:/web/users/projects/202223/quicknotes/Testing/firebase/app.jsx
Unable to load library file:///web/users/projects/202223/quicknotes/firebase/app.js at /web/users/projects/202223/quicknotes/.vscode-server/bin/ee2b180d582a7f601fa6ecfdad8d9fd269ab1884/extensions/node_modules/typescript/lib/file:/web/users/projects/202223/quicknotes/firebase/app.js
Unable to load library file:///web/users/projects/202223/quicknotes/firebase/app.jsx at /web/users/projects/202223/quicknotes/.vscode-server/bin/ee2b180d582a7f601fa6ecfdad8d9fd269ab1884/extensions/node_modules/typescript/lib/file:/web/users/projects/202223/quicknotes/firebase/app.jsx
Unable to load library file:///web/users/projects/202223/firebase/app.js at /web/users/projects/202223/quicknotes/.vscode-server/bin/ee2b180d582a7f601fa6ecfdad8d9fd269ab1884/extensions/node_modules/typescript/lib/file:/web/users/projects/202223/firebase/app.js
Unable to load library file:///web/users/projects/202223/firebase/app.jsx at /web/users/projects/202223/quicknotes/.vscode-server/bin/ee2b180d582a7f601fa6ecfdad8d9fd269ab1884/extensions/node_modules/typescript/lib/file:/web/users/projects/202223/firebase/app.jsx
Unable to load library file:///web/users/projects/firebase/app.js at /web/users/projects/202223/quicknotes/.vscode-server/bin/ee2b180d582a7f601fa6ecfdad8d9fd269ab1884/extensions/node_modules/typescript/lib/file:/web/users/projects/firebase/app.js
Unable to load library file:///web/users/projects/firebase/app.jsx at /web/users/projects/202223/quicknotes/.vscode-server/bin/ee2b180d582a7f601fa6ecfdad8d9fd269ab1884/extensions/node_modules/typescript/lib/file:/web/users/projects/firebase/app.jsx
Unable to load library file:///web/users/firebase/app.js at /web/users/projects/202223/quicknotes/.vscode-server/bin/ee2b180d582a7f601fa6ecfdad8d9fd269ab1884/extensions/node_modules/typescript/lib/file:/web/users/firebase/app.js
Unable to load library file:///web/users/firebase/app.jsx at /web/users/projects/202223/quicknotes/.vscode-server/bin/ee2b180d582a7f601fa6ecfdad8d9fd269ab1884/extensions/node_modules/typescript/lib/file:/web/users/firebase/app.jsx
Unable to load library file:///web/firebase/app.js at /web/users/projects/202223/quicknotes/.vscode-server/bin/ee2b180d582a7f601fa6ecfdad8d9fd269ab1884/extensions/node_modules/typescript/lib/file:/web/firebase/app.js
Unable to load library file:///web/firebase/app.jsx at /web/users/projects/202223/quicknotes/.vscode-server/bin/ee2b180d582a7f601fa6ecfdad8d9fd269ab1884/extensions/node_modules/typescript/lib/file:/web/firebase/app.jsx
Unable to load library file:///firebase/app.js at /web/users/projects/202223/quicknotes/.vscode-server/bin/ee2b180d582a7f601fa6ecfdad8d9fd269ab1884/extensions/node_modules/typescript/lib/file:/firebase/app.js
Unable to load library file:///firebase/app.jsx at /web/users/projects/202223/quicknotes/.vscode-server/bin/ee2b180d582a7f601fa6ecfdad8d9fd269ab1884/extensions/node_modules/typescript/lib/file:/firebase/app.jsx
Unable to load library https://www.gstatic.com/firebasejs/9.18.0/firebase-analytics.js.ts at /web/users/projects/202223/quicknotes/.vscode-server/bin/ee2b180d582a7f601fa6ecfdad8d9fd269ab1884/extensions/node_modules/typescript/lib/https:/www.gstatic.com/firebasejs/9.18.0/firebase-analytics.js.ts
Unable to load library https://www.gstatic.com/firebasejs/9.18.0/firebase-analytics.js.tsx at /web/users/projects/202223/quicknotes/.vscode-server/bin/ee2b180d582a7f601fa6ecfdad8d9fd269ab1884/extensions/node_modules/typescript/lib/https:/www.gstatic.com/firebasejs/9.18.0/firebase-analytics.js.tsx
Unable to load library https://www.gstatic.com/firebasejs/9.18.0/firebase-analytics.js.d.ts at /web/users/projects/202223/quicknotes/.vscode-server/bin/ee2b180d582a7f601fa6ecfdad8d9fd269ab1884/extensions/node_modules/typescript/lib/https:/www.gstatic.com/firebasejs/9.18.0/firebase-analytics.js.d.ts
Unable to load library https://www.gstatic.com/firebasejs/9.18.0/firebase-analytics.ts at /web/users/projects/202223/quicknotes/.vscode-server/bin/ee2b180d582a7f601fa6ecfdad8d9fd269ab1884/extensions/node_modules/typescript/lib/https:/www.gstatic.com/firebasejs/9.18.0/firebase-analytics.ts
Unable to load library https://www.gstatic.com/firebasejs/9.18.0/firebase-analytics.tsx at /web/users/projects/202223/quicknotes/.vscode-server/bin/ee2b180d582a7f601fa6ecfdad8d9fd269ab1884/extensions/node_modules/typescript/lib/https:/www.gstatic.com/firebasejs/9.18.0/firebase-analytics.tsx
Unable to load library https://www.gstatic.com/firebasejs/9.18.0/firebase-analytics.d.ts at /web/users/projects/202223/quicknotes/.vscode-server/bin/ee2b180d582a7f601fa6ecfdad8d9fd269ab1884/extensions/node_modules/typescript/lib/https:/www.gstatic.com/firebasejs/9.18.0/firebase-analytics.d.ts
Unable to load library https://www.gstatic.com/firebasejs/9.18.0/firebase-analytics.js/package.json at /web/users/projects/202223/quicknotes/.vscode-server/bin/ee2b180d582a7f601fa6ecfdad8d9fd269ab1884/extensions/node_modules/typescript/lib/https:/www.gstatic.com/firebasejs/9.18.0/firebase-analytics.js/package.json
Unable to load library https://www.gstatic.com/firebasejs/9.18.0/firebase-analytics.js/index.d.ts at /web/users/projects/202223/quicknotes/.vscode-server/bin/ee2b180d582a7f601fa6ecfdad8d9fd269ab1884/extensions/node_modules/typescript/lib/https:/www.gstatic.com/firebasejs/9.18.0/firebase-analytics.js/index.d.ts
Unable to load library https://www.gstatic.com/firebasejs/9.18.0/firebase-analytics.js.js at /web/users/projects/202223/quicknotes/.vscode-server/bin/ee2b180d582a7f601fa6ecfdad8d9fd269ab1884/extensions/node_modules/typescript/lib/https:/www.gstatic.com/firebasejs/9.18.0/firebase-analytics.js.js
Unable to load library https://www.gstatic.com/firebasejs/9.18.0/firebase-analytics.js.jsx at /web/users/projects/202223/quicknotes/.vscode-server/bin/ee2b180d582a7f601fa6ecfdad8d9fd269ab1884/extensions/node_modules/typescript/lib/https:/www.gstatic.com/firebasejs/9.18.0/firebase-analytics.js.jsx
Unable to load library https://www.gstatic.com/firebasejs/9.18.0/firebase-analytics.js at /web/users/projects/202223/quicknotes/.vscode-server/bin/ee2b180d582a7f601fa6ecfdad8d9fd269ab1884/extensions/node_modules/typescript/lib/https:/www.gstatic.com/firebasejs/9.18.0/firebase-analytics.js
Unable to load library https://www.gstatic.com/firebasejs/9.18.0/firebase-analytics.jsx at /web/users/projects/202223/quicknotes/.vscode-server/bin/ee2b180d582a7f601fa6ecfdad8d9fd269ab1884/extensions/node_modules/typescript/lib/https:/www.gstatic.com/firebasejs/9.18.0/firebase-analytics.jsx
