2023-03-20 12:30:51.465 [info] Log level: Info
2023-03-20 12:30:51.465 [info] Validating found git in: "git"
2023-03-20 12:30:51.465 [info] Using git "2.25.1" from "git"
2023-03-20 12:30:51.466 [info] > git rev-parse --show-toplevel [32ms]
2023-03-20 12:30:51.466 [info] > git rev-parse --git-dir --git-common-dir [15ms]
2023-03-20 12:30:51.466 [info] Open repository: /web/users/projects/202223/quicknotes
2023-03-20 12:30:51.466 [info] > git rev-parse --show-toplevel [10ms]
2023-03-20 12:30:51.466 [info] > git rev-parse --show-toplevel [8ms]
2023-03-20 12:30:51.467 [info] > git rev-parse --show-toplevel [3ms]
2023-03-20 12:30:51.467 [info] > git rev-parse --show-toplevel [26ms]
2023-03-20 12:30:51.467 [info] > git rev-parse --show-toplevel [8ms]
2023-03-20 12:30:51.468 [info] > git for-each-ref --format=%(refname)%00%(upstream:short)%00%(objectname)%00%(upstream:track)%00%(upstream:remotename)%00%(upstream:remoteref) refs/heads/main refs/remotes/main [57ms]
2023-03-20 12:30:51.468 [info] > git rev-parse --show-toplevel [6ms]
2023-03-20 12:30:51.468 [info] > git rev-parse --show-toplevel [3ms]
2023-03-20 12:30:51.468 [info] > git rev-parse --show-toplevel [2ms]
2023-03-20 12:30:51.468 [info] > git rev-parse --show-toplevel [1ms]
2023-03-20 12:30:51.469 [info] > git status -z -uall [111ms]
2023-03-20 12:30:51.469 [info] > git for-each-ref --format=%(refname)%00%(upstream:short)%00%(objectname)%00%(upstream:track)%00%(upstream:remotename)%00%(upstream:remoteref) refs/heads/main refs/remotes/main [2ms]
2023-03-20 12:30:51.469 [info] > git status -z -uall [40ms]
2023-03-20 12:30:51.470 [info] > git check-ignore -v -z --stdin [37ms]
2023-03-20 12:30:51.470 [info] > git show --textconv :Testing/style2.css [9ms]
2023-03-20 12:30:51.470 [info] > git ls-files --stage -- /web/users/projects/202223/quicknotes/Testing/style2.css [6ms]
2023-03-20 12:30:51.470 [info] > git cat-file -s 13aa6fac6f3faf597ffb777264b643e70e4c217a [1ms]
2023-03-20 12:31:20.982 [info] > git for-each-ref --format=%(refname)%00%(upstream:short)%00%(objectname)%00%(upstream:track)%00%(upstream:remotename)%00%(upstream:remoteref) refs/heads/main refs/remotes/main [3ms]
2023-03-20 12:31:21.028 [info] > git status -z -uall [42ms]
2023-03-20 12:31:23.608 [info] > git check-ignore -v -z --stdin [14ms]
2023-03-20 12:31:26.050 [info] > git for-each-ref --format=%(refname)%00%(upstream:short)%00%(objectname)%00%(upstream:track)%00%(upstream:remotename)%00%(upstream:remoteref) refs/heads/main refs/remotes/main [4ms]
2023-03-20 12:31:26.098 [info] > git status -z -uall [44ms]
2023-03-20 12:31:31.894 [info] > git check-ignore -v -z --stdin [9ms]
2023-03-20 12:31:33.018 [info] > git check-ignore -v -z --stdin [7ms]
2023-03-20 12:31:36.883 [info] > git show --textconv :QN/signup.php [19ms]
2023-03-20 12:31:36.894 [info] > git ls-files --stage -- /web/users/projects/202223/quicknotes/QN/signup.php [11ms]
2023-03-20 12:31:36.907 [info] > git cat-file -s b892517b491e5b8c968606874b1592c3fd612df8 [4ms]
2023-03-20 12:33:31.994 [info] > git show --textconv :QN/connection.php [14ms]
2023-03-20 12:33:31.997 [info] > git ls-files --stage -- /web/users/projects/202223/quicknotes/QN/connection.php [8ms]
2023-03-20 12:33:32.003 [info] > git cat-file -s 19414bdb773a91cfdffe2b46a20e38232bb0122f [1ms]
2023-03-20 12:58:04.523 [info] > git for-each-ref --format=%(refname)%00%(upstream:short)%00%(objectname)%00%(upstream:track)%00%(upstream:remotename)%00%(upstream:remoteref) refs/heads/main refs/remotes/main [2ms]
2023-03-20 12:58:04.585 [info] > git status -z -uall [53ms]
2023-03-20 12:58:09.343 [info] > git log --oneline --cherry main...main@{upstream} -- [115ms]
2023-03-20 12:58:09.370 [info] > git pull --tags origin main [16ms]
2023-03-20 12:58:09.371 [info] error: You have not concluded your merge (MERGE_HEAD exists).
hint: Please, commit your changes before merging.
fatal: Exiting because of unfinished merge.
2023-03-20 12:58:09.385 [info] > git for-each-ref --format=%(refname)%00%(upstream:short)%00%(objectname)%00%(upstream:track)%00%(upstream:remotename)%00%(upstream:remoteref) refs/heads/main refs/remotes/main [4ms]
2023-03-20 12:58:09.524 [info] > git status -z -uall [129ms]
2023-03-20 12:58:09.602 [info] > git for-each-ref --format=%(refname)%00%(upstream:short)%00%(objectname)%00%(upstream:track)%00%(upstream:remotename)%00%(upstream:remoteref) refs/heads/main refs/remotes/main [4ms]
2023-03-20 12:58:09.879 [info] > git status -z -uall [264ms]
2023-03-20 12:58:14.896 [info] > git for-each-ref --format=%(refname)%00%(upstream:short)%00%(objectname)%00%(upstream:track)%00%(upstream:remotename)%00%(upstream:remoteref) refs/heads/main refs/remotes/main [4ms]
2023-03-20 12:58:14.980 [info] > git status -z -uall [74ms]
2023-03-20 12:58:19.997 [info] > git for-each-ref --format=%(refname)%00%(upstream:short)%00%(objectname)%00%(upstream:track)%00%(upstream:remotename)%00%(upstream:remoteref) refs/heads/main refs/remotes/main [2ms]
2023-03-20 12:58:20.043 [info] > git status -z -uall [41ms]
2023-03-20 12:58:25.064 [info] > git for-each-ref --format=%(refname)%00%(upstream:short)%00%(objectname)%00%(upstream:track)%00%(upstream:remotename)%00%(upstream:remoteref) refs/heads/main refs/remotes/main [3ms]
2023-03-20 12:58:25.115 [info] > git status -z -uall [45ms]
2023-03-20 13:00:51.482 [info] > git for-each-ref --format=%(refname)%00%(upstream:short)%00%(objectname)%00%(upstream:track)%00%(upstream:remotename)%00%(upstream:remoteref) refs/heads/main refs/remotes/main [3ms]
2023-03-20 13:00:51.533 [info] > git status -z -uall [46ms]
2023-03-20 13:00:56.555 [info] > git for-each-ref --format=%(refname)%00%(upstream:short)%00%(objectname)%00%(upstream:track)%00%(upstream:remotename)%00%(upstream:remoteref) refs/heads/main refs/remotes/main [3ms]
2023-03-20 13:00:56.603 [info] > git status -z -uall [43ms]
2023-03-20 13:01:01.621 [info] > git for-each-ref --format=%(refname)%00%(upstream:short)%00%(objectname)%00%(upstream:track)%00%(upstream:remotename)%00%(upstream:remoteref) refs/heads/main refs/remotes/main [2ms]
2023-03-20 13:01:01.670 [info] > git status -z -uall [42ms]
2023-03-20 13:01:06.689 [info] > git for-each-ref --format=%(refname)%00%(upstream:short)%00%(objectname)%00%(upstream:track)%00%(upstream:remotename)%00%(upstream:remoteref) refs/heads/main refs/remotes/main [3ms]
2023-03-20 13:01:06.733 [info] > git status -z -uall [40ms]
2023-03-20 13:01:11.755 [info] > git for-each-ref --format=%(refname)%00%(upstream:short)%00%(objectname)%00%(upstream:track)%00%(upstream:remotename)%00%(upstream:remoteref) refs/heads/main refs/remotes/main [3ms]
2023-03-20 13:01:11.807 [info] > git status -z -uall [45ms]
2023-03-20 13:01:16.828 [info] > git for-each-ref --format=%(refname)%00%(upstream:short)%00%(objectname)%00%(upstream:track)%00%(upstream:remotename)%00%(upstream:remoteref) refs/heads/main refs/remotes/main [3ms]
2023-03-20 13:01:16.877 [info] > git status -z -uall [43ms]
2023-03-20 13:01:21.896 [info] > git for-each-ref --format=%(refname)%00%(upstream:short)%00%(objectname)%00%(upstream:track)%00%(upstream:remotename)%00%(upstream:remoteref) refs/heads/main refs/remotes/main [2ms]
2023-03-20 13:01:21.945 [info] > git status -z -uall [43ms]
2023-03-20 13:01:26.965 [info] > git for-each-ref --format=%(refname)%00%(upstream:short)%00%(objectname)%00%(upstream:track)%00%(upstream:remotename)%00%(upstream:remoteref) refs/heads/main refs/remotes/main [4ms]
2023-03-20 13:01:27.016 [info] > git status -z -uall [46ms]
2023-03-20 13:01:32.041 [info] > git for-each-ref --format=%(refname)%00%(upstream:short)%00%(objectname)%00%(upstream:track)%00%(upstream:remotename)%00%(upstream:remoteref) refs/heads/main refs/remotes/main [4ms]
2023-03-20 13:01:32.094 [info] > git status -z -uall [48ms]
2023-03-20 13:01:37.118 [info] > git for-each-ref --format=%(refname)%00%(upstream:short)%00%(objectname)%00%(upstream:track)%00%(upstream:remotename)%00%(upstream:remoteref) refs/heads/main refs/remotes/main [2ms]
2023-03-20 13:01:37.181 [info] > git status -z -uall [57ms]
2023-03-20 13:01:42.203 [info] > git for-each-ref --format=%(refname)%00%(upstream:short)%00%(objectname)%00%(upstream:track)%00%(upstream:remotename)%00%(upstream:remoteref) refs/heads/main refs/remotes/main [2ms]
2023-03-20 13:01:42.252 [info] > git status -z -uall [43ms]
2023-03-20 13:02:53.861 [info] > git check-ignore -v -z --stdin [11ms]
2023-03-20 13:02:57.685 [info] > git -c user.useConfigOnly=true commit --quiet --allow-empty-message --file - [38ms]
2023-03-20 13:02:57.685 [info] 
*** Please tell me who you are.

Run

  git config --global user.email "you@example.com"
  git config --global user.name "Your Name"

to set your account's default identity.
Omit --global to set the identity only in this repository.

fatal: no email was given and auto-detection is disabled
2023-03-20 13:02:57.693 [info] > git config --get-all user.name [1ms]
2023-03-20 13:02:57.701 [info] > git for-each-ref --format=%(refname)%00%(upstream:short)%00%(objectname)%00%(upstream:track)%00%(upstream:remotename)%00%(upstream:remoteref) refs/heads/main refs/remotes/main [1ms]
2023-03-20 13:02:57.748 [info] > git status -z -uall [43ms]
2023-03-20 13:03:15.658 [info] > git show --textconv :Testing/stylecolumn.css [15ms]
2023-03-20 13:03:15.664 [info] > git ls-files --stage -- /web/users/projects/202223/quicknotes/Testing/stylecolumn.css [10ms]
2023-03-20 13:03:15.672 [info] > git cat-file -s 00171f334c8216d6b6f3c4589aa77919f427cf22 [2ms]
2023-03-20 13:03:18.593 [info] > git show --textconv :Testing/javascript2.js [23ms]
2023-03-20 13:03:18.601 [info] > git ls-files --stage -- /web/users/projects/202223/quicknotes/Testing/javascript2.js [9ms]
2023-03-20 13:03:18.617 [info] > git cat-file -s 85db5a6dc1a683da3425e3ba91076238eaaeba45 [4ms]
2023-03-20 13:03:23.839 [info] > git show --textconv :QN/contactpage2.php [19ms]
2023-03-20 13:03:23.842 [info] > git ls-files --stage -- /web/users/projects/202223/quicknotes/QN/contactpage2.php [12ms]
2023-03-20 13:03:23.857 [info] > git cat-file -s 8325b5ae0ad8c3ca81cb1f266c6c118dc598b325 [3ms]
2023-03-20 13:03:25.594 [info] > git show --textconv :QN/loginx.php [12ms]
2023-03-20 13:03:25.600 [info] > git ls-files --stage -- /web/users/projects/202223/quicknotes/QN/loginx.php [7ms]
2023-03-20 13:03:25.608 [info] > git cat-file -s b8c15a74ae5d0e3996c6bb66de3d7e4c46effc23 [2ms]
2023-03-20 13:04:06.577 [info] > git show --textconv :Testing/leftcolumn2.php [13ms]
2023-03-20 13:04:06.583 [info] > git ls-files --stage -- /web/users/projects/202223/quicknotes/Testing/leftcolumn2.php [7ms]
2023-03-20 13:04:06.590 [info] > git cat-file -s 496b8aba0e478802056880c9b8ce6bde7e015991 [2ms]
