2023-03-21 16:07:20.948 [info] Log level: Info
2023-03-21 16:07:20.948 [info] Validating found git in: "git"
2023-03-21 16:07:20.949 [info] Using git "2.25.1" from "git"
2023-03-21 16:07:20.949 [info] > git rev-parse --show-toplevel [420ms]
2023-03-21 16:07:20.949 [info] > git rev-parse --git-dir --git-common-dir [2ms]
2023-03-21 16:07:20.950 [info] Open repository: /web/users/projects/202223/quicknotes
2023-03-21 16:07:20.950 [info] > git rev-parse --show-toplevel [40ms]
2023-03-21 16:07:20.950 [info] > git config --get commit.template [24ms]
2023-03-21 16:07:20.950 [info] > git rev-parse --show-toplevel [18ms]
2023-03-21 16:07:20.951 [info] > git rev-parse --show-toplevel [19ms]
2023-03-21 16:07:20.951 [info] > git rev-parse --show-toplevel [5ms]
2023-03-21 16:07:20.951 [info] > git for-each-ref --format=%(refname)%00%(upstream:short)%00%(objectname)%00%(upstream:track)%00%(upstream:remotename)%00%(upstream:remoteref) refs/heads/main refs/remotes/main [44ms]
2023-03-21 16:07:20.951 [info] > git rev-parse --show-toplevel [24ms]
2023-03-21 16:07:20.951 [info] > git rev-parse --show-toplevel [11ms]
2023-03-21 16:07:20.951 [info] > git status -z -uall [134ms]
2023-03-21 16:07:20.951 [info] > git rev-parse --show-toplevel [109ms]
2023-03-21 16:07:20.951 [info] > git config --get commit.template [13ms]
2023-03-21 16:07:20.951 [info] > git rev-parse --show-toplevel [18ms]
2023-03-21 16:07:20.951 [info] > git rev-parse --show-toplevel [37ms]
2023-03-21 16:07:20.951 [info] > git for-each-ref --format=%(refname)%00%(upstream:short)%00%(objectname)%00%(upstream:track)%00%(upstream:remotename)%00%(upstream:remoteref) refs/heads/main refs/remotes/main [8ms]
2023-03-21 16:07:20.951 [info] > git status -z -uall [144ms]
2023-03-21 16:07:20.951 [info] > git check-ignore -v -z --stdin [13ms]
2023-03-21 16:07:20.951 [info] > git check-ignore -v -z --stdin [7ms]
2023-03-21 16:07:20.951 [info] > git show --textconv :Testing/leftcolumn2.php [12ms]
2023-03-21 16:07:20.951 [info] > git ls-files --stage -- /web/users/projects/202223/quicknotes/Testing/leftcolumn2.php [7ms]
2023-03-21 16:07:20.951 [info] > git cat-file -s 496b8aba0e478802056880c9b8ce6bde7e015991 [1ms]
2023-03-21 16:07:20.951 [info] > git config --get commit.template [8ms]
2023-03-21 16:07:20.951 [info] > git for-each-ref --format=%(refname)%00%(upstream:short)%00%(objectname)%00%(upstream:track)%00%(upstream:remotename)%00%(upstream:remoteref) refs/heads/main refs/remotes/main [3ms]
2023-03-21 16:07:20.951 [info] > git status -z -uall [42ms]
2023-03-21 16:07:24.079 [info] > git config --get commit.template [9ms]
2023-03-21 16:07:24.081 [info] > git for-each-ref --format=%(refname)%00%(upstream:short)%00%(objectname)%00%(upstream:track)%00%(upstream:remotename)%00%(upstream:remoteref) refs/heads/main refs/remotes/main [2ms]
2023-03-21 16:07:24.129 [info] > git status -z -uall [43ms]
2023-03-21 16:07:29.158 [info] > git config --get commit.template [9ms]
2023-03-21 16:07:29.159 [info] > git for-each-ref --format=%(refname)%00%(upstream:short)%00%(objectname)%00%(upstream:track)%00%(upstream:remotename)%00%(upstream:remoteref) refs/heads/main refs/remotes/main [2ms]
2023-03-21 16:07:29.207 [info] > git status -z -uall [42ms]
2023-03-21 16:08:06.665 [info] > git config --get commit.template [6ms]
2023-03-21 16:08:06.667 [info] > git for-each-ref --format=%(refname)%00%(upstream:short)%00%(objectname)%00%(upstream:track)%00%(upstream:remotename)%00%(upstream:remoteref) refs/heads/main refs/remotes/main [3ms]
2023-03-21 16:08:06.713 [info] > git status -z -uall [40ms]
2023-03-21 16:08:11.742 [info] > git config --get commit.template [8ms]
2023-03-21 16:08:11.743 [info] > git for-each-ref --format=%(refname)%00%(upstream:short)%00%(objectname)%00%(upstream:track)%00%(upstream:remotename)%00%(upstream:remoteref) refs/heads/main refs/remotes/main [2ms]
2023-03-21 16:08:11.787 [info] > git status -z -uall [40ms]
2023-03-21 16:08:15.723 [info] > git show --textconv :Testing/topbar.php [9ms]
2023-03-21 16:08:15.727 [info] > git ls-files --stage -- /web/users/projects/202223/quicknotes/Testing/topbar.php [5ms]
2023-03-21 16:08:16.821 [info] > git config --get commit.template [6ms]
2023-03-21 16:08:16.823 [info] > git for-each-ref --format=%(refname)%00%(upstream:short)%00%(objectname)%00%(upstream:track)%00%(upstream:remotename)%00%(upstream:remoteref) refs/heads/main refs/remotes/main [2ms]
2023-03-21 16:08:16.867 [info] > git status -z -uall [40ms]
2023-03-21 16:08:32.321 [info] > git config --get commit.template [9ms]
2023-03-21 16:08:32.323 [info] > git for-each-ref --format=%(refname)%00%(upstream:short)%00%(objectname)%00%(upstream:track)%00%(upstream:remotename)%00%(upstream:remoteref) refs/heads/main refs/remotes/main [2ms]
2023-03-21 16:08:32.370 [info] > git status -z -uall [42ms]
2023-03-21 16:08:37.415 [info] > git config --get commit.template [8ms]
2023-03-21 16:08:37.418 [info] > git for-each-ref --format=%(refname)%00%(upstream:short)%00%(objectname)%00%(upstream:track)%00%(upstream:remotename)%00%(upstream:remoteref) refs/heads/main refs/remotes/main [4ms]
2023-03-21 16:08:37.467 [info] > git status -z -uall [44ms]
2023-03-21 16:08:42.493 [info] > git config --get commit.template [7ms]
2023-03-21 16:08:42.505 [info] > git for-each-ref --format=%(refname)%00%(upstream:short)%00%(objectname)%00%(upstream:track)%00%(upstream:remotename)%00%(upstream:remoteref) refs/heads/main refs/remotes/main [13ms]
2023-03-21 16:08:42.551 [info] > git status -z -uall [40ms]
2023-03-21 16:08:47.581 [info] > git config --get commit.template [10ms]
2023-03-21 16:08:47.583 [info] > git for-each-ref --format=%(refname)%00%(upstream:short)%00%(objectname)%00%(upstream:track)%00%(upstream:remotename)%00%(upstream:remoteref) refs/heads/main refs/remotes/main [3ms]
2023-03-21 16:08:47.631 [info] > git status -z -uall [42ms]
2023-03-21 16:08:52.660 [info] > git config --get commit.template [8ms]
2023-03-21 16:08:52.662 [info] > git for-each-ref --format=%(refname)%00%(upstream:short)%00%(objectname)%00%(upstream:track)%00%(upstream:remotename)%00%(upstream:remoteref) refs/heads/main refs/remotes/main [3ms]
2023-03-21 16:08:52.709 [info] > git status -z -uall [42ms]
2023-03-21 16:08:57.742 [info] > git config --get commit.template [9ms]
2023-03-21 16:08:57.743 [info] > git for-each-ref --format=%(refname)%00%(upstream:short)%00%(objectname)%00%(upstream:track)%00%(upstream:remotename)%00%(upstream:remoteref) refs/heads/main refs/remotes/main [2ms]
2023-03-21 16:08:57.790 [info] > git status -z -uall [42ms]
2023-03-21 16:09:02.820 [info] > git config --get commit.template [12ms]
2023-03-21 16:09:02.825 [info] > git for-each-ref --format=%(refname)%00%(upstream:short)%00%(objectname)%00%(upstream:track)%00%(upstream:remotename)%00%(upstream:remoteref) refs/heads/main refs/remotes/main [7ms]
2023-03-21 16:09:02.875 [info] > git status -z -uall [43ms]
2023-03-21 16:09:07.911 [info] > git config --get commit.template [9ms]
2023-03-21 16:09:07.913 [info] > git for-each-ref --format=%(refname)%00%(upstream:short)%00%(objectname)%00%(upstream:track)%00%(upstream:remotename)%00%(upstream:remoteref) refs/heads/main refs/remotes/main [3ms]
2023-03-21 16:09:07.965 [info] > git status -z -uall [46ms]
2023-03-21 16:09:09.083 [info] > git show --textconv :Testing/main.php [11ms]
2023-03-21 16:09:09.089 [info] > git ls-files --stage -- /web/users/projects/202223/quicknotes/Testing/main.php [5ms]
2023-03-21 16:09:09.095 [info] > git cat-file -s f7290c62baa0f0d5664df608175667b68dc17611 [1ms]
2023-03-21 16:19:34.556 [info] > git config --get commit.template [9ms]
2023-03-21 16:19:34.558 [info] > git for-each-ref --format=%(refname)%00%(upstream:short)%00%(objectname)%00%(upstream:track)%00%(upstream:remotename)%00%(upstream:remoteref) refs/heads/main refs/remotes/main [3ms]
2023-03-21 16:19:34.608 [info] > git status -z -uall [45ms]
2023-03-21 16:19:38.140 [info] > git show --textconv :Testing/style2.css [10ms]
2023-03-21 16:19:38.150 [info] > git ls-files --stage -- /web/users/projects/202223/quicknotes/Testing/style2.css [11ms]
2023-03-21 16:19:38.162 [info] > git cat-file -s 13aa6fac6f3faf597ffb777264b643e70e4c217a [4ms]
2023-03-21 16:19:39.634 [info] > git config --get commit.template [8ms]
2023-03-21 16:19:39.636 [info] > git for-each-ref --format=%(refname)%00%(upstream:short)%00%(objectname)%00%(upstream:track)%00%(upstream:remotename)%00%(upstream:remoteref) refs/heads/main refs/remotes/main [2ms]
2023-03-21 16:19:39.683 [info] > git status -z -uall [43ms]
2023-03-21 16:19:44.710 [info] > git config --get commit.template [9ms]
2023-03-21 16:19:44.712 [info] > git for-each-ref --format=%(refname)%00%(upstream:short)%00%(objectname)%00%(upstream:track)%00%(upstream:remotename)%00%(upstream:remoteref) refs/heads/main refs/remotes/main [2ms]
2023-03-21 16:19:44.758 [info] > git status -z -uall [41ms]
2023-03-21 16:19:49.786 [info] > git config --get commit.template [9ms]
2023-03-21 16:19:49.788 [info] > git for-each-ref --format=%(refname)%00%(upstream:short)%00%(objectname)%00%(upstream:track)%00%(upstream:remotename)%00%(upstream:remoteref) refs/heads/main refs/remotes/main [3ms]
2023-03-21 16:19:49.838 [info] > git status -z -uall [45ms]
2023-03-21 16:19:54.869 [info] > git config --get commit.template [11ms]
2023-03-21 16:19:54.874 [info] > git for-each-ref --format=%(refname)%00%(upstream:short)%00%(objectname)%00%(upstream:track)%00%(upstream:remotename)%00%(upstream:remoteref) refs/heads/main refs/remotes/main [6ms]
2023-03-21 16:19:54.935 [info] > git status -z -uall [55ms]
2023-03-21 16:19:59.964 [info] > git config --get commit.template [8ms]
2023-03-21 16:19:59.966 [info] > git for-each-ref --format=%(refname)%00%(upstream:short)%00%(objectname)%00%(upstream:track)%00%(upstream:remotename)%00%(upstream:remoteref) refs/heads/main refs/remotes/main [3ms]
2023-03-21 16:20:00.012 [info] > git status -z -uall [41ms]
2023-03-21 16:20:05.055 [info] > git config --get commit.template [8ms]
2023-03-21 16:20:05.057 [info] > git for-each-ref --format=%(refname)%00%(upstream:short)%00%(objectname)%00%(upstream:track)%00%(upstream:remotename)%00%(upstream:remoteref) refs/heads/main refs/remotes/main [3ms]
2023-03-21 16:20:05.103 [info] > git status -z -uall [41ms]
2023-03-21 16:20:10.130 [info] > git config --get commit.template [8ms]
2023-03-21 16:20:10.140 [info] > git for-each-ref --format=%(refname)%00%(upstream:short)%00%(objectname)%00%(upstream:track)%00%(upstream:remotename)%00%(upstream:remoteref) refs/heads/main refs/remotes/main [10ms]
2023-03-21 16:20:10.213 [info] > git status -z -uall [68ms]
2023-03-21 16:20:32.202 [info] > git config --get commit.template [9ms]
2023-03-21 16:20:32.204 [info] > git for-each-ref --format=%(refname)%00%(upstream:short)%00%(objectname)%00%(upstream:track)%00%(upstream:remotename)%00%(upstream:remoteref) refs/heads/main refs/remotes/main [2ms]
2023-03-21 16:20:32.255 [info] > git status -z -uall [46ms]
2023-03-21 16:20:37.279 [info] > git config --get commit.template [9ms]
2023-03-21 16:20:37.281 [info] > git for-each-ref --format=%(refname)%00%(upstream:short)%00%(objectname)%00%(upstream:track)%00%(upstream:remotename)%00%(upstream:remoteref) refs/heads/main refs/remotes/main [3ms]
2023-03-21 16:20:37.340 [info] > git status -z -uall [54ms]
2023-03-21 16:20:42.366 [info] > git config --get commit.template [9ms]
2023-03-21 16:20:42.368 [info] > git for-each-ref --format=%(refname)%00%(upstream:short)%00%(objectname)%00%(upstream:track)%00%(upstream:remotename)%00%(upstream:remoteref) refs/heads/main refs/remotes/main [2ms]
2023-03-21 16:20:42.413 [info] > git status -z -uall [41ms]
2023-03-21 16:20:47.437 [info] > git config --get commit.template [6ms]
2023-03-21 16:20:47.438 [info] > git for-each-ref --format=%(refname)%00%(upstream:short)%00%(objectname)%00%(upstream:track)%00%(upstream:remotename)%00%(upstream:remoteref) refs/heads/main refs/remotes/main [2ms]
2023-03-21 16:20:47.491 [info] > git status -z -uall [48ms]
2023-03-21 16:20:52.517 [info] > git config --get commit.template [8ms]
2023-03-21 16:20:52.519 [info] > git for-each-ref --format=%(refname)%00%(upstream:short)%00%(objectname)%00%(upstream:track)%00%(upstream:remotename)%00%(upstream:remoteref) refs/heads/main refs/remotes/main [2ms]
2023-03-21 16:20:52.566 [info] > git status -z -uall [41ms]
2023-03-21 16:20:57.592 [info] > git config --get commit.template [9ms]
2023-03-21 16:20:57.593 [info] > git for-each-ref --format=%(refname)%00%(upstream:short)%00%(objectname)%00%(upstream:track)%00%(upstream:remotename)%00%(upstream:remoteref) refs/heads/main refs/remotes/main [3ms]
2023-03-21 16:20:57.637 [info] > git status -z -uall [40ms]
2023-03-21 16:21:02.665 [info] > git config --get commit.template [7ms]
2023-03-21 16:21:02.666 [info] > git for-each-ref --format=%(refname)%00%(upstream:short)%00%(objectname)%00%(upstream:track)%00%(upstream:remotename)%00%(upstream:remoteref) refs/heads/main refs/remotes/main [2ms]
2023-03-21 16:21:02.712 [info] > git status -z -uall [41ms]
2023-03-21 16:21:07.747 [info] > git config --get commit.template [10ms]
2023-03-21 16:21:07.749 [info] > git for-each-ref --format=%(refname)%00%(upstream:short)%00%(objectname)%00%(upstream:track)%00%(upstream:remotename)%00%(upstream:remoteref) refs/heads/main refs/remotes/main [2ms]
2023-03-21 16:21:07.797 [info] > git status -z -uall [41ms]
2023-03-21 16:21:12.824 [info] > git config --get commit.template [11ms]
2023-03-21 16:21:12.830 [info] > git for-each-ref --format=%(refname)%00%(upstream:short)%00%(objectname)%00%(upstream:track)%00%(upstream:remotename)%00%(upstream:remoteref) refs/heads/main refs/remotes/main [6ms]
2023-03-21 16:21:12.879 [info] > git status -z -uall [43ms]
2023-03-21 16:21:17.907 [info] > git config --get commit.template [9ms]
2023-03-21 16:21:17.909 [info] > git for-each-ref --format=%(refname)%00%(upstream:short)%00%(objectname)%00%(upstream:track)%00%(upstream:remotename)%00%(upstream:remoteref) refs/heads/main refs/remotes/main [2ms]
2023-03-21 16:21:17.958 [info] > git status -z -uall [44ms]
2023-03-21 16:21:22.983 [info] > git config --get commit.template [8ms]
2023-03-21 16:21:22.985 [info] > git for-each-ref --format=%(refname)%00%(upstream:short)%00%(objectname)%00%(upstream:track)%00%(upstream:remotename)%00%(upstream:remoteref) refs/heads/main refs/remotes/main [2ms]
2023-03-21 16:21:23.032 [info] > git status -z -uall [42ms]
2023-03-21 16:21:28.058 [info] > git config --get commit.template [9ms]
2023-03-21 16:21:28.061 [info] > git for-each-ref --format=%(refname)%00%(upstream:short)%00%(objectname)%00%(upstream:track)%00%(upstream:remotename)%00%(upstream:remoteref) refs/heads/main refs/remotes/main [3ms]
2023-03-21 16:21:28.109 [info] > git status -z -uall [43ms]
2023-03-21 16:21:33.136 [info] > git config --get commit.template [9ms]
2023-03-21 16:21:33.138 [info] > git for-each-ref --format=%(refname)%00%(upstream:short)%00%(objectname)%00%(upstream:track)%00%(upstream:remotename)%00%(upstream:remoteref) refs/heads/main refs/remotes/main [3ms]
2023-03-21 16:21:33.186 [info] > git status -z -uall [43ms]
2023-03-21 16:21:38.213 [info] > git config --get commit.template [9ms]
2023-03-21 16:21:38.215 [info] > git for-each-ref --format=%(refname)%00%(upstream:short)%00%(objectname)%00%(upstream:track)%00%(upstream:remotename)%00%(upstream:remoteref) refs/heads/main refs/remotes/main [3ms]
2023-03-21 16:21:38.293 [info] > git status -z -uall [73ms]
2023-03-21 16:21:38.970 [info] > git show --textconv :Testing/styles.css [13ms]
2023-03-21 16:21:38.975 [info] > git ls-files --stage -- /web/users/projects/202223/quicknotes/Testing/styles.css [6ms]
2023-03-21 16:21:43.340 [info] > git config --get commit.template [8ms]
2023-03-21 16:21:43.342 [info] > git for-each-ref --format=%(refname)%00%(upstream:short)%00%(objectname)%00%(upstream:track)%00%(upstream:remotename)%00%(upstream:remoteref) refs/heads/main refs/remotes/main [3ms]
2023-03-21 16:21:43.392 [info] > git status -z -uall [44ms]
2023-03-21 16:21:46.374 [info] > git show --textconv :Testing/main.php [11ms]
2023-03-21 16:21:46.379 [info] > git ls-files --stage -- /web/users/projects/202223/quicknotes/Testing/main.php [5ms]
2023-03-21 16:21:46.387 [info] > git cat-file -s f7290c62baa0f0d5664df608175667b68dc17611 [1ms]
2023-03-21 16:21:48.417 [info] > git config --get commit.template [7ms]
2023-03-21 16:21:48.420 [info] > git for-each-ref --format=%(refname)%00%(upstream:short)%00%(objectname)%00%(upstream:track)%00%(upstream:remotename)%00%(upstream:remoteref) refs/heads/main refs/remotes/main [2ms]
2023-03-21 16:21:48.467 [info] > git status -z -uall [42ms]
2023-03-21 16:21:53.493 [info] > git config --get commit.template [8ms]
2023-03-21 16:21:53.495 [info] > git for-each-ref --format=%(refname)%00%(upstream:short)%00%(objectname)%00%(upstream:track)%00%(upstream:remotename)%00%(upstream:remoteref) refs/heads/main refs/remotes/main [3ms]
2023-03-21 16:21:53.542 [info] > git status -z -uall [41ms]
2023-03-21 16:21:58.569 [info] > git config --get commit.template [8ms]
2023-03-21 16:21:58.571 [info] > git for-each-ref --format=%(refname)%00%(upstream:short)%00%(objectname)%00%(upstream:track)%00%(upstream:remotename)%00%(upstream:remoteref) refs/heads/main refs/remotes/main [3ms]
2023-03-21 16:21:58.618 [info] > git status -z -uall [42ms]
2023-03-21 16:22:03.640 [info] > git config --get commit.template [7ms]
2023-03-21 16:22:03.643 [info] > git for-each-ref --format=%(refname)%00%(upstream:short)%00%(objectname)%00%(upstream:track)%00%(upstream:remotename)%00%(upstream:remoteref) refs/heads/main refs/remotes/main [3ms]
2023-03-21 16:22:03.728 [info] > git status -z -uall [78ms]
2023-03-21 16:22:08.771 [info] > git config --get commit.template [9ms]
2023-03-21 16:22:08.773 [info] > git for-each-ref --format=%(refname)%00%(upstream:short)%00%(objectname)%00%(upstream:track)%00%(upstream:remotename)%00%(upstream:remoteref) refs/heads/main refs/remotes/main [3ms]
2023-03-21 16:22:08.825 [info] > git status -z -uall [47ms]
2023-03-21 16:22:13.854 [info] > git config --get commit.template [9ms]
2023-03-21 16:22:13.856 [info] > git for-each-ref --format=%(refname)%00%(upstream:short)%00%(objectname)%00%(upstream:track)%00%(upstream:remotename)%00%(upstream:remoteref) refs/heads/main refs/remotes/main [3ms]
2023-03-21 16:22:13.903 [info] > git status -z -uall [41ms]
2023-03-21 16:22:18.930 [info] > git config --get commit.template [9ms]
2023-03-21 16:22:18.933 [info] > git for-each-ref --format=%(refname)%00%(upstream:short)%00%(objectname)%00%(upstream:track)%00%(upstream:remotename)%00%(upstream:remoteref) refs/heads/main refs/remotes/main [4ms]
2023-03-21 16:22:18.980 [info] > git status -z -uall [42ms]
2023-03-21 16:22:24.008 [info] > git config --get commit.template [9ms]
2023-03-21 16:22:24.010 [info] > git for-each-ref --format=%(refname)%00%(upstream:short)%00%(objectname)%00%(upstream:track)%00%(upstream:remotename)%00%(upstream:remoteref) refs/heads/main refs/remotes/main [2ms]
2023-03-21 16:22:24.061 [info] > git status -z -uall [45ms]
2023-03-21 16:22:29.087 [info] > git config --get commit.template [8ms]
2023-03-21 16:22:29.090 [info] > git for-each-ref --format=%(refname)%00%(upstream:short)%00%(objectname)%00%(upstream:track)%00%(upstream:remotename)%00%(upstream:remoteref) refs/heads/main refs/remotes/main [2ms]
2023-03-21 16:22:29.138 [info] > git status -z -uall [43ms]
2023-03-21 16:23:18.808 [info] > git config --get commit.template [10ms]
2023-03-21 16:23:18.810 [info] > git for-each-ref --format=%(refname)%00%(upstream:short)%00%(objectname)%00%(upstream:track)%00%(upstream:remotename)%00%(upstream:remoteref) refs/heads/main refs/remotes/main [3ms]
2023-03-21 16:23:18.860 [info] > git status -z -uall [44ms]
2023-03-21 16:23:23.886 [info] > git config --get commit.template [9ms]
2023-03-21 16:23:23.889 [info] > git for-each-ref --format=%(refname)%00%(upstream:short)%00%(objectname)%00%(upstream:track)%00%(upstream:remotename)%00%(upstream:remoteref) refs/heads/main refs/remotes/main [3ms]
2023-03-21 16:23:23.937 [info] > git status -z -uall [44ms]
2023-03-21 16:23:28.964 [info] > git config --get commit.template [9ms]
2023-03-21 16:23:28.966 [info] > git for-each-ref --format=%(refname)%00%(upstream:short)%00%(objectname)%00%(upstream:track)%00%(upstream:remotename)%00%(upstream:remoteref) refs/heads/main refs/remotes/main [3ms]
2023-03-21 16:23:29.014 [info] > git status -z -uall [43ms]
2023-03-21 16:23:34.040 [info] > git config --get commit.template [8ms]
2023-03-21 16:23:34.042 [info] > git for-each-ref --format=%(refname)%00%(upstream:short)%00%(objectname)%00%(upstream:track)%00%(upstream:remotename)%00%(upstream:remoteref) refs/heads/main refs/remotes/main [3ms]
2023-03-21 16:23:34.088 [info] > git status -z -uall [42ms]
2023-03-21 16:24:41.043 [info] > git config --get commit.template [9ms]
2023-03-21 16:24:41.045 [info] > git for-each-ref --format=%(refname)%00%(upstream:short)%00%(objectname)%00%(upstream:track)%00%(upstream:remotename)%00%(upstream:remoteref) refs/heads/main refs/remotes/main [2ms]
2023-03-21 16:24:41.093 [info] > git status -z -uall [43ms]
2023-03-21 16:24:46.121 [info] > git config --get commit.template [8ms]
2023-03-21 16:24:46.123 [info] > git for-each-ref --format=%(refname)%00%(upstream:short)%00%(objectname)%00%(upstream:track)%00%(upstream:remotename)%00%(upstream:remoteref) refs/heads/main refs/remotes/main [2ms]
2023-03-21 16:24:46.170 [info] > git status -z -uall [43ms]
2023-03-21 16:26:23.816 [info] > git config --get commit.template [8ms]
2023-03-21 16:26:23.818 [info] > git for-each-ref --format=%(refname)%00%(upstream:short)%00%(objectname)%00%(upstream:track)%00%(upstream:remotename)%00%(upstream:remoteref) refs/heads/main refs/remotes/main [3ms]
2023-03-21 16:26:23.868 [info] > git status -z -uall [46ms]
2023-03-21 16:26:28.902 [info] > git config --get commit.template [8ms]
2023-03-21 16:26:28.906 [info] > git for-each-ref --format=%(refname)%00%(upstream:short)%00%(objectname)%00%(upstream:track)%00%(upstream:remotename)%00%(upstream:remoteref) refs/heads/main refs/remotes/main [4ms]
2023-03-21 16:26:28.955 [info] > git status -z -uall [44ms]
2023-03-21 16:26:33.987 [info] > git config --get commit.template [8ms]
2023-03-21 16:26:33.989 [info] > git for-each-ref --format=%(refname)%00%(upstream:short)%00%(objectname)%00%(upstream:track)%00%(upstream:remotename)%00%(upstream:remoteref) refs/heads/main refs/remotes/main [3ms]
2023-03-21 16:26:34.035 [info] > git status -z -uall [42ms]
2023-03-21 16:26:39.069 [info] > git config --get commit.template [9ms]
2023-03-21 16:26:39.071 [info] > git for-each-ref --format=%(refname)%00%(upstream:short)%00%(objectname)%00%(upstream:track)%00%(upstream:remotename)%00%(upstream:remoteref) refs/heads/main refs/remotes/main [3ms]
2023-03-21 16:26:39.118 [info] > git status -z -uall [42ms]
2023-03-21 16:31:22.818 [info] > git config --get commit.template [7ms]
2023-03-21 16:31:22.819 [info] > git for-each-ref --format=%(refname)%00%(upstream:short)%00%(objectname)%00%(upstream:track)%00%(upstream:remotename)%00%(upstream:remoteref) refs/heads/main refs/remotes/main [2ms]
2023-03-21 16:31:22.869 [info] > git status -z -uall [44ms]
2023-03-21 16:31:27.897 [info] > git config --get commit.template [9ms]
2023-03-21 16:31:27.898 [info] > git for-each-ref --format=%(refname)%00%(upstream:short)%00%(objectname)%00%(upstream:track)%00%(upstream:remotename)%00%(upstream:remoteref) refs/heads/main refs/remotes/main [2ms]
2023-03-21 16:31:27.943 [info] > git status -z -uall [41ms]
2023-03-21 16:31:32.967 [info] > git config --get commit.template [7ms]
2023-03-21 16:31:32.970 [info] > git for-each-ref --format=%(refname)%00%(upstream:short)%00%(objectname)%00%(upstream:track)%00%(upstream:remotename)%00%(upstream:remoteref) refs/heads/main refs/remotes/main [4ms]
2023-03-21 16:31:33.015 [info] > git status -z -uall [41ms]
2023-03-21 16:31:38.055 [info] > git config --get commit.template [8ms]
2023-03-21 16:31:38.057 [info] > git for-each-ref --format=%(refname)%00%(upstream:short)%00%(objectname)%00%(upstream:track)%00%(upstream:remotename)%00%(upstream:remoteref) refs/heads/main refs/remotes/main [2ms]
2023-03-21 16:31:38.101 [info] > git status -z -uall [39ms]
2023-03-21 16:31:43.128 [info] > git config --get commit.template [8ms]
2023-03-21 16:31:43.131 [info] > git for-each-ref --format=%(refname)%00%(upstream:short)%00%(objectname)%00%(upstream:track)%00%(upstream:remotename)%00%(upstream:remoteref) refs/heads/main refs/remotes/main [4ms]
2023-03-21 16:31:43.201 [info] > git status -z -uall [64ms]
2023-03-21 16:32:06.313 [info] > git config --get commit.template [7ms]
2023-03-21 16:32:06.314 [info] > git for-each-ref --format=%(refname)%00%(upstream:short)%00%(objectname)%00%(upstream:track)%00%(upstream:remotename)%00%(upstream:remoteref) refs/heads/main refs/remotes/main [2ms]
2023-03-21 16:32:06.361 [info] > git status -z -uall [42ms]
2023-03-21 16:32:11.389 [info] > git config --get commit.template [8ms]
2023-03-21 16:32:11.391 [info] > git for-each-ref --format=%(refname)%00%(upstream:short)%00%(objectname)%00%(upstream:track)%00%(upstream:remotename)%00%(upstream:remoteref) refs/heads/main refs/remotes/main [2ms]
2023-03-21 16:32:11.441 [info] > git status -z -uall [45ms]
2023-03-21 16:32:36.612 [info] > git config --get commit.template [7ms]
2023-03-21 16:32:36.613 [info] > git for-each-ref --format=%(refname)%00%(upstream:short)%00%(objectname)%00%(upstream:track)%00%(upstream:remotename)%00%(upstream:remoteref) refs/heads/main refs/remotes/main [2ms]
2023-03-21 16:32:36.661 [info] > git status -z -uall [43ms]
2023-03-21 16:32:41.690 [info] > git config --get commit.template [10ms]
2023-03-21 16:32:41.692 [info] > git for-each-ref --format=%(refname)%00%(upstream:short)%00%(objectname)%00%(upstream:track)%00%(upstream:remotename)%00%(upstream:remoteref) refs/heads/main refs/remotes/main [3ms]
2023-03-21 16:32:41.740 [info] > git status -z -uall [43ms]
2023-03-21 16:32:46.766 [info] > git config --get commit.template [8ms]
2023-03-21 16:32:46.768 [info] > git for-each-ref --format=%(refname)%00%(upstream:short)%00%(objectname)%00%(upstream:track)%00%(upstream:remotename)%00%(upstream:remoteref) refs/heads/main refs/remotes/main [3ms]
2023-03-21 16:32:46.818 [info] > git status -z -uall [45ms]
2023-03-21 16:32:51.854 [info] > git config --get commit.template [8ms]
2023-03-21 16:32:51.856 [info] > git for-each-ref --format=%(refname)%00%(upstream:short)%00%(objectname)%00%(upstream:track)%00%(upstream:remotename)%00%(upstream:remoteref) refs/heads/main refs/remotes/main [2ms]
2023-03-21 16:32:51.904 [info] > git status -z -uall [43ms]
2023-03-21 16:32:56.932 [info] > git config --get commit.template [8ms]
2023-03-21 16:32:56.934 [info] > git for-each-ref --format=%(refname)%00%(upstream:short)%00%(objectname)%00%(upstream:track)%00%(upstream:remotename)%00%(upstream:remoteref) refs/heads/main refs/remotes/main [2ms]
2023-03-21 16:32:56.981 [info] > git status -z -uall [42ms]
2023-03-21 16:33:02.009 [info] > git config --get commit.template [9ms]
2023-03-21 16:33:02.011 [info] > git for-each-ref --format=%(refname)%00%(upstream:short)%00%(objectname)%00%(upstream:track)%00%(upstream:remotename)%00%(upstream:remoteref) refs/heads/main refs/remotes/main [3ms]
2023-03-21 16:33:02.058 [info] > git status -z -uall [43ms]
2023-03-21 16:35:02.263 [info] > git config --get commit.template [8ms]
2023-03-21 16:35:02.264 [info] > git for-each-ref --format=%(refname)%00%(upstream:short)%00%(objectname)%00%(upstream:track)%00%(upstream:remotename)%00%(upstream:remoteref) refs/heads/main refs/remotes/main [2ms]
2023-03-21 16:35:02.311 [info] > git status -z -uall [43ms]
2023-03-21 16:35:07.337 [info] > git config --get commit.template [8ms]
2023-03-21 16:35:07.339 [info] > git for-each-ref --format=%(refname)%00%(upstream:short)%00%(objectname)%00%(upstream:track)%00%(upstream:remotename)%00%(upstream:remoteref) refs/heads/main refs/remotes/main [2ms]
2023-03-21 16:35:07.384 [info] > git status -z -uall [41ms]
2023-03-21 16:35:12.410 [info] > git config --get commit.template [7ms]
2023-03-21 16:35:12.413 [info] > git for-each-ref --format=%(refname)%00%(upstream:short)%00%(objectname)%00%(upstream:track)%00%(upstream:remotename)%00%(upstream:remoteref) refs/heads/main refs/remotes/main [3ms]
2023-03-21 16:35:12.458 [info] > git status -z -uall [41ms]
2023-03-21 16:35:17.484 [info] > git config --get commit.template [7ms]
2023-03-21 16:35:17.486 [info] > git for-each-ref --format=%(refname)%00%(upstream:short)%00%(objectname)%00%(upstream:track)%00%(upstream:remotename)%00%(upstream:remoteref) refs/heads/main refs/remotes/main [3ms]
2023-03-21 16:35:17.571 [info] > git status -z -uall [81ms]
2023-03-21 16:35:22.622 [info] > git config --get commit.template [7ms]
2023-03-21 16:35:22.624 [info] > git for-each-ref --format=%(refname)%00%(upstream:short)%00%(objectname)%00%(upstream:track)%00%(upstream:remotename)%00%(upstream:remoteref) refs/heads/main refs/remotes/main [3ms]
2023-03-21 16:35:22.672 [info] > git status -z -uall [43ms]
