2023-03-15 16:49:42.404 [info] Log level: Info
2023-03-15 16:49:42.405 [info] Validating found git in: "git"
2023-03-15 16:49:42.405 [info] Using git "2.25.1" from "git"
2023-03-15 16:49:42.406 [info] > git rev-parse --show-toplevel [115ms]
2023-03-15 16:49:42.406 [info] fatal: not a git repository (or any parent up to mount point /web/users)
Stopping at filesystem boundary (GIT_DISCOVERY_ACROSS_FILESYSTEM not set).
2023-03-15 16:49:42.406 [info] > git rev-parse --show-toplevel [7ms]
2023-03-15 16:49:42.407 [info] fatal: not a git repository (or any parent up to mount point /web/users)
Stopping at filesystem boundary (GIT_DISCOVERY_ACROSS_FILESYSTEM not set).
2023-03-15 16:49:42.407 [info] > git rev-parse --show-toplevel [6ms]
2023-03-15 16:49:42.407 [info] fatal: not a git repository (or any parent up to mount point /web/users)
Stopping at filesystem boundary (GIT_DISCOVERY_ACROSS_FILESYSTEM not set).
2023-03-15 16:49:42.408 [info] > git rev-parse --show-toplevel [14ms]
2023-03-15 16:49:42.408 [info] fatal: not a git repository (or any parent up to mount point /web/users)
Stopping at filesystem boundary (GIT_DISCOVERY_ACROSS_FILESYSTEM not set).
2023-03-15 16:49:42.409 [info] > git rev-parse --show-toplevel [8ms]
2023-03-15 16:49:42.409 [info] fatal: not a git repository (or any parent up to mount point /web/users)
Stopping at filesystem boundary (GIT_DISCOVERY_ACROSS_FILESYSTEM not set).
2023-03-15 16:49:42.409 [info] > git rev-parse --show-toplevel [86ms]
2023-03-15 16:49:42.409 [info] fatal: not a git repository (or any parent up to mount point /web/users)
Stopping at filesystem boundary (GIT_DISCOVERY_ACROSS_FILESYSTEM not set).
2023-03-15 16:49:42.409 [info] > git rev-parse --show-toplevel [6ms]
2023-03-15 16:49:42.409 [info] fatal: not a git repository (or any parent up to mount point /web/users)
Stopping at filesystem boundary (GIT_DISCOVERY_ACROSS_FILESYSTEM not set).
2023-03-15 17:55:30.289 [info] > git rev-parse --show-toplevel [2ms]
2023-03-15 17:55:30.290 [info] fatal: not a git repository (or any parent up to mount point /web/users)
Stopping at filesystem boundary (GIT_DISCOVERY_ACROSS_FILESYSTEM not set).
