2023-03-20 08:30:24.416 [info] Log level: Info
2023-03-20 08:30:24.416 [info] Validating found git in: "git"
2023-03-20 08:30:24.416 [info] Using git "2.25.1" from "git"
2023-03-20 08:30:24.417 [info] > git rev-parse --show-toplevel [27ms]
2023-03-20 08:30:24.417 [info] > git rev-parse --git-dir --git-common-dir [20ms]
2023-03-20 08:30:24.417 [info] Open repository: /web/users/projects/202223/quicknotes
2023-03-20 08:30:24.417 [info] > git rev-parse --show-toplevel [24ms]
2023-03-20 08:30:24.418 [info] > git config --get commit.template [27ms]
2023-03-20 08:30:24.418 [info] > git rev-parse --show-toplevel [14ms]
2023-03-20 08:30:24.418 [info] > git for-each-ref --format=%(refname)%00%(upstream:short)%00%(objectname)%00%(upstream:track)%00%(upstream:remotename)%00%(upstream:remoteref) refs/heads/main refs/remotes/main [12ms]
2023-03-20 08:30:24.418 [info] > git rev-parse --show-toplevel [20ms]
2023-03-20 08:30:24.418 [info] > git rev-parse --show-toplevel [32ms]
2023-03-20 08:30:24.418 [info] > git rev-parse --show-toplevel [7ms]
2023-03-20 08:30:24.418 [info] > git rev-parse --show-toplevel [11ms]
2023-03-20 08:30:24.418 [info] > git rev-parse --show-toplevel [4ms]
2023-03-20 08:30:24.418 [info] > git rev-parse --show-toplevel [6ms]
2023-03-20 08:30:24.418 [info] > git status -z -uall [153ms]
2023-03-20 08:30:24.418 [info] > git config --get commit.template [19ms]
2023-03-20 08:30:24.418 [info] > git for-each-ref --format=%(refname)%00%(upstream:short)%00%(objectname)%00%(upstream:track)%00%(upstream:remotename)%00%(upstream:remoteref) refs/heads/main refs/remotes/main [7ms]
2023-03-20 08:30:24.418 [info] > git status -z -uall [42ms]
2023-03-20 08:30:24.418 [info] > git check-ignore -v -z --stdin [12ms]
2023-03-20 08:30:24.418 [info] > git show --textconv :Testing/main.php [10ms]
2023-03-20 08:30:24.418 [info] > git ls-files --stage -- /web/users/projects/202223/quicknotes/Testing/main.php [6ms]
2023-03-20 08:30:24.419 [info] > git cat-file -s ce3410328dec40a61ec965eb77b74327433d216e [2ms]
2023-03-20 08:30:24.419 [info] > git check-ignore -v -z --stdin [15ms]
2023-03-20 08:30:24.419 [info] > git config --get commit.template [8ms]
2023-03-20 08:30:24.419 [info] > git for-each-ref --format=%(refname)%00%(upstream:short)%00%(objectname)%00%(upstream:track)%00%(upstream:remotename)%00%(upstream:remoteref) refs/heads/main refs/remotes/main [3ms]
2023-03-20 08:30:24.419 [info] > git status -z -uall [47ms]
2023-03-20 08:30:28.091 [info] > git config --get commit.template [9ms]
2023-03-20 08:30:28.094 [info] > git for-each-ref --format=%(refname)%00%(upstream:short)%00%(objectname)%00%(upstream:track)%00%(upstream:remotename)%00%(upstream:remoteref) refs/heads/main refs/remotes/main [3ms]
2023-03-20 08:30:28.144 [info] > git status -z -uall [45ms]
2023-03-20 08:30:33.170 [info] > git config --get commit.template [9ms]
2023-03-20 08:30:33.172 [info] > git for-each-ref --format=%(refname)%00%(upstream:short)%00%(objectname)%00%(upstream:track)%00%(upstream:remotename)%00%(upstream:remoteref) refs/heads/main refs/remotes/main [4ms]
2023-03-20 08:30:33.222 [info] > git status -z -uall [45ms]
2023-03-20 08:30:38.245 [info] > git config --get commit.template [7ms]
2023-03-20 08:30:38.247 [info] > git for-each-ref --format=%(refname)%00%(upstream:short)%00%(objectname)%00%(upstream:track)%00%(upstream:remotename)%00%(upstream:remoteref) refs/heads/main refs/remotes/main [3ms]
2023-03-20 08:30:38.296 [info] > git status -z -uall [44ms]
2023-03-20 08:30:43.321 [info] > git config --get commit.template [8ms]
2023-03-20 08:30:43.324 [info] > git for-each-ref --format=%(refname)%00%(upstream:short)%00%(objectname)%00%(upstream:track)%00%(upstream:remotename)%00%(upstream:remoteref) refs/heads/main refs/remotes/main [5ms]
2023-03-20 08:30:43.371 [info] > git status -z -uall [43ms]
2023-03-20 08:30:48.394 [info] > git config --get commit.template [8ms]
2023-03-20 08:30:48.397 [info] > git for-each-ref --format=%(refname)%00%(upstream:short)%00%(objectname)%00%(upstream:track)%00%(upstream:remotename)%00%(upstream:remoteref) refs/heads/main refs/remotes/main [3ms]
2023-03-20 08:30:48.455 [info] > git status -z -uall [47ms]
2023-03-20 08:30:53.479 [info] > git config --get commit.template [8ms]
2023-03-20 08:30:53.483 [info] > git for-each-ref --format=%(refname)%00%(upstream:short)%00%(objectname)%00%(upstream:track)%00%(upstream:remotename)%00%(upstream:remoteref) refs/heads/main refs/remotes/main [4ms]
2023-03-20 08:30:53.534 [info] > git status -z -uall [46ms]
2023-03-20 08:30:58.557 [info] > git config --get commit.template [8ms]
2023-03-20 08:30:58.559 [info] > git for-each-ref --format=%(refname)%00%(upstream:short)%00%(objectname)%00%(upstream:track)%00%(upstream:remotename)%00%(upstream:remoteref) refs/heads/main refs/remotes/main [3ms]
2023-03-20 08:30:58.606 [info] > git status -z -uall [42ms]
2023-03-20 08:31:03.629 [info] > git config --get commit.template [8ms]
2023-03-20 08:31:03.631 [info] > git for-each-ref --format=%(refname)%00%(upstream:short)%00%(objectname)%00%(upstream:track)%00%(upstream:remotename)%00%(upstream:remoteref) refs/heads/main refs/remotes/main [2ms]
2023-03-20 08:31:03.682 [info] > git status -z -uall [45ms]
2023-03-20 08:31:08.710 [info] > git config --get commit.template [8ms]
2023-03-20 08:31:08.713 [info] > git for-each-ref --format=%(refname)%00%(upstream:short)%00%(objectname)%00%(upstream:track)%00%(upstream:remotename)%00%(upstream:remoteref) refs/heads/main refs/remotes/main [3ms]
2023-03-20 08:31:08.761 [info] > git status -z -uall [44ms]
2023-03-20 08:31:13.786 [info] > git config --get commit.template [8ms]
2023-03-20 08:31:13.789 [info] > git for-each-ref --format=%(refname)%00%(upstream:short)%00%(objectname)%00%(upstream:track)%00%(upstream:remotename)%00%(upstream:remoteref) refs/heads/main refs/remotes/main [3ms]
2023-03-20 08:31:13.838 [info] > git status -z -uall [45ms]
2023-03-20 08:31:18.864 [info] > git config --get commit.template [8ms]
2023-03-20 08:31:18.866 [info] > git for-each-ref --format=%(refname)%00%(upstream:short)%00%(objectname)%00%(upstream:track)%00%(upstream:remotename)%00%(upstream:remoteref) refs/heads/main refs/remotes/main [3ms]
2023-03-20 08:31:18.915 [info] > git status -z -uall [44ms]
2023-03-20 08:31:23.938 [info] > git config --get commit.template [8ms]
2023-03-20 08:31:23.941 [info] > git for-each-ref --format=%(refname)%00%(upstream:short)%00%(objectname)%00%(upstream:track)%00%(upstream:remotename)%00%(upstream:remoteref) refs/heads/main refs/remotes/main [4ms]
2023-03-20 08:31:23.990 [info] > git status -z -uall [44ms]
2023-03-20 08:31:29.020 [info] > git config --get commit.template [15ms]
2023-03-20 08:31:29.023 [info] > git for-each-ref --format=%(refname)%00%(upstream:short)%00%(objectname)%00%(upstream:track)%00%(upstream:remotename)%00%(upstream:remoteref) refs/heads/main refs/remotes/main [9ms]
2023-03-20 08:31:29.072 [info] > git status -z -uall [45ms]
2023-03-20 08:31:34.098 [info] > git config --get commit.template [8ms]
2023-03-20 08:31:34.099 [info] > git for-each-ref --format=%(refname)%00%(upstream:short)%00%(objectname)%00%(upstream:track)%00%(upstream:remotename)%00%(upstream:remoteref) refs/heads/main refs/remotes/main [2ms]
2023-03-20 08:31:34.150 [info] > git status -z -uall [46ms]
2023-03-20 08:31:39.174 [info] > git config --get commit.template [8ms]
2023-03-20 08:31:39.175 [info] > git for-each-ref --format=%(refname)%00%(upstream:short)%00%(objectname)%00%(upstream:track)%00%(upstream:remotename)%00%(upstream:remoteref) refs/heads/main refs/remotes/main [2ms]
2023-03-20 08:31:39.225 [info] > git status -z -uall [45ms]
2023-03-20 08:31:44.250 [info] > git config --get commit.template [9ms]
2023-03-20 08:31:44.252 [info] > git for-each-ref --format=%(refname)%00%(upstream:short)%00%(objectname)%00%(upstream:track)%00%(upstream:remotename)%00%(upstream:remoteref) refs/heads/main refs/remotes/main [3ms]
2023-03-20 08:31:44.300 [info] > git status -z -uall [43ms]
2023-03-20 08:31:49.332 [info] > git config --get commit.template [7ms]
2023-03-20 08:31:49.334 [info] > git for-each-ref --format=%(refname)%00%(upstream:short)%00%(objectname)%00%(upstream:track)%00%(upstream:remotename)%00%(upstream:remoteref) refs/heads/main refs/remotes/main [2ms]
2023-03-20 08:31:49.382 [info] > git status -z -uall [44ms]
2023-03-20 08:31:54.404 [info] > git config --get commit.template [8ms]
2023-03-20 08:31:54.405 [info] > git for-each-ref --format=%(refname)%00%(upstream:short)%00%(objectname)%00%(upstream:track)%00%(upstream:remotename)%00%(upstream:remoteref) refs/heads/main refs/remotes/main [2ms]
2023-03-20 08:31:54.451 [info] > git status -z -uall [42ms]
2023-03-20 08:31:59.473 [info] > git config --get commit.template [7ms]
2023-03-20 08:31:59.475 [info] > git for-each-ref --format=%(refname)%00%(upstream:short)%00%(objectname)%00%(upstream:track)%00%(upstream:remotename)%00%(upstream:remoteref) refs/heads/main refs/remotes/main [3ms]
2023-03-20 08:31:59.521 [info] > git status -z -uall [42ms]
2023-03-20 08:32:04.546 [info] > git config --get commit.template [8ms]
2023-03-20 08:32:04.547 [info] > git for-each-ref --format=%(refname)%00%(upstream:short)%00%(objectname)%00%(upstream:track)%00%(upstream:remotename)%00%(upstream:remoteref) refs/heads/main refs/remotes/main [2ms]
2023-03-20 08:32:04.593 [info] > git status -z -uall [42ms]
2023-03-20 08:32:09.616 [info] > git config --get commit.template [8ms]
2023-03-20 08:32:09.618 [info] > git for-each-ref --format=%(refname)%00%(upstream:short)%00%(objectname)%00%(upstream:track)%00%(upstream:remotename)%00%(upstream:remoteref) refs/heads/main refs/remotes/main [3ms]
2023-03-20 08:32:09.666 [info] > git status -z -uall [43ms]
2023-03-20 08:32:14.688 [info] > git config --get commit.template [7ms]
2023-03-20 08:32:14.690 [info] > git for-each-ref --format=%(refname)%00%(upstream:short)%00%(objectname)%00%(upstream:track)%00%(upstream:remotename)%00%(upstream:remoteref) refs/heads/main refs/remotes/main [2ms]
2023-03-20 08:32:14.738 [info] > git status -z -uall [43ms]
2023-03-20 08:32:19.762 [info] > git config --get commit.template [8ms]
2023-03-20 08:32:19.764 [info] > git for-each-ref --format=%(refname)%00%(upstream:short)%00%(objectname)%00%(upstream:track)%00%(upstream:remotename)%00%(upstream:remoteref) refs/heads/main refs/remotes/main [3ms]
2023-03-20 08:32:19.813 [info] > git status -z -uall [44ms]
2023-03-20 08:32:24.841 [info] > git config --get commit.template [8ms]
2023-03-20 08:32:24.843 [info] > git for-each-ref --format=%(refname)%00%(upstream:short)%00%(objectname)%00%(upstream:track)%00%(upstream:remotename)%00%(upstream:remoteref) refs/heads/main refs/remotes/main [3ms]
2023-03-20 08:32:24.892 [info] > git status -z -uall [44ms]
2023-03-20 08:32:29.912 [info] > git config --get commit.template [7ms]
2023-03-20 08:32:29.914 [info] > git for-each-ref --format=%(refname)%00%(upstream:short)%00%(objectname)%00%(upstream:track)%00%(upstream:remotename)%00%(upstream:remoteref) refs/heads/main refs/remotes/main [3ms]
2023-03-20 08:32:29.961 [info] > git status -z -uall [43ms]
2023-03-20 08:32:34.987 [info] > git config --get commit.template [10ms]
2023-03-20 08:32:34.989 [info] > git for-each-ref --format=%(refname)%00%(upstream:short)%00%(objectname)%00%(upstream:track)%00%(upstream:remotename)%00%(upstream:remoteref) refs/heads/main refs/remotes/main [4ms]
2023-03-20 08:32:35.039 [info] > git status -z -uall [45ms]
2023-03-20 08:39:44.948 [info] > git config --get commit.template [7ms]
2023-03-20 08:39:44.950 [info] > git for-each-ref --format=%(refname)%00%(upstream:short)%00%(objectname)%00%(upstream:track)%00%(upstream:remotename)%00%(upstream:remoteref) refs/heads/main refs/remotes/main [3ms]
2023-03-20 08:39:45.000 [info] > git status -z -uall [45ms]
2023-03-20 08:39:50.025 [info] > git config --get commit.template [9ms]
2023-03-20 08:39:50.027 [info] > git for-each-ref --format=%(refname)%00%(upstream:short)%00%(objectname)%00%(upstream:track)%00%(upstream:remotename)%00%(upstream:remoteref) refs/heads/main refs/remotes/main [3ms]
2023-03-20 08:39:50.076 [info] > git status -z -uall [44ms]
2023-03-20 08:39:51.463 [info] > git ls-files --stage -- /web/users/projects/202223/quicknotes/Testing/main.php [6ms]
2023-03-20 08:39:51.470 [info] > git cat-file -s ce3410328dec40a61ec965eb77b74327433d216e [2ms]
2023-03-20 08:39:51.516 [info] > git show --textconv :Testing/main.php [6ms]
2023-03-20 08:39:55.105 [info] > git config --get commit.template [12ms]
2023-03-20 08:39:55.107 [info] > git for-each-ref --format=%(refname)%00%(upstream:short)%00%(objectname)%00%(upstream:track)%00%(upstream:remotename)%00%(upstream:remoteref) refs/heads/main refs/remotes/main [3ms]
2023-03-20 08:39:55.156 [info] > git status -z -uall [44ms]
2023-03-20 08:39:57.831 [info] > git ls-files --stage -- /web/users/projects/202223/quicknotes/Testing/main.php [5ms]
2023-03-20 08:39:57.838 [info] > git cat-file -s ce3410328dec40a61ec965eb77b74327433d216e [2ms]
2023-03-20 08:39:57.934 [info] > git show --textconv :Testing/main.php [6ms]
2023-03-20 08:40:00.180 [info] > git config --get commit.template [8ms]
2023-03-20 08:40:00.182 [info] > git for-each-ref --format=%(refname)%00%(upstream:short)%00%(objectname)%00%(upstream:track)%00%(upstream:remotename)%00%(upstream:remoteref) refs/heads/main refs/remotes/main [3ms]
2023-03-20 08:40:00.235 [info] > git status -z -uall [48ms]
2023-03-20 08:40:05.257 [info] > git config --get commit.template [8ms]
2023-03-20 08:40:05.259 [info] > git for-each-ref --format=%(refname)%00%(upstream:short)%00%(objectname)%00%(upstream:track)%00%(upstream:remotename)%00%(upstream:remoteref) refs/heads/main refs/remotes/main [2ms]
2023-03-20 08:40:05.309 [info] > git status -z -uall [45ms]
2023-03-20 08:40:10.331 [info] > git config --get commit.template [8ms]
2023-03-20 08:40:10.334 [info] > git for-each-ref --format=%(refname)%00%(upstream:short)%00%(objectname)%00%(upstream:track)%00%(upstream:remotename)%00%(upstream:remoteref) refs/heads/main refs/remotes/main [3ms]
2023-03-20 08:40:10.383 [info] > git status -z -uall [44ms]
2023-03-20 08:40:15.406 [info] > git config --get commit.template [9ms]
2023-03-20 08:40:15.408 [info] > git for-each-ref --format=%(refname)%00%(upstream:short)%00%(objectname)%00%(upstream:track)%00%(upstream:remotename)%00%(upstream:remoteref) refs/heads/main refs/remotes/main [2ms]
2023-03-20 08:40:15.457 [info] > git status -z -uall [45ms]
2023-03-20 08:40:20.479 [info] > git config --get commit.template [8ms]
2023-03-20 08:40:20.481 [info] > git for-each-ref --format=%(refname)%00%(upstream:short)%00%(objectname)%00%(upstream:track)%00%(upstream:remotename)%00%(upstream:remoteref) refs/heads/main refs/remotes/main [3ms]
2023-03-20 08:40:20.530 [info] > git status -z -uall [44ms]
2023-03-20 08:40:23.696 [info] > git ls-files --stage -- /web/users/projects/202223/quicknotes/Testing/main.php [5ms]
2023-03-20 08:40:23.705 [info] > git cat-file -s ce3410328dec40a61ec965eb77b74327433d216e [2ms]
2023-03-20 08:40:23.843 [info] > git show --textconv :Testing/main.php [6ms]
2023-03-20 08:40:25.552 [info] > git config --get commit.template [7ms]
2023-03-20 08:40:25.554 [info] > git for-each-ref --format=%(refname)%00%(upstream:short)%00%(objectname)%00%(upstream:track)%00%(upstream:remotename)%00%(upstream:remoteref) refs/heads/main refs/remotes/main [3ms]
2023-03-20 08:40:25.601 [info] > git status -z -uall [42ms]
2023-03-20 08:40:30.627 [info] > git config --get commit.template [10ms]
2023-03-20 08:40:30.630 [info] > git for-each-ref --format=%(refname)%00%(upstream:short)%00%(objectname)%00%(upstream:track)%00%(upstream:remotename)%00%(upstream:remoteref) refs/heads/main refs/remotes/main [5ms]
2023-03-20 08:40:30.677 [info] > git status -z -uall [43ms]
2023-03-20 08:40:35.701 [info] > git config --get commit.template [8ms]
2023-03-20 08:40:35.703 [info] > git for-each-ref --format=%(refname)%00%(upstream:short)%00%(objectname)%00%(upstream:track)%00%(upstream:remotename)%00%(upstream:remoteref) refs/heads/main refs/remotes/main [5ms]
2023-03-20 08:40:35.750 [info] > git status -z -uall [42ms]
2023-03-20 08:40:40.770 [info] > git config --get commit.template [7ms]
2023-03-20 08:40:40.773 [info] > git for-each-ref --format=%(refname)%00%(upstream:short)%00%(objectname)%00%(upstream:track)%00%(upstream:remotename)%00%(upstream:remoteref) refs/heads/main refs/remotes/main [3ms]
2023-03-20 08:40:40.818 [info] > git status -z -uall [41ms]
2023-03-20 08:40:45.839 [info] > git config --get commit.template [8ms]
2023-03-20 08:40:45.841 [info] > git for-each-ref --format=%(refname)%00%(upstream:short)%00%(objectname)%00%(upstream:track)%00%(upstream:remotename)%00%(upstream:remoteref) refs/heads/main refs/remotes/main [2ms]
2023-03-20 08:40:45.887 [info] > git status -z -uall [41ms]
2023-03-20 08:41:51.015 [info] > git config --get commit.template [8ms]
2023-03-20 08:41:51.017 [info] > git for-each-ref --format=%(refname)%00%(upstream:short)%00%(objectname)%00%(upstream:track)%00%(upstream:remotename)%00%(upstream:remoteref) refs/heads/main refs/remotes/main [2ms]
2023-03-20 08:41:51.063 [info] > git status -z -uall [41ms]
2023-03-20 08:41:56.085 [info] > git config --get commit.template [9ms]
2023-03-20 08:41:56.087 [info] > git for-each-ref --format=%(refname)%00%(upstream:short)%00%(objectname)%00%(upstream:track)%00%(upstream:remotename)%00%(upstream:remoteref) refs/heads/main refs/remotes/main [3ms]
2023-03-20 08:41:56.135 [info] > git status -z -uall [43ms]
2023-03-20 08:42:01.170 [info] > git config --get commit.template [7ms]
2023-03-20 08:42:01.172 [info] > git for-each-ref --format=%(refname)%00%(upstream:short)%00%(objectname)%00%(upstream:track)%00%(upstream:remotename)%00%(upstream:remoteref) refs/heads/main refs/remotes/main [3ms]
2023-03-20 08:42:01.217 [info] > git status -z -uall [41ms]
2023-03-20 08:42:06.239 [info] > git config --get commit.template [9ms]
2023-03-20 08:42:06.241 [info] > git for-each-ref --format=%(refname)%00%(upstream:short)%00%(objectname)%00%(upstream:track)%00%(upstream:remotename)%00%(upstream:remoteref) refs/heads/main refs/remotes/main [3ms]
2023-03-20 08:42:06.339 [info] > git status -z -uall [92ms]
2023-03-20 08:42:07.846 [info] > git ls-files --stage -- /web/users/projects/202223/quicknotes/Testing/main.php [5ms]
2023-03-20 08:42:07.853 [info] > git cat-file -s ce3410328dec40a61ec965eb77b74327433d216e [2ms]
2023-03-20 08:42:07.905 [info] > git show --textconv :Testing/main.php [7ms]
2023-03-20 08:42:11.362 [info] > git config --get commit.template [7ms]
2023-03-20 08:42:11.364 [info] > git for-each-ref --format=%(refname)%00%(upstream:short)%00%(objectname)%00%(upstream:track)%00%(upstream:remotename)%00%(upstream:remoteref) refs/heads/main refs/remotes/main [3ms]
2023-03-20 08:42:11.410 [info] > git status -z -uall [42ms]
2023-03-20 08:42:11.990 [info] > git ls-files --stage -- /web/users/projects/202223/quicknotes/Testing/main.php [7ms]
2023-03-20 08:42:11.996 [info] > git cat-file -s ce3410328dec40a61ec965eb77b74327433d216e [2ms]
2023-03-20 08:42:12.043 [info] > git show --textconv :Testing/main.php [7ms]
2023-03-20 08:42:16.440 [info] > git config --get commit.template [8ms]
2023-03-20 08:42:16.443 [info] > git for-each-ref --format=%(refname)%00%(upstream:short)%00%(objectname)%00%(upstream:track)%00%(upstream:remotename)%00%(upstream:remoteref) refs/heads/main refs/remotes/main [4ms]
2023-03-20 08:42:16.494 [info] > git status -z -uall [46ms]
2023-03-20 08:42:21.517 [info] > git config --get commit.template [9ms]
2023-03-20 08:42:21.518 [info] > git for-each-ref --format=%(refname)%00%(upstream:short)%00%(objectname)%00%(upstream:track)%00%(upstream:remotename)%00%(upstream:remoteref) refs/heads/main refs/remotes/main [2ms]
2023-03-20 08:42:21.564 [info] > git status -z -uall [41ms]
2023-03-20 08:42:22.869 [info] > git for-each-ref --sort -committerdate --format %(refname) %(objectname) %(*objectname) [2ms]
2023-03-20 08:42:26.585 [info] > git config --get commit.template [8ms]
2023-03-20 08:42:26.588 [info] > git for-each-ref --format=%(refname)%00%(upstream:short)%00%(objectname)%00%(upstream:track)%00%(upstream:remotename)%00%(upstream:remoteref) refs/heads/main refs/remotes/main [2ms]
2023-03-20 08:42:26.637 [info] > git status -z -uall [43ms]
2023-03-20 08:42:31.661 [info] > git config --get commit.template [7ms]
2023-03-20 08:42:31.663 [info] > git for-each-ref --format=%(refname)%00%(upstream:short)%00%(objectname)%00%(upstream:track)%00%(upstream:remotename)%00%(upstream:remoteref) refs/heads/main refs/remotes/main [3ms]
2023-03-20 08:42:31.709 [info] > git status -z -uall [42ms]
2023-03-20 08:42:48.036 [info] > git config --get commit.template [6ms]
2023-03-20 08:42:48.038 [info] > git for-each-ref --format=%(refname)%00%(upstream:short)%00%(objectname)%00%(upstream:track)%00%(upstream:remotename)%00%(upstream:remoteref) refs/heads/main refs/remotes/main [3ms]
2023-03-20 08:42:48.084 [info] > git status -z -uall [42ms]
2023-03-20 08:42:53.107 [info] > git config --get commit.template [9ms]
2023-03-20 08:42:53.113 [info] > git for-each-ref --format=%(refname)%00%(upstream:short)%00%(objectname)%00%(upstream:track)%00%(upstream:remotename)%00%(upstream:remoteref) refs/heads/main refs/remotes/main [7ms]
2023-03-20 08:42:53.202 [info] > git status -z -uall [83ms]
2023-03-20 08:42:58.224 [info] > git config --get commit.template [9ms]
2023-03-20 08:42:58.227 [info] > git for-each-ref --format=%(refname)%00%(upstream:short)%00%(objectname)%00%(upstream:track)%00%(upstream:remotename)%00%(upstream:remoteref) refs/heads/main refs/remotes/main [3ms]
2023-03-20 08:42:58.276 [info] > git status -z -uall [44ms]
2023-03-20 08:43:23.998 [info] > git config --get commit.template [7ms]
2023-03-20 08:43:24.000 [info] > git for-each-ref --format=%(refname)%00%(upstream:short)%00%(objectname)%00%(upstream:track)%00%(upstream:remotename)%00%(upstream:remoteref) refs/heads/main refs/remotes/main [2ms]
2023-03-20 08:43:24.047 [info] > git status -z -uall [42ms]
2023-03-20 08:43:48.334 [info] > git config --get commit.template [8ms]
2023-03-20 08:43:48.336 [info] > git for-each-ref --format=%(refname)%00%(upstream:short)%00%(objectname)%00%(upstream:track)%00%(upstream:remotename)%00%(upstream:remoteref) refs/heads/main refs/remotes/main [3ms]
2023-03-20 08:43:48.384 [info] > git status -z -uall [42ms]
2023-03-20 08:43:53.407 [info] > git config --get commit.template [10ms]
2023-03-20 08:43:53.409 [info] > git for-each-ref --format=%(refname)%00%(upstream:short)%00%(objectname)%00%(upstream:track)%00%(upstream:remotename)%00%(upstream:remoteref) refs/heads/main refs/remotes/main [2ms]
2023-03-20 08:43:53.456 [info] > git status -z -uall [41ms]
2023-03-20 08:43:53.619 [info] > git ls-files --stage -- /web/users/projects/202223/quicknotes/Testing/main.php [9ms]
2023-03-20 08:43:53.628 [info] > git cat-file -s ce3410328dec40a61ec965eb77b74327433d216e [1ms]
2023-03-20 08:43:53.677 [info] > git show --textconv :Testing/main.php [7ms]
2023-03-20 08:43:58.477 [info] > git config --get commit.template [8ms]
2023-03-20 08:43:58.479 [info] > git for-each-ref --format=%(refname)%00%(upstream:short)%00%(objectname)%00%(upstream:track)%00%(upstream:remotename)%00%(upstream:remoteref) refs/heads/main refs/remotes/main [2ms]
2023-03-20 08:43:58.526 [info] > git status -z -uall [43ms]
2023-03-20 08:44:03.547 [info] > git config --get commit.template [8ms]
2023-03-20 08:44:03.549 [info] > git for-each-ref --format=%(refname)%00%(upstream:short)%00%(objectname)%00%(upstream:track)%00%(upstream:remotename)%00%(upstream:remoteref) refs/heads/main refs/remotes/main [2ms]
2023-03-20 08:44:03.597 [info] > git status -z -uall [43ms]
2023-03-20 08:44:08.619 [info] > git config --get commit.template [8ms]
2023-03-20 08:44:08.623 [info] > git for-each-ref --format=%(refname)%00%(upstream:short)%00%(objectname)%00%(upstream:track)%00%(upstream:remotename)%00%(upstream:remoteref) refs/heads/main refs/remotes/main [4ms]
2023-03-20 08:44:08.669 [info] > git status -z -uall [41ms]
2023-03-20 08:44:13.690 [info] > git config --get commit.template [7ms]
2023-03-20 08:44:13.692 [info] > git for-each-ref --format=%(refname)%00%(upstream:short)%00%(objectname)%00%(upstream:track)%00%(upstream:remotename)%00%(upstream:remoteref) refs/heads/main refs/remotes/main [2ms]
2023-03-20 08:44:13.738 [info] > git status -z -uall [41ms]
2023-03-20 08:44:18.759 [info] > git config --get commit.template [8ms]
2023-03-20 08:44:18.761 [info] > git for-each-ref --format=%(refname)%00%(upstream:short)%00%(objectname)%00%(upstream:track)%00%(upstream:remotename)%00%(upstream:remoteref) refs/heads/main refs/remotes/main [3ms]
2023-03-20 08:44:18.806 [info] > git status -z -uall [41ms]
2023-03-20 08:44:23.825 [info] > git config --get commit.template [8ms]
2023-03-20 08:44:23.827 [info] > git for-each-ref --format=%(refname)%00%(upstream:short)%00%(objectname)%00%(upstream:track)%00%(upstream:remotename)%00%(upstream:remoteref) refs/heads/main refs/remotes/main [2ms]
2023-03-20 08:44:23.872 [info] > git status -z -uall [42ms]
2023-03-20 08:44:28.892 [info] > git config --get commit.template [8ms]
2023-03-20 08:44:28.894 [info] > git for-each-ref --format=%(refname)%00%(upstream:short)%00%(objectname)%00%(upstream:track)%00%(upstream:remotename)%00%(upstream:remoteref) refs/heads/main refs/remotes/main [2ms]
2023-03-20 08:44:28.937 [info] > git status -z -uall [39ms]
2023-03-20 08:44:33.957 [info] > git config --get commit.template [7ms]
2023-03-20 08:44:33.959 [info] > git for-each-ref --format=%(refname)%00%(upstream:short)%00%(objectname)%00%(upstream:track)%00%(upstream:remotename)%00%(upstream:remoteref) refs/heads/main refs/remotes/main [3ms]
2023-03-20 08:44:34.016 [info] > git status -z -uall [48ms]
2023-03-20 08:44:39.038 [info] > git config --get commit.template [9ms]
2023-03-20 08:44:39.040 [info] > git for-each-ref --format=%(refname)%00%(upstream:short)%00%(objectname)%00%(upstream:track)%00%(upstream:remotename)%00%(upstream:remoteref) refs/heads/main refs/remotes/main [3ms]
2023-03-20 08:44:39.086 [info] > git status -z -uall [42ms]
2023-03-20 08:44:44.108 [info] > git config --get commit.template [7ms]
2023-03-20 08:44:44.110 [info] > git for-each-ref --format=%(refname)%00%(upstream:short)%00%(objectname)%00%(upstream:track)%00%(upstream:remotename)%00%(upstream:remoteref) refs/heads/main refs/remotes/main [3ms]
2023-03-20 08:44:44.155 [info] > git status -z -uall [41ms]
2023-03-20 08:44:49.178 [info] > git config --get commit.template [9ms]
2023-03-20 08:44:49.180 [info] > git for-each-ref --format=%(refname)%00%(upstream:short)%00%(objectname)%00%(upstream:track)%00%(upstream:remotename)%00%(upstream:remoteref) refs/heads/main refs/remotes/main [2ms]
2023-03-20 08:44:49.226 [info] > git status -z -uall [41ms]
2023-03-20 08:44:54.253 [info] > git config --get commit.template [9ms]
2023-03-20 08:44:54.256 [info] > git for-each-ref --format=%(refname)%00%(upstream:short)%00%(objectname)%00%(upstream:track)%00%(upstream:remotename)%00%(upstream:remoteref) refs/heads/main refs/remotes/main [3ms]
2023-03-20 08:44:54.301 [info] > git status -z -uall [41ms]
2023-03-20 08:44:59.319 [info] > git config --get commit.template [8ms]
2023-03-20 08:44:59.321 [info] > git for-each-ref --format=%(refname)%00%(upstream:short)%00%(objectname)%00%(upstream:track)%00%(upstream:remotename)%00%(upstream:remoteref) refs/heads/main refs/remotes/main [3ms]
2023-03-20 08:44:59.373 [info] > git status -z -uall [47ms]
2023-03-20 08:45:04.401 [info] > git config --get commit.template [9ms]
2023-03-20 08:45:04.405 [info] > git for-each-ref --format=%(refname)%00%(upstream:short)%00%(objectname)%00%(upstream:track)%00%(upstream:remotename)%00%(upstream:remoteref) refs/heads/main refs/remotes/main [6ms]
2023-03-20 08:45:04.478 [info] > git status -z -uall [66ms]
2023-03-20 08:45:43.260 [info] > git config --get commit.template [7ms]
2023-03-20 08:45:43.262 [info] > git for-each-ref --format=%(refname)%00%(upstream:short)%00%(objectname)%00%(upstream:track)%00%(upstream:remotename)%00%(upstream:remoteref) refs/heads/main refs/remotes/main [3ms]
2023-03-20 08:45:43.316 [info] > git status -z -uall [49ms]
2023-03-20 08:45:48.337 [info] > git config --get commit.template [8ms]
2023-03-20 08:45:48.339 [info] > git for-each-ref --format=%(refname)%00%(upstream:short)%00%(objectname)%00%(upstream:track)%00%(upstream:remotename)%00%(upstream:remoteref) refs/heads/main refs/remotes/main [3ms]
2023-03-20 08:45:48.386 [info] > git status -z -uall [43ms]
2023-03-20 08:45:53.076 [info] > git ls-files --stage -- /web/users/projects/202223/quicknotes/Testing/main.php [6ms]
2023-03-20 08:45:53.084 [info] > git cat-file -s ce3410328dec40a61ec965eb77b74327433d216e [2ms]
2023-03-20 08:45:53.128 [info] > git show --textconv :Testing/main.php [7ms]
2023-03-20 08:45:53.406 [info] > git config --get commit.template [8ms]
2023-03-20 08:45:53.408 [info] > git for-each-ref --format=%(refname)%00%(upstream:short)%00%(objectname)%00%(upstream:track)%00%(upstream:remotename)%00%(upstream:remoteref) refs/heads/main refs/remotes/main [2ms]
2023-03-20 08:45:53.455 [info] > git status -z -uall [42ms]
2023-03-20 08:45:58.478 [info] > git config --get commit.template [9ms]
2023-03-20 08:45:58.480 [info] > git for-each-ref --format=%(refname)%00%(upstream:short)%00%(objectname)%00%(upstream:track)%00%(upstream:remotename)%00%(upstream:remoteref) refs/heads/main refs/remotes/main [3ms]
2023-03-20 08:45:58.530 [info] > git status -z -uall [44ms]
