*
* Visual Studio Code Server
*
* By using the software, you agree to
* the Visual Studio Code Server License Terms (https://aka.ms/vscode-server-license) and
* the Microsoft Privacy Statement (https://privacy.microsoft.com/en-US/privacystatement).
*
Server bound to 127.0.0.1:41819 (IPv4)
Extension host agent listening on 41819

[09:33:29] Extension host agent started.
[09:33:30] [127.0.0.1][d62a12a4][ManagementConnection] New connection established.
[09:33:30] [127.0.0.1][d1e4face][ExtensionHostConnection] New connection established.
[09:33:30] [127.0.0.1][d1e4face][ExtensionHostConnection] <598706> Launched Extension Host Process.
[IPC Library: Pty Host]  WARN Shell integration cannot be enabled for executable "/bin/sh" and args [
  '-c',
  'wget --version > /dev/null\n' +
    'if [ $? -eq 0 ]\n' +
    'then\n' +
    "\twget --connect-timeout=7 --tries=1 --dns-timeout=7 -q --header='Metadata:true' -O - http://169.254.169.254/metadata/instance?api-version=2019-03-11\n" +
    'else\n' +
    '\tcurl --version > /dev/null\n' +
    '\tif [ $? -eq 0 ]\n' +
    '\tthen\n' +
    "\t\tcurl --connect-timeout 7 -s --header='Metadata:true' http://169.254.169.254/metadata/instance?api-version=2019-03-11\n" +
    '\tfi\n' +
    'fi\n' +
    'exit 0'
]
[IPC Library: Pty Host]  WARN Shell integration cannot be enabled for executable "/bin/sh" and args [
  '-c',
  'wget --version > /dev/null\n' +
    'if [ $? -eq 0 ]\n' +
    'then\n' +
    '\twget --connect-timeout=7 --tries=1 --dns-timeout=7 -q  -O - http://169.254.169.254/latest/meta-data/instance-id\n' +
    'else\n' +
    '\tcurl --version > /dev/null\n' +
    '\tif [ $? -eq 0 ]\n' +
    '\tthen\n' +
    '\t\tcurl --connect-timeout 7 -s  http://169.254.169.254/latest/meta-data/instance-id\n' +
    '\tfi\n' +
    'fi\n' +
    'exit 0'
]
[IPC Library: Pty Host]  WARN Shell integration cannot be enabled for executable "/bin/sh" and args [
  '-c',
  'wget --version > /dev/null\n' +
    'if [ $? -eq 0 ]\n' +
    'then\n' +
    '\twget --connect-timeout=7 --tries=1 --dns-timeout=7 -q  -O - http://169.254.169.254/metadata/v1/id\n' +
    'else\n' +
    '\tcurl --version > /dev/null\n' +
    '\tif [ $? -eq 0 ]\n' +
    '\tthen\n' +
    '\t\tcurl --connect-timeout 7 -s  http://169.254.169.254/metadata/v1/id\n' +
    '\tfi\n' +
    'fi\n' +
    'exit 0'
]
[IPC Library: Pty Host]  WARN Shell integration cannot be enabled for executable "/bin/sh" and args [
  '-c',
  'wget --version > /dev/null\n' +
    'if [ $? -eq 0 ]\n' +
    'then\n' +
    "\twget --connect-timeout=7 --tries=1 --dns-timeout=7 -q --header='Metadata-Flavor:Google' -O - http://metadata.google.internal/computeMetadata/v1/instance/id\n" +
    'else\n' +
    '\tcurl --version > /dev/null\n' +
    '\tif [ $? -eq 0 ]\n' +
    '\tthen\n' +
    "\t\tcurl --connect-timeout 7 -s --header='Metadata-Flavor:Google' http://metadata.google.internal/computeMetadata/v1/instance/id\n" +
    '\tfi\n' +
    'fi\n' +
    'exit 0'
]
[09:33:34] [127.0.0.1][d1e4face][ExtensionHostConnection] <598706> Extension Host Process exited with code: 0, signal: null.
Last EH closed, waiting before shutting down
[09:33:34] Last EH closed, waiting before shutting down
[09:33:39] [127.0.0.1][d62a12a4][ManagementConnection] The client has disconnected, will wait for reconnection 3h before disposing...
[09:33:39] Error: Unexpected SIGPIPE
    at process.<anonymous> (/web/users/projects/202223/quicknotes/.vscode-server/bin/da76f93349a72022ca4670c1b84860304616aaa2/out/vs/server/node/server.main.js:145:7922)
    at process.emit (node:events:390:28)
Got delay-shutdown request while in shutdown timeout, delaying
[09:35:27] Got delay-shutdown request while in shutdown timeout, delaying
Cancelling previous shutdown timeout
[09:35:27] Cancelling previous shutdown timeout
[09:35:27] [127.0.0.1][d62a12a4][ManagementConnection] Another client has connected, will shorten the wait for reconnection 5m before disposing...
[09:35:27] [127.0.0.1][a348bda5][ManagementConnection] New connection established.
[09:35:27] [127.0.0.1][ff6989b8][ExtensionHostConnection] New connection established.
[09:35:27] [127.0.0.1][ff6989b8][ExtensionHostConnection] <598936> Launched Extension Host Process.
[IPC Library: Pty Host]  WARN Shell integration cannot be enabled for executable "/bin/sh" and args [
  '-c',
  'wget --version > /dev/null\n' +
    'if [ $? -eq 0 ]\n' +
    'then\n' +
    "\twget --connect-timeout=7 --tries=1 --dns-timeout=7 -q --header='Metadata:true' -O - http://169.254.169.254/metadata/instance?api-version=2019-03-11\n" +
    'else\n' +
    '\tcurl --version > /dev/null\n' +
    '\tif [ $? -eq 0 ]\n' +
    '\tthen\n' +
    "\t\tcurl --connect-timeout 7 -s --header='Metadata:true' http://169.254.169.254/metadata/instance?api-version=2019-03-11\n" +
    '\tfi\n' +
    'fi\n' +
    'exit 0'
]
[IPC Library: Pty Host]  WARN Shell integration cannot be enabled for executable "/bin/sh" and args [
  '-c',
  'wget --version > /dev/null\n' +
    'if [ $? -eq 0 ]\n' +
    'then\n' +
    '\twget --connect-timeout=7 --tries=1 --dns-timeout=7 -q  -O - http://169.254.169.254/latest/meta-data/instance-id\n' +
    'else\n' +
    '\tcurl --version > /dev/null\n' +
    '\tif [ $? -eq 0 ]\n' +
    '\tthen\n' +
    '\t\tcurl --connect-timeout 7 -s  http://169.254.169.254/latest/meta-data/instance-id\n' +
    '\tfi\n' +
    'fi\n' +
    'exit 0'
]
[IPC Library: Pty Host]  WARN Shell integration cannot be enabled for executable "/bin/sh" and args [
  '-c',
  'wget --version > /dev/null\n' +
    'if [ $? -eq 0 ]\n' +
    'then\n' +
    '\twget --connect-timeout=7 --tries=1 --dns-timeout=7 -q  -O - http://169.254.169.254/metadata/v1/id\n' +
    'else\n' +
    '\tcurl --version > /dev/null\n' +
    '\tif [ $? -eq 0 ]\n' +
    '\tthen\n' +
    '\t\tcurl --connect-timeout 7 -s  http://169.254.169.254/metadata/v1/id\n' +
    '\tfi\n' +
    'fi\n' +
    'exit 0'
]
[IPC Library: Pty Host]  WARN Shell integration cannot be enabled for executable "/bin/sh" and args [
  '-c',
  'wget --version > /dev/null\n' +
    'if [ $? -eq 0 ]\n' +
    'then\n' +
    "\twget --connect-timeout=7 --tries=1 --dns-timeout=7 -q --header='Metadata-Flavor:Google' -O - http://metadata.google.internal/computeMetadata/v1/instance/id\n" +
    'else\n' +
    '\tcurl --version > /dev/null\n' +
    '\tif [ $? -eq 0 ]\n' +
    '\tthen\n' +
    "\t\tcurl --connect-timeout 7 -s --header='Metadata-Flavor:Google' http://metadata.google.internal/computeMetadata/v1/instance/id\n" +
    '\tfi\n' +
    'fi\n' +
    'exit 0'
]
[09:35:31] [127.0.0.1][ff6989b8][ExtensionHostConnection] <598936> Extension Host Process exited with code: 0, signal: null.
Cancelling previous shutdown timeout
[09:35:31] Cancelling previous shutdown timeout
Last EH closed, waiting before shutting down
[09:35:31] Last EH closed, waiting before shutting down
[09:35:35] [127.0.0.1][a348bda5][ManagementConnection] The client has disconnected, will wait for reconnection 3h before disposing...
[09:35:35] Error: Unexpected SIGPIPE
    at process.<anonymous> (/web/users/projects/202223/quicknotes/.vscode-server/bin/da76f93349a72022ca4670c1b84860304616aaa2/out/vs/server/node/server.main.js:145:7922)
    at process.emit (node:events:390:28)
Got delay-shutdown request while in shutdown timeout, delaying
[09:35:40] Got delay-shutdown request while in shutdown timeout, delaying
Cancelling previous shutdown timeout
[09:35:40] Cancelling previous shutdown timeout
[09:35:40] [127.0.0.1][a348bda5][ManagementConnection] Another client has connected, will shorten the wait for reconnection 5m before disposing...
[09:35:40] [127.0.0.1][9c258a76][ManagementConnection] New connection established.
[09:35:40] [127.0.0.1][cda57ef4][ExtensionHostConnection] New connection established.
[09:35:40] [127.0.0.1][cda57ef4][ExtensionHostConnection] <599117> Launched Extension Host Process.
[IPC Library: Pty Host]  WARN Shell integration cannot be enabled for executable "/bin/sh" and args [
  '-c',
  'wget --version > /dev/null\n' +
    'if [ $? -eq 0 ]\n' +
    'then\n' +
    "\twget --connect-timeout=7 --tries=1 --dns-timeout=7 -q --header='Metadata:true' -O - http://169.254.169.254/metadata/instance?api-version=2019-03-11\n" +
    'else\n' +
    '\tcurl --version > /dev/null\n' +
    '\tif [ $? -eq 0 ]\n' +
    '\tthen\n' +
    "\t\tcurl --connect-timeout 7 -s --header='Metadata:true' http://169.254.169.254/metadata/instance?api-version=2019-03-11\n" +
    '\tfi\n' +
    'fi\n' +
    'exit 0'
]
[IPC Library: Pty Host]  WARN Shell integration cannot be enabled for executable "/bin/sh" and args [
  '-c',
  'wget --version > /dev/null\n' +
    'if [ $? -eq 0 ]\n' +
    'then\n' +
    '\twget --connect-timeout=7 --tries=1 --dns-timeout=7 -q  -O - http://169.254.169.254/latest/meta-data/instance-id\n' +
    'else\n' +
    '\tcurl --version > /dev/null\n' +
    '\tif [ $? -eq 0 ]\n' +
    '\tthen\n' +
    '\t\tcurl --connect-timeout 7 -s  http://169.254.169.254/latest/meta-data/instance-id\n' +
    '\tfi\n' +
    'fi\n' +
    'exit 0'
]
[IPC Library: Pty Host]  WARN Shell integration cannot be enabled for executable "/bin/sh" and args [
  '-c',
  'wget --version > /dev/null\n' +
    'if [ $? -eq 0 ]\n' +
    'then\n' +
    '\twget --connect-timeout=7 --tries=1 --dns-timeout=7 -q  -O - http://169.254.169.254/metadata/v1/id\n' +
    'else\n' +
    '\tcurl --version > /dev/null\n' +
    '\tif [ $? -eq 0 ]\n' +
    '\tthen\n' +
    '\t\tcurl --connect-timeout 7 -s  http://169.254.169.254/metadata/v1/id\n' +
    '\tfi\n' +
    'fi\n' +
    'exit 0'
]
[IPC Library: Pty Host]  WARN Shell integration cannot be enabled for executable "/bin/sh" and args [
  '-c',
  'wget --version > /dev/null\n' +
    'if [ $? -eq 0 ]\n' +
    'then\n' +
    "\twget --connect-timeout=7 --tries=1 --dns-timeout=7 -q --header='Metadata-Flavor:Google' -O - http://metadata.google.internal/computeMetadata/v1/instance/id\n" +
    'else\n' +
    '\tcurl --version > /dev/null\n' +
    '\tif [ $? -eq 0 ]\n' +
    '\tthen\n' +
    "\t\tcurl --connect-timeout 7 -s --header='Metadata-Flavor:Google' http://metadata.google.internal/computeMetadata/v1/instance/id\n" +
    '\tfi\n' +
    'fi\n' +
    'exit 0'
]
[09:40:27] [127.0.0.1][d62a12a4][ManagementConnection] The reconnection short grace time of 5m has expired, so the connection will be disposed.
New EH opened, aborting shutdown
[09:40:40] New EH opened, aborting shutdown
[09:40:40] [127.0.0.1][a348bda5][ManagementConnection] The reconnection short grace time of 5m has expired, so the connection will be disposed.
IPC "File Watcher" crashed with exit code null and signal SIGSEGV
[09:52:09] [File Watcher (universal)] restarting watcher after error: terminated by itself with code null, signal: SIGSEGV
[10:15:02] [127.0.0.1][cda57ef4][ExtensionHostConnection] <599117> Extension Host Process exited with code: 0, signal: null.
Last EH closed, waiting before shutting down
[10:15:02] Last EH closed, waiting before shutting down
[10:15:02] [127.0.0.1][9c258a76][ManagementConnection] The client has disconnected, will wait for reconnection 3h before disposing...
[10:15:02] Error: Unexpected SIGPIPE
    at process.<anonymous> (/web/users/projects/202223/quicknotes/.vscode-server/bin/da76f93349a72022ca4670c1b84860304616aaa2/out/vs/server/node/server.main.js:145:7922)
    at process.emit (node:events:390:28)
Got delay-shutdown request while in shutdown timeout, delaying
[10:15:33] Got delay-shutdown request while in shutdown timeout, delaying
Cancelling previous shutdown timeout
[10:15:33] Cancelling previous shutdown timeout
[10:15:33] [127.0.0.1][9c258a76][ManagementConnection] Another client has connected, will shorten the wait for reconnection 5m before disposing...
[10:15:33] [127.0.0.1][9fa1bfab][ManagementConnection] New connection established.
[10:15:33] [127.0.0.1][ecfcc1bd][ExtensionHostConnection] New connection established.
[10:15:33] [127.0.0.1][ecfcc1bd][ExtensionHostConnection] <601645> Launched Extension Host Process.
[IPC Library: Pty Host]  WARN Shell integration cannot be enabled for executable "/bin/sh" and args [
  '-c',
  'wget --version > /dev/null\n' +
    'if [ $? -eq 0 ]\n' +
    'then\n' +
    "\twget --connect-timeout=7 --tries=1 --dns-timeout=7 -q --header='Metadata:true' -O - http://169.254.169.254/metadata/instance?api-version=2019-03-11\n" +
    'else\n' +
    '\tcurl --version > /dev/null\n' +
    '\tif [ $? -eq 0 ]\n' +
    '\tthen\n' +
    "\t\tcurl --connect-timeout 7 -s --header='Metadata:true' http://169.254.169.254/metadata/instance?api-version=2019-03-11\n" +
    '\tfi\n' +
    'fi\n' +
    'exit 0'
]
[IPC Library: Pty Host]  WARN Shell integration cannot be enabled for executable "/bin/sh" and args [
  '-c',
  'wget --version > /dev/null\n' +
    'if [ $? -eq 0 ]\n' +
    'then\n' +
    '\twget --connect-timeout=7 --tries=1 --dns-timeout=7 -q  -O - http://169.254.169.254/latest/meta-data/instance-id\n' +
    'else\n' +
    '\tcurl --version > /dev/null\n' +
    '\tif [ $? -eq 0 ]\n' +
    '\tthen\n' +
    '\t\tcurl --connect-timeout 7 -s  http://169.254.169.254/latest/meta-data/instance-id\n' +
    '\tfi\n' +
    'fi\n' +
    'exit 0'
]
[IPC Library: Pty Host]  WARN Shell integration cannot be enabled for executable "/bin/sh" and args [
  '-c',
  'wget --version > /dev/null\n' +
    'if [ $? -eq 0 ]\n' +
    'then\n' +
    '\twget --connect-timeout=7 --tries=1 --dns-timeout=7 -q  -O - http://169.254.169.254/metadata/v1/id\n' +
    'else\n' +
    '\tcurl --version > /dev/null\n' +
    '\tif [ $? -eq 0 ]\n' +
    '\tthen\n' +
    '\t\tcurl --connect-timeout 7 -s  http://169.254.169.254/metadata/v1/id\n' +
    '\tfi\n' +
    'fi\n' +
    'exit 0'
]
[IPC Library: Pty Host]  WARN Shell integration cannot be enabled for executable "/bin/sh" and args [
  '-c',
  'wget --version > /dev/null\n' +
    'if [ $? -eq 0 ]\n' +
    'then\n' +
    "\twget --connect-timeout=7 --tries=1 --dns-timeout=7 -q --header='Metadata-Flavor:Google' -O - http://metadata.google.internal/computeMetadata/v1/instance/id\n" +
    'else\n' +
    '\tcurl --version > /dev/null\n' +
    '\tif [ $? -eq 0 ]\n' +
    '\tthen\n' +
    "\t\tcurl --connect-timeout 7 -s --header='Metadata-Flavor:Google' http://metadata.google.internal/computeMetadata/v1/instance/id\n" +
    '\tfi\n' +
    'fi\n' +
    'exit 0'
]
rejected promise not handled within 1 second: ErrorNoTelemetry: Could not find pty on pty host
stack trace: ErrorNoTelemetry: Could not find pty on pty host,    at d._throwIfNoPty (/web/users/projects/202223/quicknotes/.vscode-server/bin/da76f93349a72022ca4670c1b84860304616aaa2/out/vs/platform/terminal/node/ptyHostMain.js:24:29620),    at d.updateTitle (/web/users/projects/202223/quicknotes/.vscode-server/bin/da76f93349a72022ca4670c1b84860304616aaa2/out/vs/platform/terminal/node/ptyHostMain.js:24:25396),    at Object.call (/web/users/projects/202223/quicknotes/.vscode-server/bin/da76f93349a72022ca4670c1b84860304616aaa2/out/vs/platform/terminal/node/ptyHostMain.js:16:8327),    at a.onPromise (/web/users/projects/202223/quicknotes/.vscode-server/bin/da76f93349a72022ca4670c1b84860304616aaa2/out/vs/platform/terminal/node/ptyHostMain.js:15:4892),    at a.onRawMessage (/web/users/projects/202223/quicknotes/.vscode-server/bin/da76f93349a72022ca4670c1b84860304616aaa2/out/vs/platform/terminal/node/ptyHostMain.js:15:4275),    at /web/users/projects/202223/quicknotes/.vscode-server/bin/da76f93349a72022ca4670c1b84860304616aaa2/out/vs/platform/terminal/node/ptyHostMain.js:15:3561,    at f.invoke (/web/users/projects/202223/quicknotes/.vscode-server/bin/da76f93349a72022ca4670c1b84860304616aaa2/out/vs/platform/terminal/node/ptyHostMain.js:11:145),    at N.deliver (/web/users/projects/202223/quicknotes/.vscode-server/bin/da76f93349a72022ca4670c1b84860304616aaa2/out/vs/platform/terminal/node/ptyHostMain.js:11:2275),    at I.fire (/web/users/projects/202223/quicknotes/.vscode-server/bin/da76f93349a72022ca4670c1b84860304616aaa2/out/vs/platform/terminal/node/ptyHostMain.js:11:1853),    at process.Q (/web/users/projects/202223/quicknotes/.vscode-server/bin/da76f93349a72022ca4670c1b84860304616aaa2/out/vs/platform/terminal/node/ptyHostMain.js:9:20673),    at process.emit (node:events:390:28),    at emit (node:internal/child_process:917:12),    at processTicksAndRejections (node:internal/process/task_queues:84:21)
[10:15:36] [ErrorNoTelemetry: Could not find pty on pty host,    at d._throwIfNoPty (/web/users/projects/202223/quicknotes/.vscode-server/bin/da76f93349a72022ca4670c1b84860304616aaa2/out/vs/platform/terminal/node/ptyHostMain.js:24:29620),    at d.updateTitle (/web/users/projects/202223/quicknotes/.vscode-server/bin/da76f93349a72022ca4670c1b84860304616aaa2/out/vs/platform/terminal/node/ptyHostMain.js:24:25396),    at Object.call (/web/users/projects/202223/quicknotes/.vscode-server/bin/da76f93349a72022ca4670c1b84860304616aaa2/out/vs/platform/terminal/node/ptyHostMain.js:16:8327),    at a.onPromise (/web/users/projects/202223/quicknotes/.vscode-server/bin/da76f93349a72022ca4670c1b84860304616aaa2/out/vs/platform/terminal/node/ptyHostMain.js:15:4892),    at a.onRawMessage (/web/users/projects/202223/quicknotes/.vscode-server/bin/da76f93349a72022ca4670c1b84860304616aaa2/out/vs/platform/terminal/node/ptyHostMain.js:15:4275),    at /web/users/projects/202223/quicknotes/.vscode-server/bin/da76f93349a72022ca4670c1b84860304616aaa2/out/vs/platform/terminal/node/ptyHostMain.js:15:3561,    at f.invoke (/web/users/projects/202223/quicknotes/.vscode-server/bin/da76f93349a72022ca4670c1b84860304616aaa2/out/vs/platform/terminal/node/ptyHostMain.js:11:145),    at N.deliver (/web/users/projects/202223/quicknotes/.vscode-server/bin/da76f93349a72022ca4670c1b84860304616aaa2/out/vs/platform/terminal/node/ptyHostMain.js:11:2275),    at I.fire (/web/users/projects/202223/quicknotes/.vscode-server/bin/da76f93349a72022ca4670c1b84860304616aaa2/out/vs/platform/terminal/node/ptyHostMain.js:11:1853),    at process.Q (/web/users/projects/202223/quicknotes/.vscode-server/bin/da76f93349a72022ca4670c1b84860304616aaa2/out/vs/platform/terminal/node/ptyHostMain.js:9:20673),    at process.emit (node:events:390:28),    at emit (node:internal/child_process:917:12),    at processTicksAndRejections (node:internal/process/task_queues:84:21)]
[10:16:16] [127.0.0.1][ecfcc1bd][ExtensionHostConnection] <601645> Extension Host Process exited with code: 0, signal: null.
Cancelling previous shutdown timeout
[10:16:16] Cancelling previous shutdown timeout
Last EH closed, waiting before shutting down
[10:16:16] Last EH closed, waiting before shutting down
[10:16:16] [127.0.0.1][9fa1bfab][ManagementConnection] The client has disconnected, will wait for reconnection 3h before disposing...
[10:16:16] Error: Unexpected SIGPIPE
    at process.<anonymous> (/web/users/projects/202223/quicknotes/.vscode-server/bin/da76f93349a72022ca4670c1b84860304616aaa2/out/vs/server/node/server.main.js:145:7922)
    at process.emit (node:events:390:28)
[10:20:34] [127.0.0.1][9c258a76][ManagementConnection] The reconnection short grace time of 5m has expired, so the connection will be disposed.
Last EH closed, shutting down
[10:21:16] Last EH closed, shutting down
