*
* Visual Studio Code Server
*
* By using the software, you agree to
* the Visual Studio Code Server License Terms (https://aka.ms/vscode-server-license) and
* the Microsoft Privacy Statement (https://privacy.microsoft.com/en-US/privacystatement).
*
Server bound to 127.0.0.1:38025 (IPv4)
Extension host agent listening on 38025

[06:07:35] 




[06:07:35] Extension host agent started.
[06:07:36] [127.0.0.1][3ce57e9d][ManagementConnection] New connection established.
[06:07:36] [127.0.0.1][d58b1096][ExtensionHostConnection] New connection established.
[06:07:37] [127.0.0.1][d58b1096][ExtensionHostConnection] <129988> Launched Extension Host Process.
[06:07:37] Deleted from disk ms-vscode.live-server /web/users/projects/202223/quicknotes/.vscode-server/extensions/ms-vscode.live-server-0.4.7
[06:07:37] Deleted from disk blackboxapp.blackbox /web/users/projects/202223/quicknotes/.vscode-server/extensions/blackboxapp.blackbox-0.10.47
[IPC Library: Pty Host]  WARN Shell integration cannot be enabled for executable "/bin/sh" and args [
  '-c',
  'wget --version > /dev/null\n' +
    'if [ $? -eq 0 ]\n' +
    'then\n' +
    "\twget --connect-timeout=7 --tries=1 --dns-timeout=7 -q --header='Metadata:true' -O - http://169.254.169.254/metadata/instance?api-version=2019-03-11\n" +
    'else\n' +
    '\tcurl --version > /dev/null\n' +
    '\tif [ $? -eq 0 ]\n' +
    '\tthen\n' +
    "\t\tcurl --connect-timeout 7 -s --header='Metadata:true' http://169.254.169.254/metadata/instance?api-version=2019-03-11\n" +
    '\tfi\n' +
    'fi\n' +
    'exit 0'
]
[IPC Library: Pty Host]  WARN Shell integration cannot be enabled for executable "/bin/sh" and args [
  '-c',
  'wget --version > /dev/null\n' +
    'if [ $? -eq 0 ]\n' +
    'then\n' +
    '\twget --connect-timeout=7 --tries=1 --dns-timeout=7 -q  -O - http://169.254.169.254/latest/meta-data/instance-id\n' +
    'else\n' +
    '\tcurl --version > /dev/null\n' +
    '\tif [ $? -eq 0 ]\n' +
    '\tthen\n' +
    '\t\tcurl --connect-timeout 7 -s  http://169.254.169.254/latest/meta-data/instance-id\n' +
    '\tfi\n' +
    'fi\n' +
    'exit 0'
]
[IPC Library: Pty Host]  WARN Shell integration cannot be enabled for executable "/bin/sh" and args [
  '-c',
  'wget --version > /dev/null\n' +
    'if [ $? -eq 0 ]\n' +
    'then\n' +
    '\twget --connect-timeout=7 --tries=1 --dns-timeout=7 -q  -O - http://169.254.169.254/metadata/v1/id\n' +
    'else\n' +
    '\tcurl --version > /dev/null\n' +
    '\tif [ $? -eq 0 ]\n' +
    '\tthen\n' +
    '\t\tcurl --connect-timeout 7 -s  http://169.254.169.254/metadata/v1/id\n' +
    '\tfi\n' +
    'fi\n' +
    'exit 0'
]
[IPC Library: Pty Host]  WARN Shell integration cannot be enabled for executable "/bin/sh" and args [
  '-c',
  'wget --version > /dev/null\n' +
    'if [ $? -eq 0 ]\n' +
    'then\n' +
    "\twget --connect-timeout=7 --tries=1 --dns-timeout=7 -q --header='Metadata-Flavor:Google' -O - http://metadata.google.internal/computeMetadata/v1/instance/id\n" +
    'else\n' +
    '\tcurl --version > /dev/null\n' +
    '\tif [ $? -eq 0 ]\n' +
    '\tthen\n' +
    "\t\tcurl --connect-timeout 7 -s --header='Metadata-Flavor:Google' http://metadata.google.internal/computeMetadata/v1/instance/id\n" +
    '\tfi\n' +
    'fi\n' +
    'exit 0'
]
New EH opened, aborting shutdown
[06:12:35] New EH opened, aborting shutdown
[15:19:22] [127.0.0.1][c6d463ee][ManagementConnection] New connection established.
[15:19:22] [127.0.0.1][08c0af76][ExtensionHostConnection] New connection established.
[15:19:22] [127.0.0.1][08c0af76][ExtensionHostConnection] <177896> Launched Extension Host Process.
[IPC Library: Pty Host]  WARN Shell integration cannot be enabled for executable "/bin/sh" and args [
  '-c',
  'wget --version > /dev/null\n' +
    'if [ $? -eq 0 ]\n' +
    'then\n' +
    "\twget --connect-timeout=7 --tries=1 --dns-timeout=7 -q --header='Metadata:true' -O - http://169.254.169.254/metadata/instance?api-version=2019-03-11\n" +
    'else\n' +
    '\tcurl --version > /dev/null\n' +
    '\tif [ $? -eq 0 ]\n' +
    '\tthen\n' +
    "\t\tcurl --connect-timeout 7 -s --header='Metadata:true' http://169.254.169.254/metadata/instance?api-version=2019-03-11\n" +
    '\tfi\n' +
    'fi\n' +
    'exit 0'
]
[IPC Library: Pty Host]  WARN Shell integration cannot be enabled for executable "/bin/sh" and args [
  '-c',
  'wget --version > /dev/null\n' +
    'if [ $? -eq 0 ]\n' +
    'then\n' +
    '\twget --connect-timeout=7 --tries=1 --dns-timeout=7 -q  -O - http://169.254.169.254/latest/meta-data/instance-id\n' +
    'else\n' +
    '\tcurl --version > /dev/null\n' +
    '\tif [ $? -eq 0 ]\n' +
    '\tthen\n' +
    '\t\tcurl --connect-timeout 7 -s  http://169.254.169.254/latest/meta-data/instance-id\n' +
    '\tfi\n' +
    'fi\n' +
    'exit 0'
]
[IPC Library: Pty Host]  WARN Shell integration cannot be enabled for executable "/bin/sh" and args [
  '-c',
  'wget --version > /dev/null\n' +
    'if [ $? -eq 0 ]\n' +
    'then\n' +
    '\twget --connect-timeout=7 --tries=1 --dns-timeout=7 -q  -O - http://169.254.169.254/metadata/v1/id\n' +
    'else\n' +
    '\tcurl --version > /dev/null\n' +
    '\tif [ $? -eq 0 ]\n' +
    '\tthen\n' +
    '\t\tcurl --connect-timeout 7 -s  http://169.254.169.254/metadata/v1/id\n' +
    '\tfi\n' +
    'fi\n' +
    'exit 0'
]
[IPC Library: Pty Host]  WARN Shell integration cannot be enabled for executable "/bin/sh" and args [
  '-c',
  'wget --version > /dev/null\n' +
    'if [ $? -eq 0 ]\n' +
    'then\n' +
    "\twget --connect-timeout=7 --tries=1 --dns-timeout=7 -q --header='Metadata-Flavor:Google' -O - http://metadata.google.internal/computeMetadata/v1/instance/id\n" +
    'else\n' +
    '\tcurl --version > /dev/null\n' +
    '\tif [ $? -eq 0 ]\n' +
    '\tthen\n' +
    "\t\tcurl --connect-timeout 7 -s --header='Metadata-Flavor:Google' http://metadata.google.internal/computeMetadata/v1/instance/id\n" +
    '\tfi\n' +
    'fi\n' +
    'exit 0'
]
[15:19:38] [127.0.0.1][c6d463ee][ManagementConnection] The client has disconnected gracefully, so the connection will be disposed.
[15:19:38] [127.0.0.1][08c0af76][ExtensionHostConnection] <177896> Extension Host Process exited with code: 0, signal: null.
[15:19:54] [127.0.0.1][f7387e5d][ManagementConnection] New connection established.
[15:19:54] [127.0.0.1][8cda5590][ExtensionHostConnection] New connection established.
[15:19:54] [127.0.0.1][8cda5590][ExtensionHostConnection] <178219> Launched Extension Host Process.
[15:19:55] RequestStore#acceptReply was called without receiving a matching request 55
[15:19:55] RequestStore#acceptReply was called without receiving a matching request 56
[15:19:56] RequestStore#acceptReply was called without receiving a matching request 57
[15:19:56] RequestStore#acceptReply was called without receiving a matching request 58
[15:19:56] RequestStore#acceptReply was called without receiving a matching request 59
[15:19:56] RequestStore#acceptReply was called without receiving a matching request 60
[15:19:57] RequestStore#acceptReply was called without receiving a matching request 61
[IPC Library: Pty Host]  WARN Shell integration cannot be enabled for executable "/bin/sh" and args [
  '-c',
  'wget --version > /dev/null\n' +
    'if [ $? -eq 0 ]\n' +
    'then\n' +
    "\twget --connect-timeout=7 --tries=1 --dns-timeout=7 -q --header='Metadata:true' -O - http://169.254.169.254/metadata/instance?api-version=2019-03-11\n" +
    'else\n' +
    '\tcurl --version > /dev/null\n' +
    '\tif [ $? -eq 0 ]\n' +
    '\tthen\n' +
    "\t\tcurl --connect-timeout 7 -s --header='Metadata:true' http://169.254.169.254/metadata/instance?api-version=2019-03-11\n" +
    '\tfi\n' +
    'fi\n' +
    'exit 0'
]
[IPC Library: Pty Host]  WARN Shell integration cannot be enabled for executable "/bin/sh" and args [
  '-c',
  'wget --version > /dev/null\n' +
    'if [ $? -eq 0 ]\n' +
    'then\n' +
    '\twget --connect-timeout=7 --tries=1 --dns-timeout=7 -q  -O - http://169.254.169.254/latest/meta-data/instance-id\n' +
    'else\n' +
    '\tcurl --version > /dev/null\n' +
    '\tif [ $? -eq 0 ]\n' +
    '\tthen\n' +
    '\t\tcurl --connect-timeout 7 -s  http://169.254.169.254/latest/meta-data/instance-id\n' +
    '\tfi\n' +
    'fi\n' +
    'exit 0'
]
[15:19:57] RequestStore#acceptReply was called without receiving a matching request 62
[IPC Library: Pty Host]  WARN Shell integration cannot be enabled for executable "/bin/sh" and args [
  '-c',
  'wget --version > /dev/null\n' +
    'if [ $? -eq 0 ]\n' +
    'then\n' +
    '\twget --connect-timeout=7 --tries=1 --dns-timeout=7 -q  -O - http://169.254.169.254/metadata/v1/id\n' +
    'else\n' +
    '\tcurl --version > /dev/null\n' +
    '\tif [ $? -eq 0 ]\n' +
    '\tthen\n' +
    '\t\tcurl --connect-timeout 7 -s  http://169.254.169.254/metadata/v1/id\n' +
    '\tfi\n' +
    'fi\n' +
    'exit 0'
]
[15:19:57] RequestStore#acceptReply was called without receiving a matching request 63
[15:19:57] RequestStore#acceptReply was called without receiving a matching request 64
[IPC Library: Pty Host]  WARN Shell integration cannot be enabled for executable "/bin/sh" and args [
  '-c',
  'wget --version > /dev/null\n' +
    'if [ $? -eq 0 ]\n' +
    'then\n' +
    "\twget --connect-timeout=7 --tries=1 --dns-timeout=7 -q --header='Metadata-Flavor:Google' -O - http://metadata.google.internal/computeMetadata/v1/instance/id\n" +
    'else\n' +
    '\tcurl --version > /dev/null\n' +
    '\tif [ $? -eq 0 ]\n' +
    '\tthen\n' +
    "\t\tcurl --connect-timeout 7 -s --header='Metadata-Flavor:Google' http://metadata.google.internal/computeMetadata/v1/instance/id\n" +
    '\tfi\n' +
    'fi\n' +
    'exit 0'
]
[15:19:57] RequestStore#acceptReply was called without receiving a matching request 65
[15:19:57] RequestStore#acceptReply was called without receiving a matching request 66
[15:44:14] [127.0.0.1][8cda5590][ExtensionHostConnection] The client has reconnected.
[16:09:40] [127.0.0.1][fbd6d4a5][ManagementConnection] New connection established.
[16:09:40] [127.0.0.1][deecc79c][ExtensionHostConnection] New connection established.
[16:09:40] [127.0.0.1][deecc79c][ExtensionHostConnection] <180002> Launched Extension Host Process.
[16:09:43] RequestStore#acceptReply was called without receiving a matching request 67
[16:09:43] RequestStore#acceptReply was called without receiving a matching request 68
[16:09:44] RequestStore#acceptReply was called without receiving a matching request 69
[IPC Library: Pty Host]  WARN Shell integration cannot be enabled for executable "/bin/sh" and args [
  '-c',
  'wget --version > /dev/null\n' +
    'if [ $? -eq 0 ]\n' +
    'then\n' +
    "\twget --connect-timeout=7 --tries=1 --dns-timeout=7 -q --header='Metadata:true' -O - http://169.254.169.254/metadata/instance?api-version=2019-03-11\n" +
    'else\n' +
    '\tcurl --version > /dev/null\n' +
    '\tif [ $? -eq 0 ]\n' +
    '\tthen\n' +
    "\t\tcurl --connect-timeout 7 -s --header='Metadata:true' http://169.254.169.254/metadata/instance?api-version=2019-03-11\n" +
    '\tfi\n' +
    'fi\n' +
    'exit 0'
]
[IPC Library: Pty Host]  WARN Shell integration cannot be enabled for executable "/bin/sh" and args [
  '-c',
  'wget --version > /dev/null\n' +
    'if [ $? -eq 0 ]\n' +
    'then\n' +
    '\twget --connect-timeout=7 --tries=1 --dns-timeout=7 -q  -O - http://169.254.169.254/latest/meta-data/instance-id\n' +
    'else\n' +
    '\tcurl --version > /dev/null\n' +
    '\tif [ $? -eq 0 ]\n' +
    '\tthen\n' +
    '\t\tcurl --connect-timeout 7 -s  http://169.254.169.254/latest/meta-data/instance-id\n' +
    '\tfi\n' +
    'fi\n' +
    'exit 0'
]
[IPC Library: Pty Host]  WARN Shell integration cannot be enabled for executable "/bin/sh" and args [
  '-c',
  'wget --version > /dev/null\n' +
    'if [ $? -eq 0 ]\n' +
    'then\n' +
    '\twget --connect-timeout=7 --tries=1 --dns-timeout=7 -q  -O - http://169.254.169.254/metadata/v1/id\n' +
    'else\n' +
    '\tcurl --version > /dev/null\n' +
    '\tif [ $? -eq 0 ]\n' +
    '\tthen\n' +
    '\t\tcurl --connect-timeout 7 -s  http://169.254.169.254/metadata/v1/id\n' +
    '\tfi\n' +
    'fi\n' +
    'exit 0'
]
[IPC Library: Pty Host]  WARN Shell integration cannot be enabled for executable "/bin/sh" and args [
  '-c',
  'wget --version > /dev/null\n' +
    'if [ $? -eq 0 ]\n' +
    'then\n' +
    "\twget --connect-timeout=7 --tries=1 --dns-timeout=7 -q --header='Metadata-Flavor:Google' -O - http://metadata.google.internal/computeMetadata/v1/instance/id\n" +
    'else\n' +
    '\tcurl --version > /dev/null\n' +
    '\tif [ $? -eq 0 ]\n' +
    '\tthen\n' +
    "\t\tcurl --connect-timeout 7 -s --header='Metadata-Flavor:Google' http://metadata.google.internal/computeMetadata/v1/instance/id\n" +
    '\tfi\n' +
    'fi\n' +
    'exit 0'
]
[16:09:44] RequestStore#acceptReply was called without receiving a matching request 70
[16:09:44] RequestStore#acceptReply was called without receiving a matching request 71
[16:09:44] RequestStore#acceptReply was called without receiving a matching request 72
[16:09:44] RequestStore#acceptReply was called without receiving a matching request 73
[16:09:44] RequestStore#acceptReply was called without receiving a matching request 74
[16:09:44] RequestStore#acceptReply was called without receiving a matching request 75
[16:09:44] RequestStore#acceptReply was called without receiving a matching request 76
[16:09:44] RequestStore#acceptReply was called without receiving a matching request 77
[16:09:44] RequestStore#acceptReply was called without receiving a matching request 78
[16:14:40] [127.0.0.1][8cda5590][ExtensionHostConnection] <178219> Extension Host Process exited with code: 0, signal: null.
[16:47:53] [127.0.0.1][fbd6d4a5][ManagementConnection] The client has disconnected gracefully, so the connection will be disposed.
[16:47:54] [127.0.0.1][deecc79c][ExtensionHostConnection] <180002> Extension Host Process exited with code: 0, signal: null.
[16:52:27] [127.0.0.1][03c548a4][ManagementConnection] New connection established.
[16:52:27] [127.0.0.1][9bbffa3a][ExtensionHostConnection] New connection established.
[16:52:27] [127.0.0.1][9bbffa3a][ExtensionHostConnection] <181738> Launched Extension Host Process.
[IPC Library: Pty Host]  WARN Shell integration cannot be enabled for executable "/bin/sh" and args [
  '-c',
  'wget --version > /dev/null\n' +
    'if [ $? -eq 0 ]\n' +
    'then\n' +
    "\twget --connect-timeout=7 --tries=1 --dns-timeout=7 -q --header='Metadata:true' -O - http://169.254.169.254/metadata/instance?api-version=2019-03-11\n" +
    'else\n' +
    '\tcurl --version > /dev/null\n' +
    '\tif [ $? -eq 0 ]\n' +
    '\tthen\n' +
    "\t\tcurl --connect-timeout 7 -s --header='Metadata:true' http://169.254.169.254/metadata/instance?api-version=2019-03-11\n" +
    '\tfi\n' +
    'fi\n' +
    'exit 0'
]
[IPC Library: Pty Host]  WARN Shell integration cannot be enabled for executable "/bin/sh" and args [
  '-c',
  'wget --version > /dev/null\n' +
    'if [ $? -eq 0 ]\n' +
    'then\n' +
    '\twget --connect-timeout=7 --tries=1 --dns-timeout=7 -q  -O - http://169.254.169.254/latest/meta-data/instance-id\n' +
    'else\n' +
    '\tcurl --version > /dev/null\n' +
    '\tif [ $? -eq 0 ]\n' +
    '\tthen\n' +
    '\t\tcurl --connect-timeout 7 -s  http://169.254.169.254/latest/meta-data/instance-id\n' +
    '\tfi\n' +
    'fi\n' +
    'exit 0'
]
[IPC Library: Pty Host]  WARN Shell integration cannot be enabled for executable "/bin/sh" and args [
  '-c',
  'wget --version > /dev/null\n' +
    'if [ $? -eq 0 ]\n' +
    'then\n' +
    '\twget --connect-timeout=7 --tries=1 --dns-timeout=7 -q  -O - http://169.254.169.254/metadata/v1/id\n' +
    'else\n' +
    '\tcurl --version > /dev/null\n' +
    '\tif [ $? -eq 0 ]\n' +
    '\tthen\n' +
    '\t\tcurl --connect-timeout 7 -s  http://169.254.169.254/metadata/v1/id\n' +
    '\tfi\n' +
    'fi\n' +
    'exit 0'
]
[IPC Library: Pty Host]  WARN Shell integration cannot be enabled for executable "/bin/sh" and args [
  '-c',
  'wget --version > /dev/null\n' +
    'if [ $? -eq 0 ]\n' +
    'then\n' +
    "\twget --connect-timeout=7 --tries=1 --dns-timeout=7 -q --header='Metadata-Flavor:Google' -O - http://metadata.google.internal/computeMetadata/v1/instance/id\n" +
    'else\n' +
    '\tcurl --version > /dev/null\n' +
    '\tif [ $? -eq 0 ]\n' +
    '\tthen\n' +
    "\t\tcurl --connect-timeout 7 -s --header='Metadata-Flavor:Google' http://metadata.google.internal/computeMetadata/v1/instance/id\n" +
    '\tfi\n' +
    'fi\n' +
    'exit 0'
]
rejected promise not handled within 1 second: CodeExpectedError: Could not find pty on pty host
stack trace: CodeExpectedError: Could not find pty on pty host
    at S.L (/web/users/projects/202223/quicknotes/.vscode-server/bin/ee2b180d582a7f601fa6ecfdad8d9fd269ab1884/out/vs/platform/terminal/node/ptyHostMain.js:27:6849)
    at S.updateTitle (/web/users/projects/202223/quicknotes/.vscode-server/bin/ee2b180d582a7f601fa6ecfdad8d9fd269ab1884/out/vs/platform/terminal/node/ptyHostMain.js:27:2630)
    at Object.call (/web/users/projects/202223/quicknotes/.vscode-server/bin/ee2b180d582a7f601fa6ecfdad8d9fd269ab1884/out/vs/platform/terminal/node/ptyHostMain.js:17:5043)
    at l.s (/web/users/projects/202223/quicknotes/.vscode-server/bin/ee2b180d582a7f601fa6ecfdad8d9fd269ab1884/out/vs/platform/terminal/node/ptyHostMain.js:15:5412)
    at l.q (/web/users/projects/202223/quicknotes/.vscode-server/bin/ee2b180d582a7f601fa6ecfdad8d9fd269ab1884/out/vs/platform/terminal/node/ptyHostMain.js:15:4915)
    at /web/users/projects/202223/quicknotes/.vscode-server/bin/ee2b180d582a7f601fa6ecfdad8d9fd269ab1884/out/vs/platform/terminal/node/ptyHostMain.js:15:4326
    at n.invoke (/web/users/projects/202223/quicknotes/.vscode-server/bin/ee2b180d582a7f601fa6ecfdad8d9fd269ab1884/out/vs/platform/terminal/node/ptyHostMain.js:11:145)
    at E.deliver (/web/users/projects/202223/quicknotes/.vscode-server/bin/ee2b180d582a7f601fa6ecfdad8d9fd269ab1884/out/vs/platform/terminal/node/ptyHostMain.js:11:2070)
    at c.fire (/web/users/projects/202223/quicknotes/.vscode-server/bin/ee2b180d582a7f601fa6ecfdad8d9fd269ab1884/out/vs/platform/terminal/node/ptyHostMain.js:11:1708)
    at process.T (/web/users/projects/202223/quicknotes/.vscode-server/bin/ee2b180d582a7f601fa6ecfdad8d9fd269ab1884/out/vs/platform/terminal/node/ptyHostMain.js:9:20949)
    at process.emit (node:events:526:28)
    at emit (node:internal/child_process:938:14)
    at processTicksAndRejections (node:internal/process/task_queues:84:21)
[16:52:34] Error [CodeExpectedError]: Could not find pty on pty host
    at S.L (/web/users/projects/202223/quicknotes/.vscode-server/bin/ee2b180d582a7f601fa6ecfdad8d9fd269ab1884/out/vs/platform/terminal/node/ptyHostMain.js:27:6849)
    at S.updateTitle (/web/users/projects/202223/quicknotes/.vscode-server/bin/ee2b180d582a7f601fa6ecfdad8d9fd269ab1884/out/vs/platform/terminal/node/ptyHostMain.js:27:2630)
    at Object.call (/web/users/projects/202223/quicknotes/.vscode-server/bin/ee2b180d582a7f601fa6ecfdad8d9fd269ab1884/out/vs/platform/terminal/node/ptyHostMain.js:17:5043)
    at l.s (/web/users/projects/202223/quicknotes/.vscode-server/bin/ee2b180d582a7f601fa6ecfdad8d9fd269ab1884/out/vs/platform/terminal/node/ptyHostMain.js:15:5412)
    at l.q (/web/users/projects/202223/quicknotes/.vscode-server/bin/ee2b180d582a7f601fa6ecfdad8d9fd269ab1884/out/vs/platform/terminal/node/ptyHostMain.js:15:4915)
    at /web/users/projects/202223/quicknotes/.vscode-server/bin/ee2b180d582a7f601fa6ecfdad8d9fd269ab1884/out/vs/platform/terminal/node/ptyHostMain.js:15:4326
    at n.invoke (/web/users/projects/202223/quicknotes/.vscode-server/bin/ee2b180d582a7f601fa6ecfdad8d9fd269ab1884/out/vs/platform/terminal/node/ptyHostMain.js:11:145)
    at E.deliver (/web/users/projects/202223/quicknotes/.vscode-server/bin/ee2b180d582a7f601fa6ecfdad8d9fd269ab1884/out/vs/platform/terminal/node/ptyHostMain.js:11:2070)
    at c.fire (/web/users/projects/202223/quicknotes/.vscode-server/bin/ee2b180d582a7f601fa6ecfdad8d9fd269ab1884/out/vs/platform/terminal/node/ptyHostMain.js:11:1708)
    at process.T (/web/users/projects/202223/quicknotes/.vscode-server/bin/ee2b180d582a7f601fa6ecfdad8d9fd269ab1884/out/vs/platform/terminal/node/ptyHostMain.js:9:20949)
    at process.emit (node:events:526:28)
    at emit (node:internal/child_process:938:14)
    at processTicksAndRejections (node:internal/process/task_queues:84:21)
rejected promise not handled within 1 second: CodeExpectedError: Could not find pty on pty host
stack trace: CodeExpectedError: Could not find pty on pty host
    at S.L (/web/users/projects/202223/quicknotes/.vscode-server/bin/ee2b180d582a7f601fa6ecfdad8d9fd269ab1884/out/vs/platform/terminal/node/ptyHostMain.js:27:6849)
    at S.updateIcon (/web/users/projects/202223/quicknotes/.vscode-server/bin/ee2b180d582a7f601fa6ecfdad8d9fd269ab1884/out/vs/platform/terminal/node/ptyHostMain.js:27:2680)
    at Object.call (/web/users/projects/202223/quicknotes/.vscode-server/bin/ee2b180d582a7f601fa6ecfdad8d9fd269ab1884/out/vs/platform/terminal/node/ptyHostMain.js:17:5043)
    at l.s (/web/users/projects/202223/quicknotes/.vscode-server/bin/ee2b180d582a7f601fa6ecfdad8d9fd269ab1884/out/vs/platform/terminal/node/ptyHostMain.js:15:5412)
    at l.q (/web/users/projects/202223/quicknotes/.vscode-server/bin/ee2b180d582a7f601fa6ecfdad8d9fd269ab1884/out/vs/platform/terminal/node/ptyHostMain.js:15:4915)
    at /web/users/projects/202223/quicknotes/.vscode-server/bin/ee2b180d582a7f601fa6ecfdad8d9fd269ab1884/out/vs/platform/terminal/node/ptyHostMain.js:15:4326
    at n.invoke (/web/users/projects/202223/quicknotes/.vscode-server/bin/ee2b180d582a7f601fa6ecfdad8d9fd269ab1884/out/vs/platform/terminal/node/ptyHostMain.js:11:145)
    at E.deliver (/web/users/projects/202223/quicknotes/.vscode-server/bin/ee2b180d582a7f601fa6ecfdad8d9fd269ab1884/out/vs/platform/terminal/node/ptyHostMain.js:11:2070)
    at c.fire (/web/users/projects/202223/quicknotes/.vscode-server/bin/ee2b180d582a7f601fa6ecfdad8d9fd269ab1884/out/vs/platform/terminal/node/ptyHostMain.js:11:1708)
    at process.T (/web/users/projects/202223/quicknotes/.vscode-server/bin/ee2b180d582a7f601fa6ecfdad8d9fd269ab1884/out/vs/platform/terminal/node/ptyHostMain.js:9:20949)
    at process.emit (node:events:526:28)
    at emit (node:internal/child_process:938:14)
    at processTicksAndRejections (node:internal/process/task_queues:84:21)
[16:52:34] Error [CodeExpectedError]: Could not find pty on pty host
    at S.L (/web/users/projects/202223/quicknotes/.vscode-server/bin/ee2b180d582a7f601fa6ecfdad8d9fd269ab1884/out/vs/platform/terminal/node/ptyHostMain.js:27:6849)
    at S.updateIcon (/web/users/projects/202223/quicknotes/.vscode-server/bin/ee2b180d582a7f601fa6ecfdad8d9fd269ab1884/out/vs/platform/terminal/node/ptyHostMain.js:27:2680)
    at Object.call (/web/users/projects/202223/quicknotes/.vscode-server/bin/ee2b180d582a7f601fa6ecfdad8d9fd269ab1884/out/vs/platform/terminal/node/ptyHostMain.js:17:5043)
    at l.s (/web/users/projects/202223/quicknotes/.vscode-server/bin/ee2b180d582a7f601fa6ecfdad8d9fd269ab1884/out/vs/platform/terminal/node/ptyHostMain.js:15:5412)
    at l.q (/web/users/projects/202223/quicknotes/.vscode-server/bin/ee2b180d582a7f601fa6ecfdad8d9fd269ab1884/out/vs/platform/terminal/node/ptyHostMain.js:15:4915)
    at /web/users/projects/202223/quicknotes/.vscode-server/bin/ee2b180d582a7f601fa6ecfdad8d9fd269ab1884/out/vs/platform/terminal/node/ptyHostMain.js:15:4326
    at n.invoke (/web/users/projects/202223/quicknotes/.vscode-server/bin/ee2b180d582a7f601fa6ecfdad8d9fd269ab1884/out/vs/platform/terminal/node/ptyHostMain.js:11:145)
    at E.deliver (/web/users/projects/202223/quicknotes/.vscode-server/bin/ee2b180d582a7f601fa6ecfdad8d9fd269ab1884/out/vs/platform/terminal/node/ptyHostMain.js:11:2070)
    at c.fire (/web/users/projects/202223/quicknotes/.vscode-server/bin/ee2b180d582a7f601fa6ecfdad8d9fd269ab1884/out/vs/platform/terminal/node/ptyHostMain.js:11:1708)
    at process.T (/web/users/projects/202223/quicknotes/.vscode-server/bin/ee2b180d582a7f601fa6ecfdad8d9fd269ab1884/out/vs/platform/terminal/node/ptyHostMain.js:9:20949)
    at process.emit (node:events:526:28)
    at emit (node:internal/child_process:938:14)
    at processTicksAndRejections (node:internal/process/task_queues:84:21)
[16:57:27] [127.0.0.1][d58b1096][ExtensionHostConnection] <129988> Extension Host Process exited with code: 0, signal: null.
[18:00:02] [127.0.0.1][000c2537][ManagementConnection] New connection established.
[18:00:02] [127.0.0.1][d3711ae4][ExtensionHostConnection] New connection established.
[18:00:02] [127.0.0.1][d3711ae4][ExtensionHostConnection] <187113> Launched Extension Host Process.
[IPC Library: Pty Host]  WARN Shell integration cannot be enabled for executable "/bin/sh" and args [
  '-c',
  'wget --version > /dev/null\n' +
    'if [ $? -eq 0 ]\n' +
    'then\n' +
    "\twget --connect-timeout=7 --tries=1 --dns-timeout=7 -q --header='Metadata:true' -O - http://169.254.169.254/metadata/instance?api-version=2019-03-11\n" +
    'else\n' +
    '\tcurl --version > /dev/null\n' +
    '\tif [ $? -eq 0 ]\n' +
    '\tthen\n' +
    "\t\tcurl --connect-timeout 7 -s --header='Metadata:true' http://169.254.169.254/metadata/instance?api-version=2019-03-11\n" +
    '\tfi\n' +
    'fi\n' +
    'exit 0'
]
[IPC Library: Pty Host]  WARN Shell integration cannot be enabled for executable "/bin/sh" and args [
  '-c',
  'wget --version > /dev/null\n' +
    'if [ $? -eq 0 ]\n' +
    'then\n' +
    '\twget --connect-timeout=7 --tries=1 --dns-timeout=7 -q  -O - http://169.254.169.254/latest/meta-data/instance-id\n' +
    'else\n' +
    '\tcurl --version > /dev/null\n' +
    '\tif [ $? -eq 0 ]\n' +
    '\tthen\n' +
    '\t\tcurl --connect-timeout 7 -s  http://169.254.169.254/latest/meta-data/instance-id\n' +
    '\tfi\n' +
    'fi\n' +
    'exit 0'
]
[IPC Library: Pty Host]  WARN Shell integration cannot be enabled for executable "/bin/sh" and args [
  '-c',
  'wget --version > /dev/null\n' +
    'if [ $? -eq 0 ]\n' +
    'then\n' +
    '\twget --connect-timeout=7 --tries=1 --dns-timeout=7 -q  -O - http://169.254.169.254/metadata/v1/id\n' +
    'else\n' +
    '\tcurl --version > /dev/null\n' +
    '\tif [ $? -eq 0 ]\n' +
    '\tthen\n' +
    '\t\tcurl --connect-timeout 7 -s  http://169.254.169.254/metadata/v1/id\n' +
    '\tfi\n' +
    'fi\n' +
    'exit 0'
]
[IPC Library: Pty Host]  WARN Shell integration cannot be enabled for executable "/bin/sh" and args [
  '-c',
  'wget --version > /dev/null\n' +
    'if [ $? -eq 0 ]\n' +
    'then\n' +
    "\twget --connect-timeout=7 --tries=1 --dns-timeout=7 -q --header='Metadata-Flavor:Google' -O - http://metadata.google.internal/computeMetadata/v1/instance/id\n" +
    'else\n' +
    '\tcurl --version > /dev/null\n' +
    '\tif [ $? -eq 0 ]\n' +
    '\tthen\n' +
    "\t\tcurl --connect-timeout 7 -s --header='Metadata-Flavor:Google' http://metadata.google.internal/computeMetadata/v1/instance/id\n" +
    '\tfi\n' +
    'fi\n' +
    'exit 0'
]
[18:00:06] [127.0.0.1][000c2537][ManagementConnection] The client has disconnected gracefully, so the connection will be disposed.
[18:00:06] [127.0.0.1][d3711ae4][ExtensionHostConnection] <187113> Extension Host Process exited with code: 0, signal: null.
[18:00:19] [127.0.0.1][65b65fd1][ManagementConnection] New connection established.
[18:00:19] [127.0.0.1][e16bf7df][ExtensionHostConnection] New connection established.
[18:00:19] [127.0.0.1][e16bf7df][ExtensionHostConnection] <187303> Launched Extension Host Process.
[IPC Library: Pty Host]  WARN Shell integration cannot be enabled for executable "/bin/sh" and args [
  '-c',
  'wget --version > /dev/null\n' +
    'if [ $? -eq 0 ]\n' +
    'then\n' +
    "\twget --connect-timeout=7 --tries=1 --dns-timeout=7 -q --header='Metadata:true' -O - http://169.254.169.254/metadata/instance?api-version=2019-03-11\n" +
    'else\n' +
    '\tcurl --version > /dev/null\n' +
    '\tif [ $? -eq 0 ]\n' +
    '\tthen\n' +
    "\t\tcurl --connect-timeout 7 -s --header='Metadata:true' http://169.254.169.254/metadata/instance?api-version=2019-03-11\n" +
    '\tfi\n' +
    'fi\n' +
    'exit 0'
]
[IPC Library: Pty Host]  WARN Shell integration cannot be enabled for executable "/bin/sh" and args [
  '-c',
  'wget --version > /dev/null\n' +
    'if [ $? -eq 0 ]\n' +
    'then\n' +
    '\twget --connect-timeout=7 --tries=1 --dns-timeout=7 -q  -O - http://169.254.169.254/latest/meta-data/instance-id\n' +
    'else\n' +
    '\tcurl --version > /dev/null\n' +
    '\tif [ $? -eq 0 ]\n' +
    '\tthen\n' +
    '\t\tcurl --connect-timeout 7 -s  http://169.254.169.254/latest/meta-data/instance-id\n' +
    '\tfi\n' +
    'fi\n' +
    'exit 0'
]
[IPC Library: Pty Host]  WARN Shell integration cannot be enabled for executable "/bin/sh" and args [
  '-c',
  'wget --version > /dev/null\n' +
    'if [ $? -eq 0 ]\n' +
    'then\n' +
    '\twget --connect-timeout=7 --tries=1 --dns-timeout=7 -q  -O - http://169.254.169.254/metadata/v1/id\n' +
    'else\n' +
    '\tcurl --version > /dev/null\n' +
    '\tif [ $? -eq 0 ]\n' +
    '\tthen\n' +
    '\t\tcurl --connect-timeout 7 -s  http://169.254.169.254/metadata/v1/id\n' +
    '\tfi\n' +
    'fi\n' +
    'exit 0'
]
[IPC Library: Pty Host]  WARN Shell integration cannot be enabled for executable "/bin/sh" and args [
  '-c',
  'wget --version > /dev/null\n' +
    'if [ $? -eq 0 ]\n' +
    'then\n' +
    "\twget --connect-timeout=7 --tries=1 --dns-timeout=7 -q --header='Metadata-Flavor:Google' -O - http://metadata.google.internal/computeMetadata/v1/instance/id\n" +
    'else\n' +
    '\tcurl --version > /dev/null\n' +
    '\tif [ $? -eq 0 ]\n' +
    '\tthen\n' +
    "\t\tcurl --connect-timeout 7 -s --header='Metadata-Flavor:Google' http://metadata.google.internal/computeMetadata/v1/instance/id\n" +
    '\tfi\n' +
    'fi\n' +
    'exit 0'
]
[IPC Library: Pty Host]  WARN Persistent process "26": Process had no disconnect runners but was an orphan
[IPC Library: Pty Host]  INFO Persistent process reconnection "26"
[IPC Library: Pty Host]  INFO Persistent process "26": Replaying 4498 chars and 1 size events
[18:05:02] [127.0.0.1][9bbffa3a][ExtensionHostConnection] <181738> Extension Host Process exited with code: 0, signal: null.
[18:36:54] [127.0.0.1][287d9b40][ManagementConnection] New connection established.
[18:36:54] [127.0.0.1][a20f5884][ExtensionHostConnection] New connection established.
[18:36:54] [127.0.0.1][a20f5884][ExtensionHostConnection] <189413> Launched Extension Host Process.
[18:36:56] [File Watcher (parcel)] Inotify limit reached (ENOSPC) (path: /web/users/projects/202223/quicknotes)
[18:36:56] RequestStore#acceptReply was called without receiving a matching request 127
[18:36:56] RequestStore#acceptReply was called without receiving a matching request 128
[18:36:56] RequestStore#acceptReply was called without receiving a matching request 129
[18:36:57] RequestStore#acceptReply was called without receiving a matching request 130
[18:36:57] RequestStore#acceptReply was called without receiving a matching request 131
[18:36:57] RequestStore#acceptReply was called without receiving a matching request 132
[18:36:57] RequestStore#acceptReply was called without receiving a matching request 133
rejected promise not handled within 1 second: CodeExpectedError: Could not find pty on pty host
stack trace: CodeExpectedError: Could not find pty on pty host
    at S.L (/web/users/projects/202223/quicknotes/.vscode-server/bin/ee2b180d582a7f601fa6ecfdad8d9fd269ab1884/out/vs/platform/terminal/node/ptyHostMain.js:27:6849)
    at S.updateTitle (/web/users/projects/202223/quicknotes/.vscode-server/bin/ee2b180d582a7f601fa6ecfdad8d9fd269ab1884/out/vs/platform/terminal/node/ptyHostMain.js:27:2630)
    at Object.call (/web/users/projects/202223/quicknotes/.vscode-server/bin/ee2b180d582a7f601fa6ecfdad8d9fd269ab1884/out/vs/platform/terminal/node/ptyHostMain.js:17:5043)
    at l.s (/web/users/projects/202223/quicknotes/.vscode-server/bin/ee2b180d582a7f601fa6ecfdad8d9fd269ab1884/out/vs/platform/terminal/node/ptyHostMain.js:15:5412)
    at l.q (/web/users/projects/202223/quicknotes/.vscode-server/bin/ee2b180d582a7f601fa6ecfdad8d9fd269ab1884/out/vs/platform/terminal/node/ptyHostMain.js:15:4915)
    at /web/users/projects/202223/quicknotes/.vscode-server/bin/ee2b180d582a7f601fa6ecfdad8d9fd269ab1884/out/vs/platform/terminal/node/ptyHostMain.js:15:4326
    at n.invoke (/web/users/projects/202223/quicknotes/.vscode-server/bin/ee2b180d582a7f601fa6ecfdad8d9fd269ab1884/out/vs/platform/terminal/node/ptyHostMain.js:11:145)
    at E.deliver (/web/users/projects/202223/quicknotes/.vscode-server/bin/ee2b180d582a7f601fa6ecfdad8d9fd269ab1884/out/vs/platform/terminal/node/ptyHostMain.js:11:2070)
    at c.fire (/web/users/projects/202223/quicknotes/.vscode-server/bin/ee2b180d582a7f601fa6ecfdad8d9fd269ab1884/out/vs/platform/terminal/node/ptyHostMain.js:11:1708)
    at process.T (/web/users/projects/202223/quicknotes/.vscode-server/bin/ee2b180d582a7f601fa6ecfdad8d9fd269ab1884/out/vs/platform/terminal/node/ptyHostMain.js:9:20949)
    at process.emit (node:events:526:28)
    at emit (node:internal/child_process:938:14)
    at processTicksAndRejections (node:internal/process/task_queues:84:21)
[18:36:57] Error [CodeExpectedError]: Could not find pty on pty host
    at S.L (/web/users/projects/202223/quicknotes/.vscode-server/bin/ee2b180d582a7f601fa6ecfdad8d9fd269ab1884/out/vs/platform/terminal/node/ptyHostMain.js:27:6849)
    at S.updateTitle (/web/users/projects/202223/quicknotes/.vscode-server/bin/ee2b180d582a7f601fa6ecfdad8d9fd269ab1884/out/vs/platform/terminal/node/ptyHostMain.js:27:2630)
    at Object.call (/web/users/projects/202223/quicknotes/.vscode-server/bin/ee2b180d582a7f601fa6ecfdad8d9fd269ab1884/out/vs/platform/terminal/node/ptyHostMain.js:17:5043)
    at l.s (/web/users/projects/202223/quicknotes/.vscode-server/bin/ee2b180d582a7f601fa6ecfdad8d9fd269ab1884/out/vs/platform/terminal/node/ptyHostMain.js:15:5412)
    at l.q (/web/users/projects/202223/quicknotes/.vscode-server/bin/ee2b180d582a7f601fa6ecfdad8d9fd269ab1884/out/vs/platform/terminal/node/ptyHostMain.js:15:4915)
    at /web/users/projects/202223/quicknotes/.vscode-server/bin/ee2b180d582a7f601fa6ecfdad8d9fd269ab1884/out/vs/platform/terminal/node/ptyHostMain.js:15:4326
    at n.invoke (/web/users/projects/202223/quicknotes/.vscode-server/bin/ee2b180d582a7f601fa6ecfdad8d9fd269ab1884/out/vs/platform/terminal/node/ptyHostMain.js:11:145)
    at E.deliver (/web/users/projects/202223/quicknotes/.vscode-server/bin/ee2b180d582a7f601fa6ecfdad8d9fd269ab1884/out/vs/platform/terminal/node/ptyHostMain.js:11:2070)
    at c.fire (/web/users/projects/202223/quicknotes/.vscode-server/bin/ee2b180d582a7f601fa6ecfdad8d9fd269ab1884/out/vs/platform/terminal/node/ptyHostMain.js:11:1708)
    at process.T (/web/users/projects/202223/quicknotes/.vscode-server/bin/ee2b180d582a7f601fa6ecfdad8d9fd269ab1884/out/vs/platform/terminal/node/ptyHostMain.js:9:20949)
    at process.emit (node:events:526:28)
    at emit (node:internal/child_process:938:14)
    at processTicksAndRejections (node:internal/process/task_queues:84:21)
[18:36:58] RequestStore#acceptReply was called without receiving a matching request 134
[18:36:58] RequestStore#acceptReply was called without receiving a matching request 135
[18:36:58] RequestStore#acceptReply was called without receiving a matching request 136
[18:36:58] RequestStore#acceptReply was called without receiving a matching request 137
[18:36:58] RequestStore#acceptReply was called without receiving a matching request 138
[IPC Library: Pty Host]  WARN Shell integration cannot be enabled for executable "/bin/sh" and args [
  '-c',
  'wget --version > /dev/null\n' +
    'if [ $? -eq 0 ]\n' +
    'then\n' +
    "\twget --connect-timeout=7 --tries=1 --dns-timeout=7 -q --header='Metadata:true' -O - http://169.254.169.254/metadata/instance?api-version=2019-03-11\n" +
    'else\n' +
    '\tcurl --version > /dev/null\n' +
    '\tif [ $? -eq 0 ]\n' +
    '\tthen\n' +
    "\t\tcurl --connect-timeout 7 -s --header='Metadata:true' http://169.254.169.254/metadata/instance?api-version=2019-03-11\n" +
    '\tfi\n' +
    'fi\n' +
    'exit 0'
]
[IPC Library: Pty Host]  WARN Shell integration cannot be enabled for executable "/bin/sh" and args [
  '-c',
  'wget --version > /dev/null\n' +
    'if [ $? -eq 0 ]\n' +
    'then\n' +
    '\twget --connect-timeout=7 --tries=1 --dns-timeout=7 -q  -O - http://169.254.169.254/latest/meta-data/instance-id\n' +
    'else\n' +
    '\tcurl --version > /dev/null\n' +
    '\tif [ $? -eq 0 ]\n' +
    '\tthen\n' +
    '\t\tcurl --connect-timeout 7 -s  http://169.254.169.254/latest/meta-data/instance-id\n' +
    '\tfi\n' +
    'fi\n' +
    'exit 0'
]
[IPC Library: Pty Host]  WARN Shell integration cannot be enabled for executable "/bin/sh" and args [
  '-c',
  'wget --version > /dev/null\n' +
    'if [ $? -eq 0 ]\n' +
    'then\n' +
    '\twget --connect-timeout=7 --tries=1 --dns-timeout=7 -q  -O - http://169.254.169.254/metadata/v1/id\n' +
    'else\n' +
    '\tcurl --version > /dev/null\n' +
    '\tif [ $? -eq 0 ]\n' +
    '\tthen\n' +
    '\t\tcurl --connect-timeout 7 -s  http://169.254.169.254/metadata/v1/id\n' +
    '\tfi\n' +
    'fi\n' +
    'exit 0'
]
[IPC Library: Pty Host]  WARN Shell integration cannot be enabled for executable "/bin/sh" and args [
  '-c',
  'wget --version > /dev/null\n' +
    'if [ $? -eq 0 ]\n' +
    'then\n' +
    "\twget --connect-timeout=7 --tries=1 --dns-timeout=7 -q --header='Metadata-Flavor:Google' -O - http://metadata.google.internal/computeMetadata/v1/instance/id\n" +
    'else\n' +
    '\tcurl --version > /dev/null\n' +
    '\tif [ $? -eq 0 ]\n' +
    '\tthen\n' +
    "\t\tcurl --connect-timeout 7 -s --header='Metadata-Flavor:Google' http://metadata.google.internal/computeMetadata/v1/instance/id\n" +
    '\tfi\n' +
    'fi\n' +
    'exit 0'
]
[IPC Library: Pty Host]  WARN Persistent process "26": Process had no disconnect runners but was an orphan
[IPC Library: Pty Host]  INFO Persistent process reconnection "26"
[IPC Library: Pty Host]  INFO Persistent process "26": Replaying 4498 chars and 1 size events
[19:08:03] RequestStore#acceptReply was called without receiving a matching request 139
[19:08:03] RequestStore#acceptReply was called without receiving a matching request 140
[19:08:03] RequestStore#acceptReply was called without receiving a matching request 141
[19:08:03] RequestStore#acceptReply was called without receiving a matching request 142
[19:08:03] RequestStore#acceptReply was called without receiving a matching request 143
[19:08:03] RequestStore#acceptReply was called without receiving a matching request 144
